Disassembling ../binary/test
Disassembled output
  .text
  .globl _Z26check_shifted_variable_sumIs33custom_multiply_multiple_variableIsEEvT_S2_S2_S2_S2_
  .type _Z26check_shifted_variable_sumIs33custom_multiply_multiple_variableIsEEvT_S2_S2_S2_S2_, @function

#! file-offset 0x11c80
#! rip-offset  0x411c80
#! capacity    177 bytes

# Text                                                                                    #  Line  RIP       Bytes  Opcode                   Target                
._Z26check_shifted_variable_sumIs33custom_multiply_multiple_variableIsEEvT_S2_S2_S2_S2_:  #        0x411c80  0      OPC=<label>              18446744073709551615  
  pushq %rbp                                                                              #  1     0x411c80  1      OPC=pushq_r64_1          18446744073709551615  
  movq %rsp, %rbp                                                                         #  2     0x411c81  3      OPC=movq_r64_r64         18446744073709551615  
  pushq %rbx                                                                              #  3     0x411c84  1      OPC=pushq_r64_1          18446744073709551615  
  subq $0x18, %rsp                                                                        #  4     0x411c85  4      OPC=subq_r64_imm8        18446744073709551615  
  movw %r8w, %ax                                                                          #  5     0x411c89  4      OPC=movw_r16_r16         18446744073709551615  
  movw %cx, %r9w                                                                          #  6     0x411c8d  4      OPC=movw_r16_r16         18446744073709551615  
  movw %dx, %r10w                                                                         #  7     0x411c91  4      OPC=movw_r16_r16         18446744073709551615  
  movw %si, %r11w                                                                         #  8     0x411c95  4      OPC=movw_r16_r16         18446744073709551615  
  movw %di, %bx                                                                           #  9     0x411c99  3      OPC=movw_r16_r16         18446744073709551615  
  movw %bx, -0xa(%rbp)                                                                    #  10    0x411c9c  4      OPC=movw_m16_r16         18446744073709551615  
  movw %r11w, -0xc(%rbp)                                                                  #  11    0x411ca0  5      OPC=movw_m16_r16         18446744073709551615  
  movw %r10w, -0xe(%rbp)                                                                  #  12    0x411ca5  5      OPC=movw_m16_r16         18446744073709551615  
  movw %r9w, -0x10(%rbp)                                                                  #  13    0x411caa  5      OPC=movw_m16_r16         18446744073709551615  
  movw %ax, -0x12(%rbp)                                                                   #  14    0x411caf  4      OPC=movw_m16_r16         18446744073709551615  
  movsd 0x2083cd(%rip), %xmm0                                                             #  15    0x411cb3  8      OPC=movsd_xmm_m64        18446744073709551615  
  cvttsd2si %xmm0, %ecx                                                                   #  16    0x411cbb  4      OPC=cvttsd2si_r32_xmm    18446744073709551615  
  movw %cx, %ax                                                                           #  17    0x411cbf  3      OPC=movw_r16_r16         18446744073709551615  
  movw -0xc(%rbp), %r9w                                                                   #  18    0x411cc2  5      OPC=movw_r16_m16         18446744073709551615  
  movw -0xe(%rbp), %r10w                                                                  #  19    0x411cc7  5      OPC=movw_r16_m16         18446744073709551615  
  movw -0x10(%rbp), %r11w                                                                 #  20    0x411ccc  5      OPC=movw_r16_m16         18446744073709551615  
  movswl %ax, %edi                                                                        #  21    0x411cd1  3      OPC=movswl_r32_r16       18446744073709551615  
  movswl %r9w, %esi                                                                       #  22    0x411cd4  4      OPC=movswl_r32_r16       18446744073709551615  
  movswl %r10w, %edx                                                                      #  23    0x411cd8  4      OPC=movswl_r32_r16       18446744073709551615  
  movswl %r11w, %ecx                                                                      #  24    0x411cdc  4      OPC=movswl_r32_r16       18446744073709551615  
  movswl -0x12(%rbp), %r8d                                                                #  25    0x411ce0  5      OPC=movswl_r32_m16       18446744073709551615  
  callq ._ZN33custom_multiply_multiple_variableIsE8do_shiftEsssss                         #  26    0x411ce5  5      OPC=callq_label          4267040               
  leaq -0xa(%rbp), %rdi                                                                   #  27    0x411cea  4      OPC=leaq_r64_m16         18446744073709551615  
  leaq -0x14(%rbp), %rsi                                                                  #  28    0x411cee  4      OPC=leaq_r64_m16         18446744073709551615  
  movswl %ax, %ecx                                                                        #  29    0x411cf2  3      OPC=movswl_r32_r16       18446744073709551615  
  imull $0x1f40, %ecx, %ecx                                                               #  30    0x411cf5  6      OPC=imull_r32_r32_imm32  18446744073709551615  
  movw %cx, %ax                                                                           #  31    0x411cfb  3      OPC=movw_r16_r16         18446744073709551615  
  movw %ax, -0x14(%rbp)                                                                   #  32    0x411cfe  4      OPC=movw_m16_r16         18446744073709551615  
  callq ._Z15tolerance_equalIsEbRT_S1_                                                    #  33    0x411d02  5      OPC=callq_label          4264512               
  testb $0x1, %al                                                                         #  34    0x411d07  2      OPC=testb_al_imm8        18446744073709551615  
  jne .L_411d2a                                                                           #  35    0x411d09  6      OPC=jne_label_1          4267306               
  movq $0x414b1e, %rdi                                                                    #  36    0x411d0f  10     OPC=movq_r64_imm64       18446744073709551615  
  movl 0x61a0a8, %esi                                                                     #  37    0x411d19  7      OPC=movl_r32_m32         18446744073709551615  
  movb $0x0, %al                                                                          #  38    0x411d20  2      OPC=movb_r8_imm8         18446744073709551615  
  callq .printf_plt                                                                       #  39    0x411d22  5      OPC=callq_label          4196032               
  movl %eax, -0x18(%rbp)                                                                  #  40    0x411d27  3      OPC=movl_m32_r32         18446744073709551615  
.L_411d2a:                                                                                #        0x411d2a  0      OPC=<label>              18446744073709551615  
  addq $0x18, %rsp                                                                        #  41    0x411d2a  4      OPC=addq_r64_imm8        18446744073709551615  
  popq %rbx                                                                               #  42    0x411d2e  1      OPC=popq_r64_1           18446744073709551615  
  popq %rbp                                                                               #  43    0x411d2f  1      OPC=popq_r64_1           18446744073709551615  
  retq                                                                                    #  44    0x411d30  1      OPC=retq                 18446744073709551615  
                                                                                                                                                                   
.size _Z26check_shifted_variable_sumIs33custom_multiply_multiple_variableIsEEvT_S2_S2_S2_S2_, .-_Z26check_shifted_variable_sumIs33custom_multiply_multiple_variableIsEEvT_S2_S2_S2_S2_
Disassembling Done.


Decompiling mcsema/test.proposed.ll
Computing Label PC values ...
.L_411d2a->4267306
._Z26check_shifted_variable_sumIs33custom_multiply_multiple_variableIsEEvT_S2_S2_S2_S2_->4267136

Computing Label PC values: Done.


Executing: cat ${HOME}/Github/validating-binary-decompilation/source/libs/compositional-decompiler/data/mcsema_template.txt
declare i32 @llvm.ctpop.i32(i32) #2
declare %struct.Memory* @__remill_error(%struct.State* dereferenceable(3376), i64, %struct.Memory*)

Decompiling Function: _Z26check_shifted_variable_sumIs33custom_multiply_multiple_variableIsEEvT_S2_S2_S2_S2_...


Decompiling instr:._Z26check_shifted_variable_sumIs33custom_multiply_multiple_variableIsEEvT_S2_S2_S2_S2_:...


Decompiling instr:pushq %rbp...
Instr: pushq %rbp
Workdir: /home/ubuntu/Github/validating-binary-decompilation/tests/compositional_artifacts_single_instruction_decompilation//pushq__rbp
Generating artifacts...
Already Exists
Running artifacts...
Skip McSema run ...
Skip Declutter ...

Executing: cat /home/ubuntu/Github/validating-binary-decompilation/tests/compositional_artifacts_single_instruction_decompilation//pushq__rbp/test.mod.ll
Running artifacts...Done.
FuncCache inserted: _ZN12_GLOBAL__N_1L4PUSHI2InImEEEP6MemoryS4_R5StateT_
FuncCache inserted: routine_pushq__rbp


Decompiling instr:movq %rsp, %rbp...
Instr: movq %rsp, %rbp
Workdir: /home/ubuntu/Github/validating-binary-decompilation/tests/compositional_artifacts_single_instruction_decompilation//movq__rsp___rbp
Generating artifacts...
Already Exists
Running artifacts...
Skip McSema run ...
Skip Declutter ...

Executing: cat /home/ubuntu/Github/validating-binary-decompilation/tests/compositional_artifacts_single_instruction_decompilation//movq__rsp___rbp/test.mod.ll
Running artifacts...Done.
Multiple defintions of @seg_4003a0__text
Multiple defintions of @seg_400548__eh_frame
FuncCache inserted: _ZN12_GLOBAL__N_1L3MOVI3RnWImE2RnImEEEP6MemoryS6_R5StateT_T0_
FuncCache inserted: routine_movq__rsp___rbp


Decompiling instr:pushq %rbx...
Instr: pushq %rbx
Workdir: /home/ubuntu/Github/validating-binary-decompilation/tests/compositional_artifacts_single_instruction_decompilation//pushq__rbx
Generating artifacts...
Already Exists
Running artifacts...
Skip McSema run ...
Skip Declutter ...

Executing: cat /home/ubuntu/Github/validating-binary-decompilation/tests/compositional_artifacts_single_instruction_decompilation//pushq__rbx/test.mod.ll
Running artifacts...Done.
Multiple defintions of @seg_4003a0__text
FuncCache skipped: _ZN12_GLOBAL__N_1L4PUSHI2InImEEEP6MemoryS4_R5StateT_
FuncCache inserted: routine_pushq__rbx


Decompiling instr:subq $0x18, %rsp...
Instr: subq $0x18, %rsp
Workdir: /home/ubuntu/Github/validating-binary-decompilation/tests/compositional_artifacts_single_instruction_decompilation//subq__0x18___rsp
Generating artifacts...
Already Exists
Running artifacts...
Skip McSema run ...
Skip Declutter ...

Executing: cat /home/ubuntu/Github/validating-binary-decompilation/tests/compositional_artifacts_single_instruction_decompilation//subq__0x18___rsp/test.mod.ll
Running artifacts...Done.
Multiple defintions of @seg_4003a0__text
Multiple defintions of @seg_400548__eh_frame
FuncCache inserted: _ZN12_GLOBAL__N_1L3SUBI3RnWImE2RnImE2InImEEEP6MemoryS8_R5StateT_T0_T1_
FuncCache inserted: routine_subq__0x18___rsp


Decompiling instr:movw %r8w, %ax...
Instr: movw %r8w, %ax
Workdir: /home/ubuntu/Github/validating-binary-decompilation/tests/compositional_artifacts_single_instruction_decompilation//movw__r8w___ax
Generating artifacts...
Already Exists
Running artifacts...
Skip McSema run ...
Skip Declutter ...

Executing: cat /home/ubuntu/Github/validating-binary-decompilation/tests/compositional_artifacts_single_instruction_decompilation//movw__r8w___ax/test.mod.ll
Running artifacts...Done.
Multiple defintions of @seg_4003a0__text
Multiple defintions of @seg_400548__eh_frame
FuncCache inserted: _ZN12_GLOBAL__N_1L3MOVI3RnWItE2RnItEEEP6MemoryS6_R5StateT_T0_
FuncCache inserted: routine_movw__r8w___ax


Decompiling instr:movw %cx, %r9w...
Instr: movw %cx, %r9w
Workdir: /home/ubuntu/Github/validating-binary-decompilation/tests/compositional_artifacts_single_instruction_decompilation//movw__cx___r9w
Generating artifacts...
Already Exists
Running artifacts...
Skip McSema run ...
Skip Declutter ...

Executing: cat /home/ubuntu/Github/validating-binary-decompilation/tests/compositional_artifacts_single_instruction_decompilation//movw__cx___r9w/test.mod.ll
Running artifacts...Done.
Multiple defintions of @seg_4003a0__text
Multiple defintions of @seg_400548__eh_frame
FuncCache skipped: _ZN12_GLOBAL__N_1L3MOVI3RnWItE2RnItEEEP6MemoryS6_R5StateT_T0_
FuncCache inserted: routine_movw__cx___r9w


Decompiling instr:movw %dx, %r10w...
Instr: movw %dx, %r10w
Workdir: /home/ubuntu/Github/validating-binary-decompilation/tests/compositional_artifacts_single_instruction_decompilation//movw__dx___r10w
Generating artifacts...
Already Exists
Running artifacts...
Skip McSema run ...
Skip Declutter ...

Executing: cat /home/ubuntu/Github/validating-binary-decompilation/tests/compositional_artifacts_single_instruction_decompilation//movw__dx___r10w/test.mod.ll
Running artifacts...Done.
Multiple defintions of @seg_4003a0__text
Multiple defintions of @seg_400548__eh_frame
FuncCache skipped: _ZN12_GLOBAL__N_1L3MOVI3RnWItE2RnItEEEP6MemoryS6_R5StateT_T0_
FuncCache inserted: routine_movw__dx___r10w


Decompiling instr:movw %si, %r11w...
Instr: movw %si, %r11w
Workdir: /home/ubuntu/Github/validating-binary-decompilation/tests/compositional_artifacts_single_instruction_decompilation//movw__si___r11w
Generating artifacts...
Already Exists
Running artifacts...
Skip McSema run ...
Skip Declutter ...

Executing: cat /home/ubuntu/Github/validating-binary-decompilation/tests/compositional_artifacts_single_instruction_decompilation//movw__si___r11w/test.mod.ll
Running artifacts...Done.
Multiple defintions of @seg_4003a0__text
Multiple defintions of @seg_400548__eh_frame
FuncCache skipped: _ZN12_GLOBAL__N_1L3MOVI3RnWItE2RnItEEEP6MemoryS6_R5StateT_T0_
FuncCache inserted: routine_movw__si___r11w


Decompiling instr:movw %di, %bx...
Instr: movw %di, %bx
Workdir: /home/ubuntu/Github/validating-binary-decompilation/tests/compositional_artifacts_single_instruction_decompilation//movw__di___bx
Generating artifacts...
Already Exists
Running artifacts...
Skip McSema run ...
Skip Declutter ...

Executing: cat /home/ubuntu/Github/validating-binary-decompilation/tests/compositional_artifacts_single_instruction_decompilation//movw__di___bx/test.mod.ll
Running artifacts...Done.
Multiple defintions of @seg_4003a0__text
Multiple defintions of @seg_400548__eh_frame
FuncCache skipped: _ZN12_GLOBAL__N_1L3MOVI3RnWItE2RnItEEEP6MemoryS6_R5StateT_T0_
FuncCache inserted: routine_movw__di___bx


Decompiling instr:movw %bx, -0xa(%rbp)...
Instr: movw %bx, -0xa(%rbp)
Workdir: /home/ubuntu/Github/validating-binary-decompilation/tests/compositional_artifacts_single_instruction_decompilation//movw__bx__MINUS0xa__rbp_
Generating artifacts...
Already Exists
Running artifacts...
Skip McSema run ...
Skip Declutter ...

Executing: cat /home/ubuntu/Github/validating-binary-decompilation/tests/compositional_artifacts_single_instruction_decompilation//movw__bx__MINUS0xa__rbp_/test.mod.ll
Running artifacts...Done.
Multiple defintions of @seg_4003a0__text
Multiple defintions of @seg_400548__eh_frame
FuncCache inserted: _ZN12_GLOBAL__N_1L3MOVI3MnWItE2RnItEEEP6MemoryS6_R5StateT_T0_
FuncCache inserted: routine_movw__bx__MINUS0xa__rbp_


Decompiling instr:movw %r11w, -0xc(%rbp)...
Instr: movw %r11w, -0xc(%rbp)
Workdir: /home/ubuntu/Github/validating-binary-decompilation/tests/compositional_artifacts_single_instruction_decompilation//movw__r11w__MINUS0xc__rbp_
Generating artifacts...
Already Exists
Running artifacts...
Skip McSema run ...
Skip Declutter ...

Executing: cat /home/ubuntu/Github/validating-binary-decompilation/tests/compositional_artifacts_single_instruction_decompilation//movw__r11w__MINUS0xc__rbp_/test.mod.ll
Running artifacts...Done.
Multiple defintions of @seg_4003a0__text
Multiple defintions of @seg_400548__eh_frame
FuncCache skipped: _ZN12_GLOBAL__N_1L3MOVI3MnWItE2RnItEEEP6MemoryS6_R5StateT_T0_
FuncCache inserted: routine_movw__r11w__MINUS0xc__rbp_


Decompiling instr:movw %r10w, -0xe(%rbp)...
Instr: movw %r10w, -0xe(%rbp)
Workdir: /home/ubuntu/Github/validating-binary-decompilation/tests/compositional_artifacts_single_instruction_decompilation//movw__r10w__MINUS0xe__rbp_
Generating artifacts...
Already Exists
Running artifacts...
Skip McSema run ...
Skip Declutter ...

Executing: cat /home/ubuntu/Github/validating-binary-decompilation/tests/compositional_artifacts_single_instruction_decompilation//movw__r10w__MINUS0xe__rbp_/test.mod.ll
Running artifacts...Done.
Multiple defintions of @seg_4003a0__text
Multiple defintions of @seg_400548__eh_frame
FuncCache skipped: _ZN12_GLOBAL__N_1L3MOVI3MnWItE2RnItEEEP6MemoryS6_R5StateT_T0_
FuncCache inserted: routine_movw__r10w__MINUS0xe__rbp_


Decompiling instr:movw %r9w, -0x10(%rbp)...
Instr: movw %r9w, -0x10(%rbp)
Workdir: /home/ubuntu/Github/validating-binary-decompilation/tests/compositional_artifacts_single_instruction_decompilation//movw__r9w__MINUS0x10__rbp_
Generating artifacts...
Already Exists
Running artifacts...
Skip McSema run ...
Skip Declutter ...

Executing: cat /home/ubuntu/Github/validating-binary-decompilation/tests/compositional_artifacts_single_instruction_decompilation//movw__r9w__MINUS0x10__rbp_/test.mod.ll
Running artifacts...Done.
Multiple defintions of @seg_4003a0__text
Multiple defintions of @seg_400548__eh_frame
FuncCache skipped: _ZN12_GLOBAL__N_1L3MOVI3MnWItE2RnItEEEP6MemoryS6_R5StateT_T0_
FuncCache inserted: routine_movw__r9w__MINUS0x10__rbp_


Decompiling instr:movw %ax, -0x12(%rbp)...
Instr: movw %ax, -0x12(%rbp)
Workdir: /home/ubuntu/Github/validating-binary-decompilation/tests/compositional_artifacts_single_instruction_decompilation//movw__ax__MINUS0x12__rbp_
Generating artifacts...
Already Exists
Running artifacts...
Skip McSema run ...
Skip Declutter ...

Executing: cat /home/ubuntu/Github/validating-binary-decompilation/tests/compositional_artifacts_single_instruction_decompilation//movw__ax__MINUS0x12__rbp_/test.mod.ll
Running artifacts...Done.
Multiple defintions of @seg_4003a0__text
Multiple defintions of @seg_400548__eh_frame
FuncCache skipped: _ZN12_GLOBAL__N_1L3MOVI3MnWItE2RnItEEEP6MemoryS6_R5StateT_T0_
FuncCache inserted: routine_movw__ax__MINUS0x12__rbp_


Decompiling instr:movsd 0x2083cd(%rip), %xmm0...
Instr: movsd 0x2083cd(%rip), %xmm0
Workdir: /home/ubuntu/Github/validating-binary-decompilation/tests/compositional_artifacts_single_instruction_decompilation//movsd_0x2083cd__rip____xmm0
Generating artifacts...
Generating artifacts... Done.
Running artifacts...
test.c:1:1: warning: return type of 'main' is not 'int' [-Wmain-return-type]
void main() {
^
test.c:1:1: note: change return type to 'int'
void main() {
^~~~
int
1 warning generated.

Executing: make -C /home/ubuntu/Github/validating-binary-decompilation/tests/compositional_artifacts_single_instruction_decompilation//movsd_0x2083cd__rip____xmm0 binary
make[1]: Entering directory '/home/ubuntu/Github/validating-binary-decompilation/tests/compositional_artifacts_single_instruction_decompilation/movsd_0x2083cd__rip____xmm0'
clang -Os test.c -o test
make[1]: Leaving directory '/home/ubuntu/Github/validating-binary-decompilation/tests/compositional_artifacts_single_instruction_decompilation/movsd_0x2083cd__rip____xmm0'

Executing: make -C /home/ubuntu/Github/validating-binary-decompilation/tests/compositional_artifacts_single_instruction_decompilation//movsd_0x2083cd__rip____xmm0 mcsema
make[1]: Entering directory '/home/ubuntu/Github/validating-binary-decompilation/tests/compositional_artifacts_single_instruction_decompilation/movsd_0x2083cd__rip____xmm0'
mcsema-disass --disassembler /home/ubuntu/ida-6.95/idal64 --os linux --arch amd64_avx --output test.cfg --binary test --entrypoint main
mcsema-lift-4.0 --os linux --arch amd64_avx --cfg test.cfg --output test.bc -disable_dead_store_elimination -disable_optimizer
llvm-dis test.bc -o test.ll
make[1]: Leaving directory '/home/ubuntu/Github/validating-binary-decompilation/tests/compositional_artifacts_single_instruction_decompilation/movsd_0x2083cd__rip____xmm0'

Executing: make -C /home/ubuntu/Github/validating-binary-decompilation/tests/compositional_artifacts_single_instruction_decompilation//movsd_0x2083cd__rip____xmm0 declutter
make[1]: Entering directory '/home/ubuntu/Github/validating-binary-decompilation/tests/compositional_artifacts_single_instruction_decompilation/movsd_0x2083cd__rip____xmm0'
/home/ubuntu/Github/validating-binary-decompilation/tests/scripts//declutter.pl --file test.ll --norenameintrinsics --opc movsd_0x2083cd__rip____xmm0
Expanding _ZN12_GLOBAL__N_1L9MOVSD_MEMI3VnWI8vec128_tE3MVnI7vec64_tEEEP6MemoryS8_R5StateT_T0_...
Generatin test.mod.ll for opcode movsd_0x2083cd__rip____xmm0 ...
make[1]: Leaving directory '/home/ubuntu/Github/validating-binary-decompilation/tests/compositional_artifacts_single_instruction_decompilation/movsd_0x2083cd__rip____xmm0'

Executing: cat /home/ubuntu/Github/validating-binary-decompilation/tests/compositional_artifacts_single_instruction_decompilation//movsd_0x2083cd__rip____xmm0/test.mod.ll
Running artifacts...Done.
Multiple defintions of %seg_4003a0__text_type
Multiple defintions of @seg_4003a0__text
FuncCache inserted: _ZN12_GLOBAL__N_1L9MOVSD_MEMI3VnWI8vec128_tE3MVnI7vec64_tEEEP6MemoryS8_R5StateT_T0_
FuncCache inserted: routine_movsd_0x2083cd__rip____xmm0


Decompiling instr:cvttsd2si %xmm0, %ecx...
Instr: cvttsd2si %xmm0, %ecx
Workdir: /home/ubuntu/Github/validating-binary-decompilation/tests/compositional_artifacts_single_instruction_decompilation//cvttsd2si__xmm0___ecx
Generating artifacts...
Already Exists
Running artifacts...
Skip McSema run ...
Skip Declutter ...

Executing: cat /home/ubuntu/Github/validating-binary-decompilation/tests/compositional_artifacts_single_instruction_decompilation//cvttsd2si__xmm0___ecx/test.mod.ll
Running artifacts...Done.
Multiple defintions of @seg_4003a0__text
Multiple defintions of @seg_400548__eh_frame
FuncCache inserted: _ZN12_GLOBAL__N_1L11CVTSD2SI_32I2VnI8vec128_tEXadL_ZNS_L18FTruncTowardZero64EdEEEEP6MemoryS5_R5State3RnWImET_
FuncCache inserted: routine_cvttsd2si__xmm0___ecx


Decompiling instr:movw %cx, %ax...
Instr: movw %cx, %ax
Workdir: /home/ubuntu/Github/validating-binary-decompilation/tests/compositional_artifacts_single_instruction_decompilation//movw__cx___ax
Generating artifacts...
Already Exists
Running artifacts...
Skip McSema run ...
Skip Declutter ...

Executing: cat /home/ubuntu/Github/validating-binary-decompilation/tests/compositional_artifacts_single_instruction_decompilation//movw__cx___ax/test.mod.ll
Running artifacts...Done.
Multiple defintions of @seg_4003a0__text
Multiple defintions of @seg_400548__eh_frame
FuncCache skipped: _ZN12_GLOBAL__N_1L3MOVI3RnWItE2RnItEEEP6MemoryS6_R5StateT_T0_
FuncCache inserted: routine_movw__cx___ax


Decompiling instr:movw -0xc(%rbp), %r9w...
Instr: movw -0xc(%rbp), %r9w
Workdir: /home/ubuntu/Github/validating-binary-decompilation/tests/compositional_artifacts_single_instruction_decompilation//movw_MINUS0xc__rbp____r9w
Generating artifacts...
Already Exists
Running artifacts...
Skip McSema run ...
Skip Declutter ...

Executing: cat /home/ubuntu/Github/validating-binary-decompilation/tests/compositional_artifacts_single_instruction_decompilation//movw_MINUS0xc__rbp____r9w/test.mod.ll
Running artifacts...Done.
Multiple defintions of @seg_4003a0__text
Multiple defintions of @seg_400548__eh_frame
FuncCache inserted: _ZN12_GLOBAL__N_1L3MOVI3RnWItE2MnItEEEP6MemoryS6_R5StateT_T0_
FuncCache inserted: routine_movw_MINUS0xc__rbp____r9w


Decompiling instr:movw -0xe(%rbp), %r10w...
Instr: movw -0xe(%rbp), %r10w
Workdir: /home/ubuntu/Github/validating-binary-decompilation/tests/compositional_artifacts_single_instruction_decompilation//movw_MINUS0xe__rbp____r10w
Generating artifacts...
Already Exists
Running artifacts...
Skip McSema run ...
Skip Declutter ...

Executing: cat /home/ubuntu/Github/validating-binary-decompilation/tests/compositional_artifacts_single_instruction_decompilation//movw_MINUS0xe__rbp____r10w/test.mod.ll
Running artifacts...Done.
Multiple defintions of @seg_4003a0__text
Multiple defintions of @seg_400548__eh_frame
FuncCache skipped: _ZN12_GLOBAL__N_1L3MOVI3RnWItE2MnItEEEP6MemoryS6_R5StateT_T0_
FuncCache inserted: routine_movw_MINUS0xe__rbp____r10w


Decompiling instr:movw -0x10(%rbp), %r11w...
Instr: movw -0x10(%rbp), %r11w
Workdir: /home/ubuntu/Github/validating-binary-decompilation/tests/compositional_artifacts_single_instruction_decompilation//movw_MINUS0x10__rbp____r11w
Generating artifacts...
Already Exists
Running artifacts...
Skip McSema run ...
Skip Declutter ...

Executing: cat /home/ubuntu/Github/validating-binary-decompilation/tests/compositional_artifacts_single_instruction_decompilation//movw_MINUS0x10__rbp____r11w/test.mod.ll
Running artifacts...Done.
Multiple defintions of @seg_4003a0__text
Multiple defintions of @seg_400548__eh_frame
FuncCache skipped: _ZN12_GLOBAL__N_1L3MOVI3RnWItE2MnItEEEP6MemoryS6_R5StateT_T0_
FuncCache inserted: routine_movw_MINUS0x10__rbp____r11w


Decompiling instr:movswl %ax, %edi...
Instr: movswl %ax, %edi
Workdir: /home/ubuntu/Github/validating-binary-decompilation/tests/compositional_artifacts_single_instruction_decompilation//movswl__ax___edi
Generating artifacts...
Already Exists
Running artifacts...
Skip McSema run ...
Skip Declutter ...

Executing: cat /home/ubuntu/Github/validating-binary-decompilation/tests/compositional_artifacts_single_instruction_decompilation//movswl__ax___edi/test.mod.ll
Running artifacts...Done.
Multiple defintions of @seg_4003a0__text
Multiple defintions of @seg_400548__eh_frame
FuncCache inserted: _ZN12_GLOBAL__N_1L5MOVSXI3RnWImE2RnItEiEEP6MemoryS6_R5StateT_T0_
FuncCache inserted: routine_movswl__ax___edi


Decompiling instr:movswl %r9w, %esi...
Instr: movswl %r9w, %esi
Workdir: /home/ubuntu/Github/validating-binary-decompilation/tests/compositional_artifacts_single_instruction_decompilation//movswl__r9w___esi
Generating artifacts...
Generating artifacts... Done.
Running artifacts...
test.c:1:1: warning: return type of 'main' is not 'int' [-Wmain-return-type]
void main() {
^
test.c:1:1: note: change return type to 'int'
void main() {
^~~~
int
1 warning generated.

Executing: make -C /home/ubuntu/Github/validating-binary-decompilation/tests/compositional_artifacts_single_instruction_decompilation//movswl__r9w___esi binary
make[1]: Entering directory '/home/ubuntu/Github/validating-binary-decompilation/tests/compositional_artifacts_single_instruction_decompilation/movswl__r9w___esi'
clang -Os test.c -o test
make[1]: Leaving directory '/home/ubuntu/Github/validating-binary-decompilation/tests/compositional_artifacts_single_instruction_decompilation/movswl__r9w___esi'

Executing: make -C /home/ubuntu/Github/validating-binary-decompilation/tests/compositional_artifacts_single_instruction_decompilation//movswl__r9w___esi mcsema
make[1]: Entering directory '/home/ubuntu/Github/validating-binary-decompilation/tests/compositional_artifacts_single_instruction_decompilation/movswl__r9w___esi'
mcsema-disass --disassembler /home/ubuntu/ida-6.95/idal64 --os linux --arch amd64_avx --output test.cfg --binary test --entrypoint main
mcsema-lift-4.0 --os linux --arch amd64_avx --cfg test.cfg --output test.bc -disable_dead_store_elimination -disable_optimizer
llvm-dis test.bc -o test.ll
make[1]: Leaving directory '/home/ubuntu/Github/validating-binary-decompilation/tests/compositional_artifacts_single_instruction_decompilation/movswl__r9w___esi'

Executing: make -C /home/ubuntu/Github/validating-binary-decompilation/tests/compositional_artifacts_single_instruction_decompilation//movswl__r9w___esi declutter
make[1]: Entering directory '/home/ubuntu/Github/validating-binary-decompilation/tests/compositional_artifacts_single_instruction_decompilation/movswl__r9w___esi'
/home/ubuntu/Github/validating-binary-decompilation/tests/scripts//declutter.pl --file test.ll --norenameintrinsics --opc movswl__r9w___esi
Expanding _ZN12_GLOBAL__N_1L5MOVSXI3RnWImE2RnItEiEEP6MemoryS6_R5StateT_T0_...
Generatin test.mod.ll for opcode movswl__r9w___esi ...
make[1]: Leaving directory '/home/ubuntu/Github/validating-binary-decompilation/tests/compositional_artifacts_single_instruction_decompilation/movswl__r9w___esi'

Executing: cat /home/ubuntu/Github/validating-binary-decompilation/tests/compositional_artifacts_single_instruction_decompilation//movswl__r9w___esi/test.mod.ll
Running artifacts...Done.
Multiple defintions of @seg_4003a0__text
Multiple defintions of @seg_400548__eh_frame
FuncCache skipped: _ZN12_GLOBAL__N_1L5MOVSXI3RnWImE2RnItEiEEP6MemoryS6_R5StateT_T0_
FuncCache inserted: routine_movswl__r9w___esi


Decompiling instr:movswl %r10w, %edx...
Instr: movswl %r10w, %edx
Workdir: /home/ubuntu/Github/validating-binary-decompilation/tests/compositional_artifacts_single_instruction_decompilation//movswl__r10w___edx
Generating artifacts...
Generating artifacts... Done.
Running artifacts...
test.c:1:1: warning: return type of 'main' is not 'int' [-Wmain-return-type]
void main() {
^
test.c:1:1: note: change return type to 'int'
void main() {
^~~~
int
1 warning generated.

Executing: make -C /home/ubuntu/Github/validating-binary-decompilation/tests/compositional_artifacts_single_instruction_decompilation//movswl__r10w___edx binary
make[1]: Entering directory '/home/ubuntu/Github/validating-binary-decompilation/tests/compositional_artifacts_single_instruction_decompilation/movswl__r10w___edx'
clang -Os test.c -o test
make[1]: Leaving directory '/home/ubuntu/Github/validating-binary-decompilation/tests/compositional_artifacts_single_instruction_decompilation/movswl__r10w___edx'

Executing: make -C /home/ubuntu/Github/validating-binary-decompilation/tests/compositional_artifacts_single_instruction_decompilation//movswl__r10w___edx mcsema
make[1]: Entering directory '/home/ubuntu/Github/validating-binary-decompilation/tests/compositional_artifacts_single_instruction_decompilation/movswl__r10w___edx'
mcsema-disass --disassembler /home/ubuntu/ida-6.95/idal64 --os linux --arch amd64_avx --output test.cfg --binary test --entrypoint main
mcsema-lift-4.0 --os linux --arch amd64_avx --cfg test.cfg --output test.bc -disable_dead_store_elimination -disable_optimizer
llvm-dis test.bc -o test.ll
make[1]: Leaving directory '/home/ubuntu/Github/validating-binary-decompilation/tests/compositional_artifacts_single_instruction_decompilation/movswl__r10w___edx'

Executing: make -C /home/ubuntu/Github/validating-binary-decompilation/tests/compositional_artifacts_single_instruction_decompilation//movswl__r10w___edx declutter
make[1]: Entering directory '/home/ubuntu/Github/validating-binary-decompilation/tests/compositional_artifacts_single_instruction_decompilation/movswl__r10w___edx'
/home/ubuntu/Github/validating-binary-decompilation/tests/scripts//declutter.pl --file test.ll --norenameintrinsics --opc movswl__r10w___edx
Expanding _ZN12_GLOBAL__N_1L5MOVSXI3RnWImE2RnItEiEEP6MemoryS6_R5StateT_T0_...
Generatin test.mod.ll for opcode movswl__r10w___edx ...
make[1]: Leaving directory '/home/ubuntu/Github/validating-binary-decompilation/tests/compositional_artifacts_single_instruction_decompilation/movswl__r10w___edx'

Executing: cat /home/ubuntu/Github/validating-binary-decompilation/tests/compositional_artifacts_single_instruction_decompilation//movswl__r10w___edx/test.mod.ll
Running artifacts...Done.
Multiple defintions of @seg_4003a0__text
Multiple defintions of @seg_400548__eh_frame
FuncCache skipped: _ZN12_GLOBAL__N_1L5MOVSXI3RnWImE2RnItEiEEP6MemoryS6_R5StateT_T0_
FuncCache inserted: routine_movswl__r10w___edx


Decompiling instr:movswl %r11w, %ecx...
Instr: movswl %r11w, %ecx
Workdir: /home/ubuntu/Github/validating-binary-decompilation/tests/compositional_artifacts_single_instruction_decompilation//movswl__r11w___ecx
Generating artifacts...
Generating artifacts... Done.
Running artifacts...
test.c:1:1: warning: return type of 'main' is not 'int' [-Wmain-return-type]
void main() {
^
test.c:1:1: note: change return type to 'int'
void main() {
^~~~
int
1 warning generated.

Executing: make -C /home/ubuntu/Github/validating-binary-decompilation/tests/compositional_artifacts_single_instruction_decompilation//movswl__r11w___ecx binary
make[1]: Entering directory '/home/ubuntu/Github/validating-binary-decompilation/tests/compositional_artifacts_single_instruction_decompilation/movswl__r11w___ecx'
clang -Os test.c -o test
make[1]: Leaving directory '/home/ubuntu/Github/validating-binary-decompilation/tests/compositional_artifacts_single_instruction_decompilation/movswl__r11w___ecx'

Executing: make -C /home/ubuntu/Github/validating-binary-decompilation/tests/compositional_artifacts_single_instruction_decompilation//movswl__r11w___ecx mcsema
make[1]: Entering directory '/home/ubuntu/Github/validating-binary-decompilation/tests/compositional_artifacts_single_instruction_decompilation/movswl__r11w___ecx'
mcsema-disass --disassembler /home/ubuntu/ida-6.95/idal64 --os linux --arch amd64_avx --output test.cfg --binary test --entrypoint main
mcsema-lift-4.0 --os linux --arch amd64_avx --cfg test.cfg --output test.bc -disable_dead_store_elimination -disable_optimizer
llvm-dis test.bc -o test.ll
make[1]: Leaving directory '/home/ubuntu/Github/validating-binary-decompilation/tests/compositional_artifacts_single_instruction_decompilation/movswl__r11w___ecx'

Executing: make -C /home/ubuntu/Github/validating-binary-decompilation/tests/compositional_artifacts_single_instruction_decompilation//movswl__r11w___ecx declutter
make[1]: Entering directory '/home/ubuntu/Github/validating-binary-decompilation/tests/compositional_artifacts_single_instruction_decompilation/movswl__r11w___ecx'
/home/ubuntu/Github/validating-binary-decompilation/tests/scripts//declutter.pl --file test.ll --norenameintrinsics --opc movswl__r11w___ecx
Expanding _ZN12_GLOBAL__N_1L5MOVSXI3RnWImE2RnItEiEEP6MemoryS6_R5StateT_T0_...
Generatin test.mod.ll for opcode movswl__r11w___ecx ...
make[1]: Leaving directory '/home/ubuntu/Github/validating-binary-decompilation/tests/compositional_artifacts_single_instruction_decompilation/movswl__r11w___ecx'

Executing: cat /home/ubuntu/Github/validating-binary-decompilation/tests/compositional_artifacts_single_instruction_decompilation//movswl__r11w___ecx/test.mod.ll
Running artifacts...Done.
Multiple defintions of @seg_4003a0__text
Multiple defintions of @seg_400548__eh_frame
FuncCache skipped: _ZN12_GLOBAL__N_1L5MOVSXI3RnWImE2RnItEiEEP6MemoryS6_R5StateT_T0_
FuncCache inserted: routine_movswl__r11w___ecx


Decompiling instr:movswl -0x12(%rbp), %r8d...
Instr: movswl -0x12(%rbp), %r8d
Workdir: /home/ubuntu/Github/validating-binary-decompilation/tests/compositional_artifacts_single_instruction_decompilation//movswl_MINUS0x12__rbp____r8d
Generating artifacts...
Generating artifacts... Done.
Running artifacts...
test.c:1:1: warning: return type of 'main' is not 'int' [-Wmain-return-type]
void main() {
^
test.c:1:1: note: change return type to 'int'
void main() {
^~~~
int
1 warning generated.

Executing: make -C /home/ubuntu/Github/validating-binary-decompilation/tests/compositional_artifacts_single_instruction_decompilation//movswl_MINUS0x12__rbp____r8d binary
make[1]: Entering directory '/home/ubuntu/Github/validating-binary-decompilation/tests/compositional_artifacts_single_instruction_decompilation/movswl_MINUS0x12__rbp____r8d'
clang -Os test.c -o test
make[1]: Leaving directory '/home/ubuntu/Github/validating-binary-decompilation/tests/compositional_artifacts_single_instruction_decompilation/movswl_MINUS0x12__rbp____r8d'

Executing: make -C /home/ubuntu/Github/validating-binary-decompilation/tests/compositional_artifacts_single_instruction_decompilation//movswl_MINUS0x12__rbp____r8d mcsema
make[1]: Entering directory '/home/ubuntu/Github/validating-binary-decompilation/tests/compositional_artifacts_single_instruction_decompilation/movswl_MINUS0x12__rbp____r8d'
mcsema-disass --disassembler /home/ubuntu/ida-6.95/idal64 --os linux --arch amd64_avx --output test.cfg --binary test --entrypoint main
mcsema-lift-4.0 --os linux --arch amd64_avx --cfg test.cfg --output test.bc -disable_dead_store_elimination -disable_optimizer
llvm-dis test.bc -o test.ll
make[1]: Leaving directory '/home/ubuntu/Github/validating-binary-decompilation/tests/compositional_artifacts_single_instruction_decompilation/movswl_MINUS0x12__rbp____r8d'

Executing: make -C /home/ubuntu/Github/validating-binary-decompilation/tests/compositional_artifacts_single_instruction_decompilation//movswl_MINUS0x12__rbp____r8d declutter
make[1]: Entering directory '/home/ubuntu/Github/validating-binary-decompilation/tests/compositional_artifacts_single_instruction_decompilation/movswl_MINUS0x12__rbp____r8d'
/home/ubuntu/Github/validating-binary-decompilation/tests/scripts//declutter.pl --file test.ll --norenameintrinsics --opc movswl_MINUS0x12__rbp____r8d
Expanding _ZN12_GLOBAL__N_1L5MOVSXI3RnWImE2MnItEiEEP6MemoryS6_R5StateT_T0_...
Generatin test.mod.ll for opcode movswl_MINUS0x12__rbp____r8d ...
make[1]: Leaving directory '/home/ubuntu/Github/validating-binary-decompilation/tests/compositional_artifacts_single_instruction_decompilation/movswl_MINUS0x12__rbp____r8d'

Executing: cat /home/ubuntu/Github/validating-binary-decompilation/tests/compositional_artifacts_single_instruction_decompilation//movswl_MINUS0x12__rbp____r8d/test.mod.ll
Running artifacts...Done.
Multiple defintions of @seg_4003a0__text
Multiple defintions of @seg_400548__eh_frame
FuncCache inserted: _ZN12_GLOBAL__N_1L5MOVSXI3RnWImE2MnItEiEEP6MemoryS6_R5StateT_T0_
FuncCache inserted: routine_movswl_MINUS0x12__rbp____r8d


Decompiling instr:callq ._ZN33custom_multiply_multiple_variableIsE8do_shiftEsssss...
Instr: callq ._ZN33custom_multiply_multiple_variableIsE8do_shiftEsssss
Workdir: /home/ubuntu/Github/validating-binary-decompilation/tests/compositional_artifacts_single_instruction_decompilation//callq_._ZN33custom_multiply_multiple_variableIsE8do_shiftEsssss
Generating artifacts...
Generating artifacts... Done.
Running artifacts...
test.c:1:1: warning: return type of 'main' is not 'int' [-Wmain-return-type]
void main() {
^
test.c:1:1: note: change return type to 'int'
void main() {
^~~~
int
1 warning generated.

Executing: make -C /home/ubuntu/Github/validating-binary-decompilation/tests/compositional_artifacts_single_instruction_decompilation//callq_._ZN33custom_multiply_multiple_variableIsE8do_shiftEsssss binary
make[1]: Entering directory '/home/ubuntu/Github/validating-binary-decompilation/tests/compositional_artifacts_single_instruction_decompilation/callq_._ZN33custom_multiply_multiple_variableIsE8do_shiftEsssss'
clang -Os test.c -o test
make[1]: Leaving directory '/home/ubuntu/Github/validating-binary-decompilation/tests/compositional_artifacts_single_instruction_decompilation/callq_._ZN33custom_multiply_multiple_variableIsE8do_shiftEsssss'

Executing: make -C /home/ubuntu/Github/validating-binary-decompilation/tests/compositional_artifacts_single_instruction_decompilation//callq_._ZN33custom_multiply_multiple_variableIsE8do_shiftEsssss mcsema
make[1]: Entering directory '/home/ubuntu/Github/validating-binary-decompilation/tests/compositional_artifacts_single_instruction_decompilation/callq_._ZN33custom_multiply_multiple_variableIsE8do_shiftEsssss'
mcsema-disass --disassembler /home/ubuntu/ida-6.95/idal64 --os linux --arch amd64_avx --output test.cfg --binary test --entrypoint main
mcsema-lift-4.0 --os linux --arch amd64_avx --cfg test.cfg --output test.bc -disable_dead_store_elimination -disable_optimizer
llvm-dis test.bc -o test.ll
make[1]: Leaving directory '/home/ubuntu/Github/validating-binary-decompilation/tests/compositional_artifacts_single_instruction_decompilation/callq_._ZN33custom_multiply_multiple_variableIsE8do_shiftEsssss'

Executing: make -C /home/ubuntu/Github/validating-binary-decompilation/tests/compositional_artifacts_single_instruction_decompilation//callq_._ZN33custom_multiply_multiple_variableIsE8do_shiftEsssss declutter
make[1]: Entering directory '/home/ubuntu/Github/validating-binary-decompilation/tests/compositional_artifacts_single_instruction_decompilation/callq_._ZN33custom_multiply_multiple_variableIsE8do_shiftEsssss'
/home/ubuntu/Github/validating-binary-decompilation/tests/scripts//declutter.pl --file test.ll --norenameintrinsics --opc callq_._ZN33custom_multiply_multiple_variableIsE8do_shiftEsssss
Expanding _ZN12_GLOBAL__N_1L4CALLI2InImEEEP6MemoryS4_R5StateT_S2_...
Generatin test.mod.ll for opcode callq_._ZN33custom_multiply_multiple_variableIsE8do_shiftEsssss ...
make[1]: Leaving directory '/home/ubuntu/Github/validating-binary-decompilation/tests/compositional_artifacts_single_instruction_decompilation/callq_._ZN33custom_multiply_multiple_variableIsE8do_shiftEsssss'

Executing: cat /home/ubuntu/Github/validating-binary-decompilation/tests/compositional_artifacts_single_instruction_decompilation//callq_._ZN33custom_multiply_multiple_variableIsE8do_shiftEsssss/test.mod.ll
Running artifacts...Done.
Multiple defintions of @seg_4003a0__text
Multiple defintions of @seg_400548__eh_frame
FuncCache inserted: _ZN12_GLOBAL__N_1L4CALLI2InImEEEP6MemoryS4_R5StateT_S2_
FuncCache inserted: routine_callq_._ZN33custom_multiply_multiple_variableIsE8do_shiftEsssss


Decompiling instr:leaq -0xa(%rbp), %rdi...
Instr: leaq -0xa(%rbp), %rdi
Workdir: /home/ubuntu/Github/validating-binary-decompilation/tests/compositional_artifacts_single_instruction_decompilation//leaq_MINUS0xa__rbp____rdi
Generating artifacts...
Already Exists
Running artifacts...
Skip McSema run ...

Executing: make -C /home/ubuntu/Github/validating-binary-decompilation/tests/compositional_artifacts_single_instruction_decompilation//leaq_MINUS0xa__rbp____rdi declutter
make[1]: Entering directory '/home/ubuntu/Github/validating-binary-decompilation/tests/compositional_artifacts_single_instruction_decompilation/leaq_MINUS0xa__rbp____rdi'
/home/ubuntu/Github/validating-binary-decompilation/tests/scripts//declutter.pl --file test.ll --norenameintrinsics --opc leaq_MINUS0xa__rbp____rdi
Expanding _ZN12_GLOBAL__N_1L3LEAI3RnWImE2MnIhEmEEP6MemoryS6_R5StateT_T0_...
Generatin test.mod.ll for opcode leaq_MINUS0xa__rbp____rdi ...
make[1]: Leaving directory '/home/ubuntu/Github/validating-binary-decompilation/tests/compositional_artifacts_single_instruction_decompilation/leaq_MINUS0xa__rbp____rdi'

Executing: cat /home/ubuntu/Github/validating-binary-decompilation/tests/compositional_artifacts_single_instruction_decompilation//leaq_MINUS0xa__rbp____rdi/test.mod.ll
Running artifacts...Done.
Multiple defintions of @seg_4003a0__text
Multiple defintions of @seg_400548__eh_frame
FuncCache inserted: _ZN12_GLOBAL__N_1L3LEAI3RnWImE2MnIhEmEEP6MemoryS6_R5StateT_T0_
FuncCache inserted: routine_leaq_MINUS0xa__rbp____rdi


Decompiling instr:leaq -0x14(%rbp), %rsi...
Instr: leaq -0x14(%rbp), %rsi
Workdir: /home/ubuntu/Github/validating-binary-decompilation/tests/compositional_artifacts_single_instruction_decompilation//leaq_MINUS0x14__rbp____rsi
Generating artifacts...
Generating artifacts... Done.
Running artifacts...
test.c:1:1: warning: return type of 'main' is not 'int' [-Wmain-return-type]
void main() {
^
test.c:1:1: note: change return type to 'int'
void main() {
^~~~
int
1 warning generated.

Executing: make -C /home/ubuntu/Github/validating-binary-decompilation/tests/compositional_artifacts_single_instruction_decompilation//leaq_MINUS0x14__rbp____rsi binary
make[1]: Entering directory '/home/ubuntu/Github/validating-binary-decompilation/tests/compositional_artifacts_single_instruction_decompilation/leaq_MINUS0x14__rbp____rsi'
clang -Os test.c -o test
make[1]: Leaving directory '/home/ubuntu/Github/validating-binary-decompilation/tests/compositional_artifacts_single_instruction_decompilation/leaq_MINUS0x14__rbp____rsi'

Executing: make -C /home/ubuntu/Github/validating-binary-decompilation/tests/compositional_artifacts_single_instruction_decompilation//leaq_MINUS0x14__rbp____rsi mcsema
make[1]: Entering directory '/home/ubuntu/Github/validating-binary-decompilation/tests/compositional_artifacts_single_instruction_decompilation/leaq_MINUS0x14__rbp____rsi'
mcsema-disass --disassembler /home/ubuntu/ida-6.95/idal64 --os linux --arch amd64_avx --output test.cfg --binary test --entrypoint main
mcsema-lift-4.0 --os linux --arch amd64_avx --cfg test.cfg --output test.bc -disable_dead_store_elimination -disable_optimizer
llvm-dis test.bc -o test.ll
make[1]: Leaving directory '/home/ubuntu/Github/validating-binary-decompilation/tests/compositional_artifacts_single_instruction_decompilation/leaq_MINUS0x14__rbp____rsi'

Executing: make -C /home/ubuntu/Github/validating-binary-decompilation/tests/compositional_artifacts_single_instruction_decompilation//leaq_MINUS0x14__rbp____rsi declutter
make[1]: Entering directory '/home/ubuntu/Github/validating-binary-decompilation/tests/compositional_artifacts_single_instruction_decompilation/leaq_MINUS0x14__rbp____rsi'
/home/ubuntu/Github/validating-binary-decompilation/tests/scripts//declutter.pl --file test.ll --norenameintrinsics --opc leaq_MINUS0x14__rbp____rsi
Expanding _ZN12_GLOBAL__N_1L3LEAI3RnWImE2MnIhEmEEP6MemoryS6_R5StateT_T0_...
Generatin test.mod.ll for opcode leaq_MINUS0x14__rbp____rsi ...
make[1]: Leaving directory '/home/ubuntu/Github/validating-binary-decompilation/tests/compositional_artifacts_single_instruction_decompilation/leaq_MINUS0x14__rbp____rsi'

Executing: cat /home/ubuntu/Github/validating-binary-decompilation/tests/compositional_artifacts_single_instruction_decompilation//leaq_MINUS0x14__rbp____rsi/test.mod.ll
Running artifacts...Done.
Multiple defintions of @seg_4003a0__text
Multiple defintions of @seg_400548__eh_frame
FuncCache skipped: _ZN12_GLOBAL__N_1L3LEAI3RnWImE2MnIhEmEEP6MemoryS6_R5StateT_T0_
FuncCache inserted: routine_leaq_MINUS0x14__rbp____rsi


Decompiling instr:movswl %ax, %ecx...
Instr: movswl %ax, %ecx
Workdir: /home/ubuntu/Github/validating-binary-decompilation/tests/compositional_artifacts_single_instruction_decompilation//movswl__ax___ecx
Generating artifacts...
Already Exists
Running artifacts...
Skip McSema run ...
Skip Declutter ...

Executing: cat /home/ubuntu/Github/validating-binary-decompilation/tests/compositional_artifacts_single_instruction_decompilation//movswl__ax___ecx/test.mod.ll
Running artifacts...Done.
Multiple defintions of @seg_4003a0__text
Multiple defintions of @seg_400548__eh_frame
FuncCache skipped: _ZN12_GLOBAL__N_1L5MOVSXI3RnWImE2RnItEiEEP6MemoryS6_R5StateT_T0_
FuncCache inserted: routine_movswl__ax___ecx


Decompiling instr:imull $0x1f40, %ecx, %ecx...
Instr: imull $0x1f40, %ecx, %ecx
Workdir: /home/ubuntu/Github/validating-binary-decompilation/tests/compositional_artifacts_single_instruction_decompilation//imull__0x1f40___ecx___ecx
Generating artifacts...
Already Exists
Running artifacts...
test.c:1:1: warning: return type of 'main' is not 'int' [-Wmain-return-type]
void main() {
^
test.c:1:1: note: change return type to 'int'
void main() {
^~~~
int
1 warning generated.
Could not generate a CFG. Try using the --log_file option to see an error log.
Traceback (most recent call last):
  File "/usr/local/bin/mcsema-disass", line 11, in <module>
    load_entry_point('mcsema-disass==2.0', 'console_scripts', 'mcsema-disass')()
  File "/usr/local/lib/python2.7/dist-packages/mcsema_disass-2.0-py2.7.egg/mcsema_disass/__main__.py", line 162, in main
    if 0 == os.path.getsize(args.output):
  File "/usr/lib/python2.7/genericpath.py", line 57, in getsize
    return os.stat(filename).st_size
OSError: [Errno 2] No such file or directory: '/home/ubuntu/Github/validating-binary-decompilation/tests/compositional_artifacts_single_instruction_decompilation/imull__0x1f40___ecx___ecx/test.cfg'
make[1]: *** [mcsema] Error 1
make[1]: *** No rule to make target 'test.ll', needed by 'declutter'.  Stop.
cat: /home/ubuntu/Github/validating-binary-decompilation/tests/compositional_artifacts_single_instruction_decompilation//imull__0x1f40___ecx___ecx/test.mod.ll: No such file or directory

Executing: make -C /home/ubuntu/Github/validating-binary-decompilation/tests/compositional_artifacts_single_instruction_decompilation//imull__0x1f40___ecx___ecx binary
make[1]: Entering directory '/home/ubuntu/Github/validating-binary-decompilation/tests/compositional_artifacts_single_instruction_decompilation/imull__0x1f40___ecx___ecx'
clang -Os test.c -o test
make[1]: Leaving directory '/home/ubuntu/Github/validating-binary-decompilation/tests/compositional_artifacts_single_instruction_decompilation/imull__0x1f40___ecx___ecx'

Executing: make -C /home/ubuntu/Github/validating-binary-decompilation/tests/compositional_artifacts_single_instruction_decompilation//imull__0x1f40___ecx___ecx mcsema
make[1]: Entering directory '/home/ubuntu/Github/validating-binary-decompilation/tests/compositional_artifacts_single_instruction_decompilation/imull__0x1f40___ecx___ecx'
mcsema-disass --disassembler /home/ubuntu/ida-6.95/idal64 --os linux --arch amd64_avx --output test.cfg --binary test --entrypoint main
Makefile:9: recipe for target 'mcsema' failed
make[1]: Leaving directory '/home/ubuntu/Github/validating-binary-decompilation/tests/compositional_artifacts_single_instruction_decompilation/imull__0x1f40___ecx___ecx'

Executing: make -C /home/ubuntu/Github/validating-binary-decompilation/tests/compositional_artifacts_single_instruction_decompilation//imull__0x1f40___ecx___ecx declutter
make[1]: Entering directory '/home/ubuntu/Github/validating-binary-decompilation/tests/compositional_artifacts_single_instruction_decompilation/imull__0x1f40___ecx___ecx'
make[1]: Leaving directory '/home/ubuntu/Github/validating-binary-decompilation/tests/compositional_artifacts_single_instruction_decompilation/imull__0x1f40___ecx___ecx'

Executing: cat /home/ubuntu/Github/validating-binary-decompilation/tests/compositional_artifacts_single_instruction_decompilation//imull__0x1f40___ecx___ecx/test.mod.ll
Running artifacts...Done.


Decompiling instr:movw %cx, %ax...
Instr: movw %cx, %ax
Workdir: /home/ubuntu/Github/validating-binary-decompilation/tests/compositional_artifacts_single_instruction_decompilation//movw__cx___ax
Generating artifacts...
Already Exists
Running artifacts...
Skip McSema run ...
Skip Declutter ...

Executing: cat /home/ubuntu/Github/validating-binary-decompilation/tests/compositional_artifacts_single_instruction_decompilation//movw__cx___ax/test.mod.ll
Running artifacts...Done.
Multiple defintions of @seg_4003a0__text
Multiple defintions of @seg_400548__eh_frame
FuncCache skipped: _ZN12_GLOBAL__N_1L3MOVI3RnWItE2RnItEEEP6MemoryS6_R5StateT_T0_
FuncCache skipped: routine_movw__cx___ax


Decompiling instr:movw %ax, -0x14(%rbp)...
Instr: movw %ax, -0x14(%rbp)
Workdir: /home/ubuntu/Github/validating-binary-decompilation/tests/compositional_artifacts_single_instruction_decompilation//movw__ax__MINUS0x14__rbp_
Generating artifacts...
Already Exists
Running artifacts...
test.c:1:1: warning: return type of 'main' is not 'int' [-Wmain-return-type]
void main() {
^
test.c:1:1: note: change return type to 'int'
void main() {
^~~~
int
1 warning generated.

Executing: make -C /home/ubuntu/Github/validating-binary-decompilation/tests/compositional_artifacts_single_instruction_decompilation//movw__ax__MINUS0x14__rbp_ binary
make[1]: Entering directory '/home/ubuntu/Github/validating-binary-decompilation/tests/compositional_artifacts_single_instruction_decompilation/movw__ax__MINUS0x14__rbp_'
clang -Os test.c -o test
make[1]: Leaving directory '/home/ubuntu/Github/validating-binary-decompilation/tests/compositional_artifacts_single_instruction_decompilation/movw__ax__MINUS0x14__rbp_'

Executing: make -C /home/ubuntu/Github/validating-binary-decompilation/tests/compositional_artifacts_single_instruction_decompilation//movw__ax__MINUS0x14__rbp_ mcsema
make[1]: Entering directory '/home/ubuntu/Github/validating-binary-decompilation/tests/compositional_artifacts_single_instruction_decompilation/movw__ax__MINUS0x14__rbp_'
mcsema-disass --disassembler /home/ubuntu/ida-6.95/idal64 --os linux --arch amd64_avx --output test.cfg --binary test --entrypoint main
mcsema-lift-4.0 --os linux --arch amd64_avx --cfg test.cfg --output test.bc -disable_dead_store_elimination -disable_optimizer
llvm-dis test.bc -o test.ll
make[1]: Leaving directory '/home/ubuntu/Github/validating-binary-decompilation/tests/compositional_artifacts_single_instruction_decompilation/movw__ax__MINUS0x14__rbp_'

Executing: make -C /home/ubuntu/Github/validating-binary-decompilation/tests/compositional_artifacts_single_instruction_decompilation//movw__ax__MINUS0x14__rbp_ declutter
make[1]: Entering directory '/home/ubuntu/Github/validating-binary-decompilation/tests/compositional_artifacts_single_instruction_decompilation/movw__ax__MINUS0x14__rbp_'
/home/ubuntu/Github/validating-binary-decompilation/tests/scripts//declutter.pl --file test.ll --norenameintrinsics --opc movw__ax__MINUS0x14__rbp_
Expanding _ZN12_GLOBAL__N_1L3MOVI3MnWItE2RnItEEEP6MemoryS6_R5StateT_T0_...
Generatin test.mod.ll for opcode movw__ax__MINUS0x14__rbp_ ...
make[1]: Leaving directory '/home/ubuntu/Github/validating-binary-decompilation/tests/compositional_artifacts_single_instruction_decompilation/movw__ax__MINUS0x14__rbp_'

Executing: cat /home/ubuntu/Github/validating-binary-decompilation/tests/compositional_artifacts_single_instruction_decompilation//movw__ax__MINUS0x14__rbp_/test.mod.ll
Running artifacts...Done.
Multiple defintions of @seg_4003a0__text
Multiple defintions of @seg_400548__eh_frame
FuncCache skipped: _ZN12_GLOBAL__N_1L3MOVI3MnWItE2RnItEEEP6MemoryS6_R5StateT_T0_
FuncCache inserted: routine_movw__ax__MINUS0x14__rbp_


Decompiling instr:callq ._Z15tolerance_equalIsEbRT_S1_...
Instr: callq ._Z15tolerance_equalIsEbRT_S1_
Workdir: /home/ubuntu/Github/validating-binary-decompilation/tests/compositional_artifacts_single_instruction_decompilation//callq_._Z15tolerance_equalIsEbRT_S1_
Generating artifacts...
Already Exists
Running artifacts...
Skip McSema run ...
Skip Declutter ...

Executing: cat /home/ubuntu/Github/validating-binary-decompilation/tests/compositional_artifacts_single_instruction_decompilation//callq_._Z15tolerance_equalIsEbRT_S1_/test.mod.ll
Running artifacts...Done.
Multiple defintions of @seg_4003a0__text
Multiple defintions of @seg_400548__eh_frame
FuncCache skipped: _ZN12_GLOBAL__N_1L4CALLI2InImEEEP6MemoryS4_R5StateT_S2_
FuncCache inserted: routine_callq_._Z15tolerance_equalIsEbRT_S1_


Decompiling instr:testb $0x1, %al...
Instr: testb $0x1, %al
Workdir: /home/ubuntu/Github/validating-binary-decompilation/tests/compositional_artifacts_single_instruction_decompilation//testb__0x1___al
Generating artifacts...
Already Exists
Running artifacts...
Skip McSema run ...
Skip Declutter ...

Executing: cat /home/ubuntu/Github/validating-binary-decompilation/tests/compositional_artifacts_single_instruction_decompilation//testb__0x1___al/test.mod.ll
Running artifacts...Done.
Multiple defintions of @seg_4003a0__text
Multiple defintions of @seg_400548__eh_frame
FuncCache inserted: _ZN12_GLOBAL__N_1L4TESTI2RnIhE2InIhEEEP6MemoryS6_R5StateT_T0_
FuncCache inserted: routine_testb__0x1___al


Decompiling instr:jne .L_411d2a...
Instr: jne .L_411d2a
Workdir: /home/ubuntu/Github/validating-binary-decompilation/tests/compositional_artifacts_single_instruction_decompilation//jne_.L_411d2a
Generating artifacts...
Generating artifacts... Done.
Running artifacts...
test.c:1:1: warning: return type of 'main' is not 'int' [-Wmain-return-type]
void main() {
^
test.c:1:1: note: change return type to 'int'
void main() {
^~~~
int
1 warning generated.

Executing: make -C /home/ubuntu/Github/validating-binary-decompilation/tests/compositional_artifacts_single_instruction_decompilation//jne_.L_411d2a binary
make[1]: Entering directory '/home/ubuntu/Github/validating-binary-decompilation/tests/compositional_artifacts_single_instruction_decompilation/jne_.L_411d2a'
clang -Os test.c -o test
make[1]: Leaving directory '/home/ubuntu/Github/validating-binary-decompilation/tests/compositional_artifacts_single_instruction_decompilation/jne_.L_411d2a'

Executing: make -C /home/ubuntu/Github/validating-binary-decompilation/tests/compositional_artifacts_single_instruction_decompilation//jne_.L_411d2a mcsema
make[1]: Entering directory '/home/ubuntu/Github/validating-binary-decompilation/tests/compositional_artifacts_single_instruction_decompilation/jne_.L_411d2a'
mcsema-disass --disassembler /home/ubuntu/ida-6.95/idal64 --os linux --arch amd64_avx --output test.cfg --binary test --entrypoint main
mcsema-lift-4.0 --os linux --arch amd64_avx --cfg test.cfg --output test.bc -disable_dead_store_elimination -disable_optimizer
llvm-dis test.bc -o test.ll
make[1]: Leaving directory '/home/ubuntu/Github/validating-binary-decompilation/tests/compositional_artifacts_single_instruction_decompilation/jne_.L_411d2a'

Executing: make -C /home/ubuntu/Github/validating-binary-decompilation/tests/compositional_artifacts_single_instruction_decompilation//jne_.L_411d2a declutter
make[1]: Entering directory '/home/ubuntu/Github/validating-binary-decompilation/tests/compositional_artifacts_single_instruction_decompilation/jne_.L_411d2a'
/home/ubuntu/Github/validating-binary-decompilation/tests/scripts//declutter.pl --file test.ll --norenameintrinsics --opc jne_.L_411d2a
Expanding _ZN12_GLOBAL__N_1L3JNZEP6MemoryR5State3RnWIhE2InImES7_...
Generatin test.mod.ll for opcode jne_.L_411d2a ...
make[1]: Leaving directory '/home/ubuntu/Github/validating-binary-decompilation/tests/compositional_artifacts_single_instruction_decompilation/jne_.L_411d2a'

Executing: cat /home/ubuntu/Github/validating-binary-decompilation/tests/compositional_artifacts_single_instruction_decompilation//jne_.L_411d2a/test.mod.ll
Running artifacts...Done.
Multiple defintions of @seg_4003a0__text
Multiple defintions of @seg_400548__eh_frame
FuncCache inserted: _ZN12_GLOBAL__N_1L3JNZEP6MemoryR5State3RnWIhE2InImES7_
FuncCache inserted: routine_jne_.L_411d2a


Decompiling instr:movq $0x414b1e, %rdi...
Instr: movq $0x414b1e, %rdi
Workdir: /home/ubuntu/Github/validating-binary-decompilation/tests/compositional_artifacts_single_instruction_decompilation//movq__0x414b1e___rdi
Generating artifacts...
Already Exists
Running artifacts...
Skip McSema run ...
Skip Declutter ...

Executing: cat /home/ubuntu/Github/validating-binary-decompilation/tests/compositional_artifacts_single_instruction_decompilation//movq__0x414b1e___rdi/test.mod.ll
Running artifacts...Done.
Multiple defintions of %seg_4003a0__text_type
Multiple defintions of @seg_4003a0__text
Multiple defintions of @seg_400558__eh_frame
FuncCache inserted: _ZN12_GLOBAL__N_1L3MOVI3RnWImE2InImEEEP6MemoryS6_R5StateT_T0_
FuncCache inserted: routine_movq__0x414b1e___rdi


Decompiling instr:movl 0x61a0a8, %esi...
Instr: movl 0x61a0a8, %esi
Workdir: /home/ubuntu/Github/validating-binary-decompilation/tests/compositional_artifacts_single_instruction_decompilation//movl_0x61a0a8___esi
Generating artifacts...
Already Exists
Running artifacts...
Skip McSema run ...
Skip Declutter ...

Executing: cat /home/ubuntu/Github/validating-binary-decompilation/tests/compositional_artifacts_single_instruction_decompilation//movl_0x61a0a8___esi/test.mod.ll
Running artifacts...Done.
Multiple defintions of @seg_4003a0__text
Multiple defintions of @seg_400548__eh_frame
FuncCache inserted: _ZN12_GLOBAL__N_1L3MOVI3RnWImE2MnIjEEEP6MemoryS6_R5StateT_T0_
FuncCache inserted: routine_movl_0x61a0a8___esi


Decompiling instr:movb $0x0, %al...
Instr: movb $0x0, %al
Workdir: /home/ubuntu/Github/validating-binary-decompilation/tests/compositional_artifacts_single_instruction_decompilation//movb__0x0___al
Generating artifacts...
Already Exists
Running artifacts...
Skip McSema run ...
Skip Declutter ...

Executing: cat /home/ubuntu/Github/validating-binary-decompilation/tests/compositional_artifacts_single_instruction_decompilation//movb__0x0___al/test.mod.ll
Running artifacts...Done.
Multiple defintions of @seg_4003a0__text
Multiple defintions of @seg_400548__eh_frame
FuncCache inserted: _ZN12_GLOBAL__N_1L3MOVI3RnWIhE2InIhEEEP6MemoryS6_R5StateT_T0_
FuncCache inserted: routine_movb__0x0___al


Decompiling instr:callq .printf_plt...
Instr: callq .printf_plt
Workdir: /home/ubuntu/Github/validating-binary-decompilation/tests/compositional_artifacts_single_instruction_decompilation//callq_.printf_plt
Generating artifacts...
Already Exists
Running artifacts...
Skip McSema run ...
Skip Declutter ...

Executing: cat /home/ubuntu/Github/validating-binary-decompilation/tests/compositional_artifacts_single_instruction_decompilation//callq_.printf_plt/test.mod.ll
Running artifacts...Done.
Multiple defintions of @seg_4003a0__text
Multiple defintions of @seg_400548__eh_frame
FuncCache skipped: _ZN12_GLOBAL__N_1L4CALLI2InImEEEP6MemoryS4_R5StateT_S2_
FuncCache inserted: routine_callq_.printf_plt


Decompiling instr:movl %eax, -0x18(%rbp)...
Instr: movl %eax, -0x18(%rbp)
Workdir: /home/ubuntu/Github/validating-binary-decompilation/tests/compositional_artifacts_single_instruction_decompilation//movl__eax__MINUS0x18__rbp_
Generating artifacts...
Already Exists
Running artifacts...
Skip McSema run ...
Skip Declutter ...

Executing: cat /home/ubuntu/Github/validating-binary-decompilation/tests/compositional_artifacts_single_instruction_decompilation//movl__eax__MINUS0x18__rbp_/test.mod.ll
Running artifacts...Done.
Multiple defintions of @seg_4003a0__text
Multiple defintions of @seg_400548__eh_frame
FuncCache inserted: _ZN12_GLOBAL__N_1L3MOVI3MnWIjE2RnIjEEEP6MemoryS6_R5StateT_T0_
FuncCache inserted: routine_movl__eax__MINUS0x18__rbp_


Decompiling instr:.L_411d2a:...


Decompiling instr:addq $0x18, %rsp...
Instr: addq $0x18, %rsp
Workdir: /home/ubuntu/Github/validating-binary-decompilation/tests/compositional_artifacts_single_instruction_decompilation//addq__0x18___rsp
Generating artifacts...
Already Exists
Running artifacts...
Skip McSema run ...
Skip Declutter ...

Executing: cat /home/ubuntu/Github/validating-binary-decompilation/tests/compositional_artifacts_single_instruction_decompilation//addq__0x18___rsp/test.mod.ll
Running artifacts...Done.
Multiple defintions of @seg_4003a0__text
Multiple defintions of @seg_400548__eh_frame
FuncCache inserted: _ZN12_GLOBAL__N_1L3ADDI3RnWImE2RnImE2InImEEEP6MemoryS8_R5StateT_T0_T1_
FuncCache inserted: routine_addq__0x18___rsp


Decompiling instr:popq %rbx...
Instr: popq %rbx
Workdir: /home/ubuntu/Github/validating-binary-decompilation/tests/compositional_artifacts_single_instruction_decompilation//popq__rbx
Generating artifacts...
Already Exists
Running artifacts...
Skip McSema run ...
Skip Declutter ...

Executing: cat /home/ubuntu/Github/validating-binary-decompilation/tests/compositional_artifacts_single_instruction_decompilation//popq__rbx/test.mod.ll
Running artifacts...Done.
Multiple defintions of @seg_4003a0__text
FuncCache inserted: _ZN12_GLOBAL__N_1L3POPI3RnWImEEEP6MemoryS4_R5StateT_
FuncCache inserted: routine_popq__rbx


Decompiling instr:popq %rbp...
Instr: popq %rbp
Workdir: /home/ubuntu/Github/validating-binary-decompilation/tests/compositional_artifacts_single_instruction_decompilation//popq__rbp
Generating artifacts...
Already Exists
Running artifacts...
Skip McSema run ...
Skip Declutter ...

Executing: cat /home/ubuntu/Github/validating-binary-decompilation/tests/compositional_artifacts_single_instruction_decompilation//popq__rbp/test.mod.ll
Running artifacts...Done.
Multiple defintions of @seg_4003a0__text
FuncCache skipped: _ZN12_GLOBAL__N_1L3POPI3RnWImEEEP6MemoryS4_R5StateT_
FuncCache inserted: routine_popq__rbp


Decompiling instr:retq...
Instr: retq
Workdir: /home/ubuntu/Github/validating-binary-decompilation/tests/compositional_artifacts_single_instruction_decompilation//retq
Generating artifacts...
Already Exists
Running artifacts...
Skip McSema run ...
Skip Declutter ...

Executing: cat /home/ubuntu/Github/validating-binary-decompilation/tests/compositional_artifacts_single_instruction_decompilation//retq/test.mod.ll
Running artifacts...Done.
Multiple defintions of @seg_4003a0__text
FuncCache inserted: _ZN12_GLOBAL__N_1L3RETEP6MemoryR5State
FuncCache inserted: routine_retq
Decompiling Function: _Z26check_shifted_variable_sumIs33custom_multiply_multiple_variableIsEEvT_S2_S2_S2_S2_ Done.



Writing to mcsema/test.proposed.ll ...
Decompiling: Done.

