Disassembling ../binary/test
Disassembled output
  .text
  .globl _Z26check_shifted_variable_sumIt28custom_multiple_variable_xorItEEvT_S2_S2_S2_S2_
  .type _Z26check_shifted_variable_sumIt28custom_multiple_variable_xorItEEvT_S2_S2_S2_S2_, @function

#! file-offset 0x101b0
#! rip-offset  0x4101b0
#! capacity    173 bytes

# Text                                                                               #  Line  RIP       Bytes  Opcode                   Target                
._Z26check_shifted_variable_sumIt28custom_multiple_variable_xorItEEvT_S2_S2_S2_S2_:  #        0x4101b0  0      OPC=<label>              18446744073709551615  
  pushq %rbp                                                                         #  1     0x4101b0  1      OPC=pushq_r64_1          18446744073709551615  
  movq %rsp, %rbp                                                                    #  2     0x4101b1  3      OPC=movq_r64_r64         18446744073709551615  
  pushq %rbx                                                                         #  3     0x4101b4  1      OPC=pushq_r64_1          18446744073709551615  
  subq $0x18, %rsp                                                                   #  4     0x4101b5  4      OPC=subq_r64_imm8        18446744073709551615  
  movw %r8w, %ax                                                                     #  5     0x4101b9  4      OPC=movw_r16_r16         18446744073709551615  
  movw %cx, %r9w                                                                     #  6     0x4101bd  4      OPC=movw_r16_r16         18446744073709551615  
  movw %dx, %r10w                                                                    #  7     0x4101c1  4      OPC=movw_r16_r16         18446744073709551615  
  movw %si, %r11w                                                                    #  8     0x4101c5  4      OPC=movw_r16_r16         18446744073709551615  
  movw %di, %bx                                                                      #  9     0x4101c9  3      OPC=movw_r16_r16         18446744073709551615  
  movw %bx, -0xa(%rbp)                                                               #  10    0x4101cc  4      OPC=movw_m16_r16         18446744073709551615  
  movw %r11w, -0xc(%rbp)                                                             #  11    0x4101d0  5      OPC=movw_m16_r16         18446744073709551615  
  movw %r10w, -0xe(%rbp)                                                             #  12    0x4101d5  5      OPC=movw_m16_r16         18446744073709551615  
  movw %r9w, -0x10(%rbp)                                                             #  13    0x4101da  5      OPC=movw_m16_r16         18446744073709551615  
  movw %ax, -0x12(%rbp)                                                              #  14    0x4101df  4      OPC=movw_m16_r16         18446744073709551615  
  cvttsd2si 0x209e9d(%rip), %ecx                                                     #  15    0x4101e3  8      OPC=cvttsd2si_r32_m64    18446744073709551615  
  movw %cx, %ax                                                                      #  16    0x4101eb  3      OPC=movw_r16_r16         18446744073709551615  
  movw -0xc(%rbp), %r9w                                                              #  17    0x4101ee  5      OPC=movw_r16_m16         18446744073709551615  
  movw -0xe(%rbp), %r10w                                                             #  18    0x4101f3  5      OPC=movw_r16_m16         18446744073709551615  
  movw -0x10(%rbp), %r11w                                                            #  19    0x4101f8  5      OPC=movw_r16_m16         18446744073709551615  
  movzwl %ax, %edi                                                                   #  20    0x4101fd  3      OPC=movzwl_r32_r16       18446744073709551615  
  movzwl %r9w, %esi                                                                  #  21    0x410200  4      OPC=movzwl_r32_r16       18446744073709551615  
  movzwl %r10w, %edx                                                                 #  22    0x410204  4      OPC=movzwl_r32_r16       18446744073709551615  
  movzwl %r11w, %ecx                                                                 #  23    0x410208  4      OPC=movzwl_r32_r16       18446744073709551615  
  movzwl -0x12(%rbp), %r8d                                                           #  24    0x41020c  5      OPC=movzwl_r32_m16       18446744073709551615  
  callq ._ZN28custom_multiple_variable_xorItE8do_shiftEttttt                         #  25    0x410211  5      OPC=callq_label          4260176               
  leaq -0xa(%rbp), %rdi                                                              #  26    0x410216  4      OPC=leaq_r64_m16         18446744073709551615  
  leaq -0x14(%rbp), %rsi                                                             #  27    0x41021a  4      OPC=leaq_r64_m16         18446744073709551615  
  movzwl %ax, %ecx                                                                   #  28    0x41021e  3      OPC=movzwl_r32_r16       18446744073709551615  
  imull $0x1f40, %ecx, %ecx                                                          #  29    0x410221  6      OPC=imull_r32_r32_imm32  18446744073709551615  
  movw %cx, %ax                                                                      #  30    0x410227  3      OPC=movw_r16_r16         18446744073709551615  
  movw %ax, -0x14(%rbp)                                                              #  31    0x41022a  4      OPC=movw_m16_r16         18446744073709551615  
  callq ._Z15tolerance_equalItEbRT_S1_                                               #  32    0x41022e  5      OPC=callq_label          4260448               
  testb $0x1, %al                                                                    #  33    0x410233  2      OPC=testb_al_imm8        18446744073709551615  
  jne .L_410256                                                                      #  34    0x410235  6      OPC=jne_label_1          4260438               
  movq $0x414b1e, %rdi                                                               #  35    0x41023b  10     OPC=movq_r64_imm64       18446744073709551615  
  movl 0x61a0a8, %esi                                                                #  36    0x410245  7      OPC=movl_r32_m32         18446744073709551615  
  movb $0x0, %al                                                                     #  37    0x41024c  2      OPC=movb_r8_imm8         18446744073709551615  
  callq .printf_plt                                                                  #  38    0x41024e  5      OPC=callq_label          4196032               
  movl %eax, -0x18(%rbp)                                                             #  39    0x410253  3      OPC=movl_m32_r32         18446744073709551615  
.L_410256:                                                                           #        0x410256  0      OPC=<label>              18446744073709551615  
  addq $0x18, %rsp                                                                   #  40    0x410256  4      OPC=addq_r64_imm8        18446744073709551615  
  popq %rbx                                                                          #  41    0x41025a  1      OPC=popq_r64_1           18446744073709551615  
  popq %rbp                                                                          #  42    0x41025b  1      OPC=popq_r64_1           18446744073709551615  
  retq                                                                               #  43    0x41025c  1      OPC=retq                 18446744073709551615  
                                                                                                                                                              
.size _Z26check_shifted_variable_sumIt28custom_multiple_variable_xorItEEvT_S2_S2_S2_S2_, .-_Z26check_shifted_variable_sumIt28custom_multiple_variable_xorItEEvT_S2_S2_S2_S2_
Disassembling Done.


Decompiling mcsema/test.proposed.ll
Computing Label PC values ...
.L_410256->4260438
._Z26check_shifted_variable_sumIt28custom_multiple_variable_xorItEEvT_S2_S2_S2_S2_->4260272

Computing Label PC values: Done.


Executing: cat ${HOME}/Github/validating-binary-decompilation/source/libs/compositional-decompiler/data/mcsema_template.txt
declare i32 @llvm.ctpop.i32(i32) #2
declare %struct.Memory* @__remill_error(%struct.State* dereferenceable(3376), i64, %struct.Memory*)

Decompiling Function: _Z26check_shifted_variable_sumIt28custom_multiple_variable_xorItEEvT_S2_S2_S2_S2_...


Decompiling instr:._Z26check_shifted_variable_sumIt28custom_multiple_variable_xorItEEvT_S2_S2_S2_S2_:...


Decompiling instr:pushq %rbp...
Instr: pushq %rbp
Workdir: /home/ubuntu/Github/validating-binary-decompilation/tests/compositional_artifacts_single_instruction_decompilation//pushq__rbp
Generating artifacts...
Already Exists
Running artifacts...
Skip McSema run ...
Skip Declutter ...

Executing: cat /home/ubuntu/Github/validating-binary-decompilation/tests/compositional_artifacts_single_instruction_decompilation//pushq__rbp/test.mod.ll
Running artifacts...Done.
FuncCache inserted: _ZN12_GLOBAL__N_1L4PUSHI2InImEEEP6MemoryS4_R5StateT_
FuncCache inserted: routine_pushq__rbp


Decompiling instr:movq %rsp, %rbp...
Instr: movq %rsp, %rbp
Workdir: /home/ubuntu/Github/validating-binary-decompilation/tests/compositional_artifacts_single_instruction_decompilation//movq__rsp___rbp
Generating artifacts...
Already Exists
Running artifacts...
Skip McSema run ...
Skip Declutter ...

Executing: cat /home/ubuntu/Github/validating-binary-decompilation/tests/compositional_artifacts_single_instruction_decompilation//movq__rsp___rbp/test.mod.ll
Running artifacts...Done.
Multiple defintions of @seg_4003a0__text
Multiple defintions of @seg_400548__eh_frame
FuncCache inserted: _ZN12_GLOBAL__N_1L3MOVI3RnWImE2RnImEEEP6MemoryS6_R5StateT_T0_
FuncCache inserted: routine_movq__rsp___rbp


Decompiling instr:pushq %rbx...
Instr: pushq %rbx
Workdir: /home/ubuntu/Github/validating-binary-decompilation/tests/compositional_artifacts_single_instruction_decompilation//pushq__rbx
Generating artifacts...
Already Exists
Running artifacts...
Skip McSema run ...
Skip Declutter ...

Executing: cat /home/ubuntu/Github/validating-binary-decompilation/tests/compositional_artifacts_single_instruction_decompilation//pushq__rbx/test.mod.ll
Running artifacts...Done.
Multiple defintions of @seg_4003a0__text
FuncCache skipped: _ZN12_GLOBAL__N_1L4PUSHI2InImEEEP6MemoryS4_R5StateT_
FuncCache inserted: routine_pushq__rbx


Decompiling instr:subq $0x18, %rsp...
Instr: subq $0x18, %rsp
Workdir: /home/ubuntu/Github/validating-binary-decompilation/tests/compositional_artifacts_single_instruction_decompilation//subq__0x18___rsp
Generating artifacts...
Already Exists
Running artifacts...
Skip McSema run ...
Skip Declutter ...

Executing: cat /home/ubuntu/Github/validating-binary-decompilation/tests/compositional_artifacts_single_instruction_decompilation//subq__0x18___rsp/test.mod.ll
Running artifacts...Done.
Multiple defintions of @seg_4003a0__text
Multiple defintions of @seg_400548__eh_frame
FuncCache inserted: _ZN12_GLOBAL__N_1L3SUBI3RnWImE2RnImE2InImEEEP6MemoryS8_R5StateT_T0_T1_
FuncCache inserted: routine_subq__0x18___rsp


Decompiling instr:movw %r8w, %ax...
Instr: movw %r8w, %ax
Workdir: /home/ubuntu/Github/validating-binary-decompilation/tests/compositional_artifacts_single_instruction_decompilation//movw__r8w___ax
Generating artifacts...
Already Exists
Running artifacts...
Skip McSema run ...
Skip Declutter ...

Executing: cat /home/ubuntu/Github/validating-binary-decompilation/tests/compositional_artifacts_single_instruction_decompilation//movw__r8w___ax/test.mod.ll
Running artifacts...Done.
Multiple defintions of @seg_4003a0__text
Multiple defintions of @seg_400548__eh_frame
FuncCache inserted: _ZN12_GLOBAL__N_1L3MOVI3RnWItE2RnItEEEP6MemoryS6_R5StateT_T0_
FuncCache inserted: routine_movw__r8w___ax


Decompiling instr:movw %cx, %r9w...
Instr: movw %cx, %r9w
Workdir: /home/ubuntu/Github/validating-binary-decompilation/tests/compositional_artifacts_single_instruction_decompilation//movw__cx___r9w
Generating artifacts...
Already Exists
Running artifacts...
Skip McSema run ...
Skip Declutter ...

Executing: cat /home/ubuntu/Github/validating-binary-decompilation/tests/compositional_artifacts_single_instruction_decompilation//movw__cx___r9w/test.mod.ll
Running artifacts...Done.
Multiple defintions of @seg_4003a0__text
Multiple defintions of @seg_400548__eh_frame
FuncCache skipped: _ZN12_GLOBAL__N_1L3MOVI3RnWItE2RnItEEEP6MemoryS6_R5StateT_T0_
FuncCache inserted: routine_movw__cx___r9w


Decompiling instr:movw %dx, %r10w...
Instr: movw %dx, %r10w
Workdir: /home/ubuntu/Github/validating-binary-decompilation/tests/compositional_artifacts_single_instruction_decompilation//movw__dx___r10w
Generating artifacts...
Already Exists
Running artifacts...
Skip McSema run ...
Skip Declutter ...

Executing: cat /home/ubuntu/Github/validating-binary-decompilation/tests/compositional_artifacts_single_instruction_decompilation//movw__dx___r10w/test.mod.ll
Running artifacts...Done.
Multiple defintions of @seg_4003a0__text
Multiple defintions of @seg_400548__eh_frame
FuncCache skipped: _ZN12_GLOBAL__N_1L3MOVI3RnWItE2RnItEEEP6MemoryS6_R5StateT_T0_
FuncCache inserted: routine_movw__dx___r10w


Decompiling instr:movw %si, %r11w...
Instr: movw %si, %r11w
Workdir: /home/ubuntu/Github/validating-binary-decompilation/tests/compositional_artifacts_single_instruction_decompilation//movw__si___r11w
Generating artifacts...
Already Exists
Running artifacts...
Skip McSema run ...
Skip Declutter ...

Executing: cat /home/ubuntu/Github/validating-binary-decompilation/tests/compositional_artifacts_single_instruction_decompilation//movw__si___r11w/test.mod.ll
Running artifacts...Done.
Multiple defintions of @seg_4003a0__text
Multiple defintions of @seg_400548__eh_frame
FuncCache skipped: _ZN12_GLOBAL__N_1L3MOVI3RnWItE2RnItEEEP6MemoryS6_R5StateT_T0_
FuncCache inserted: routine_movw__si___r11w


Decompiling instr:movw %di, %bx...
Instr: movw %di, %bx
Workdir: /home/ubuntu/Github/validating-binary-decompilation/tests/compositional_artifacts_single_instruction_decompilation//movw__di___bx
Generating artifacts...
Already Exists
Running artifacts...
Skip McSema run ...
Skip Declutter ...

Executing: cat /home/ubuntu/Github/validating-binary-decompilation/tests/compositional_artifacts_single_instruction_decompilation//movw__di___bx/test.mod.ll
Running artifacts...Done.
Multiple defintions of @seg_4003a0__text
Multiple defintions of @seg_400548__eh_frame
FuncCache skipped: _ZN12_GLOBAL__N_1L3MOVI3RnWItE2RnItEEEP6MemoryS6_R5StateT_T0_
FuncCache inserted: routine_movw__di___bx


Decompiling instr:movw %bx, -0xa(%rbp)...
Instr: movw %bx, -0xa(%rbp)
Workdir: /home/ubuntu/Github/validating-binary-decompilation/tests/compositional_artifacts_single_instruction_decompilation//movw__bx__MINUS0xa__rbp_
Generating artifacts...
Already Exists
Running artifacts...
Skip McSema run ...
Skip Declutter ...

Executing: cat /home/ubuntu/Github/validating-binary-decompilation/tests/compositional_artifacts_single_instruction_decompilation//movw__bx__MINUS0xa__rbp_/test.mod.ll
Running artifacts...Done.
Multiple defintions of @seg_4003a0__text
Multiple defintions of @seg_400548__eh_frame
FuncCache inserted: _ZN12_GLOBAL__N_1L3MOVI3MnWItE2RnItEEEP6MemoryS6_R5StateT_T0_
FuncCache inserted: routine_movw__bx__MINUS0xa__rbp_


Decompiling instr:movw %r11w, -0xc(%rbp)...
Instr: movw %r11w, -0xc(%rbp)
Workdir: /home/ubuntu/Github/validating-binary-decompilation/tests/compositional_artifacts_single_instruction_decompilation//movw__r11w__MINUS0xc__rbp_
Generating artifacts...
Already Exists
Running artifacts...
Skip McSema run ...
Skip Declutter ...

Executing: cat /home/ubuntu/Github/validating-binary-decompilation/tests/compositional_artifacts_single_instruction_decompilation//movw__r11w__MINUS0xc__rbp_/test.mod.ll
Running artifacts...Done.
Multiple defintions of @seg_4003a0__text
Multiple defintions of @seg_400548__eh_frame
FuncCache skipped: _ZN12_GLOBAL__N_1L3MOVI3MnWItE2RnItEEEP6MemoryS6_R5StateT_T0_
FuncCache inserted: routine_movw__r11w__MINUS0xc__rbp_


Decompiling instr:movw %r10w, -0xe(%rbp)...
Instr: movw %r10w, -0xe(%rbp)
Workdir: /home/ubuntu/Github/validating-binary-decompilation/tests/compositional_artifacts_single_instruction_decompilation//movw__r10w__MINUS0xe__rbp_
Generating artifacts...
Already Exists
Running artifacts...
Skip McSema run ...
Skip Declutter ...

Executing: cat /home/ubuntu/Github/validating-binary-decompilation/tests/compositional_artifacts_single_instruction_decompilation//movw__r10w__MINUS0xe__rbp_/test.mod.ll
Running artifacts...Done.
Multiple defintions of @seg_4003a0__text
Multiple defintions of @seg_400548__eh_frame
FuncCache skipped: _ZN12_GLOBAL__N_1L3MOVI3MnWItE2RnItEEEP6MemoryS6_R5StateT_T0_
FuncCache inserted: routine_movw__r10w__MINUS0xe__rbp_


Decompiling instr:movw %r9w, -0x10(%rbp)...
Instr: movw %r9w, -0x10(%rbp)
Workdir: /home/ubuntu/Github/validating-binary-decompilation/tests/compositional_artifacts_single_instruction_decompilation//movw__r9w__MINUS0x10__rbp_
Generating artifacts...
Already Exists
Running artifacts...
Skip McSema run ...
Skip Declutter ...

Executing: cat /home/ubuntu/Github/validating-binary-decompilation/tests/compositional_artifacts_single_instruction_decompilation//movw__r9w__MINUS0x10__rbp_/test.mod.ll
Running artifacts...Done.
Multiple defintions of @seg_4003a0__text
Multiple defintions of @seg_400548__eh_frame
FuncCache skipped: _ZN12_GLOBAL__N_1L3MOVI3MnWItE2RnItEEEP6MemoryS6_R5StateT_T0_
FuncCache inserted: routine_movw__r9w__MINUS0x10__rbp_


Decompiling instr:movw %ax, -0x12(%rbp)...
Instr: movw %ax, -0x12(%rbp)
Workdir: /home/ubuntu/Github/validating-binary-decompilation/tests/compositional_artifacts_single_instruction_decompilation//movw__ax__MINUS0x12__rbp_
Generating artifacts...
Already Exists
Running artifacts...
Skip McSema run ...
Skip Declutter ...

Executing: cat /home/ubuntu/Github/validating-binary-decompilation/tests/compositional_artifacts_single_instruction_decompilation//movw__ax__MINUS0x12__rbp_/test.mod.ll
Running artifacts...Done.
Multiple defintions of @seg_4003a0__text
Multiple defintions of @seg_400548__eh_frame
FuncCache skipped: _ZN12_GLOBAL__N_1L3MOVI3MnWItE2RnItEEEP6MemoryS6_R5StateT_T0_
FuncCache inserted: routine_movw__ax__MINUS0x12__rbp_


Decompiling instr:cvttsd2si 0x209e9d(%rip), %ecx...
Instr: cvttsd2si 0x209e9d(%rip), %ecx
Workdir: /home/ubuntu/Github/validating-binary-decompilation/tests/compositional_artifacts_single_instruction_decompilation//cvttsd2si_0x209e9d__rip____ecx
Generating artifacts...
Generating artifacts... Done.
Running artifacts...
test.c:1:1: warning: return type of 'main' is not 'int' [-Wmain-return-type]
void main() {
^
test.c:1:1: note: change return type to 'int'
void main() {
^~~~
int
1 warning generated.

Executing: make -C /home/ubuntu/Github/validating-binary-decompilation/tests/compositional_artifacts_single_instruction_decompilation//cvttsd2si_0x209e9d__rip____ecx binary
make[1]: Entering directory '/home/ubuntu/Github/validating-binary-decompilation/tests/compositional_artifacts_single_instruction_decompilation/cvttsd2si_0x209e9d__rip____ecx'
clang -Os test.c -o test
make[1]: Leaving directory '/home/ubuntu/Github/validating-binary-decompilation/tests/compositional_artifacts_single_instruction_decompilation/cvttsd2si_0x209e9d__rip____ecx'

Executing: make -C /home/ubuntu/Github/validating-binary-decompilation/tests/compositional_artifacts_single_instruction_decompilation//cvttsd2si_0x209e9d__rip____ecx mcsema
make[1]: Entering directory '/home/ubuntu/Github/validating-binary-decompilation/tests/compositional_artifacts_single_instruction_decompilation/cvttsd2si_0x209e9d__rip____ecx'
mcsema-disass --disassembler /home/ubuntu/ida-6.95/idal64 --os linux --arch amd64_avx --output test.cfg --binary test --entrypoint main
mcsema-lift-4.0 --os linux --arch amd64_avx --cfg test.cfg --output test.bc -disable_dead_store_elimination -disable_optimizer
llvm-dis test.bc -o test.ll
make[1]: Leaving directory '/home/ubuntu/Github/validating-binary-decompilation/tests/compositional_artifacts_single_instruction_decompilation/cvttsd2si_0x209e9d__rip____ecx'

Executing: make -C /home/ubuntu/Github/validating-binary-decompilation/tests/compositional_artifacts_single_instruction_decompilation//cvttsd2si_0x209e9d__rip____ecx declutter
make[1]: Entering directory '/home/ubuntu/Github/validating-binary-decompilation/tests/compositional_artifacts_single_instruction_decompilation/cvttsd2si_0x209e9d__rip____ecx'
/home/ubuntu/Github/validating-binary-decompilation/tests/scripts//declutter.pl --file test.ll --norenameintrinsics --opc cvttsd2si_0x209e9d__rip____ecx
Expanding _ZN12_GLOBAL__N_1L11CVTSD2SI_32I3MVnI7vec64_tEXadL_ZNS_L18FTruncTowardZero64EdEEEEP6MemoryS5_R5State3RnWImET_...
Generatin test.mod.ll for opcode cvttsd2si_0x209e9d__rip____ecx ...
make[1]: Leaving directory '/home/ubuntu/Github/validating-binary-decompilation/tests/compositional_artifacts_single_instruction_decompilation/cvttsd2si_0x209e9d__rip____ecx'

Executing: cat /home/ubuntu/Github/validating-binary-decompilation/tests/compositional_artifacts_single_instruction_decompilation//cvttsd2si_0x209e9d__rip____ecx/test.mod.ll
Running artifacts...Done.
Multiple defintions of %seg_4003a0__text_type
Multiple defintions of @seg_4003a0__text
FuncCache inserted: _ZN12_GLOBAL__N_1L11CVTSD2SI_32I3MVnI7vec64_tEXadL_ZNS_L18FTruncTowardZero64EdEEEEP6MemoryS5_R5State3RnWImET_
FuncCache inserted: routine_cvttsd2si_0x209e9d__rip____ecx


Decompiling instr:movw %cx, %ax...
Instr: movw %cx, %ax
Workdir: /home/ubuntu/Github/validating-binary-decompilation/tests/compositional_artifacts_single_instruction_decompilation//movw__cx___ax
Generating artifacts...
Already Exists
Running artifacts...
Skip McSema run ...
Skip Declutter ...

Executing: cat /home/ubuntu/Github/validating-binary-decompilation/tests/compositional_artifacts_single_instruction_decompilation//movw__cx___ax/test.mod.ll
Running artifacts...Done.
Multiple defintions of @seg_4003a0__text
Multiple defintions of @seg_400548__eh_frame
FuncCache skipped: _ZN12_GLOBAL__N_1L3MOVI3RnWItE2RnItEEEP6MemoryS6_R5StateT_T0_
FuncCache inserted: routine_movw__cx___ax


Decompiling instr:movw -0xc(%rbp), %r9w...
Instr: movw -0xc(%rbp), %r9w
Workdir: /home/ubuntu/Github/validating-binary-decompilation/tests/compositional_artifacts_single_instruction_decompilation//movw_MINUS0xc__rbp____r9w
Generating artifacts...
Already Exists
Running artifacts...
Skip McSema run ...
Skip Declutter ...

Executing: cat /home/ubuntu/Github/validating-binary-decompilation/tests/compositional_artifacts_single_instruction_decompilation//movw_MINUS0xc__rbp____r9w/test.mod.ll
Running artifacts...Done.
Multiple defintions of @seg_4003a0__text
Multiple defintions of @seg_400548__eh_frame
FuncCache inserted: _ZN12_GLOBAL__N_1L3MOVI3RnWItE2MnItEEEP6MemoryS6_R5StateT_T0_
FuncCache inserted: routine_movw_MINUS0xc__rbp____r9w


Decompiling instr:movw -0xe(%rbp), %r10w...
Instr: movw -0xe(%rbp), %r10w
Workdir: /home/ubuntu/Github/validating-binary-decompilation/tests/compositional_artifacts_single_instruction_decompilation//movw_MINUS0xe__rbp____r10w
Generating artifacts...
Already Exists
Running artifacts...
Skip McSema run ...
Skip Declutter ...

Executing: cat /home/ubuntu/Github/validating-binary-decompilation/tests/compositional_artifacts_single_instruction_decompilation//movw_MINUS0xe__rbp____r10w/test.mod.ll
Running artifacts...Done.
Multiple defintions of @seg_4003a0__text
Multiple defintions of @seg_400548__eh_frame
FuncCache skipped: _ZN12_GLOBAL__N_1L3MOVI3RnWItE2MnItEEEP6MemoryS6_R5StateT_T0_
FuncCache inserted: routine_movw_MINUS0xe__rbp____r10w


Decompiling instr:movw -0x10(%rbp), %r11w...
Instr: movw -0x10(%rbp), %r11w
Workdir: /home/ubuntu/Github/validating-binary-decompilation/tests/compositional_artifacts_single_instruction_decompilation//movw_MINUS0x10__rbp____r11w
Generating artifacts...
Already Exists
Running artifacts...
Skip McSema run ...
Skip Declutter ...

Executing: cat /home/ubuntu/Github/validating-binary-decompilation/tests/compositional_artifacts_single_instruction_decompilation//movw_MINUS0x10__rbp____r11w/test.mod.ll
Running artifacts...Done.
Multiple defintions of @seg_4003a0__text
Multiple defintions of @seg_400548__eh_frame
FuncCache skipped: _ZN12_GLOBAL__N_1L3MOVI3RnWItE2MnItEEEP6MemoryS6_R5StateT_T0_
FuncCache inserted: routine_movw_MINUS0x10__rbp____r11w


Decompiling instr:movzwl %ax, %edi...
Instr: movzwl %ax, %edi
Workdir: /home/ubuntu/Github/validating-binary-decompilation/tests/compositional_artifacts_single_instruction_decompilation//movzwl__ax___edi
Generating artifacts...
Already Exists
Running artifacts...
Skip McSema run ...
Skip Declutter ...

Executing: cat /home/ubuntu/Github/validating-binary-decompilation/tests/compositional_artifacts_single_instruction_decompilation//movzwl__ax___edi/test.mod.ll
Running artifacts...Done.
Multiple defintions of @seg_4003a0__text
Multiple defintions of @seg_400548__eh_frame
FuncCache inserted: _ZN12_GLOBAL__N_1L5MOVZXI3RnWImE2RnItEEEP6MemoryS6_R5StateT_T0_
FuncCache inserted: routine_movzwl__ax___edi


Decompiling instr:movzwl %r9w, %esi...
Instr: movzwl %r9w, %esi
Workdir: /home/ubuntu/Github/validating-binary-decompilation/tests/compositional_artifacts_single_instruction_decompilation//movzwl__r9w___esi
Generating artifacts...
Already Exists
Running artifacts...
Skip McSema run ...
Skip Declutter ...

Executing: cat /home/ubuntu/Github/validating-binary-decompilation/tests/compositional_artifacts_single_instruction_decompilation//movzwl__r9w___esi/test.mod.ll
Running artifacts...Done.
Multiple defintions of @seg_4003a0__text
Multiple defintions of @seg_400548__eh_frame
FuncCache skipped: _ZN12_GLOBAL__N_1L5MOVZXI3RnWImE2RnItEEEP6MemoryS6_R5StateT_T0_
FuncCache inserted: routine_movzwl__r9w___esi


Decompiling instr:movzwl %r10w, %edx...
Instr: movzwl %r10w, %edx
Workdir: /home/ubuntu/Github/validating-binary-decompilation/tests/compositional_artifacts_single_instruction_decompilation//movzwl__r10w___edx
Generating artifacts...
Already Exists
Running artifacts...
Skip McSema run ...
Skip Declutter ...

Executing: cat /home/ubuntu/Github/validating-binary-decompilation/tests/compositional_artifacts_single_instruction_decompilation//movzwl__r10w___edx/test.mod.ll
Running artifacts...Done.
Multiple defintions of @seg_4003a0__text
Multiple defintions of @seg_400548__eh_frame
FuncCache skipped: _ZN12_GLOBAL__N_1L5MOVZXI3RnWImE2RnItEEEP6MemoryS6_R5StateT_T0_
FuncCache inserted: routine_movzwl__r10w___edx


Decompiling instr:movzwl %r11w, %ecx...
Instr: movzwl %r11w, %ecx
Workdir: /home/ubuntu/Github/validating-binary-decompilation/tests/compositional_artifacts_single_instruction_decompilation//movzwl__r11w___ecx
Generating artifacts...
Already Exists
Running artifacts...
Skip McSema run ...
Skip Declutter ...

Executing: cat /home/ubuntu/Github/validating-binary-decompilation/tests/compositional_artifacts_single_instruction_decompilation//movzwl__r11w___ecx/test.mod.ll
Running artifacts...Done.
Multiple defintions of @seg_4003a0__text
Multiple defintions of @seg_400548__eh_frame
FuncCache skipped: _ZN12_GLOBAL__N_1L5MOVZXI3RnWImE2RnItEEEP6MemoryS6_R5StateT_T0_
FuncCache inserted: routine_movzwl__r11w___ecx


Decompiling instr:movzwl -0x12(%rbp), %r8d...
Instr: movzwl -0x12(%rbp), %r8d
Workdir: /home/ubuntu/Github/validating-binary-decompilation/tests/compositional_artifacts_single_instruction_decompilation//movzwl_MINUS0x12__rbp____r8d
Generating artifacts...
Already Exists
Running artifacts...
Skip McSema run ...
Skip Declutter ...

Executing: cat /home/ubuntu/Github/validating-binary-decompilation/tests/compositional_artifacts_single_instruction_decompilation//movzwl_MINUS0x12__rbp____r8d/test.mod.ll
Running artifacts...Done.
Multiple defintions of @seg_4003a0__text
Multiple defintions of @seg_400548__eh_frame
FuncCache inserted: _ZN12_GLOBAL__N_1L5MOVZXI3RnWImE2MnItEEEP6MemoryS6_R5StateT_T0_
FuncCache inserted: routine_movzwl_MINUS0x12__rbp____r8d


Decompiling instr:callq ._ZN28custom_multiple_variable_xorItE8do_shiftEttttt...
Instr: callq ._ZN28custom_multiple_variable_xorItE8do_shiftEttttt
Workdir: /home/ubuntu/Github/validating-binary-decompilation/tests/compositional_artifacts_single_instruction_decompilation//callq_._ZN28custom_multiple_variable_xorItE8do_shiftEttttt
Generating artifacts...
Generating artifacts... Done.
Running artifacts...
test.c:1:1: warning: return type of 'main' is not 'int' [-Wmain-return-type]
void main() {
^
test.c:1:1: note: change return type to 'int'
void main() {
^~~~
int
1 warning generated.

Executing: make -C /home/ubuntu/Github/validating-binary-decompilation/tests/compositional_artifacts_single_instruction_decompilation//callq_._ZN28custom_multiple_variable_xorItE8do_shiftEttttt binary
make[1]: Entering directory '/home/ubuntu/Github/validating-binary-decompilation/tests/compositional_artifacts_single_instruction_decompilation/callq_._ZN28custom_multiple_variable_xorItE8do_shiftEttttt'
clang -Os test.c -o test
make[1]: Leaving directory '/home/ubuntu/Github/validating-binary-decompilation/tests/compositional_artifacts_single_instruction_decompilation/callq_._ZN28custom_multiple_variable_xorItE8do_shiftEttttt'

Executing: make -C /home/ubuntu/Github/validating-binary-decompilation/tests/compositional_artifacts_single_instruction_decompilation//callq_._ZN28custom_multiple_variable_xorItE8do_shiftEttttt mcsema
make[1]: Entering directory '/home/ubuntu/Github/validating-binary-decompilation/tests/compositional_artifacts_single_instruction_decompilation/callq_._ZN28custom_multiple_variable_xorItE8do_shiftEttttt'
mcsema-disass --disassembler /home/ubuntu/ida-6.95/idal64 --os linux --arch amd64_avx --output test.cfg --binary test --entrypoint main
mcsema-lift-4.0 --os linux --arch amd64_avx --cfg test.cfg --output test.bc -disable_dead_store_elimination -disable_optimizer
llvm-dis test.bc -o test.ll
make[1]: Leaving directory '/home/ubuntu/Github/validating-binary-decompilation/tests/compositional_artifacts_single_instruction_decompilation/callq_._ZN28custom_multiple_variable_xorItE8do_shiftEttttt'

Executing: make -C /home/ubuntu/Github/validating-binary-decompilation/tests/compositional_artifacts_single_instruction_decompilation//callq_._ZN28custom_multiple_variable_xorItE8do_shiftEttttt declutter
make[1]: Entering directory '/home/ubuntu/Github/validating-binary-decompilation/tests/compositional_artifacts_single_instruction_decompilation/callq_._ZN28custom_multiple_variable_xorItE8do_shiftEttttt'
/home/ubuntu/Github/validating-binary-decompilation/tests/scripts//declutter.pl --file test.ll --norenameintrinsics --opc callq_._ZN28custom_multiple_variable_xorItE8do_shiftEttttt
Expanding _ZN12_GLOBAL__N_1L4CALLI2InImEEEP6MemoryS4_R5StateT_S2_...
Generatin test.mod.ll for opcode callq_._ZN28custom_multiple_variable_xorItE8do_shiftEttttt ...
make[1]: Leaving directory '/home/ubuntu/Github/validating-binary-decompilation/tests/compositional_artifacts_single_instruction_decompilation/callq_._ZN28custom_multiple_variable_xorItE8do_shiftEttttt'

Executing: cat /home/ubuntu/Github/validating-binary-decompilation/tests/compositional_artifacts_single_instruction_decompilation//callq_._ZN28custom_multiple_variable_xorItE8do_shiftEttttt/test.mod.ll
Running artifacts...Done.
Multiple defintions of @seg_4003a0__text
Multiple defintions of @seg_400548__eh_frame
FuncCache inserted: _ZN12_GLOBAL__N_1L4CALLI2InImEEEP6MemoryS4_R5StateT_S2_
FuncCache inserted: routine_callq_._ZN28custom_multiple_variable_xorItE8do_shiftEttttt


Decompiling instr:leaq -0xa(%rbp), %rdi...
Instr: leaq -0xa(%rbp), %rdi
Workdir: /home/ubuntu/Github/validating-binary-decompilation/tests/compositional_artifacts_single_instruction_decompilation//leaq_MINUS0xa__rbp____rdi
Generating artifacts...
Already Exists
Running artifacts...
Skip McSema run ...

Executing: make -C /home/ubuntu/Github/validating-binary-decompilation/tests/compositional_artifacts_single_instruction_decompilation//leaq_MINUS0xa__rbp____rdi declutter
make[1]: Entering directory '/home/ubuntu/Github/validating-binary-decompilation/tests/compositional_artifacts_single_instruction_decompilation/leaq_MINUS0xa__rbp____rdi'
/home/ubuntu/Github/validating-binary-decompilation/tests/scripts//declutter.pl --file test.ll --norenameintrinsics --opc leaq_MINUS0xa__rbp____rdi
Expanding _ZN12_GLOBAL__N_1L3LEAI3RnWImE2MnIhEmEEP6MemoryS6_R5StateT_T0_...
Generatin test.mod.ll for opcode leaq_MINUS0xa__rbp____rdi ...
make[1]: Leaving directory '/home/ubuntu/Github/validating-binary-decompilation/tests/compositional_artifacts_single_instruction_decompilation/leaq_MINUS0xa__rbp____rdi'

Executing: cat /home/ubuntu/Github/validating-binary-decompilation/tests/compositional_artifacts_single_instruction_decompilation//leaq_MINUS0xa__rbp____rdi/test.mod.ll
Running artifacts...Done.
Multiple defintions of @seg_4003a0__text
Multiple defintions of @seg_400548__eh_frame
FuncCache inserted: _ZN12_GLOBAL__N_1L3LEAI3RnWImE2MnIhEmEEP6MemoryS6_R5StateT_T0_
FuncCache inserted: routine_leaq_MINUS0xa__rbp____rdi


Decompiling instr:leaq -0x14(%rbp), %rsi...
Instr: leaq -0x14(%rbp), %rsi
Workdir: /home/ubuntu/Github/validating-binary-decompilation/tests/compositional_artifacts_single_instruction_decompilation//leaq_MINUS0x14__rbp____rsi
Generating artifacts...
Already Exists
Running artifacts...
test.c:1:1: warning: return type of 'main' is not 'int' [-Wmain-return-type]
void main() {
^
test.c:1:1: note: change return type to 'int'
void main() {
^~~~
int
1 warning generated.
Generated an invalid (zero-sized) CFG. Please use the --log_file option to see an error log.
make[1]: *** [mcsema] Error 1

Executing: make -C /home/ubuntu/Github/validating-binary-decompilation/tests/compositional_artifacts_single_instruction_decompilation//leaq_MINUS0x14__rbp____rsi binary
make[1]: Entering directory '/home/ubuntu/Github/validating-binary-decompilation/tests/compositional_artifacts_single_instruction_decompilation/leaq_MINUS0x14__rbp____rsi'
clang -Os test.c -o test
make[1]: Leaving directory '/home/ubuntu/Github/validating-binary-decompilation/tests/compositional_artifacts_single_instruction_decompilation/leaq_MINUS0x14__rbp____rsi'

Executing: make -C /home/ubuntu/Github/validating-binary-decompilation/tests/compositional_artifacts_single_instruction_decompilation//leaq_MINUS0x14__rbp____rsi mcsema
make[1]: Entering directory '/home/ubuntu/Github/validating-binary-decompilation/tests/compositional_artifacts_single_instruction_decompilation/leaq_MINUS0x14__rbp____rsi'
mcsema-disass --disassembler /home/ubuntu/ida-6.95/idal64 --os linux --arch amd64_avx --output test.cfg --binary test --entrypoint main
Makefile:9: recipe for target 'mcsema' failed
make[1]: Leaving directory '/home/ubuntu/Github/validating-binary-decompilation/tests/compositional_artifacts_single_instruction_decompilation/leaq_MINUS0x14__rbp____rsi'

Executing: make -C /home/ubuntu/Github/validating-binary-decompilation/tests/compositional_artifacts_single_instruction_decompilation//leaq_MINUS0x14__rbp____rsi declutter
make[1]: Entering directory '/home/ubuntu/Github/validating-binary-decompilation/tests/compositional_artifacts_single_instruction_decompilation/leaq_MINUS0x14__rbp____rsi'
/home/ubuntu/Github/validating-binary-decompilation/tests/scripts//declutter.pl --file test.ll --norenameintrinsics --opc leaq_MINUS0x14__rbp____rsi
Expanding _ZN12_GLOBAL__N_1L3LEAI3RnWImE2MnIhEmEEP6MemoryS6_R5StateT_T0_...
Generatin test.mod.ll for opcode leaq_MINUS0x14__rbp____rsi ...
make[1]: Leaving directory '/home/ubuntu/Github/validating-binary-decompilation/tests/compositional_artifacts_single_instruction_decompilation/leaq_MINUS0x14__rbp____rsi'

Executing: cat /home/ubuntu/Github/validating-binary-decompilation/tests/compositional_artifacts_single_instruction_decompilation//leaq_MINUS0x14__rbp____rsi/test.mod.ll
Running artifacts...Done.
Multiple defintions of @seg_4003a0__text
Multiple defintions of @seg_400548__eh_frame
FuncCache skipped: _ZN12_GLOBAL__N_1L3LEAI3RnWImE2MnIhEmEEP6MemoryS6_R5StateT_T0_
FuncCache inserted: routine_leaq_MINUS0x14__rbp____rsi


Decompiling instr:movzwl %ax, %ecx...
Instr: movzwl %ax, %ecx
Workdir: /home/ubuntu/Github/validating-binary-decompilation/tests/compositional_artifacts_single_instruction_decompilation//movzwl__ax___ecx
Generating artifacts...
Already Exists
Running artifacts...
Skip McSema run ...
Skip Declutter ...

Executing: cat /home/ubuntu/Github/validating-binary-decompilation/tests/compositional_artifacts_single_instruction_decompilation//movzwl__ax___ecx/test.mod.ll
Running artifacts...Done.
Multiple defintions of @seg_4003a0__text
Multiple defintions of @seg_400548__eh_frame
FuncCache skipped: _ZN12_GLOBAL__N_1L5MOVZXI3RnWImE2RnItEEEP6MemoryS6_R5StateT_T0_
FuncCache inserted: routine_movzwl__ax___ecx


Decompiling instr:imull $0x1f40, %ecx, %ecx...
Instr: imull $0x1f40, %ecx, %ecx
Workdir: /home/ubuntu/Github/validating-binary-decompilation/tests/compositional_artifacts_single_instruction_decompilation//imull__0x1f40___ecx___ecx
Generating artifacts...
Already Exists
Running artifacts...
test.c:1:1: warning: return type of 'main' is not 'int' [-Wmain-return-type]
void main() {
^
test.c:1:1: note: change return type to 'int'
void main() {
^~~~
int
1 warning generated.
Generated an invalid (zero-sized) CFG. Please use the --log_file option to see an error log.
make[1]: *** [mcsema] Error 1
make[1]: *** No rule to make target 'test.ll', needed by 'declutter'.  Stop.
cat: /home/ubuntu/Github/validating-binary-decompilation/tests/compositional_artifacts_single_instruction_decompilation//imull__0x1f40___ecx___ecx/test.mod.ll: No such file or directory

Executing: make -C /home/ubuntu/Github/validating-binary-decompilation/tests/compositional_artifacts_single_instruction_decompilation//imull__0x1f40___ecx___ecx binary
make[1]: Entering directory '/home/ubuntu/Github/validating-binary-decompilation/tests/compositional_artifacts_single_instruction_decompilation/imull__0x1f40___ecx___ecx'
clang -Os test.c -o test
make[1]: Leaving directory '/home/ubuntu/Github/validating-binary-decompilation/tests/compositional_artifacts_single_instruction_decompilation/imull__0x1f40___ecx___ecx'

Executing: make -C /home/ubuntu/Github/validating-binary-decompilation/tests/compositional_artifacts_single_instruction_decompilation//imull__0x1f40___ecx___ecx mcsema
make[1]: Entering directory '/home/ubuntu/Github/validating-binary-decompilation/tests/compositional_artifacts_single_instruction_decompilation/imull__0x1f40___ecx___ecx'
mcsema-disass --disassembler /home/ubuntu/ida-6.95/idal64 --os linux --arch amd64_avx --output test.cfg --binary test --entrypoint main
Makefile:9: recipe for target 'mcsema' failed
make[1]: Leaving directory '/home/ubuntu/Github/validating-binary-decompilation/tests/compositional_artifacts_single_instruction_decompilation/imull__0x1f40___ecx___ecx'

Executing: make -C /home/ubuntu/Github/validating-binary-decompilation/tests/compositional_artifacts_single_instruction_decompilation//imull__0x1f40___ecx___ecx declutter
make[1]: Entering directory '/home/ubuntu/Github/validating-binary-decompilation/tests/compositional_artifacts_single_instruction_decompilation/imull__0x1f40___ecx___ecx'
make[1]: Leaving directory '/home/ubuntu/Github/validating-binary-decompilation/tests/compositional_artifacts_single_instruction_decompilation/imull__0x1f40___ecx___ecx'

Executing: cat /home/ubuntu/Github/validating-binary-decompilation/tests/compositional_artifacts_single_instruction_decompilation//imull__0x1f40___ecx___ecx/test.mod.ll
Running artifacts...Done.


Decompiling instr:movw %cx, %ax...
Instr: movw %cx, %ax
Workdir: /home/ubuntu/Github/validating-binary-decompilation/tests/compositional_artifacts_single_instruction_decompilation//movw__cx___ax
Generating artifacts...
Already Exists
Running artifacts...
Skip McSema run ...
Skip Declutter ...

Executing: cat /home/ubuntu/Github/validating-binary-decompilation/tests/compositional_artifacts_single_instruction_decompilation//movw__cx___ax/test.mod.ll
Running artifacts...Done.
Multiple defintions of @seg_4003a0__text
Multiple defintions of @seg_400548__eh_frame
FuncCache skipped: _ZN12_GLOBAL__N_1L3MOVI3RnWItE2RnItEEEP6MemoryS6_R5StateT_T0_
FuncCache skipped: routine_movw__cx___ax


Decompiling instr:movw %ax, -0x14(%rbp)...
Instr: movw %ax, -0x14(%rbp)
Workdir: /home/ubuntu/Github/validating-binary-decompilation/tests/compositional_artifacts_single_instruction_decompilation//movw__ax__MINUS0x14__rbp_
Generating artifacts...
Already Exists
Running artifacts...
test.c:1:1: warning: return type of 'main' is not 'int' [-Wmain-return-type]
void main() {
^
test.c:1:1: note: change return type to 'int'
void main() {
^~~~
int
1 warning generated.

Executing: make -C /home/ubuntu/Github/validating-binary-decompilation/tests/compositional_artifacts_single_instruction_decompilation//movw__ax__MINUS0x14__rbp_ binary
make[1]: Entering directory '/home/ubuntu/Github/validating-binary-decompilation/tests/compositional_artifacts_single_instruction_decompilation/movw__ax__MINUS0x14__rbp_'
clang -Os test.c -o test
make[1]: Leaving directory '/home/ubuntu/Github/validating-binary-decompilation/tests/compositional_artifacts_single_instruction_decompilation/movw__ax__MINUS0x14__rbp_'

Executing: make -C /home/ubuntu/Github/validating-binary-decompilation/tests/compositional_artifacts_single_instruction_decompilation//movw__ax__MINUS0x14__rbp_ mcsema
make[1]: Entering directory '/home/ubuntu/Github/validating-binary-decompilation/tests/compositional_artifacts_single_instruction_decompilation/movw__ax__MINUS0x14__rbp_'
mcsema-disass --disassembler /home/ubuntu/ida-6.95/idal64 --os linux --arch amd64_avx --output test.cfg --binary test --entrypoint main
mcsema-lift-4.0 --os linux --arch amd64_avx --cfg test.cfg --output test.bc -disable_dead_store_elimination -disable_optimizer
llvm-dis test.bc -o test.ll
make[1]: Leaving directory '/home/ubuntu/Github/validating-binary-decompilation/tests/compositional_artifacts_single_instruction_decompilation/movw__ax__MINUS0x14__rbp_'

Executing: make -C /home/ubuntu/Github/validating-binary-decompilation/tests/compositional_artifacts_single_instruction_decompilation//movw__ax__MINUS0x14__rbp_ declutter
make[1]: Entering directory '/home/ubuntu/Github/validating-binary-decompilation/tests/compositional_artifacts_single_instruction_decompilation/movw__ax__MINUS0x14__rbp_'
/home/ubuntu/Github/validating-binary-decompilation/tests/scripts//declutter.pl --file test.ll --norenameintrinsics --opc movw__ax__MINUS0x14__rbp_
Expanding _ZN12_GLOBAL__N_1L3MOVI3MnWItE2RnItEEEP6MemoryS6_R5StateT_T0_...
Generatin test.mod.ll for opcode movw__ax__MINUS0x14__rbp_ ...
make[1]: Leaving directory '/home/ubuntu/Github/validating-binary-decompilation/tests/compositional_artifacts_single_instruction_decompilation/movw__ax__MINUS0x14__rbp_'

Executing: cat /home/ubuntu/Github/validating-binary-decompilation/tests/compositional_artifacts_single_instruction_decompilation//movw__ax__MINUS0x14__rbp_/test.mod.ll
Running artifacts...Done.
Multiple defintions of @seg_4003a0__text
Multiple defintions of @seg_400548__eh_frame
FuncCache skipped: _ZN12_GLOBAL__N_1L3MOVI3MnWItE2RnItEEEP6MemoryS6_R5StateT_T0_
FuncCache inserted: routine_movw__ax__MINUS0x14__rbp_


Decompiling instr:callq ._Z15tolerance_equalItEbRT_S1_...
Instr: callq ._Z15tolerance_equalItEbRT_S1_
Workdir: /home/ubuntu/Github/validating-binary-decompilation/tests/compositional_artifacts_single_instruction_decompilation//callq_._Z15tolerance_equalItEbRT_S1_
Generating artifacts...
Already Exists
Running artifacts...
Skip McSema run ...
Skip Declutter ...

Executing: cat /home/ubuntu/Github/validating-binary-decompilation/tests/compositional_artifacts_single_instruction_decompilation//callq_._Z15tolerance_equalItEbRT_S1_/test.mod.ll
Running artifacts...Done.
Multiple defintions of @seg_4003a0__text
Multiple defintions of @seg_400548__eh_frame
FuncCache skipped: _ZN12_GLOBAL__N_1L4CALLI2InImEEEP6MemoryS4_R5StateT_S2_
FuncCache inserted: routine_callq_._Z15tolerance_equalItEbRT_S1_


Decompiling instr:testb $0x1, %al...
Instr: testb $0x1, %al
Workdir: /home/ubuntu/Github/validating-binary-decompilation/tests/compositional_artifacts_single_instruction_decompilation//testb__0x1___al
Generating artifacts...
Already Exists
Running artifacts...
Skip McSema run ...
Skip Declutter ...

Executing: cat /home/ubuntu/Github/validating-binary-decompilation/tests/compositional_artifacts_single_instruction_decompilation//testb__0x1___al/test.mod.ll
Running artifacts...Done.
Multiple defintions of @seg_4003a0__text
Multiple defintions of @seg_400548__eh_frame
FuncCache inserted: _ZN12_GLOBAL__N_1L4TESTI2RnIhE2InIhEEEP6MemoryS6_R5StateT_T0_
FuncCache inserted: routine_testb__0x1___al


Decompiling instr:jne .L_410256...
Instr: jne .L_410256
Workdir: /home/ubuntu/Github/validating-binary-decompilation/tests/compositional_artifacts_single_instruction_decompilation//jne_.L_410256
Generating artifacts...
Generating artifacts... Done.
Running artifacts...
test.c:1:1: warning: return type of 'main' is not 'int' [-Wmain-return-type]
void main() {
^
test.c:1:1: note: change return type to 'int'
void main() {
^~~~
int
1 warning generated.

Executing: make -C /home/ubuntu/Github/validating-binary-decompilation/tests/compositional_artifacts_single_instruction_decompilation//jne_.L_410256 binary
make[1]: Entering directory '/home/ubuntu/Github/validating-binary-decompilation/tests/compositional_artifacts_single_instruction_decompilation/jne_.L_410256'
clang -Os test.c -o test
make[1]: Leaving directory '/home/ubuntu/Github/validating-binary-decompilation/tests/compositional_artifacts_single_instruction_decompilation/jne_.L_410256'

Executing: make -C /home/ubuntu/Github/validating-binary-decompilation/tests/compositional_artifacts_single_instruction_decompilation//jne_.L_410256 mcsema
make[1]: Entering directory '/home/ubuntu/Github/validating-binary-decompilation/tests/compositional_artifacts_single_instruction_decompilation/jne_.L_410256'
mcsema-disass --disassembler /home/ubuntu/ida-6.95/idal64 --os linux --arch amd64_avx --output test.cfg --binary test --entrypoint main
mcsema-lift-4.0 --os linux --arch amd64_avx --cfg test.cfg --output test.bc -disable_dead_store_elimination -disable_optimizer
llvm-dis test.bc -o test.ll
make[1]: Leaving directory '/home/ubuntu/Github/validating-binary-decompilation/tests/compositional_artifacts_single_instruction_decompilation/jne_.L_410256'

Executing: make -C /home/ubuntu/Github/validating-binary-decompilation/tests/compositional_artifacts_single_instruction_decompilation//jne_.L_410256 declutter
make[1]: Entering directory '/home/ubuntu/Github/validating-binary-decompilation/tests/compositional_artifacts_single_instruction_decompilation/jne_.L_410256'
/home/ubuntu/Github/validating-binary-decompilation/tests/scripts//declutter.pl --file test.ll --norenameintrinsics --opc jne_.L_410256
Expanding _ZN12_GLOBAL__N_1L3JNZEP6MemoryR5State3RnWIhE2InImES7_...
Generatin test.mod.ll for opcode jne_.L_410256 ...
make[1]: Leaving directory '/home/ubuntu/Github/validating-binary-decompilation/tests/compositional_artifacts_single_instruction_decompilation/jne_.L_410256'

Executing: cat /home/ubuntu/Github/validating-binary-decompilation/tests/compositional_artifacts_single_instruction_decompilation//jne_.L_410256/test.mod.ll
Running artifacts...Done.
Multiple defintions of @seg_4003a0__text
Multiple defintions of @seg_400548__eh_frame
FuncCache inserted: _ZN12_GLOBAL__N_1L3JNZEP6MemoryR5State3RnWIhE2InImES7_
FuncCache inserted: routine_jne_.L_410256


Decompiling instr:movq $0x414b1e, %rdi...
Instr: movq $0x414b1e, %rdi
Workdir: /home/ubuntu/Github/validating-binary-decompilation/tests/compositional_artifacts_single_instruction_decompilation//movq__0x414b1e___rdi
Generating artifacts...
Already Exists
Running artifacts...
Skip McSema run ...
Skip Declutter ...

Executing: cat /home/ubuntu/Github/validating-binary-decompilation/tests/compositional_artifacts_single_instruction_decompilation//movq__0x414b1e___rdi/test.mod.ll
Running artifacts...Done.
Multiple defintions of %seg_4003a0__text_type
Multiple defintions of @seg_4003a0__text
Multiple defintions of @seg_400558__eh_frame
FuncCache inserted: _ZN12_GLOBAL__N_1L3MOVI3RnWImE2InImEEEP6MemoryS6_R5StateT_T0_
FuncCache inserted: routine_movq__0x414b1e___rdi


Decompiling instr:movl 0x61a0a8, %esi...
Instr: movl 0x61a0a8, %esi
Workdir: /home/ubuntu/Github/validating-binary-decompilation/tests/compositional_artifacts_single_instruction_decompilation//movl_0x61a0a8___esi
Generating artifacts...
Already Exists
Running artifacts...
Skip McSema run ...
Skip Declutter ...

Executing: cat /home/ubuntu/Github/validating-binary-decompilation/tests/compositional_artifacts_single_instruction_decompilation//movl_0x61a0a8___esi/test.mod.ll
Running artifacts...Done.
Multiple defintions of @seg_4003a0__text
Multiple defintions of @seg_400548__eh_frame
FuncCache inserted: _ZN12_GLOBAL__N_1L3MOVI3RnWImE2MnIjEEEP6MemoryS6_R5StateT_T0_
FuncCache inserted: routine_movl_0x61a0a8___esi


Decompiling instr:movb $0x0, %al...
Instr: movb $0x0, %al
Workdir: /home/ubuntu/Github/validating-binary-decompilation/tests/compositional_artifacts_single_instruction_decompilation//movb__0x0___al
Generating artifacts...
Already Exists
Running artifacts...
Skip McSema run ...
Skip Declutter ...

Executing: cat /home/ubuntu/Github/validating-binary-decompilation/tests/compositional_artifacts_single_instruction_decompilation//movb__0x0___al/test.mod.ll
Running artifacts...Done.
Multiple defintions of @seg_4003a0__text
Multiple defintions of @seg_400548__eh_frame
FuncCache inserted: _ZN12_GLOBAL__N_1L3MOVI3RnWIhE2InIhEEEP6MemoryS6_R5StateT_T0_
FuncCache inserted: routine_movb__0x0___al


Decompiling instr:callq .printf_plt...
Instr: callq .printf_plt
Workdir: /home/ubuntu/Github/validating-binary-decompilation/tests/compositional_artifacts_single_instruction_decompilation//callq_.printf_plt
Generating artifacts...
Already Exists
Running artifacts...
Skip McSema run ...
Skip Declutter ...

Executing: cat /home/ubuntu/Github/validating-binary-decompilation/tests/compositional_artifacts_single_instruction_decompilation//callq_.printf_plt/test.mod.ll
Running artifacts...Done.
Multiple defintions of @seg_4003a0__text
Multiple defintions of @seg_400548__eh_frame
FuncCache skipped: _ZN12_GLOBAL__N_1L4CALLI2InImEEEP6MemoryS4_R5StateT_S2_
FuncCache inserted: routine_callq_.printf_plt


Decompiling instr:movl %eax, -0x18(%rbp)...
Instr: movl %eax, -0x18(%rbp)
Workdir: /home/ubuntu/Github/validating-binary-decompilation/tests/compositional_artifacts_single_instruction_decompilation//movl__eax__MINUS0x18__rbp_
Generating artifacts...
Already Exists
Running artifacts...
Skip McSema run ...
Skip Declutter ...

Executing: cat /home/ubuntu/Github/validating-binary-decompilation/tests/compositional_artifacts_single_instruction_decompilation//movl__eax__MINUS0x18__rbp_/test.mod.ll
Running artifacts...Done.
Multiple defintions of @seg_4003a0__text
Multiple defintions of @seg_400548__eh_frame
FuncCache inserted: _ZN12_GLOBAL__N_1L3MOVI3MnWIjE2RnIjEEEP6MemoryS6_R5StateT_T0_
FuncCache inserted: routine_movl__eax__MINUS0x18__rbp_


Decompiling instr:.L_410256:...


Decompiling instr:addq $0x18, %rsp...
Instr: addq $0x18, %rsp
Workdir: /home/ubuntu/Github/validating-binary-decompilation/tests/compositional_artifacts_single_instruction_decompilation//addq__0x18___rsp
Generating artifacts...
Already Exists
Running artifacts...
Skip McSema run ...
Skip Declutter ...

Executing: cat /home/ubuntu/Github/validating-binary-decompilation/tests/compositional_artifacts_single_instruction_decompilation//addq__0x18___rsp/test.mod.ll
Running artifacts...Done.
Multiple defintions of @seg_4003a0__text
Multiple defintions of @seg_400548__eh_frame
FuncCache inserted: _ZN12_GLOBAL__N_1L3ADDI3RnWImE2RnImE2InImEEEP6MemoryS8_R5StateT_T0_T1_
FuncCache inserted: routine_addq__0x18___rsp


Decompiling instr:popq %rbx...
Instr: popq %rbx
Workdir: /home/ubuntu/Github/validating-binary-decompilation/tests/compositional_artifacts_single_instruction_decompilation//popq__rbx
Generating artifacts...
Already Exists
Running artifacts...
Skip McSema run ...
Skip Declutter ...

Executing: cat /home/ubuntu/Github/validating-binary-decompilation/tests/compositional_artifacts_single_instruction_decompilation//popq__rbx/test.mod.ll
Running artifacts...Done.
Multiple defintions of @seg_4003a0__text
FuncCache inserted: _ZN12_GLOBAL__N_1L3POPI3RnWImEEEP6MemoryS4_R5StateT_
FuncCache inserted: routine_popq__rbx


Decompiling instr:popq %rbp...
Instr: popq %rbp
Workdir: /home/ubuntu/Github/validating-binary-decompilation/tests/compositional_artifacts_single_instruction_decompilation//popq__rbp
Generating artifacts...
Already Exists
Running artifacts...
Skip McSema run ...
Skip Declutter ...

Executing: cat /home/ubuntu/Github/validating-binary-decompilation/tests/compositional_artifacts_single_instruction_decompilation//popq__rbp/test.mod.ll
Running artifacts...Done.
Multiple defintions of @seg_4003a0__text
FuncCache skipped: _ZN12_GLOBAL__N_1L3POPI3RnWImEEEP6MemoryS4_R5StateT_
FuncCache inserted: routine_popq__rbp


Decompiling instr:retq...
Instr: retq
Workdir: /home/ubuntu/Github/validating-binary-decompilation/tests/compositional_artifacts_single_instruction_decompilation//retq
Generating artifacts...
Already Exists
Running artifacts...
Skip McSema run ...
Skip Declutter ...

Executing: cat /home/ubuntu/Github/validating-binary-decompilation/tests/compositional_artifacts_single_instruction_decompilation//retq/test.mod.ll
Running artifacts...Done.
Multiple defintions of @seg_4003a0__text
FuncCache inserted: _ZN12_GLOBAL__N_1L3RETEP6MemoryR5State
FuncCache inserted: routine_retq
Decompiling Function: _Z26check_shifted_variable_sumIt28custom_multiple_variable_xorItEEvT_S2_S2_S2_S2_ Done.



Writing to mcsema/test.proposed.ll ...
Decompiling: Done.

