Disassembling ../binary/test
Disassembled output
  .text
  .globl _ZN9benchmark8heapsortIP12ValueWrapperIS1_IS1_IS1_IS1_IS1_IS1_IS1_IS1_IS1_IdEEEEEEEEEESB_EEvT_SD_
  .type _ZN9benchmark8heapsortIP12ValueWrapperIS1_IS1_IS1_IS1_IS1_IS1_IS1_IS1_IS1_IdEEEEEEEEEESB_EEvT_SD_, @function

#! file-offset 0x35e0
#! rip-offset  0x4035e0
#! capacity    244 bytes

# Text                                                                                                       #  Line  RIP       Bytes  Opcode              Target                
._ZN9benchmark8heapsortIP12ValueWrapperIS1_IS1_IS1_IS1_IS1_IS1_IS1_IS1_IS1_IdEEEEEEEEEESB_EEvT_SD_:          #        0x4035e0  0      OPC=<label>         18446744073709551615  
  pushq %rbp                                                                                                 #  1     0x4035e0  1      OPC=pushq_r64_1     18446744073709551615  
  movq %rsp, %rbp                                                                                            #  2     0x4035e1  3      OPC=movq_r64_r64    18446744073709551615  
  subq $0x40, %rsp                                                                                           #  3     0x4035e4  4      OPC=subq_r64_imm8   18446744073709551615  
  movl $0x2, %eax                                                                                            #  4     0x4035e8  5      OPC=movl_r32_imm32  18446744073709551615  
  movl %eax, %ecx                                                                                            #  5     0x4035ed  2      OPC=movl_r32_r32    18446744073709551615  
  movq %rdi, -0x8(%rbp)                                                                                      #  6     0x4035ef  4      OPC=movq_m64_r64    18446744073709551615  
  movq %rsi, -0x10(%rbp)                                                                                     #  7     0x4035f3  4      OPC=movq_m64_r64    18446744073709551615  
  movq -0x10(%rbp), %rsi                                                                                     #  8     0x4035f7  4      OPC=movq_r64_m64    18446744073709551615  
  movq -0x8(%rbp), %rdi                                                                                      #  9     0x4035fb  4      OPC=movq_r64_m64    18446744073709551615  
  subq %rdi, %rsi                                                                                            #  10    0x4035ff  3      OPC=subq_r64_r64    18446744073709551615  
  sarq $0x3, %rsi                                                                                            #  11    0x403602  4      OPC=sarq_r64_imm8   18446744073709551615  
  movq %rsi, -0x20(%rbp)                                                                                     #  12    0x403606  4      OPC=movq_m64_r64    18446744073709551615  
  movq -0x20(%rbp), %rax                                                                                     #  13    0x40360a  4      OPC=movq_r64_m64    18446744073709551615  
  cqto                                                                                                       #  14    0x40360e  2      OPC=cqto            18446744073709551615  
  idivq %rcx                                                                                                 #  15    0x403610  3      OPC=idivq_r64       18446744073709551615  
  subq $0x1, %rax                                                                                            #  16    0x403613  4      OPC=subq_r64_imm8   18446744073709551615  
  movq %rax, -0x18(%rbp)                                                                                     #  17    0x403617  4      OPC=movq_m64_r64    18446744073709551615  
.L_40361b:                                                                                                   #        0x40361b  0      OPC=<label>         18446744073709551615  
  cmpq $0x0, -0x18(%rbp)                                                                                     #  18    0x40361b  5      OPC=cmpq_m64_imm8   18446744073709551615  
  jl .L_403665                                                                                               #  19    0x403620  6      OPC=jl_label_1      4208229               
  movq -0x8(%rbp), %rax                                                                                      #  20    0x403626  4      OPC=movq_r64_m64    18446744073709551615  
  movq -0x18(%rbp), %rcx                                                                                     #  21    0x40362a  4      OPC=movq_r64_m64    18446744073709551615  
  movq (%rax,%rcx,8), %rax                                                                                   #  22    0x40362e  4      OPC=movq_r64_m64    18446744073709551615  
  movq %rax, -0x28(%rbp)                                                                                     #  23    0x403632  4      OPC=movq_m64_r64    18446744073709551615  
  movq -0x20(%rbp), %rdi                                                                                     #  24    0x403636  4      OPC=movq_r64_m64    18446744073709551615  
  movq -0x8(%rbp), %rsi                                                                                      #  25    0x40363a  4      OPC=movq_r64_m64    18446744073709551615  
  movq -0x18(%rbp), %rdx                                                                                     #  26    0x40363e  4      OPC=movq_r64_m64    18446744073709551615  
  movq -0x28(%rbp), %rax                                                                                     #  27    0x403642  4      OPC=movq_r64_m64    18446744073709551615  
  movq %rax, -0x30(%rbp)                                                                                     #  28    0x403646  4      OPC=movq_m64_r64    18446744073709551615  
  movsd -0x30(%rbp), %xmm0                                                                                   #  29    0x40364a  5      OPC=movsd_xmm_m64   18446744073709551615  
  callq ._ZN9benchmark7sift_inIP12ValueWrapperIS1_IS1_IS1_IS1_IS1_IS1_IS1_IS1_IS1_IdEEEEEEEEEESB_EEvlT_lT0_  #  30    0x40364f  5      OPC=callq_label     4208576               
  movq -0x18(%rbp), %rax                                                                                     #  31    0x403654  4      OPC=movq_r64_m64    18446744073709551615  
  addq $0xffffffff, %rax                                                                                     #  32    0x403658  4      OPC=addq_r64_imm8   18446744073709551615  
  movq %rax, -0x18(%rbp)                                                                                     #  33    0x40365c  4      OPC=movq_m64_r64    18446744073709551615  
  jmpq .L_40361b                                                                                             #  34    0x403660  5      OPC=jmpq_label_1    4208155               
.L_403665:                                                                                                   #        0x403665  0      OPC=<label>         18446744073709551615  
  movq -0x20(%rbp), %rax                                                                                     #  35    0x403665  4      OPC=movq_r64_m64    18446744073709551615  
  subq $0x1, %rax                                                                                            #  36    0x403669  4      OPC=subq_r64_imm8   18446744073709551615  
  movq %rax, -0x18(%rbp)                                                                                     #  37    0x40366d  4      OPC=movq_m64_r64    18446744073709551615  
.L_403671:                                                                                                   #        0x403671  0      OPC=<label>         18446744073709551615  
  cmpq $0x1, -0x18(%rbp)                                                                                     #  38    0x403671  5      OPC=cmpq_m64_imm8   18446744073709551615  
  jl .L_4036ce                                                                                               #  39    0x403676  6      OPC=jl_label_1      4208334               
  xorl %eax, %eax                                                                                            #  40    0x40367c  2      OPC=xorl_r32_r32    18446744073709551615  
  movl %eax, %edx                                                                                            #  41    0x40367e  2      OPC=movl_r32_r32    18446744073709551615  
  movq -0x8(%rbp), %rcx                                                                                      #  42    0x403680  4      OPC=movq_r64_m64    18446744073709551615  
  movq -0x18(%rbp), %rsi                                                                                     #  43    0x403684  4      OPC=movq_r64_m64    18446744073709551615  
  movq (%rcx,%rsi,8), %rcx                                                                                   #  44    0x403688  4      OPC=movq_r64_m64    18446744073709551615  
  movq %rcx, -0x38(%rbp)                                                                                     #  45    0x40368c  4      OPC=movq_m64_r64    18446744073709551615  
  movq -0x8(%rbp), %rcx                                                                                      #  46    0x403690  4      OPC=movq_r64_m64    18446744073709551615  
  movq -0x8(%rbp), %rsi                                                                                      #  47    0x403694  4      OPC=movq_r64_m64    18446744073709551615  
  movq -0x18(%rbp), %rdi                                                                                     #  48    0x403698  4      OPC=movq_r64_m64    18446744073709551615  
  movq (%rcx), %rcx                                                                                          #  49    0x40369c  3      OPC=movq_r64_m64    18446744073709551615  
  movq %rcx, (%rsi,%rdi,8)                                                                                   #  50    0x40369f  4      OPC=movq_m64_r64    18446744073709551615  
  movq -0x18(%rbp), %rdi                                                                                     #  51    0x4036a3  4      OPC=movq_r64_m64    18446744073709551615  
  movq -0x8(%rbp), %rsi                                                                                      #  52    0x4036a7  4      OPC=movq_r64_m64    18446744073709551615  
  movq -0x38(%rbp), %rcx                                                                                     #  53    0x4036ab  4      OPC=movq_r64_m64    18446744073709551615  
  movq %rcx, -0x40(%rbp)                                                                                     #  54    0x4036af  4      OPC=movq_m64_r64    18446744073709551615  
  movsd -0x40(%rbp), %xmm0                                                                                   #  55    0x4036b3  5      OPC=movsd_xmm_m64   18446744073709551615  
  callq ._ZN9benchmark7sift_inIP12ValueWrapperIS1_IS1_IS1_IS1_IS1_IS1_IS1_IS1_IS1_IdEEEEEEEEEESB_EEvlT_lT0_  #  56    0x4036b8  5      OPC=callq_label     4208576               
  movq -0x18(%rbp), %rax                                                                                     #  57    0x4036bd  4      OPC=movq_r64_m64    18446744073709551615  
  addq $0xffffffff, %rax                                                                                     #  58    0x4036c1  4      OPC=addq_r64_imm8   18446744073709551615  
  movq %rax, -0x18(%rbp)                                                                                     #  59    0x4036c5  4      OPC=movq_m64_r64    18446744073709551615  
  jmpq .L_403671                                                                                             #  60    0x4036c9  5      OPC=jmpq_label_1    4208241               
.L_4036ce:                                                                                                   #        0x4036ce  0      OPC=<label>         18446744073709551615  
  addq $0x40, %rsp                                                                                           #  61    0x4036ce  4      OPC=addq_r64_imm8   18446744073709551615  
  popq %rbp                                                                                                  #  62    0x4036d2  1      OPC=popq_r64_1      18446744073709551615  
  retq                                                                                                       #  63    0x4036d3  1      OPC=retq            18446744073709551615  
                                                                                                                                                                                 
.size _ZN9benchmark8heapsortIP12ValueWrapperIS1_IS1_IS1_IS1_IS1_IS1_IS1_IS1_IS1_IdEEEEEEEEEESB_EEvT_SD_, .-_ZN9benchmark8heapsortIP12ValueWrapperIS1_IS1_IS1_IS1_IS1_IS1_IS1_IS1_IS1_IdEEEEEEEEEESB_EEvT_SD_
Disassembling Done.


Decompiling mcsema/test.proposed.ll
Computing Label PC values ...
.L_403671->4208241
.L_403665->4208229
.L_4036ce->4208334
._ZN9benchmark8heapsortIP12ValueWrapperIS1_IS1_IS1_IS1_IS1_IS1_IS1_IS1_IS1_IdEEEEEEEEEESB_EEvT_SD_->4208096
.L_40361b->4208155

Computing Label PC values: Done.


Executing: cat ${HOME}/Github/validating-binary-decompilation/source/libs/compositional-decompiler/data/mcsema_template.txt
declare i32 @llvm.ctpop.i32(i32) #2
declare %struct.Memory* @__remill_error(%struct.State* dereferenceable(3376), i64, %struct.Memory*)

Decompiling Function: _ZN9benchmark8heapsortIP12ValueWrapperIS1_IS1_IS1_IS1_IS1_IS1_IS1_IS1_IS1_IdEEEEEEEEEESB_EEvT_SD_...


Decompiling instr:._ZN9benchmark8heapsortIP12ValueWrapperIS1_IS1_IS1_IS1_IS1_IS1_IS1_IS1_IS1_IdEEEEEEEEEESB_EEvT_SD_:...


Decompiling instr:pushq %rbp...
Instr: pushq %rbp
Workdir: /home/ubuntu/Github/validating-binary-decompilation/tests/compositional_artifacts_single_instruction_decompilation//pushq__rbp
Generating artifacts...
Already Exists
Running artifacts...
Skip McSema run ...
Skip Declutter ...

Executing: cat /home/ubuntu/Github/validating-binary-decompilation/tests/compositional_artifacts_single_instruction_decompilation//pushq__rbp/test.mod.ll
Running artifacts...Done.
FuncCache inserted: _ZN12_GLOBAL__N_1L4PUSHI2InImEEEP6MemoryS4_R5StateT_
FuncCache inserted: routine_pushq__rbp


Decompiling instr:movq %rsp, %rbp...
Instr: movq %rsp, %rbp
Workdir: /home/ubuntu/Github/validating-binary-decompilation/tests/compositional_artifacts_single_instruction_decompilation//movq__rsp___rbp
Generating artifacts...
Already Exists
Running artifacts...
Skip McSema run ...
Skip Declutter ...

Executing: cat /home/ubuntu/Github/validating-binary-decompilation/tests/compositional_artifacts_single_instruction_decompilation//movq__rsp___rbp/test.mod.ll
Running artifacts...Done.
Multiple defintions of @seg_4003a0__text
Multiple defintions of @seg_400548__eh_frame
FuncCache inserted: _ZN12_GLOBAL__N_1L3MOVI3RnWImE2RnImEEEP6MemoryS6_R5StateT_T0_
FuncCache inserted: routine_movq__rsp___rbp


Decompiling instr:subq $0x40, %rsp...
Instr: subq $0x40, %rsp
Workdir: /home/ubuntu/Github/validating-binary-decompilation/tests/compositional_artifacts_single_instruction_decompilation//subq__0x40___rsp
Generating artifacts...
Already Exists
Running artifacts...
Skip McSema run ...
Skip Declutter ...

Executing: cat /home/ubuntu/Github/validating-binary-decompilation/tests/compositional_artifacts_single_instruction_decompilation//subq__0x40___rsp/test.mod.ll
Running artifacts...Done.
Multiple defintions of @seg_4003a0__text
Multiple defintions of @seg_400548__eh_frame
FuncCache inserted: _ZN12_GLOBAL__N_1L3SUBI3RnWImE2RnImE2InImEEEP6MemoryS8_R5StateT_T0_T1_
FuncCache inserted: routine_subq__0x40___rsp


Decompiling instr:movl $0x2, %eax...
Instr: movl $0x2, %eax
Workdir: /home/ubuntu/Github/validating-binary-decompilation/tests/compositional_artifacts_single_instruction_decompilation//movl__0x2___eax
Generating artifacts...
Already Exists
Running artifacts...
Skip McSema run ...
Skip Declutter ...

Executing: cat /home/ubuntu/Github/validating-binary-decompilation/tests/compositional_artifacts_single_instruction_decompilation//movl__0x2___eax/test.mod.ll
Running artifacts...Done.
Multiple defintions of @seg_4003a0__text
Multiple defintions of @seg_400548__eh_frame
FuncCache inserted: _ZN12_GLOBAL__N_1L3MOVI3RnWImE2InIjEEEP6MemoryS6_R5StateT_T0_
FuncCache inserted: routine_movl__0x2___eax


Decompiling instr:movl %eax, %ecx...
Instr: movl %eax, %ecx
Workdir: /home/ubuntu/Github/validating-binary-decompilation/tests/compositional_artifacts_single_instruction_decompilation//movl__eax___ecx
Generating artifacts...
Already Exists
Running artifacts...
Skip McSema run ...
Skip Declutter ...

Executing: cat /home/ubuntu/Github/validating-binary-decompilation/tests/compositional_artifacts_single_instruction_decompilation//movl__eax___ecx/test.mod.ll
Running artifacts...Done.
Multiple defintions of @seg_4003a0__text
Multiple defintions of @seg_400548__eh_frame
FuncCache inserted: _ZN12_GLOBAL__N_1L3MOVI3RnWImE2RnIjEEEP6MemoryS6_R5StateT_T0_
FuncCache inserted: routine_movl__eax___ecx


Decompiling instr:movq %rdi, -0x8(%rbp)...
Instr: movq %rdi, -0x8(%rbp)
Workdir: /home/ubuntu/Github/validating-binary-decompilation/tests/compositional_artifacts_single_instruction_decompilation//movq__rdi__MINUS0x8__rbp_
Generating artifacts...
Already Exists
Running artifacts...
Skip McSema run ...
Skip Declutter ...

Executing: cat /home/ubuntu/Github/validating-binary-decompilation/tests/compositional_artifacts_single_instruction_decompilation//movq__rdi__MINUS0x8__rbp_/test.mod.ll
Running artifacts...Done.
Multiple defintions of @seg_4003a0__text
Multiple defintions of @seg_400548__eh_frame
FuncCache inserted: _ZN12_GLOBAL__N_1L3MOVI3MnWImE2RnImEEEP6MemoryS6_R5StateT_T0_
FuncCache inserted: routine_movq__rdi__MINUS0x8__rbp_


Decompiling instr:movq %rsi, -0x10(%rbp)...
Instr: movq %rsi, -0x10(%rbp)
Workdir: /home/ubuntu/Github/validating-binary-decompilation/tests/compositional_artifacts_single_instruction_decompilation//movq__rsi__MINUS0x10__rbp_
Generating artifacts...
Already Exists
Running artifacts...
Skip McSema run ...
Skip Declutter ...

Executing: cat /home/ubuntu/Github/validating-binary-decompilation/tests/compositional_artifacts_single_instruction_decompilation//movq__rsi__MINUS0x10__rbp_/test.mod.ll
Running artifacts...Done.
Multiple defintions of @seg_4003a0__text
Multiple defintions of @seg_400548__eh_frame
FuncCache skipped: _ZN12_GLOBAL__N_1L3MOVI3MnWImE2RnImEEEP6MemoryS6_R5StateT_T0_
FuncCache inserted: routine_movq__rsi__MINUS0x10__rbp_


Decompiling instr:movq -0x10(%rbp), %rsi...
Instr: movq -0x10(%rbp), %rsi
Workdir: /home/ubuntu/Github/validating-binary-decompilation/tests/compositional_artifacts_single_instruction_decompilation//movq_MINUS0x10__rbp____rsi
Generating artifacts...
Already Exists
Running artifacts...
Skip McSema run ...
Skip Declutter ...

Executing: cat /home/ubuntu/Github/validating-binary-decompilation/tests/compositional_artifacts_single_instruction_decompilation//movq_MINUS0x10__rbp____rsi/test.mod.ll
Running artifacts...Done.
Multiple defintions of @seg_4003a0__text
Multiple defintions of @seg_400548__eh_frame
FuncCache inserted: _ZN12_GLOBAL__N_1L3MOVI3RnWImE2MnImEEEP6MemoryS6_R5StateT_T0_
FuncCache inserted: routine_movq_MINUS0x10__rbp____rsi


Decompiling instr:movq -0x8(%rbp), %rdi...
Instr: movq -0x8(%rbp), %rdi
Workdir: /home/ubuntu/Github/validating-binary-decompilation/tests/compositional_artifacts_single_instruction_decompilation//movq_MINUS0x8__rbp____rdi
Generating artifacts...
Already Exists
Running artifacts...
Skip McSema run ...
Skip Declutter ...

Executing: cat /home/ubuntu/Github/validating-binary-decompilation/tests/compositional_artifacts_single_instruction_decompilation//movq_MINUS0x8__rbp____rdi/test.mod.ll
Running artifacts...Done.
Multiple defintions of @seg_4003a0__text
Multiple defintions of @seg_400548__eh_frame
FuncCache skipped: _ZN12_GLOBAL__N_1L3MOVI3RnWImE2MnImEEEP6MemoryS6_R5StateT_T0_
FuncCache inserted: routine_movq_MINUS0x8__rbp____rdi


Decompiling instr:subq %rdi, %rsi...
Instr: subq %rdi, %rsi
Workdir: /home/ubuntu/Github/validating-binary-decompilation/tests/compositional_artifacts_single_instruction_decompilation//subq__rdi___rsi
Generating artifacts...
Generating artifacts... Done.
Running artifacts...
test.c:1:1: warning: return type of 'main' is not 'int' [-Wmain-return-type]
void main() {
^
test.c:1:1: note: change return type to 'int'
void main() {
^~~~
int
1 warning generated.

Executing: make -C /home/ubuntu/Github/validating-binary-decompilation/tests/compositional_artifacts_single_instruction_decompilation//subq__rdi___rsi binary
make[1]: Entering directory '/home/ubuntu/Github/validating-binary-decompilation/tests/compositional_artifacts_single_instruction_decompilation/subq__rdi___rsi'
clang -Os test.c -o test
make[1]: Leaving directory '/home/ubuntu/Github/validating-binary-decompilation/tests/compositional_artifacts_single_instruction_decompilation/subq__rdi___rsi'

Executing: make -C /home/ubuntu/Github/validating-binary-decompilation/tests/compositional_artifacts_single_instruction_decompilation//subq__rdi___rsi mcsema
make[1]: Entering directory '/home/ubuntu/Github/validating-binary-decompilation/tests/compositional_artifacts_single_instruction_decompilation/subq__rdi___rsi'
mcsema-disass --disassembler /home/ubuntu/ida-6.95/idal64 --os linux --arch amd64_avx --output test.cfg --binary test --entrypoint main
mcsema-lift-4.0 --os linux --arch amd64_avx --cfg test.cfg --output test.bc -disable_dead_store_elimination -disable_optimizer
llvm-dis test.bc -o test.ll
make[1]: Leaving directory '/home/ubuntu/Github/validating-binary-decompilation/tests/compositional_artifacts_single_instruction_decompilation/subq__rdi___rsi'

Executing: make -C /home/ubuntu/Github/validating-binary-decompilation/tests/compositional_artifacts_single_instruction_decompilation//subq__rdi___rsi declutter
make[1]: Entering directory '/home/ubuntu/Github/validating-binary-decompilation/tests/compositional_artifacts_single_instruction_decompilation/subq__rdi___rsi'
/home/ubuntu/Github/validating-binary-decompilation/tests/scripts//declutter.pl --file test.ll --norenameintrinsics --opc subq__rdi___rsi
Expanding _ZN12_GLOBAL__N_1L3SUBI3RnWImE2RnImES4_EEP6MemoryS6_R5StateT_T0_T1_...
Generatin test.mod.ll for opcode subq__rdi___rsi ...
make[1]: Leaving directory '/home/ubuntu/Github/validating-binary-decompilation/tests/compositional_artifacts_single_instruction_decompilation/subq__rdi___rsi'

Executing: cat /home/ubuntu/Github/validating-binary-decompilation/tests/compositional_artifacts_single_instruction_decompilation//subq__rdi___rsi/test.mod.ll
Running artifacts...Done.
Multiple defintions of @seg_4003a0__text
Multiple defintions of @seg_400548__eh_frame
FuncCache inserted: _ZN12_GLOBAL__N_1L3SUBI3RnWImE2RnImES4_EEP6MemoryS6_R5StateT_T0_T1_
FuncCache inserted: routine_subq__rdi___rsi


Decompiling instr:sarq $0x3, %rsi...
Instr: sarq $0x3, %rsi
Workdir: /home/ubuntu/Github/validating-binary-decompilation/tests/compositional_artifacts_single_instruction_decompilation//sarq__0x3___rsi
Generating artifacts...
Generating artifacts... Done.
Running artifacts...
test.c:1:1: warning: return type of 'main' is not 'int' [-Wmain-return-type]
void main() {
^
test.c:1:1: note: change return type to 'int'
void main() {
^~~~
int
1 warning generated.

Executing: make -C /home/ubuntu/Github/validating-binary-decompilation/tests/compositional_artifacts_single_instruction_decompilation//sarq__0x3___rsi binary
make[1]: Entering directory '/home/ubuntu/Github/validating-binary-decompilation/tests/compositional_artifacts_single_instruction_decompilation/sarq__0x3___rsi'
clang -Os test.c -o test
make[1]: Leaving directory '/home/ubuntu/Github/validating-binary-decompilation/tests/compositional_artifacts_single_instruction_decompilation/sarq__0x3___rsi'

Executing: make -C /home/ubuntu/Github/validating-binary-decompilation/tests/compositional_artifacts_single_instruction_decompilation//sarq__0x3___rsi mcsema
make[1]: Entering directory '/home/ubuntu/Github/validating-binary-decompilation/tests/compositional_artifacts_single_instruction_decompilation/sarq__0x3___rsi'
mcsema-disass --disassembler /home/ubuntu/ida-6.95/idal64 --os linux --arch amd64_avx --output test.cfg --binary test --entrypoint main
mcsema-lift-4.0 --os linux --arch amd64_avx --cfg test.cfg --output test.bc -disable_dead_store_elimination -disable_optimizer
llvm-dis test.bc -o test.ll
make[1]: Leaving directory '/home/ubuntu/Github/validating-binary-decompilation/tests/compositional_artifacts_single_instruction_decompilation/sarq__0x3___rsi'

Executing: make -C /home/ubuntu/Github/validating-binary-decompilation/tests/compositional_artifacts_single_instruction_decompilation//sarq__0x3___rsi declutter
make[1]: Entering directory '/home/ubuntu/Github/validating-binary-decompilation/tests/compositional_artifacts_single_instruction_decompilation/sarq__0x3___rsi'
/home/ubuntu/Github/validating-binary-decompilation/tests/scripts//declutter.pl --file test.ll --norenameintrinsics --opc sarq__0x3___rsi
Expanding _ZN12_GLOBAL__N_1L3SARI3RnWImE2RnImE2InImEEEP6MemoryS8_R5StateT_T0_T1_...
Generatin test.mod.ll for opcode sarq__0x3___rsi ...
make[1]: Leaving directory '/home/ubuntu/Github/validating-binary-decompilation/tests/compositional_artifacts_single_instruction_decompilation/sarq__0x3___rsi'

Executing: cat /home/ubuntu/Github/validating-binary-decompilation/tests/compositional_artifacts_single_instruction_decompilation//sarq__0x3___rsi/test.mod.ll
Running artifacts...Done.
Multiple defintions of @seg_4003a0__text
Multiple defintions of @seg_400548__eh_frame
FuncCache inserted: _ZN12_GLOBAL__N_1L3SARI3RnWImE2RnImE2InImEEEP6MemoryS8_R5StateT_T0_T1_
FuncCache inserted: routine_sarq__0x3___rsi


Decompiling instr:movq %rsi, -0x20(%rbp)...
Instr: movq %rsi, -0x20(%rbp)
Workdir: /home/ubuntu/Github/validating-binary-decompilation/tests/compositional_artifacts_single_instruction_decompilation//movq__rsi__MINUS0x20__rbp_
Generating artifacts...
Already Exists
Running artifacts...
Skip McSema run ...
Skip Declutter ...

Executing: cat /home/ubuntu/Github/validating-binary-decompilation/tests/compositional_artifacts_single_instruction_decompilation//movq__rsi__MINUS0x20__rbp_/test.mod.ll
Running artifacts...Done.
Multiple defintions of @seg_4003a0__text
Multiple defintions of @seg_400548__eh_frame
FuncCache skipped: _ZN12_GLOBAL__N_1L3MOVI3MnWImE2RnImEEEP6MemoryS6_R5StateT_T0_
FuncCache inserted: routine_movq__rsi__MINUS0x20__rbp_


Decompiling instr:movq -0x20(%rbp), %rax...
Instr: movq -0x20(%rbp), %rax
Workdir: /home/ubuntu/Github/validating-binary-decompilation/tests/compositional_artifacts_single_instruction_decompilation//movq_MINUS0x20__rbp____rax
Generating artifacts...
Already Exists
Running artifacts...
Skip McSema run ...
Skip Declutter ...

Executing: cat /home/ubuntu/Github/validating-binary-decompilation/tests/compositional_artifacts_single_instruction_decompilation//movq_MINUS0x20__rbp____rax/test.mod.ll
Running artifacts...Done.
Multiple defintions of @seg_4003a0__text
Multiple defintions of @seg_400548__eh_frame
FuncCache skipped: _ZN12_GLOBAL__N_1L3MOVI3RnWImE2MnImEEEP6MemoryS6_R5StateT_T0_
FuncCache inserted: routine_movq_MINUS0x20__rbp____rax


Decompiling instr:cqto...
Instr: cqto
Workdir: /home/ubuntu/Github/validating-binary-decompilation/tests/compositional_artifacts_single_instruction_decompilation//cqto
Generating artifacts...
Already Exists
Running artifacts...
Skip McSema run ...
Skip Declutter ...

Executing: cat /home/ubuntu/Github/validating-binary-decompilation/tests/compositional_artifacts_single_instruction_decompilation//cqto/test.mod.ll
Running artifacts...Done.
Multiple defintions of @seg_4003a0__text
Multiple defintions of @seg_400548__eh_frame
FuncCache inserted: _ZN12_GLOBAL__N_1L7CQO_RAXEP6MemoryR5State
FuncCache inserted: routine_cqto


Decompiling instr:idivq %rcx...
Instr: idivq %rcx
Workdir: /home/ubuntu/Github/validating-binary-decompilation/tests/compositional_artifacts_single_instruction_decompilation//idivq__rcx
Generating artifacts...
Already Exists
Running artifacts...
Skip McSema run ...
Skip Declutter ...

Executing: cat /home/ubuntu/Github/validating-binary-decompilation/tests/compositional_artifacts_single_instruction_decompilation//idivq__rcx/test.mod.ll
Running artifacts...Done.
Multiple defintions of @seg_4003a0__text
Multiple defintions of @seg_400548__eh_frame
FuncCache inserted: _ZN12_GLOBAL__N_1L10IDIVrdxraxI2RnImEEEP6MemoryS4_R5StateT_
FuncCache inserted: routine_idivq__rcx


Decompiling instr:subq $0x1, %rax...
Instr: subq $0x1, %rax
Workdir: /home/ubuntu/Github/validating-binary-decompilation/tests/compositional_artifacts_single_instruction_decompilation//subq__0x1___rax
Generating artifacts...
Already Exists
Running artifacts...
test.c:1:1: warning: return type of 'main' is not 'int' [-Wmain-return-type]
void main() {
^
test.c:1:1: note: change return type to 'int'
void main() {
^~~~
int
1 warning generated.

Executing: make -C /home/ubuntu/Github/validating-binary-decompilation/tests/compositional_artifacts_single_instruction_decompilation//subq__0x1___rax binary
make[1]: Entering directory '/home/ubuntu/Github/validating-binary-decompilation/tests/compositional_artifacts_single_instruction_decompilation/subq__0x1___rax'
clang -Os test.c -o test
make[1]: Leaving directory '/home/ubuntu/Github/validating-binary-decompilation/tests/compositional_artifacts_single_instruction_decompilation/subq__0x1___rax'

Executing: make -C /home/ubuntu/Github/validating-binary-decompilation/tests/compositional_artifacts_single_instruction_decompilation//subq__0x1___rax mcsema
make[1]: Entering directory '/home/ubuntu/Github/validating-binary-decompilation/tests/compositional_artifacts_single_instruction_decompilation/subq__0x1___rax'
mcsema-disass --disassembler /home/ubuntu/ida-6.95/idal64 --os linux --arch amd64_avx --output test.cfg --binary test --entrypoint main
mcsema-lift-4.0 --os linux --arch amd64_avx --cfg test.cfg --output test.bc -disable_dead_store_elimination -disable_optimizer
llvm-dis test.bc -o test.ll
make[1]: Leaving directory '/home/ubuntu/Github/validating-binary-decompilation/tests/compositional_artifacts_single_instruction_decompilation/subq__0x1___rax'

Executing: make -C /home/ubuntu/Github/validating-binary-decompilation/tests/compositional_artifacts_single_instruction_decompilation//subq__0x1___rax declutter
make[1]: Entering directory '/home/ubuntu/Github/validating-binary-decompilation/tests/compositional_artifacts_single_instruction_decompilation/subq__0x1___rax'
/home/ubuntu/Github/validating-binary-decompilation/tests/scripts//declutter.pl --file test.ll --norenameintrinsics --opc subq__0x1___rax
Expanding _ZN12_GLOBAL__N_1L3SUBI3RnWImE2RnImE2InImEEEP6MemoryS8_R5StateT_T0_T1_...
Generatin test.mod.ll for opcode subq__0x1___rax ...
make[1]: Leaving directory '/home/ubuntu/Github/validating-binary-decompilation/tests/compositional_artifacts_single_instruction_decompilation/subq__0x1___rax'

Executing: cat /home/ubuntu/Github/validating-binary-decompilation/tests/compositional_artifacts_single_instruction_decompilation//subq__0x1___rax/test.mod.ll
Running artifacts...Done.
Multiple defintions of @seg_4003a0__text
Multiple defintions of @seg_400548__eh_frame
FuncCache skipped: _ZN12_GLOBAL__N_1L3SUBI3RnWImE2RnImE2InImEEEP6MemoryS8_R5StateT_T0_T1_
FuncCache inserted: routine_subq__0x1___rax


Decompiling instr:movq %rax, -0x18(%rbp)...
Instr: movq %rax, -0x18(%rbp)
Workdir: /home/ubuntu/Github/validating-binary-decompilation/tests/compositional_artifacts_single_instruction_decompilation//movq__rax__MINUS0x18__rbp_
Generating artifacts...
Already Exists
Running artifacts...
Skip McSema run ...
Skip Declutter ...

Executing: cat /home/ubuntu/Github/validating-binary-decompilation/tests/compositional_artifacts_single_instruction_decompilation//movq__rax__MINUS0x18__rbp_/test.mod.ll
Running artifacts...Done.
Multiple defintions of @seg_4003a0__text
Multiple defintions of @seg_400548__eh_frame
FuncCache skipped: _ZN12_GLOBAL__N_1L3MOVI3MnWImE2RnImEEEP6MemoryS6_R5StateT_T0_
FuncCache inserted: routine_movq__rax__MINUS0x18__rbp_


Decompiling instr:.L_40361b:...


Decompiling instr:cmpq $0x0, -0x18(%rbp)...
Instr: cmpq $0x0, -0x18(%rbp)
Workdir: /home/ubuntu/Github/validating-binary-decompilation/tests/compositional_artifacts_single_instruction_decompilation//cmpq__0x0__MINUS0x18__rbp_
Generating artifacts...
Already Exists
Running artifacts...
test.c:1:1: warning: return type of 'main' is not 'int' [-Wmain-return-type]
void main() {
^
test.c:1:1: note: change return type to 'int'
void main() {
^~~~
int
1 warning generated.

Executing: make -C /home/ubuntu/Github/validating-binary-decompilation/tests/compositional_artifacts_single_instruction_decompilation//cmpq__0x0__MINUS0x18__rbp_ binary
make[1]: Entering directory '/home/ubuntu/Github/validating-binary-decompilation/tests/compositional_artifacts_single_instruction_decompilation/cmpq__0x0__MINUS0x18__rbp_'
clang -Os test.c -o test
make[1]: Leaving directory '/home/ubuntu/Github/validating-binary-decompilation/tests/compositional_artifacts_single_instruction_decompilation/cmpq__0x0__MINUS0x18__rbp_'

Executing: make -C /home/ubuntu/Github/validating-binary-decompilation/tests/compositional_artifacts_single_instruction_decompilation//cmpq__0x0__MINUS0x18__rbp_ mcsema
make[1]: Entering directory '/home/ubuntu/Github/validating-binary-decompilation/tests/compositional_artifacts_single_instruction_decompilation/cmpq__0x0__MINUS0x18__rbp_'
mcsema-disass --disassembler /home/ubuntu/ida-6.95/idal64 --os linux --arch amd64_avx --output test.cfg --binary test --entrypoint main
mcsema-lift-4.0 --os linux --arch amd64_avx --cfg test.cfg --output test.bc -disable_dead_store_elimination -disable_optimizer
llvm-dis test.bc -o test.ll
make[1]: Leaving directory '/home/ubuntu/Github/validating-binary-decompilation/tests/compositional_artifacts_single_instruction_decompilation/cmpq__0x0__MINUS0x18__rbp_'

Executing: make -C /home/ubuntu/Github/validating-binary-decompilation/tests/compositional_artifacts_single_instruction_decompilation//cmpq__0x0__MINUS0x18__rbp_ declutter
make[1]: Entering directory '/home/ubuntu/Github/validating-binary-decompilation/tests/compositional_artifacts_single_instruction_decompilation/cmpq__0x0__MINUS0x18__rbp_'
/home/ubuntu/Github/validating-binary-decompilation/tests/scripts//declutter.pl --file test.ll --norenameintrinsics --opc cmpq__0x0__MINUS0x18__rbp_
Expanding _ZN12_GLOBAL__N_1L3CMPI2MnImE2InImEEEP6MemoryS6_R5StateT_T0_...
Generatin test.mod.ll for opcode cmpq__0x0__MINUS0x18__rbp_ ...
make[1]: Leaving directory '/home/ubuntu/Github/validating-binary-decompilation/tests/compositional_artifacts_single_instruction_decompilation/cmpq__0x0__MINUS0x18__rbp_'

Executing: cat /home/ubuntu/Github/validating-binary-decompilation/tests/compositional_artifacts_single_instruction_decompilation//cmpq__0x0__MINUS0x18__rbp_/test.mod.ll
Running artifacts...Done.
Multiple defintions of @seg_4003a0__text
Multiple defintions of @seg_400548__eh_frame
FuncCache inserted: _ZN12_GLOBAL__N_1L3CMPI2MnImE2InImEEEP6MemoryS6_R5StateT_T0_
FuncCache inserted: routine_cmpq__0x0__MINUS0x18__rbp_


Decompiling instr:jl .L_403665...
Instr: jl .L_403665
Workdir: /home/ubuntu/Github/validating-binary-decompilation/tests/compositional_artifacts_single_instruction_decompilation//jl_.L_403665
Generating artifacts...
Generating artifacts... Done.
Running artifacts...
test.c:1:1: warning: return type of 'main' is not 'int' [-Wmain-return-type]
void main() {
^
test.c:1:1: note: change return type to 'int'
void main() {
^~~~
int
1 warning generated.

Executing: make -C /home/ubuntu/Github/validating-binary-decompilation/tests/compositional_artifacts_single_instruction_decompilation//jl_.L_403665 binary
make[1]: Entering directory '/home/ubuntu/Github/validating-binary-decompilation/tests/compositional_artifacts_single_instruction_decompilation/jl_.L_403665'
clang -Os test.c -o test
make[1]: Leaving directory '/home/ubuntu/Github/validating-binary-decompilation/tests/compositional_artifacts_single_instruction_decompilation/jl_.L_403665'

Executing: make -C /home/ubuntu/Github/validating-binary-decompilation/tests/compositional_artifacts_single_instruction_decompilation//jl_.L_403665 mcsema
make[1]: Entering directory '/home/ubuntu/Github/validating-binary-decompilation/tests/compositional_artifacts_single_instruction_decompilation/jl_.L_403665'
mcsema-disass --disassembler /home/ubuntu/ida-6.95/idal64 --os linux --arch amd64_avx --output test.cfg --binary test --entrypoint main
mcsema-lift-4.0 --os linux --arch amd64_avx --cfg test.cfg --output test.bc -disable_dead_store_elimination -disable_optimizer
llvm-dis test.bc -o test.ll
make[1]: Leaving directory '/home/ubuntu/Github/validating-binary-decompilation/tests/compositional_artifacts_single_instruction_decompilation/jl_.L_403665'

Executing: make -C /home/ubuntu/Github/validating-binary-decompilation/tests/compositional_artifacts_single_instruction_decompilation//jl_.L_403665 declutter
make[1]: Entering directory '/home/ubuntu/Github/validating-binary-decompilation/tests/compositional_artifacts_single_instruction_decompilation/jl_.L_403665'
/home/ubuntu/Github/validating-binary-decompilation/tests/scripts//declutter.pl --file test.ll --norenameintrinsics --opc jl_.L_403665
Expanding _ZN12_GLOBAL__N_1L2JLEP6MemoryR5State3RnWIhE2InImES7_...
Generatin test.mod.ll for opcode jl_.L_403665 ...
make[1]: Leaving directory '/home/ubuntu/Github/validating-binary-decompilation/tests/compositional_artifacts_single_instruction_decompilation/jl_.L_403665'

Executing: cat /home/ubuntu/Github/validating-binary-decompilation/tests/compositional_artifacts_single_instruction_decompilation//jl_.L_403665/test.mod.ll
Running artifacts...Done.
Multiple defintions of @seg_4003a0__text
Multiple defintions of @seg_400548__eh_frame
FuncCache inserted: _ZN12_GLOBAL__N_1L2JLEP6MemoryR5State3RnWIhE2InImES7_
FuncCache inserted: routine_jl_.L_403665


Decompiling instr:movq -0x8(%rbp), %rax...
Instr: movq -0x8(%rbp), %rax
Workdir: /home/ubuntu/Github/validating-binary-decompilation/tests/compositional_artifacts_single_instruction_decompilation//movq_MINUS0x8__rbp____rax
Generating artifacts...
Already Exists
Running artifacts...
Skip McSema run ...
Skip Declutter ...

Executing: cat /home/ubuntu/Github/validating-binary-decompilation/tests/compositional_artifacts_single_instruction_decompilation//movq_MINUS0x8__rbp____rax/test.mod.ll
Running artifacts...Done.
Multiple defintions of @seg_4003a0__text
Multiple defintions of @seg_400548__eh_frame
FuncCache skipped: _ZN12_GLOBAL__N_1L3MOVI3RnWImE2MnImEEEP6MemoryS6_R5StateT_T0_
FuncCache inserted: routine_movq_MINUS0x8__rbp____rax


Decompiling instr:movq -0x18(%rbp), %rcx...
Instr: movq -0x18(%rbp), %rcx
Workdir: /home/ubuntu/Github/validating-binary-decompilation/tests/compositional_artifacts_single_instruction_decompilation//movq_MINUS0x18__rbp____rcx
Generating artifacts...
Already Exists
Running artifacts...
Skip McSema run ...
Skip Declutter ...

Executing: cat /home/ubuntu/Github/validating-binary-decompilation/tests/compositional_artifacts_single_instruction_decompilation//movq_MINUS0x18__rbp____rcx/test.mod.ll
Running artifacts...Done.
Multiple defintions of @seg_4003a0__text
Multiple defintions of @seg_400548__eh_frame
FuncCache skipped: _ZN12_GLOBAL__N_1L3MOVI3RnWImE2MnImEEEP6MemoryS6_R5StateT_T0_
FuncCache inserted: routine_movq_MINUS0x18__rbp____rcx


Decompiling instr:movq (%rax,%rcx,8), %rax...
Instr: movq (%rax,%rcx,8), %rax
Workdir: /home/ubuntu/Github/validating-binary-decompilation/tests/compositional_artifacts_single_instruction_decompilation//movq___rax__rcx_8____rax
Generating artifacts...
Already Exists
Running artifacts...
Skip McSema run ...
Skip Declutter ...

Executing: cat /home/ubuntu/Github/validating-binary-decompilation/tests/compositional_artifacts_single_instruction_decompilation//movq___rax__rcx_8____rax/test.mod.ll
Running artifacts...Done.
Multiple defintions of @seg_4003a0__text
Multiple defintions of @seg_400548__eh_frame
FuncCache skipped: _ZN12_GLOBAL__N_1L3MOVI3RnWImE2MnImEEEP6MemoryS6_R5StateT_T0_
FuncCache inserted: routine_movq___rax__rcx_8____rax


Decompiling instr:movq %rax, -0x28(%rbp)...
Instr: movq %rax, -0x28(%rbp)
Workdir: /home/ubuntu/Github/validating-binary-decompilation/tests/compositional_artifacts_single_instruction_decompilation//movq__rax__MINUS0x28__rbp_
Generating artifacts...
Already Exists
Running artifacts...
Skip McSema run ...
Skip Declutter ...

Executing: cat /home/ubuntu/Github/validating-binary-decompilation/tests/compositional_artifacts_single_instruction_decompilation//movq__rax__MINUS0x28__rbp_/test.mod.ll
Running artifacts...Done.
Multiple defintions of @seg_4003a0__text
Multiple defintions of @seg_400548__eh_frame
FuncCache skipped: _ZN12_GLOBAL__N_1L3MOVI3MnWImE2RnImEEEP6MemoryS6_R5StateT_T0_
FuncCache inserted: routine_movq__rax__MINUS0x28__rbp_


Decompiling instr:movq -0x20(%rbp), %rdi...
Instr: movq -0x20(%rbp), %rdi
Workdir: /home/ubuntu/Github/validating-binary-decompilation/tests/compositional_artifacts_single_instruction_decompilation//movq_MINUS0x20__rbp____rdi
Generating artifacts...
Already Exists
Running artifacts...
Skip McSema run ...
Skip Declutter ...

Executing: cat /home/ubuntu/Github/validating-binary-decompilation/tests/compositional_artifacts_single_instruction_decompilation//movq_MINUS0x20__rbp____rdi/test.mod.ll
Running artifacts...Done.
Multiple defintions of @seg_4003a0__text
Multiple defintions of @seg_400548__eh_frame
FuncCache skipped: _ZN12_GLOBAL__N_1L3MOVI3RnWImE2MnImEEEP6MemoryS6_R5StateT_T0_
FuncCache inserted: routine_movq_MINUS0x20__rbp____rdi


Decompiling instr:movq -0x8(%rbp), %rsi...
Instr: movq -0x8(%rbp), %rsi
Workdir: /home/ubuntu/Github/validating-binary-decompilation/tests/compositional_artifacts_single_instruction_decompilation//movq_MINUS0x8__rbp____rsi
Generating artifacts...
Already Exists
Running artifacts...
Skip McSema run ...
Skip Declutter ...

Executing: cat /home/ubuntu/Github/validating-binary-decompilation/tests/compositional_artifacts_single_instruction_decompilation//movq_MINUS0x8__rbp____rsi/test.mod.ll
Running artifacts...Done.
Multiple defintions of @seg_4003a0__text
Multiple defintions of @seg_400548__eh_frame
FuncCache skipped: _ZN12_GLOBAL__N_1L3MOVI3RnWImE2MnImEEEP6MemoryS6_R5StateT_T0_
FuncCache inserted: routine_movq_MINUS0x8__rbp____rsi


Decompiling instr:movq -0x18(%rbp), %rdx...
Instr: movq -0x18(%rbp), %rdx
Workdir: /home/ubuntu/Github/validating-binary-decompilation/tests/compositional_artifacts_single_instruction_decompilation//movq_MINUS0x18__rbp____rdx
Generating artifacts...
Already Exists
Running artifacts...
Skip McSema run ...
Skip Declutter ...

Executing: cat /home/ubuntu/Github/validating-binary-decompilation/tests/compositional_artifacts_single_instruction_decompilation//movq_MINUS0x18__rbp____rdx/test.mod.ll
Running artifacts...Done.
Multiple defintions of @seg_4003a0__text
Multiple defintions of @seg_400548__eh_frame
FuncCache skipped: _ZN12_GLOBAL__N_1L3MOVI3RnWImE2MnImEEEP6MemoryS6_R5StateT_T0_
FuncCache inserted: routine_movq_MINUS0x18__rbp____rdx


Decompiling instr:movq -0x28(%rbp), %rax...
Instr: movq -0x28(%rbp), %rax
Workdir: /home/ubuntu/Github/validating-binary-decompilation/tests/compositional_artifacts_single_instruction_decompilation//movq_MINUS0x28__rbp____rax
Generating artifacts...
Already Exists
Running artifacts...
Skip McSema run ...
Skip Declutter ...

Executing: cat /home/ubuntu/Github/validating-binary-decompilation/tests/compositional_artifacts_single_instruction_decompilation//movq_MINUS0x28__rbp____rax/test.mod.ll
Running artifacts...Done.
Multiple defintions of @seg_4003a0__text
Multiple defintions of @seg_400548__eh_frame
FuncCache skipped: _ZN12_GLOBAL__N_1L3MOVI3RnWImE2MnImEEEP6MemoryS6_R5StateT_T0_
FuncCache inserted: routine_movq_MINUS0x28__rbp____rax


Decompiling instr:movq %rax, -0x30(%rbp)...
Instr: movq %rax, -0x30(%rbp)
Workdir: /home/ubuntu/Github/validating-binary-decompilation/tests/compositional_artifacts_single_instruction_decompilation//movq__rax__MINUS0x30__rbp_
Generating artifacts...
Already Exists
Running artifacts...
Skip McSema run ...
Skip Declutter ...

Executing: cat /home/ubuntu/Github/validating-binary-decompilation/tests/compositional_artifacts_single_instruction_decompilation//movq__rax__MINUS0x30__rbp_/test.mod.ll
Running artifacts...Done.
Multiple defintions of @seg_4003a0__text
Multiple defintions of @seg_400548__eh_frame
FuncCache skipped: _ZN12_GLOBAL__N_1L3MOVI3MnWImE2RnImEEEP6MemoryS6_R5StateT_T0_
FuncCache inserted: routine_movq__rax__MINUS0x30__rbp_


Decompiling instr:movsd -0x30(%rbp), %xmm0...
Instr: movsd -0x30(%rbp), %xmm0
Workdir: /home/ubuntu/Github/validating-binary-decompilation/tests/compositional_artifacts_single_instruction_decompilation//movsd_MINUS0x30__rbp____xmm0
Generating artifacts...
Already Exists
Running artifacts...
Skip McSema run ...
Skip Declutter ...

Executing: cat /home/ubuntu/Github/validating-binary-decompilation/tests/compositional_artifacts_single_instruction_decompilation//movsd_MINUS0x30__rbp____xmm0/test.mod.ll
Running artifacts...Done.
Multiple defintions of @seg_4003a0__text
Multiple defintions of @seg_400548__eh_frame
FuncCache inserted: _ZN12_GLOBAL__N_1L9MOVSD_MEMI3VnWI8vec128_tE3MVnI7vec64_tEEEP6MemoryS8_R5StateT_T0_
FuncCache inserted: routine_movsd_MINUS0x30__rbp____xmm0


Decompiling instr:callq ._ZN9benchmark7sift_inIP12ValueWrapperIS1_IS1_IS1_IS1_IS1_IS1_IS1_IS1_IS1_IdEEEEEEEEEESB_EEvlT_lT0_...
Instr: callq ._ZN9benchmark7sift_inIP12ValueWrapperIS1_IS1_IS1_IS1_IS1_IS1_IS1_IS1_IS1_IdEEEEEEEEEESB_EEvlT_lT0_
Workdir: /home/ubuntu/Github/validating-binary-decompilation/tests/compositional_artifacts_single_instruction_decompilation//callq_._ZN9benchmark7sift_inIP12ValueWrapperIS1_IS1_IS1_IS1_IS1_IS1_IS1_IS1_IS1_IdEEEEEEEEEESB_EEvlT_lT0_
Generating artifacts...
Generating artifacts... Done.
Running artifacts...
test.c:1:1: warning: return type of 'main' is not 'int' [-Wmain-return-type]
void main() {
^
test.c:1:1: note: change return type to 'int'
void main() {
^~~~
int
1 warning generated.

Executing: make -C /home/ubuntu/Github/validating-binary-decompilation/tests/compositional_artifacts_single_instruction_decompilation//callq_._ZN9benchmark7sift_inIP12ValueWrapperIS1_IS1_IS1_IS1_IS1_IS1_IS1_IS1_IS1_IdEEEEEEEEEESB_EEvlT_lT0_ binary
make[1]: Entering directory '/home/ubuntu/Github/validating-binary-decompilation/tests/compositional_artifacts_single_instruction_decompilation/callq_._ZN9benchmark7sift_inIP12ValueWrapperIS1_IS1_IS1_IS1_IS1_IS1_IS1_IS1_IS1_IdEEEEEEEEEESB_EEvlT_lT0_'
clang -Os test.c -o test
make[1]: Leaving directory '/home/ubuntu/Github/validating-binary-decompilation/tests/compositional_artifacts_single_instruction_decompilation/callq_._ZN9benchmark7sift_inIP12ValueWrapperIS1_IS1_IS1_IS1_IS1_IS1_IS1_IS1_IS1_IdEEEEEEEEEESB_EEvlT_lT0_'

Executing: make -C /home/ubuntu/Github/validating-binary-decompilation/tests/compositional_artifacts_single_instruction_decompilation//callq_._ZN9benchmark7sift_inIP12ValueWrapperIS1_IS1_IS1_IS1_IS1_IS1_IS1_IS1_IS1_IdEEEEEEEEEESB_EEvlT_lT0_ mcsema
make[1]: Entering directory '/home/ubuntu/Github/validating-binary-decompilation/tests/compositional_artifacts_single_instruction_decompilation/callq_._ZN9benchmark7sift_inIP12ValueWrapperIS1_IS1_IS1_IS1_IS1_IS1_IS1_IS1_IS1_IdEEEEEEEEEESB_EEvlT_lT0_'
mcsema-disass --disassembler /home/ubuntu/ida-6.95/idal64 --os linux --arch amd64_avx --output test.cfg --binary test --entrypoint main
mcsema-lift-4.0 --os linux --arch amd64_avx --cfg test.cfg --output test.bc -disable_dead_store_elimination -disable_optimizer
llvm-dis test.bc -o test.ll
make[1]: Leaving directory '/home/ubuntu/Github/validating-binary-decompilation/tests/compositional_artifacts_single_instruction_decompilation/callq_._ZN9benchmark7sift_inIP12ValueWrapperIS1_IS1_IS1_IS1_IS1_IS1_IS1_IS1_IS1_IdEEEEEEEEEESB_EEvlT_lT0_'

Executing: make -C /home/ubuntu/Github/validating-binary-decompilation/tests/compositional_artifacts_single_instruction_decompilation//callq_._ZN9benchmark7sift_inIP12ValueWrapperIS1_IS1_IS1_IS1_IS1_IS1_IS1_IS1_IS1_IdEEEEEEEEEESB_EEvlT_lT0_ declutter
make[1]: Entering directory '/home/ubuntu/Github/validating-binary-decompilation/tests/compositional_artifacts_single_instruction_decompilation/callq_._ZN9benchmark7sift_inIP12ValueWrapperIS1_IS1_IS1_IS1_IS1_IS1_IS1_IS1_IS1_IdEEEEEEEEEESB_EEvlT_lT0_'
/home/ubuntu/Github/validating-binary-decompilation/tests/scripts//declutter.pl --file test.ll --norenameintrinsics --opc callq_._ZN9benchmark7sift_inIP12ValueWrapperIS1_IS1_IS1_IS1_IS1_IS1_IS1_IS1_IS1_IdEEEEEEEEEESB_EEvlT_lT0_
Expanding _ZN12_GLOBAL__N_1L4CALLI2InImEEEP6MemoryS4_R5StateT_S2_...
Generatin test.mod.ll for opcode callq_._ZN9benchmark7sift_inIP12ValueWrapperIS1_IS1_IS1_IS1_IS1_IS1_IS1_IS1_IS1_IdEEEEEEEEEESB_EEvlT_lT0_ ...
make[1]: Leaving directory '/home/ubuntu/Github/validating-binary-decompilation/tests/compositional_artifacts_single_instruction_decompilation/callq_._ZN9benchmark7sift_inIP12ValueWrapperIS1_IS1_IS1_IS1_IS1_IS1_IS1_IS1_IS1_IdEEEEEEEEEESB_EEvlT_lT0_'

Executing: cat /home/ubuntu/Github/validating-binary-decompilation/tests/compositional_artifacts_single_instruction_decompilation//callq_._ZN9benchmark7sift_inIP12ValueWrapperIS1_IS1_IS1_IS1_IS1_IS1_IS1_IS1_IS1_IdEEEEEEEEEESB_EEvlT_lT0_/test.mod.ll
Running artifacts...Done.
Multiple defintions of @seg_4003a0__text
Multiple defintions of @seg_400548__eh_frame
FuncCache inserted: _ZN12_GLOBAL__N_1L4CALLI2InImEEEP6MemoryS4_R5StateT_S2_
FuncCache inserted: routine_callq_._ZN9benchmark7sift_inIP12ValueWrapperIS1_IS1_IS1_IS1_IS1_IS1_IS1_IS1_IS1_IdEEEEEEEEEESB_EEvlT_lT0_


Decompiling instr:movq -0x18(%rbp), %rax...
Instr: movq -0x18(%rbp), %rax
Workdir: /home/ubuntu/Github/validating-binary-decompilation/tests/compositional_artifacts_single_instruction_decompilation//movq_MINUS0x18__rbp____rax
Generating artifacts...
Already Exists
Running artifacts...
Skip McSema run ...
Skip Declutter ...

Executing: cat /home/ubuntu/Github/validating-binary-decompilation/tests/compositional_artifacts_single_instruction_decompilation//movq_MINUS0x18__rbp____rax/test.mod.ll
Running artifacts...Done.
Multiple defintions of @seg_4003a0__text
Multiple defintions of @seg_400548__eh_frame
FuncCache skipped: _ZN12_GLOBAL__N_1L3MOVI3RnWImE2MnImEEEP6MemoryS6_R5StateT_T0_
FuncCache inserted: routine_movq_MINUS0x18__rbp____rax


Decompiling instr:addq $0xffffffff, %rax...
Instr: addq $0xffffffff, %rax
Workdir: /home/ubuntu/Github/validating-binary-decompilation/tests/compositional_artifacts_single_instruction_decompilation//addq__0xffffffff___rax
Generating artifacts...
Already Exists
Running artifacts...
test.c:1:1: warning: return type of 'main' is not 'int' [-Wmain-return-type]
void main() {
^
test.c:1:1: note: change return type to 'int'
void main() {
^~~~
int
test.c:2:11: error: invalid operand for instruction
  __asm__("addq $0xffffffff, %rax");
          ^
<inline asm>:1:7: note: instantiated into assembly here
        addq $0xffffffff, %rax
             ^~~~~~~~~~~~
1 warning and 1 error generated.
make[1]: *** [binary] Error 1
test.c: Assembler messages:
test.c:2: Error: operand type mismatch for `add'
make[1]: *** [test] Error 1
make[1]: *** No rule to make target 'test.ll', needed by 'declutter'.  Stop.
cat: /home/ubuntu/Github/validating-binary-decompilation/tests/compositional_artifacts_single_instruction_decompilation//addq__0xffffffff___rax/test.mod.ll: No such file or directory

Executing: make -C /home/ubuntu/Github/validating-binary-decompilation/tests/compositional_artifacts_single_instruction_decompilation//addq__0xffffffff___rax binary
make[1]: Entering directory '/home/ubuntu/Github/validating-binary-decompilation/tests/compositional_artifacts_single_instruction_decompilation/addq__0xffffffff___rax'
clang -Os test.c -o test
Makefile:21: recipe for target 'binary' failed
make[1]: Leaving directory '/home/ubuntu/Github/validating-binary-decompilation/tests/compositional_artifacts_single_instruction_decompilation/addq__0xffffffff___rax'

Executing: make -C /home/ubuntu/Github/validating-binary-decompilation/tests/compositional_artifacts_single_instruction_decompilation//addq__0xffffffff___rax mcsema
make[1]: Entering directory '/home/ubuntu/Github/validating-binary-decompilation/tests/compositional_artifacts_single_instruction_decompilation/addq__0xffffffff___rax'
cc     test.c   -o test
<builtin>: recipe for target 'test' failed
make[1]: Leaving directory '/home/ubuntu/Github/validating-binary-decompilation/tests/compositional_artifacts_single_instruction_decompilation/addq__0xffffffff___rax'

Executing: make -C /home/ubuntu/Github/validating-binary-decompilation/tests/compositional_artifacts_single_instruction_decompilation//addq__0xffffffff___rax declutter
make[1]: Entering directory '/home/ubuntu/Github/validating-binary-decompilation/tests/compositional_artifacts_single_instruction_decompilation/addq__0xffffffff___rax'
make[1]: Leaving directory '/home/ubuntu/Github/validating-binary-decompilation/tests/compositional_artifacts_single_instruction_decompilation/addq__0xffffffff___rax'

Executing: cat /home/ubuntu/Github/validating-binary-decompilation/tests/compositional_artifacts_single_instruction_decompilation//addq__0xffffffff___rax/test.mod.ll
Running artifacts...Done.


Decompiling instr:movq %rax, -0x18(%rbp)...
Instr: movq %rax, -0x18(%rbp)
Workdir: /home/ubuntu/Github/validating-binary-decompilation/tests/compositional_artifacts_single_instruction_decompilation//movq__rax__MINUS0x18__rbp_
Generating artifacts...
Already Exists
Running artifacts...
Skip McSema run ...
Skip Declutter ...

Executing: cat /home/ubuntu/Github/validating-binary-decompilation/tests/compositional_artifacts_single_instruction_decompilation//movq__rax__MINUS0x18__rbp_/test.mod.ll
Running artifacts...Done.
Multiple defintions of @seg_4003a0__text
Multiple defintions of @seg_400548__eh_frame
FuncCache skipped: _ZN12_GLOBAL__N_1L3MOVI3MnWImE2RnImEEEP6MemoryS6_R5StateT_T0_
FuncCache skipped: routine_movq__rax__MINUS0x18__rbp_


Decompiling instr:jmpq .L_40361b...
Instr: jmpq .L_40361b
Workdir: /home/ubuntu/Github/validating-binary-decompilation/tests/compositional_artifacts_single_instruction_decompilation//jmpq_.L_40361b
Generating artifacts...
Generating artifacts... Done.
Running artifacts...
test.c:1:1: warning: return type of 'main' is not 'int' [-Wmain-return-type]
void main() {
^
test.c:1:1: note: change return type to 'int'
void main() {
^~~~
int
1 warning generated.

Executing: make -C /home/ubuntu/Github/validating-binary-decompilation/tests/compositional_artifacts_single_instruction_decompilation//jmpq_.L_40361b binary
make[1]: Entering directory '/home/ubuntu/Github/validating-binary-decompilation/tests/compositional_artifacts_single_instruction_decompilation/jmpq_.L_40361b'
clang -Os test.c -o test
make[1]: Leaving directory '/home/ubuntu/Github/validating-binary-decompilation/tests/compositional_artifacts_single_instruction_decompilation/jmpq_.L_40361b'

Executing: make -C /home/ubuntu/Github/validating-binary-decompilation/tests/compositional_artifacts_single_instruction_decompilation//jmpq_.L_40361b mcsema
make[1]: Entering directory '/home/ubuntu/Github/validating-binary-decompilation/tests/compositional_artifacts_single_instruction_decompilation/jmpq_.L_40361b'
mcsema-disass --disassembler /home/ubuntu/ida-6.95/idal64 --os linux --arch amd64_avx --output test.cfg --binary test --entrypoint main
mcsema-lift-4.0 --os linux --arch amd64_avx --cfg test.cfg --output test.bc -disable_dead_store_elimination -disable_optimizer
llvm-dis test.bc -o test.ll
make[1]: Leaving directory '/home/ubuntu/Github/validating-binary-decompilation/tests/compositional_artifacts_single_instruction_decompilation/jmpq_.L_40361b'

Executing: make -C /home/ubuntu/Github/validating-binary-decompilation/tests/compositional_artifacts_single_instruction_decompilation//jmpq_.L_40361b declutter
make[1]: Entering directory '/home/ubuntu/Github/validating-binary-decompilation/tests/compositional_artifacts_single_instruction_decompilation/jmpq_.L_40361b'
/home/ubuntu/Github/validating-binary-decompilation/tests/scripts//declutter.pl --file test.ll --norenameintrinsics --opc jmpq_.L_40361b
Expanding _ZN12_GLOBAL__N_1L3JMPI2InImEEEP6MemoryS4_R5StateT_...
Generatin test.mod.ll for opcode jmpq_.L_40361b ...
make[1]: Leaving directory '/home/ubuntu/Github/validating-binary-decompilation/tests/compositional_artifacts_single_instruction_decompilation/jmpq_.L_40361b'

Executing: cat /home/ubuntu/Github/validating-binary-decompilation/tests/compositional_artifacts_single_instruction_decompilation//jmpq_.L_40361b/test.mod.ll
Running artifacts...Done.
Multiple defintions of @seg_4003a0__text
Multiple defintions of @seg_400548__eh_frame
FuncCache inserted: _ZN12_GLOBAL__N_1L3JMPI2InImEEEP6MemoryS4_R5StateT_
FuncCache inserted: routine_jmpq_.L_40361b


Decompiling instr:.L_403665:...


Decompiling instr:movq -0x20(%rbp), %rax...
Instr: movq -0x20(%rbp), %rax
Workdir: /home/ubuntu/Github/validating-binary-decompilation/tests/compositional_artifacts_single_instruction_decompilation//movq_MINUS0x20__rbp____rax
Generating artifacts...
Already Exists
Running artifacts...
Skip McSema run ...
Skip Declutter ...

Executing: cat /home/ubuntu/Github/validating-binary-decompilation/tests/compositional_artifacts_single_instruction_decompilation//movq_MINUS0x20__rbp____rax/test.mod.ll
Running artifacts...Done.
Multiple defintions of @seg_4003a0__text
Multiple defintions of @seg_400548__eh_frame
FuncCache skipped: _ZN12_GLOBAL__N_1L3MOVI3RnWImE2MnImEEEP6MemoryS6_R5StateT_T0_
FuncCache skipped: routine_movq_MINUS0x20__rbp____rax


Decompiling instr:subq $0x1, %rax...
Instr: subq $0x1, %rax
Workdir: /home/ubuntu/Github/validating-binary-decompilation/tests/compositional_artifacts_single_instruction_decompilation//subq__0x1___rax
Generating artifacts...
Already Exists
Running artifacts...
Skip McSema run ...
Skip Declutter ...

Executing: cat /home/ubuntu/Github/validating-binary-decompilation/tests/compositional_artifacts_single_instruction_decompilation//subq__0x1___rax/test.mod.ll
Running artifacts...Done.
Multiple defintions of @seg_4003a0__text
Multiple defintions of @seg_400548__eh_frame
FuncCache skipped: _ZN12_GLOBAL__N_1L3SUBI3RnWImE2RnImE2InImEEEP6MemoryS8_R5StateT_T0_T1_
FuncCache skipped: routine_subq__0x1___rax


Decompiling instr:movq %rax, -0x18(%rbp)...
Instr: movq %rax, -0x18(%rbp)
Workdir: /home/ubuntu/Github/validating-binary-decompilation/tests/compositional_artifacts_single_instruction_decompilation//movq__rax__MINUS0x18__rbp_
Generating artifacts...
Already Exists
Running artifacts...
Skip McSema run ...
Skip Declutter ...

Executing: cat /home/ubuntu/Github/validating-binary-decompilation/tests/compositional_artifacts_single_instruction_decompilation//movq__rax__MINUS0x18__rbp_/test.mod.ll
Running artifacts...Done.
Multiple defintions of @seg_4003a0__text
Multiple defintions of @seg_400548__eh_frame
FuncCache skipped: _ZN12_GLOBAL__N_1L3MOVI3MnWImE2RnImEEEP6MemoryS6_R5StateT_T0_
FuncCache skipped: routine_movq__rax__MINUS0x18__rbp_


Decompiling instr:.L_403671:...


Decompiling instr:cmpq $0x1, -0x18(%rbp)...
Instr: cmpq $0x1, -0x18(%rbp)
Workdir: /home/ubuntu/Github/validating-binary-decompilation/tests/compositional_artifacts_single_instruction_decompilation//cmpq__0x1__MINUS0x18__rbp_
Generating artifacts...
Already Exists
Running artifacts...
Skip McSema run ...

Executing: make -C /home/ubuntu/Github/validating-binary-decompilation/tests/compositional_artifacts_single_instruction_decompilation//cmpq__0x1__MINUS0x18__rbp_ declutter
make[1]: Entering directory '/home/ubuntu/Github/validating-binary-decompilation/tests/compositional_artifacts_single_instruction_decompilation/cmpq__0x1__MINUS0x18__rbp_'
/home/ubuntu/Github/validating-binary-decompilation/tests/scripts//declutter.pl --file test.ll --norenameintrinsics --opc cmpq__0x1__MINUS0x18__rbp_
Expanding _ZN12_GLOBAL__N_1L3CMPI2MnImE2InImEEEP6MemoryS6_R5StateT_T0_...
Generatin test.mod.ll for opcode cmpq__0x1__MINUS0x18__rbp_ ...
make[1]: Leaving directory '/home/ubuntu/Github/validating-binary-decompilation/tests/compositional_artifacts_single_instruction_decompilation/cmpq__0x1__MINUS0x18__rbp_'

Executing: cat /home/ubuntu/Github/validating-binary-decompilation/tests/compositional_artifacts_single_instruction_decompilation//cmpq__0x1__MINUS0x18__rbp_/test.mod.ll
Running artifacts...Done.
Multiple defintions of @seg_4003a0__text
Multiple defintions of @seg_400548__eh_frame
FuncCache skipped: _ZN12_GLOBAL__N_1L3CMPI2MnImE2InImEEEP6MemoryS6_R5StateT_T0_
FuncCache inserted: routine_cmpq__0x1__MINUS0x18__rbp_


Decompiling instr:jl .L_4036ce...
Instr: jl .L_4036ce
Workdir: /home/ubuntu/Github/validating-binary-decompilation/tests/compositional_artifacts_single_instruction_decompilation//jl_.L_4036ce
Generating artifacts...
Generating artifacts... Done.
Running artifacts...
test.c:1:1: warning: return type of 'main' is not 'int' [-Wmain-return-type]
void main() {
^
test.c:1:1: note: change return type to 'int'
void main() {
^~~~
int
1 warning generated.

Executing: make -C /home/ubuntu/Github/validating-binary-decompilation/tests/compositional_artifacts_single_instruction_decompilation//jl_.L_4036ce binary
make[1]: Entering directory '/home/ubuntu/Github/validating-binary-decompilation/tests/compositional_artifacts_single_instruction_decompilation/jl_.L_4036ce'
clang -Os test.c -o test
make[1]: Leaving directory '/home/ubuntu/Github/validating-binary-decompilation/tests/compositional_artifacts_single_instruction_decompilation/jl_.L_4036ce'

Executing: make -C /home/ubuntu/Github/validating-binary-decompilation/tests/compositional_artifacts_single_instruction_decompilation//jl_.L_4036ce mcsema
make[1]: Entering directory '/home/ubuntu/Github/validating-binary-decompilation/tests/compositional_artifacts_single_instruction_decompilation/jl_.L_4036ce'
mcsema-disass --disassembler /home/ubuntu/ida-6.95/idal64 --os linux --arch amd64_avx --output test.cfg --binary test --entrypoint main
mcsema-lift-4.0 --os linux --arch amd64_avx --cfg test.cfg --output test.bc -disable_dead_store_elimination -disable_optimizer
llvm-dis test.bc -o test.ll
make[1]: Leaving directory '/home/ubuntu/Github/validating-binary-decompilation/tests/compositional_artifacts_single_instruction_decompilation/jl_.L_4036ce'

Executing: make -C /home/ubuntu/Github/validating-binary-decompilation/tests/compositional_artifacts_single_instruction_decompilation//jl_.L_4036ce declutter
make[1]: Entering directory '/home/ubuntu/Github/validating-binary-decompilation/tests/compositional_artifacts_single_instruction_decompilation/jl_.L_4036ce'
/home/ubuntu/Github/validating-binary-decompilation/tests/scripts//declutter.pl --file test.ll --norenameintrinsics --opc jl_.L_4036ce
Expanding _ZN12_GLOBAL__N_1L2JLEP6MemoryR5State3RnWIhE2InImES7_...
Generatin test.mod.ll for opcode jl_.L_4036ce ...
make[1]: Leaving directory '/home/ubuntu/Github/validating-binary-decompilation/tests/compositional_artifacts_single_instruction_decompilation/jl_.L_4036ce'

Executing: cat /home/ubuntu/Github/validating-binary-decompilation/tests/compositional_artifacts_single_instruction_decompilation//jl_.L_4036ce/test.mod.ll
Running artifacts...Done.
Multiple defintions of @seg_4003a0__text
Multiple defintions of @seg_400548__eh_frame
FuncCache skipped: _ZN12_GLOBAL__N_1L2JLEP6MemoryR5State3RnWIhE2InImES7_
FuncCache inserted: routine_jl_.L_4036ce


Decompiling instr:xorl %eax, %eax...
Instr: xorl %eax, %eax
Workdir: /home/ubuntu/Github/validating-binary-decompilation/tests/compositional_artifacts_single_instruction_decompilation//xorl__eax___eax
Generating artifacts...
Already Exists
Running artifacts...
Skip McSema run ...
Skip Declutter ...

Executing: cat /home/ubuntu/Github/validating-binary-decompilation/tests/compositional_artifacts_single_instruction_decompilation//xorl__eax___eax/test.mod.ll
Running artifacts...Done.
Multiple defintions of @seg_4003a0__text
Multiple defintions of @seg_400548__eh_frame
FuncCache inserted: _ZN12_GLOBAL__N_1L3XORI3RnWImE2RnIjES4_EEP6MemoryS6_R5StateT_T0_T1_
FuncCache inserted: routine_xorl__eax___eax


Decompiling instr:movl %eax, %edx...
Instr: movl %eax, %edx
Workdir: /home/ubuntu/Github/validating-binary-decompilation/tests/compositional_artifacts_single_instruction_decompilation//movl__eax___edx
Generating artifacts...
Already Exists
Running artifacts...
Skip McSema run ...
Skip Declutter ...

Executing: cat /home/ubuntu/Github/validating-binary-decompilation/tests/compositional_artifacts_single_instruction_decompilation//movl__eax___edx/test.mod.ll
Running artifacts...Done.
Multiple defintions of @seg_4003a0__text
Multiple defintions of @seg_400548__eh_frame
FuncCache skipped: _ZN12_GLOBAL__N_1L3MOVI3RnWImE2RnIjEEEP6MemoryS6_R5StateT_T0_
FuncCache inserted: routine_movl__eax___edx


Decompiling instr:movq -0x8(%rbp), %rcx...
Instr: movq -0x8(%rbp), %rcx
Workdir: /home/ubuntu/Github/validating-binary-decompilation/tests/compositional_artifacts_single_instruction_decompilation//movq_MINUS0x8__rbp____rcx
Generating artifacts...
Already Exists
Running artifacts...
Skip McSema run ...
Skip Declutter ...

Executing: cat /home/ubuntu/Github/validating-binary-decompilation/tests/compositional_artifacts_single_instruction_decompilation//movq_MINUS0x8__rbp____rcx/test.mod.ll
Running artifacts...Done.
Multiple defintions of @seg_4003a0__text
Multiple defintions of @seg_400548__eh_frame
FuncCache skipped: _ZN12_GLOBAL__N_1L3MOVI3RnWImE2MnImEEEP6MemoryS6_R5StateT_T0_
FuncCache inserted: routine_movq_MINUS0x8__rbp____rcx


Decompiling instr:movq -0x18(%rbp), %rsi...
Instr: movq -0x18(%rbp), %rsi
Workdir: /home/ubuntu/Github/validating-binary-decompilation/tests/compositional_artifacts_single_instruction_decompilation//movq_MINUS0x18__rbp____rsi
Generating artifacts...
Already Exists
Running artifacts...
Skip McSema run ...
Skip Declutter ...

Executing: cat /home/ubuntu/Github/validating-binary-decompilation/tests/compositional_artifacts_single_instruction_decompilation//movq_MINUS0x18__rbp____rsi/test.mod.ll
Running artifacts...Done.
Multiple defintions of @seg_4003a0__text
Multiple defintions of @seg_400548__eh_frame
FuncCache skipped: _ZN12_GLOBAL__N_1L3MOVI3RnWImE2MnImEEEP6MemoryS6_R5StateT_T0_
FuncCache inserted: routine_movq_MINUS0x18__rbp____rsi


Decompiling instr:movq (%rcx,%rsi,8), %rcx...
Instr: movq (%rcx,%rsi,8), %rcx
Workdir: /home/ubuntu/Github/validating-binary-decompilation/tests/compositional_artifacts_single_instruction_decompilation//movq___rcx__rsi_8____rcx
Generating artifacts...
Generating artifacts... Done.
Running artifacts...
test.c:1:1: warning: return type of 'main' is not 'int' [-Wmain-return-type]
void main() {
^
test.c:1:1: note: change return type to 'int'
void main() {
^~~~
int
1 warning generated.

Executing: make -C /home/ubuntu/Github/validating-binary-decompilation/tests/compositional_artifacts_single_instruction_decompilation//movq___rcx__rsi_8____rcx binary
make[1]: Entering directory '/home/ubuntu/Github/validating-binary-decompilation/tests/compositional_artifacts_single_instruction_decompilation/movq___rcx__rsi_8____rcx'
clang -Os test.c -o test
make[1]: Leaving directory '/home/ubuntu/Github/validating-binary-decompilation/tests/compositional_artifacts_single_instruction_decompilation/movq___rcx__rsi_8____rcx'

Executing: make -C /home/ubuntu/Github/validating-binary-decompilation/tests/compositional_artifacts_single_instruction_decompilation//movq___rcx__rsi_8____rcx mcsema
make[1]: Entering directory '/home/ubuntu/Github/validating-binary-decompilation/tests/compositional_artifacts_single_instruction_decompilation/movq___rcx__rsi_8____rcx'
mcsema-disass --disassembler /home/ubuntu/ida-6.95/idal64 --os linux --arch amd64_avx --output test.cfg --binary test --entrypoint main
mcsema-lift-4.0 --os linux --arch amd64_avx --cfg test.cfg --output test.bc -disable_dead_store_elimination -disable_optimizer
llvm-dis test.bc -o test.ll
make[1]: Leaving directory '/home/ubuntu/Github/validating-binary-decompilation/tests/compositional_artifacts_single_instruction_decompilation/movq___rcx__rsi_8____rcx'

Executing: make -C /home/ubuntu/Github/validating-binary-decompilation/tests/compositional_artifacts_single_instruction_decompilation//movq___rcx__rsi_8____rcx declutter
make[1]: Entering directory '/home/ubuntu/Github/validating-binary-decompilation/tests/compositional_artifacts_single_instruction_decompilation/movq___rcx__rsi_8____rcx'
/home/ubuntu/Github/validating-binary-decompilation/tests/scripts//declutter.pl --file test.ll --norenameintrinsics --opc movq___rcx__rsi_8____rcx
Expanding _ZN12_GLOBAL__N_1L3MOVI3RnWImE2MnImEEEP6MemoryS6_R5StateT_T0_...
Generatin test.mod.ll for opcode movq___rcx__rsi_8____rcx ...
make[1]: Leaving directory '/home/ubuntu/Github/validating-binary-decompilation/tests/compositional_artifacts_single_instruction_decompilation/movq___rcx__rsi_8____rcx'

Executing: cat /home/ubuntu/Github/validating-binary-decompilation/tests/compositional_artifacts_single_instruction_decompilation//movq___rcx__rsi_8____rcx/test.mod.ll
Running artifacts...Done.
Multiple defintions of @seg_4003a0__text
Multiple defintions of @seg_400548__eh_frame
FuncCache skipped: _ZN12_GLOBAL__N_1L3MOVI3RnWImE2MnImEEEP6MemoryS6_R5StateT_T0_
FuncCache inserted: routine_movq___rcx__rsi_8____rcx


Decompiling instr:movq %rcx, -0x38(%rbp)...
Instr: movq %rcx, -0x38(%rbp)
Workdir: /home/ubuntu/Github/validating-binary-decompilation/tests/compositional_artifacts_single_instruction_decompilation//movq__rcx__MINUS0x38__rbp_
Generating artifacts...
Already Exists
Running artifacts...
Skip McSema run ...
Skip Declutter ...

Executing: cat /home/ubuntu/Github/validating-binary-decompilation/tests/compositional_artifacts_single_instruction_decompilation//movq__rcx__MINUS0x38__rbp_/test.mod.ll
Running artifacts...Done.
Multiple defintions of @seg_4003a0__text
Multiple defintions of @seg_400548__eh_frame
FuncCache skipped: _ZN12_GLOBAL__N_1L3MOVI3MnWImE2RnImEEEP6MemoryS6_R5StateT_T0_
FuncCache inserted: routine_movq__rcx__MINUS0x38__rbp_


Decompiling instr:movq -0x8(%rbp), %rcx...
Instr: movq -0x8(%rbp), %rcx
Workdir: /home/ubuntu/Github/validating-binary-decompilation/tests/compositional_artifacts_single_instruction_decompilation//movq_MINUS0x8__rbp____rcx
Generating artifacts...
Already Exists
Running artifacts...
Skip McSema run ...
Skip Declutter ...

Executing: cat /home/ubuntu/Github/validating-binary-decompilation/tests/compositional_artifacts_single_instruction_decompilation//movq_MINUS0x8__rbp____rcx/test.mod.ll
Running artifacts...Done.
Multiple defintions of @seg_4003a0__text
Multiple defintions of @seg_400548__eh_frame
FuncCache skipped: _ZN12_GLOBAL__N_1L3MOVI3RnWImE2MnImEEEP6MemoryS6_R5StateT_T0_
FuncCache skipped: routine_movq_MINUS0x8__rbp____rcx


Decompiling instr:movq -0x8(%rbp), %rsi...
Instr: movq -0x8(%rbp), %rsi
Workdir: /home/ubuntu/Github/validating-binary-decompilation/tests/compositional_artifacts_single_instruction_decompilation//movq_MINUS0x8__rbp____rsi
Generating artifacts...
Already Exists
Running artifacts...
Skip McSema run ...
Skip Declutter ...

Executing: cat /home/ubuntu/Github/validating-binary-decompilation/tests/compositional_artifacts_single_instruction_decompilation//movq_MINUS0x8__rbp____rsi/test.mod.ll
Running artifacts...Done.
Multiple defintions of @seg_4003a0__text
Multiple defintions of @seg_400548__eh_frame
FuncCache skipped: _ZN12_GLOBAL__N_1L3MOVI3RnWImE2MnImEEEP6MemoryS6_R5StateT_T0_
FuncCache skipped: routine_movq_MINUS0x8__rbp____rsi


Decompiling instr:movq -0x18(%rbp), %rdi...
Instr: movq -0x18(%rbp), %rdi
Workdir: /home/ubuntu/Github/validating-binary-decompilation/tests/compositional_artifacts_single_instruction_decompilation//movq_MINUS0x18__rbp____rdi
Generating artifacts...
Already Exists
Running artifacts...
Skip McSema run ...
Skip Declutter ...

Executing: cat /home/ubuntu/Github/validating-binary-decompilation/tests/compositional_artifacts_single_instruction_decompilation//movq_MINUS0x18__rbp____rdi/test.mod.ll
Running artifacts...Done.
Multiple defintions of @seg_4003a0__text
Multiple defintions of @seg_400548__eh_frame
FuncCache skipped: _ZN12_GLOBAL__N_1L3MOVI3RnWImE2MnImEEEP6MemoryS6_R5StateT_T0_
FuncCache inserted: routine_movq_MINUS0x18__rbp____rdi


Decompiling instr:movq (%rcx), %rcx...
Instr: movq (%rcx), %rcx
Workdir: /home/ubuntu/Github/validating-binary-decompilation/tests/compositional_artifacts_single_instruction_decompilation//movq___rcx____rcx
Generating artifacts...
Already Exists
Running artifacts...
Skip McSema run ...
Skip Declutter ...

Executing: cat /home/ubuntu/Github/validating-binary-decompilation/tests/compositional_artifacts_single_instruction_decompilation//movq___rcx____rcx/test.mod.ll
Running artifacts...Done.
Multiple defintions of @seg_4003a0__text
Multiple defintions of @seg_400548__eh_frame
FuncCache skipped: _ZN12_GLOBAL__N_1L3MOVI3RnWImE2MnImEEEP6MemoryS6_R5StateT_T0_
FuncCache inserted: routine_movq___rcx____rcx


Decompiling instr:movq %rcx, (%rsi,%rdi,8)...
Instr: movq %rcx, (%rsi,%rdi,8)
Workdir: /home/ubuntu/Github/validating-binary-decompilation/tests/compositional_artifacts_single_instruction_decompilation//movq__rcx____rsi__rdi_8_
Generating artifacts...
Generating artifacts... Done.
Running artifacts...
test.c:1:1: warning: return type of 'main' is not 'int' [-Wmain-return-type]
void main() {
^
test.c:1:1: note: change return type to 'int'
void main() {
^~~~
int
1 warning generated.

Executing: make -C /home/ubuntu/Github/validating-binary-decompilation/tests/compositional_artifacts_single_instruction_decompilation//movq__rcx____rsi__rdi_8_ binary
make[1]: Entering directory '/home/ubuntu/Github/validating-binary-decompilation/tests/compositional_artifacts_single_instruction_decompilation/movq__rcx____rsi__rdi_8_'
clang -Os test.c -o test
make[1]: Leaving directory '/home/ubuntu/Github/validating-binary-decompilation/tests/compositional_artifacts_single_instruction_decompilation/movq__rcx____rsi__rdi_8_'

Executing: make -C /home/ubuntu/Github/validating-binary-decompilation/tests/compositional_artifacts_single_instruction_decompilation//movq__rcx____rsi__rdi_8_ mcsema
make[1]: Entering directory '/home/ubuntu/Github/validating-binary-decompilation/tests/compositional_artifacts_single_instruction_decompilation/movq__rcx____rsi__rdi_8_'
mcsema-disass --disassembler /home/ubuntu/ida-6.95/idal64 --os linux --arch amd64_avx --output test.cfg --binary test --entrypoint main
mcsema-lift-4.0 --os linux --arch amd64_avx --cfg test.cfg --output test.bc -disable_dead_store_elimination -disable_optimizer
llvm-dis test.bc -o test.ll
make[1]: Leaving directory '/home/ubuntu/Github/validating-binary-decompilation/tests/compositional_artifacts_single_instruction_decompilation/movq__rcx____rsi__rdi_8_'

Executing: make -C /home/ubuntu/Github/validating-binary-decompilation/tests/compositional_artifacts_single_instruction_decompilation//movq__rcx____rsi__rdi_8_ declutter
make[1]: Entering directory '/home/ubuntu/Github/validating-binary-decompilation/tests/compositional_artifacts_single_instruction_decompilation/movq__rcx____rsi__rdi_8_'
/home/ubuntu/Github/validating-binary-decompilation/tests/scripts//declutter.pl --file test.ll --norenameintrinsics --opc movq__rcx____rsi__rdi_8_
Expanding _ZN12_GLOBAL__N_1L3MOVI3MnWImE2RnImEEEP6MemoryS6_R5StateT_T0_...
Generatin test.mod.ll for opcode movq__rcx____rsi__rdi_8_ ...
make[1]: Leaving directory '/home/ubuntu/Github/validating-binary-decompilation/tests/compositional_artifacts_single_instruction_decompilation/movq__rcx____rsi__rdi_8_'

Executing: cat /home/ubuntu/Github/validating-binary-decompilation/tests/compositional_artifacts_single_instruction_decompilation//movq__rcx____rsi__rdi_8_/test.mod.ll
Running artifacts...Done.
Multiple defintions of @seg_4003a0__text
Multiple defintions of @seg_400548__eh_frame
FuncCache skipped: _ZN12_GLOBAL__N_1L3MOVI3MnWImE2RnImEEEP6MemoryS6_R5StateT_T0_
FuncCache inserted: routine_movq__rcx____rsi__rdi_8_


Decompiling instr:movq -0x18(%rbp), %rdi...
Instr: movq -0x18(%rbp), %rdi
Workdir: /home/ubuntu/Github/validating-binary-decompilation/tests/compositional_artifacts_single_instruction_decompilation//movq_MINUS0x18__rbp____rdi
Generating artifacts...
Already Exists
Running artifacts...
Skip McSema run ...
Skip Declutter ...

Executing: cat /home/ubuntu/Github/validating-binary-decompilation/tests/compositional_artifacts_single_instruction_decompilation//movq_MINUS0x18__rbp____rdi/test.mod.ll
Running artifacts...Done.
Multiple defintions of @seg_4003a0__text
Multiple defintions of @seg_400548__eh_frame
FuncCache skipped: _ZN12_GLOBAL__N_1L3MOVI3RnWImE2MnImEEEP6MemoryS6_R5StateT_T0_
FuncCache skipped: routine_movq_MINUS0x18__rbp____rdi


Decompiling instr:movq -0x8(%rbp), %rsi...
Instr: movq -0x8(%rbp), %rsi
Workdir: /home/ubuntu/Github/validating-binary-decompilation/tests/compositional_artifacts_single_instruction_decompilation//movq_MINUS0x8__rbp____rsi
Generating artifacts...
Already Exists
Running artifacts...
Skip McSema run ...
Skip Declutter ...

Executing: cat /home/ubuntu/Github/validating-binary-decompilation/tests/compositional_artifacts_single_instruction_decompilation//movq_MINUS0x8__rbp____rsi/test.mod.ll
Running artifacts...Done.
Multiple defintions of @seg_4003a0__text
Multiple defintions of @seg_400548__eh_frame
FuncCache skipped: _ZN12_GLOBAL__N_1L3MOVI3RnWImE2MnImEEEP6MemoryS6_R5StateT_T0_
FuncCache skipped: routine_movq_MINUS0x8__rbp____rsi


Decompiling instr:movq -0x38(%rbp), %rcx...
Instr: movq -0x38(%rbp), %rcx
Workdir: /home/ubuntu/Github/validating-binary-decompilation/tests/compositional_artifacts_single_instruction_decompilation//movq_MINUS0x38__rbp____rcx
Generating artifacts...
Already Exists
Running artifacts...
Skip McSema run ...
Skip Declutter ...

Executing: cat /home/ubuntu/Github/validating-binary-decompilation/tests/compositional_artifacts_single_instruction_decompilation//movq_MINUS0x38__rbp____rcx/test.mod.ll
Running artifacts...Done.
Multiple defintions of @seg_4003a0__text
Multiple defintions of @seg_400548__eh_frame
FuncCache skipped: _ZN12_GLOBAL__N_1L3MOVI3RnWImE2MnImEEEP6MemoryS6_R5StateT_T0_
FuncCache inserted: routine_movq_MINUS0x38__rbp____rcx


Decompiling instr:movq %rcx, -0x40(%rbp)...
Instr: movq %rcx, -0x40(%rbp)
Workdir: /home/ubuntu/Github/validating-binary-decompilation/tests/compositional_artifacts_single_instruction_decompilation//movq__rcx__MINUS0x40__rbp_
Generating artifacts...
Already Exists
Running artifacts...
Skip McSema run ...
Skip Declutter ...

Executing: cat /home/ubuntu/Github/validating-binary-decompilation/tests/compositional_artifacts_single_instruction_decompilation//movq__rcx__MINUS0x40__rbp_/test.mod.ll
Running artifacts...Done.
Multiple defintions of @seg_4003a0__text
Multiple defintions of @seg_400548__eh_frame
FuncCache skipped: _ZN12_GLOBAL__N_1L3MOVI3MnWImE2RnImEEEP6MemoryS6_R5StateT_T0_
FuncCache inserted: routine_movq__rcx__MINUS0x40__rbp_


Decompiling instr:movsd -0x40(%rbp), %xmm0...
Instr: movsd -0x40(%rbp), %xmm0
Workdir: /home/ubuntu/Github/validating-binary-decompilation/tests/compositional_artifacts_single_instruction_decompilation//movsd_MINUS0x40__rbp____xmm0
Generating artifacts...
Already Exists
Running artifacts...
Skip McSema run ...
Skip Declutter ...

Executing: cat /home/ubuntu/Github/validating-binary-decompilation/tests/compositional_artifacts_single_instruction_decompilation//movsd_MINUS0x40__rbp____xmm0/test.mod.ll
Running artifacts...Done.
Multiple defintions of @seg_4003a0__text
Multiple defintions of @seg_400548__eh_frame
FuncCache skipped: _ZN12_GLOBAL__N_1L9MOVSD_MEMI3VnWI8vec128_tE3MVnI7vec64_tEEEP6MemoryS8_R5StateT_T0_
FuncCache inserted: routine_movsd_MINUS0x40__rbp____xmm0


Decompiling instr:callq ._ZN9benchmark7sift_inIP12ValueWrapperIS1_IS1_IS1_IS1_IS1_IS1_IS1_IS1_IS1_IdEEEEEEEEEESB_EEvlT_lT0_...
Instr: callq ._ZN9benchmark7sift_inIP12ValueWrapperIS1_IS1_IS1_IS1_IS1_IS1_IS1_IS1_IS1_IdEEEEEEEEEESB_EEvlT_lT0_
Workdir: /home/ubuntu/Github/validating-binary-decompilation/tests/compositional_artifacts_single_instruction_decompilation//callq_._ZN9benchmark7sift_inIP12ValueWrapperIS1_IS1_IS1_IS1_IS1_IS1_IS1_IS1_IS1_IdEEEEEEEEEESB_EEvlT_lT0_
Generating artifacts...
Already Exists
Running artifacts...
Skip McSema run ...
Skip Declutter ...

Executing: cat /home/ubuntu/Github/validating-binary-decompilation/tests/compositional_artifacts_single_instruction_decompilation//callq_._ZN9benchmark7sift_inIP12ValueWrapperIS1_IS1_IS1_IS1_IS1_IS1_IS1_IS1_IS1_IdEEEEEEEEEESB_EEvlT_lT0_/test.mod.ll
Running artifacts...Done.
Multiple defintions of @seg_4003a0__text
Multiple defintions of @seg_400548__eh_frame
FuncCache skipped: _ZN12_GLOBAL__N_1L4CALLI2InImEEEP6MemoryS4_R5StateT_S2_
FuncCache skipped: routine_callq_._ZN9benchmark7sift_inIP12ValueWrapperIS1_IS1_IS1_IS1_IS1_IS1_IS1_IS1_IS1_IdEEEEEEEEEESB_EEvlT_lT0_


Decompiling instr:movq -0x18(%rbp), %rax...
Instr: movq -0x18(%rbp), %rax
Workdir: /home/ubuntu/Github/validating-binary-decompilation/tests/compositional_artifacts_single_instruction_decompilation//movq_MINUS0x18__rbp____rax
Generating artifacts...
Already Exists
Running artifacts...
Skip McSema run ...
Skip Declutter ...

Executing: cat /home/ubuntu/Github/validating-binary-decompilation/tests/compositional_artifacts_single_instruction_decompilation//movq_MINUS0x18__rbp____rax/test.mod.ll
Running artifacts...Done.
Multiple defintions of @seg_4003a0__text
Multiple defintions of @seg_400548__eh_frame
FuncCache skipped: _ZN12_GLOBAL__N_1L3MOVI3RnWImE2MnImEEEP6MemoryS6_R5StateT_T0_
FuncCache skipped: routine_movq_MINUS0x18__rbp____rax


Decompiling instr:addq $0xffffffff, %rax...
Instr: addq $0xffffffff, %rax
Workdir: /home/ubuntu/Github/validating-binary-decompilation/tests/compositional_artifacts_single_instruction_decompilation//addq__0xffffffff___rax
Generating artifacts...
Already Exists
Running artifacts...
test.c:1:1: warning: return type of 'main' is not 'int' [-Wmain-return-type]
void main() {
^
test.c:1:1: note: change return type to 'int'
void main() {
^~~~
int
test.c:2:11: error: invalid operand for instruction
  __asm__("addq $0xffffffff, %rax");
          ^
<inline asm>:1:7: note: instantiated into assembly here
        addq $0xffffffff, %rax
             ^~~~~~~~~~~~
1 warning and 1 error generated.
make[1]: *** [binary] Error 1
test.c: Assembler messages:
test.c:2: Error: operand type mismatch for `add'
make[1]: *** [test] Error 1
make[1]: *** No rule to make target 'test.ll', needed by 'declutter'.  Stop.
cat: /home/ubuntu/Github/validating-binary-decompilation/tests/compositional_artifacts_single_instruction_decompilation//addq__0xffffffff___rax/test.mod.ll: No such file or directory

Executing: make -C /home/ubuntu/Github/validating-binary-decompilation/tests/compositional_artifacts_single_instruction_decompilation//addq__0xffffffff___rax binary
make[1]: Entering directory '/home/ubuntu/Github/validating-binary-decompilation/tests/compositional_artifacts_single_instruction_decompilation/addq__0xffffffff___rax'
clang -Os test.c -o test
Makefile:21: recipe for target 'binary' failed
make[1]: Leaving directory '/home/ubuntu/Github/validating-binary-decompilation/tests/compositional_artifacts_single_instruction_decompilation/addq__0xffffffff___rax'

Executing: make -C /home/ubuntu/Github/validating-binary-decompilation/tests/compositional_artifacts_single_instruction_decompilation//addq__0xffffffff___rax mcsema
make[1]: Entering directory '/home/ubuntu/Github/validating-binary-decompilation/tests/compositional_artifacts_single_instruction_decompilation/addq__0xffffffff___rax'
cc     test.c   -o test
<builtin>: recipe for target 'test' failed
make[1]: Leaving directory '/home/ubuntu/Github/validating-binary-decompilation/tests/compositional_artifacts_single_instruction_decompilation/addq__0xffffffff___rax'

Executing: make -C /home/ubuntu/Github/validating-binary-decompilation/tests/compositional_artifacts_single_instruction_decompilation//addq__0xffffffff___rax declutter
make[1]: Entering directory '/home/ubuntu/Github/validating-binary-decompilation/tests/compositional_artifacts_single_instruction_decompilation/addq__0xffffffff___rax'
make[1]: Leaving directory '/home/ubuntu/Github/validating-binary-decompilation/tests/compositional_artifacts_single_instruction_decompilation/addq__0xffffffff___rax'

Executing: cat /home/ubuntu/Github/validating-binary-decompilation/tests/compositional_artifacts_single_instruction_decompilation//addq__0xffffffff___rax/test.mod.ll
Running artifacts...Done.


Decompiling instr:movq %rax, -0x18(%rbp)...
Instr: movq %rax, -0x18(%rbp)
Workdir: /home/ubuntu/Github/validating-binary-decompilation/tests/compositional_artifacts_single_instruction_decompilation//movq__rax__MINUS0x18__rbp_
Generating artifacts...
Already Exists
Running artifacts...
Skip McSema run ...
Skip Declutter ...

Executing: cat /home/ubuntu/Github/validating-binary-decompilation/tests/compositional_artifacts_single_instruction_decompilation//movq__rax__MINUS0x18__rbp_/test.mod.ll
Running artifacts...Done.
Multiple defintions of @seg_4003a0__text
Multiple defintions of @seg_400548__eh_frame
FuncCache skipped: _ZN12_GLOBAL__N_1L3MOVI3MnWImE2RnImEEEP6MemoryS6_R5StateT_T0_
FuncCache skipped: routine_movq__rax__MINUS0x18__rbp_


Decompiling instr:jmpq .L_403671...
Instr: jmpq .L_403671
Workdir: /home/ubuntu/Github/validating-binary-decompilation/tests/compositional_artifacts_single_instruction_decompilation//jmpq_.L_403671
Generating artifacts...
Generating artifacts... Done.
Running artifacts...
test.c:1:1: warning: return type of 'main' is not 'int' [-Wmain-return-type]
void main() {
^
test.c:1:1: note: change return type to 'int'
void main() {
^~~~
int
1 warning generated.

Executing: make -C /home/ubuntu/Github/validating-binary-decompilation/tests/compositional_artifacts_single_instruction_decompilation//jmpq_.L_403671 binary
make[1]: Entering directory '/home/ubuntu/Github/validating-binary-decompilation/tests/compositional_artifacts_single_instruction_decompilation/jmpq_.L_403671'
clang -Os test.c -o test
make[1]: Leaving directory '/home/ubuntu/Github/validating-binary-decompilation/tests/compositional_artifacts_single_instruction_decompilation/jmpq_.L_403671'

Executing: make -C /home/ubuntu/Github/validating-binary-decompilation/tests/compositional_artifacts_single_instruction_decompilation//jmpq_.L_403671 mcsema
make[1]: Entering directory '/home/ubuntu/Github/validating-binary-decompilation/tests/compositional_artifacts_single_instruction_decompilation/jmpq_.L_403671'
mcsema-disass --disassembler /home/ubuntu/ida-6.95/idal64 --os linux --arch amd64_avx --output test.cfg --binary test --entrypoint main
mcsema-lift-4.0 --os linux --arch amd64_avx --cfg test.cfg --output test.bc -disable_dead_store_elimination -disable_optimizer
llvm-dis test.bc -o test.ll
make[1]: Leaving directory '/home/ubuntu/Github/validating-binary-decompilation/tests/compositional_artifacts_single_instruction_decompilation/jmpq_.L_403671'

Executing: make -C /home/ubuntu/Github/validating-binary-decompilation/tests/compositional_artifacts_single_instruction_decompilation//jmpq_.L_403671 declutter
make[1]: Entering directory '/home/ubuntu/Github/validating-binary-decompilation/tests/compositional_artifacts_single_instruction_decompilation/jmpq_.L_403671'
/home/ubuntu/Github/validating-binary-decompilation/tests/scripts//declutter.pl --file test.ll --norenameintrinsics --opc jmpq_.L_403671
Expanding _ZN12_GLOBAL__N_1L3JMPI2InImEEEP6MemoryS4_R5StateT_...
Generatin test.mod.ll for opcode jmpq_.L_403671 ...
make[1]: Leaving directory '/home/ubuntu/Github/validating-binary-decompilation/tests/compositional_artifacts_single_instruction_decompilation/jmpq_.L_403671'

Executing: cat /home/ubuntu/Github/validating-binary-decompilation/tests/compositional_artifacts_single_instruction_decompilation//jmpq_.L_403671/test.mod.ll
Running artifacts...Done.
Multiple defintions of @seg_4003a0__text
Multiple defintions of @seg_400548__eh_frame
FuncCache skipped: _ZN12_GLOBAL__N_1L3JMPI2InImEEEP6MemoryS4_R5StateT_
FuncCache inserted: routine_jmpq_.L_403671


Decompiling instr:.L_4036ce:...


Decompiling instr:addq $0x40, %rsp...
Instr: addq $0x40, %rsp
Workdir: /home/ubuntu/Github/validating-binary-decompilation/tests/compositional_artifacts_single_instruction_decompilation//addq__0x40___rsp
Generating artifacts...
Already Exists
Running artifacts...
Skip McSema run ...
Skip Declutter ...

Executing: cat /home/ubuntu/Github/validating-binary-decompilation/tests/compositional_artifacts_single_instruction_decompilation//addq__0x40___rsp/test.mod.ll
Running artifacts...Done.
Multiple defintions of @seg_4003a0__text
Multiple defintions of @seg_400548__eh_frame
FuncCache inserted: _ZN12_GLOBAL__N_1L3ADDI3RnWImE2RnImE2InImEEEP6MemoryS8_R5StateT_T0_T1_
FuncCache inserted: routine_addq__0x40___rsp


Decompiling instr:popq %rbp...
Instr: popq %rbp
Workdir: /home/ubuntu/Github/validating-binary-decompilation/tests/compositional_artifacts_single_instruction_decompilation//popq__rbp
Generating artifacts...
Already Exists
Running artifacts...
Skip McSema run ...
Skip Declutter ...

Executing: cat /home/ubuntu/Github/validating-binary-decompilation/tests/compositional_artifacts_single_instruction_decompilation//popq__rbp/test.mod.ll
Running artifacts...Done.
Multiple defintions of @seg_4003a0__text
FuncCache inserted: _ZN12_GLOBAL__N_1L3POPI3RnWImEEEP6MemoryS4_R5StateT_
FuncCache inserted: routine_popq__rbp


Decompiling instr:retq...
Instr: retq
Workdir: /home/ubuntu/Github/validating-binary-decompilation/tests/compositional_artifacts_single_instruction_decompilation//retq
Generating artifacts...
Already Exists
Running artifacts...
Skip McSema run ...
Skip Declutter ...

Executing: cat /home/ubuntu/Github/validating-binary-decompilation/tests/compositional_artifacts_single_instruction_decompilation//retq/test.mod.ll
Running artifacts...Done.
Multiple defintions of @seg_4003a0__text
FuncCache inserted: _ZN12_GLOBAL__N_1L3RETEP6MemoryR5State
FuncCache inserted: routine_retq
Decompiling Function: _ZN9benchmark8heapsortIP12ValueWrapperIS1_IS1_IS1_IS1_IS1_IS1_IS1_IS1_IS1_IdEEEEEEEEEESB_EEvT_SD_ Done.



Writing to mcsema/test.proposed.ll ...
Decompiling: Done.

