Disassembling ../binary/test
Disassembled output
  .text
  .globl _ZN9benchmark13insertionSortI14PointerWrapperI12ValueWrapperIS2_IS2_IS2_IS2_IS2_IS2_IS2_IS2_IS2_IdEEEEEEEEEEESC_EEvT_SE_
  .type _ZN9benchmark13insertionSortI14PointerWrapperI12ValueWrapperIS2_IS2_IS2_IS2_IS2_IS2_IS2_IS2_IS2_IdEEEEEEEEEEESC_EEvT_SE_, @function

#! file-offset 0x5750
#! rip-offset  0x405750
#! capacity    275 bytes

# Text                                                                                                                      #  Line  RIP       Bytes  Opcode             Target                
._ZN9benchmark13insertionSortI14PointerWrapperI12ValueWrapperIS2_IS2_IS2_IS2_IS2_IS2_IS2_IS2_IS2_IdEEEEEEEEEEESC_EEvT_SE_:  #        0x405750  0      OPC=<label>        18446744073709551615  
  pushq %rbp                                                                                                                #  1     0x405750  1      OPC=pushq_r64_1    18446744073709551615  
  movq %rsp, %rbp                                                                                                           #  2     0x405751  3      OPC=movq_r64_r64   18446744073709551615  
  subq $0x60, %rsp                                                                                                          #  3     0x405754  4      OPC=subq_r64_imm8  18446744073709551615  
  leaq -0x18(%rbp), %rax                                                                                                    #  4     0x405758  4      OPC=leaq_r64_m16   18446744073709551615  
  xorl %ecx, %ecx                                                                                                           #  5     0x40575c  2      OPC=xorl_r32_r32   18446744073709551615  
  movq %rdi, -0x8(%rbp)                                                                                                     #  6     0x40575e  4      OPC=movq_m64_r64   18446744073709551615  
  movq %rsi, -0x10(%rbp)                                                                                                    #  7     0x405762  4      OPC=movq_m64_r64   18446744073709551615  
  movq -0x8(%rbp), %rsi                                                                                                     #  8     0x405766  4      OPC=movq_r64_m64   18446744073709551615  
  movq %rsi, -0x18(%rbp)                                                                                                    #  9     0x40576a  4      OPC=movq_m64_r64   18446744073709551615  
  movq %rax, %rdi                                                                                                           #  10    0x40576e  3      OPC=movq_r64_r64   18446744073709551615  
  movl %ecx, %esi                                                                                                           #  11    0x405771  2      OPC=movl_r32_r32   18446744073709551615  
  callq ._ZppI12ValueWrapperIS0_IS0_IS0_IS0_IS0_IS0_IS0_IS0_IS0_IdEEEEEEEEEEE14PointerWrapperIT_ERSD_i                      #  12    0x405773  5      OPC=callq_label    4206608               
  movq %rax, -0x20(%rbp)                                                                                                    #  13    0x405778  4      OPC=movq_m64_r64   18446744073709551615  
.L_40577c:                                                                                                                  #        0x40577c  0      OPC=<label>        18446744073709551615  
  leaq -0x18(%rbp), %rdi                                                                                                    #  14    0x40577c  4      OPC=leaq_r64_m16   18446744073709551615  
  leaq -0x10(%rbp), %rsi                                                                                                    #  15    0x405780  4      OPC=leaq_r64_m16   18446744073709551615  
  callq ._ZneI12ValueWrapperIS0_IS0_IS0_IS0_IS0_IS0_IS0_IS0_IS0_IdEEEEEEEEEEEbRK14PointerWrapperIT_ESF_                     #  16    0x405784  5      OPC=callq_label    4206672               
  testb $0x1, %al                                                                                                           #  17    0x405789  2      OPC=testb_al_imm8  18446744073709551615  
  jne .L_405796                                                                                                             #  18    0x40578b  6      OPC=jne_label_1    4216726               
  jmpq .L_40585d                                                                                                            #  19    0x405791  5      OPC=jmpq_label_1   4216925               
.L_405796:                                                                                                                  #        0x405796  0      OPC=<label>        18446744073709551615  
  leaq -0x18(%rbp), %rdi                                                                                                    #  20    0x405796  4      OPC=leaq_r64_m16   18446744073709551615  
  callq ._ZNK14PointerWrapperI12ValueWrapperIS0_IS0_IS0_IS0_IS0_IS0_IS0_IS0_IS0_IdEEEEEEEEEEEdeEv                           #  21    0x40579a  5      OPC=callq_label    4206720               
  movq (%rax), %rax                                                                                                         #  22    0x40579f  3      OPC=movq_r64_m64   18446744073709551615  
  movq %rax, -0x28(%rbp)                                                                                                    #  23    0x4057a2  4      OPC=movq_m64_r64   18446744073709551615  
  movq -0x18(%rbp), %rax                                                                                                    #  24    0x4057a6  4      OPC=movq_r64_m64   18446744073709551615  
  movq %rax, -0x30(%rbp)                                                                                                    #  25    0x4057aa  4      OPC=movq_m64_r64   18446744073709551615  
  movq -0x30(%rbp), %rax                                                                                                    #  26    0x4057ae  4      OPC=movq_r64_m64   18446744073709551615  
  movq %rax, -0x38(%rbp)                                                                                                    #  27    0x4057b2  4      OPC=movq_m64_r64   18446744073709551615  
.L_4057b6:                                                                                                                  #        0x4057b6  0      OPC=<label>        18446744073709551615  
  leaq -0x30(%rbp), %rdi                                                                                                    #  28    0x4057b6  4      OPC=leaq_r64_m16   18446744073709551615  
  leaq -0x8(%rbp), %rsi                                                                                                     #  29    0x4057ba  4      OPC=leaq_r64_m16   18446744073709551615  
  callq ._ZneI12ValueWrapperIS0_IS0_IS0_IS0_IS0_IS0_IS0_IS0_IS0_IdEEEEEEEEEEEbRK14PointerWrapperIT_ESF_                     #  30    0x4057be  5      OPC=callq_label    4206672               
  xorl %ecx, %ecx                                                                                                           #  31    0x4057c3  2      OPC=xorl_r32_r32   18446744073709551615  
  movb %cl, %dl                                                                                                             #  32    0x4057c5  2      OPC=movb_r8_r8     18446744073709551615  
  testb $0x1, %al                                                                                                           #  33    0x4057c7  2      OPC=testb_al_imm8  18446744073709551615  
  movb %dl, -0x41(%rbp)                                                                                                     #  34    0x4057c9  3      OPC=movb_m8_r8     18446744073709551615  
  jne .L_4057d7                                                                                                             #  35    0x4057cc  6      OPC=jne_label_1    4216791               
  jmpq .L_4057f7                                                                                                            #  36    0x4057d2  5      OPC=jmpq_label_1   4216823               
.L_4057d7:                                                                                                                  #        0x4057d7  0      OPC=<label>        18446744073709551615  
  leaq -0x38(%rbp), %rdi                                                                                                    #  37    0x4057d7  4      OPC=leaq_r64_m16   18446744073709551615  
  callq ._ZmmI12ValueWrapperIS0_IS0_IS0_IS0_IS0_IS0_IS0_IS0_IS0_IdEEEEEEEEEEER14PointerWrapperIT_ESE_                       #  38    0x4057db  5      OPC=callq_label    4214720               
  movq %rax, %rdi                                                                                                           #  39    0x4057e0  3      OPC=movq_r64_r64   18446744073709551615  
  callq ._ZNK14PointerWrapperI12ValueWrapperIS0_IS0_IS0_IS0_IS0_IS0_IS0_IS0_IS0_IdEEEEEEEEEEEdeEv                           #  40    0x4057e3  5      OPC=callq_label    4206720               
  leaq -0x28(%rbp), %rdi                                                                                                    #  41    0x4057e8  4      OPC=leaq_r64_m16   18446744073709551615  
  movq %rax, %rsi                                                                                                           #  42    0x4057ec  3      OPC=movq_r64_r64   18446744073709551615  
  callq ._ZltI12ValueWrapperIS0_IS0_IS0_IS0_IS0_IS0_IS0_IS0_IdEEEEEEEEEEbRKS0_IT_ESD_                                       #  43    0x4057ef  5      OPC=callq_label    4206752               
  movb %al, -0x41(%rbp)                                                                                                     #  44    0x4057f4  3      OPC=movb_m8_r8     18446744073709551615  
.L_4057f7:                                                                                                                  #        0x4057f7  0      OPC=<label>        18446744073709551615  
  movb -0x41(%rbp), %al                                                                                                     #  45    0x4057f7  3      OPC=movb_r8_m8     18446744073709551615  
  testb $0x1, %al                                                                                                           #  46    0x4057fa  2      OPC=testb_al_imm8  18446744073709551615  
  jne .L_405807                                                                                                             #  47    0x4057fc  6      OPC=jne_label_1    4216839               
  jmpq .L_405839                                                                                                            #  48    0x405802  5      OPC=jmpq_label_1   4216889               
.L_405807:                                                                                                                  #        0x405807  0      OPC=<label>        18446744073709551615  
  leaq -0x38(%rbp), %rdi                                                                                                    #  49    0x405807  4      OPC=leaq_r64_m16   18446744073709551615  
  callq ._ZNK14PointerWrapperI12ValueWrapperIS0_IS0_IS0_IS0_IS0_IS0_IS0_IS0_IS0_IdEEEEEEEEEEEdeEv                           #  50    0x40580b  5      OPC=callq_label    4206720               
  leaq -0x30(%rbp), %rdi                                                                                                    #  51    0x405810  4      OPC=leaq_r64_m16   18446744073709551615  
  movq %rax, -0x50(%rbp)                                                                                                    #  52    0x405814  4      OPC=movq_m64_r64   18446744073709551615  
  callq ._ZNK14PointerWrapperI12ValueWrapperIS0_IS0_IS0_IS0_IS0_IS0_IS0_IS0_IS0_IdEEEEEEEEEEEdeEv                           #  53    0x405818  5      OPC=callq_label    4206720               
  movq -0x50(%rbp), %rdi                                                                                                    #  54    0x40581d  4      OPC=movq_r64_m64   18446744073709551615  
  movq (%rdi), %rcx                                                                                                         #  55    0x405821  3      OPC=movq_r64_m64   18446744073709551615  
  movq %rcx, (%rax)                                                                                                         #  56    0x405824  3      OPC=movq_m64_r64   18446744073709551615  
  leaq -0x30(%rbp), %rdi                                                                                                    #  57    0x405827  4      OPC=leaq_r64_m16   18446744073709551615  
  callq ._ZmmI12ValueWrapperIS0_IS0_IS0_IS0_IS0_IS0_IS0_IS0_IS0_IdEEEEEEEEEEER14PointerWrapperIT_ESE_                       #  58    0x40582b  5      OPC=callq_label    4214720               
  movq %rax, -0x58(%rbp)                                                                                                    #  59    0x405830  4      OPC=movq_m64_r64   18446744073709551615  
  jmpq .L_4057b6                                                                                                            #  60    0x405834  5      OPC=jmpq_label_1   4216758               
.L_405839:                                                                                                                  #        0x405839  0      OPC=<label>        18446744073709551615  
  leaq -0x30(%rbp), %rdi                                                                                                    #  61    0x405839  4      OPC=leaq_r64_m16   18446744073709551615  
  callq ._ZNK14PointerWrapperI12ValueWrapperIS0_IS0_IS0_IS0_IS0_IS0_IS0_IS0_IS0_IdEEEEEEEEEEEdeEv                           #  62    0x40583d  5      OPC=callq_label    4206720               
  leaq -0x18(%rbp), %rdi                                                                                                    #  63    0x405842  4      OPC=leaq_r64_m16   18446744073709551615  
  xorl %esi, %esi                                                                                                           #  64    0x405846  2      OPC=xorl_r32_r32   18446744073709551615  
  movq -0x28(%rbp), %rcx                                                                                                    #  65    0x405848  4      OPC=movq_r64_m64   18446744073709551615  
  movq %rcx, (%rax)                                                                                                         #  66    0x40584c  3      OPC=movq_m64_r64   18446744073709551615  
  callq ._ZppI12ValueWrapperIS0_IS0_IS0_IS0_IS0_IS0_IS0_IS0_IS0_IdEEEEEEEEEEE14PointerWrapperIT_ERSD_i                      #  67    0x40584f  5      OPC=callq_label    4206608               
  movq %rax, -0x40(%rbp)                                                                                                    #  68    0x405854  4      OPC=movq_m64_r64   18446744073709551615  
  jmpq .L_40577c                                                                                                            #  69    0x405858  5      OPC=jmpq_label_1   4216700               
.L_40585d:                                                                                                                  #        0x40585d  0      OPC=<label>        18446744073709551615  
  addq $0x60, %rsp                                                                                                          #  70    0x40585d  4      OPC=addq_r64_imm8  18446744073709551615  
  popq %rbp                                                                                                                 #  71    0x405861  1      OPC=popq_r64_1     18446744073709551615  
  retq                                                                                                                      #  72    0x405862  1      OPC=retq           18446744073709551615  
                                                                                                                                                                                               
.size _ZN9benchmark13insertionSortI14PointerWrapperI12ValueWrapperIS2_IS2_IS2_IS2_IS2_IS2_IS2_IS2_IS2_IdEEEEEEEEEEESC_EEvT_SE_, .-_ZN9benchmark13insertionSortI14PointerWrapperI12ValueWrapperIS2_IS2_IS2_IS2_IS2_IS2_IS2_IS2_IS2_IdEEEEEEEEEEESC_EEvT_SE_
Disassembling Done.


Decompiling mcsema/test.proposed.ll
Computing Label PC values ...
.L_40585d->4216925
.L_405839->4216889
.L_405807->4216839
.L_40577c->4216700
.L_4057b6->4216758
._ZN9benchmark13insertionSortI14PointerWrapperI12ValueWrapperIS2_IS2_IS2_IS2_IS2_IS2_IS2_IS2_IS2_IdEEEEEEEEEEESC_EEvT_SE_->4216656
.L_405796->4216726
.L_4057f7->4216823
.L_4057d7->4216791

Computing Label PC values: Done.


Executing: cat ${HOME}/Github/validating-binary-decompilation/source/libs/compositional-decompiler/data/mcsema_template.txt
declare i32 @llvm.ctpop.i32(i32) #2
declare %struct.Memory* @__remill_error(%struct.State* dereferenceable(3376), i64, %struct.Memory*)

Decompiling Function: _ZN9benchmark13insertionSortI14PointerWrapperI12ValueWrapperIS2_IS2_IS2_IS2_IS2_IS2_IS2_IS2_IS2_IdEEEEEEEEEEESC_EEvT_SE_...


Decompiling instr:._ZN9benchmark13insertionSortI14PointerWrapperI12ValueWrapperIS2_IS2_IS2_IS2_IS2_IS2_IS2_IS2_IS2_IdEEEEEEEEEEESC_EEvT_SE_:...


Decompiling instr:pushq %rbp...
Instr: pushq %rbp
Workdir: /home/ubuntu/Github/validating-binary-decompilation/tests/compositional_artifacts_single_instruction_decompilation//pushq__rbp
Generating artifacts...
Already Exists
Running artifacts...
Skip McSema run ...
Skip Declutter ...

Executing: cat /home/ubuntu/Github/validating-binary-decompilation/tests/compositional_artifacts_single_instruction_decompilation//pushq__rbp/test.mod.ll
Running artifacts...Done.
FuncCache inserted: _ZN12_GLOBAL__N_1L4PUSHI2InImEEEP6MemoryS4_R5StateT_
FuncCache inserted: routine_pushq__rbp


Decompiling instr:movq %rsp, %rbp...
Instr: movq %rsp, %rbp
Workdir: /home/ubuntu/Github/validating-binary-decompilation/tests/compositional_artifacts_single_instruction_decompilation//movq__rsp___rbp
Generating artifacts...
Already Exists
Running artifacts...
Skip McSema run ...
Skip Declutter ...

Executing: cat /home/ubuntu/Github/validating-binary-decompilation/tests/compositional_artifacts_single_instruction_decompilation//movq__rsp___rbp/test.mod.ll
Running artifacts...Done.
Multiple defintions of @seg_4003a0__text
Multiple defintions of @seg_400548__eh_frame
FuncCache inserted: _ZN12_GLOBAL__N_1L3MOVI3RnWImE2RnImEEEP6MemoryS6_R5StateT_T0_
FuncCache inserted: routine_movq__rsp___rbp


Decompiling instr:subq $0x60, %rsp...
Instr: subq $0x60, %rsp
Workdir: /home/ubuntu/Github/validating-binary-decompilation/tests/compositional_artifacts_single_instruction_decompilation//subq__0x60___rsp
Generating artifacts...
Already Exists
Running artifacts...
Skip McSema run ...
Skip Declutter ...

Executing: cat /home/ubuntu/Github/validating-binary-decompilation/tests/compositional_artifacts_single_instruction_decompilation//subq__0x60___rsp/test.mod.ll
Running artifacts...Done.
Multiple defintions of @seg_4003a0__text
Multiple defintions of @seg_400548__eh_frame
FuncCache inserted: _ZN12_GLOBAL__N_1L3SUBI3RnWImE2RnImE2InImEEEP6MemoryS8_R5StateT_T0_T1_
FuncCache inserted: routine_subq__0x60___rsp


Decompiling instr:leaq -0x18(%rbp), %rax...
Instr: leaq -0x18(%rbp), %rax
Workdir: /home/ubuntu/Github/validating-binary-decompilation/tests/compositional_artifacts_single_instruction_decompilation//leaq_MINUS0x18__rbp____rax
Generating artifacts...
Already Exists
Running artifacts...
Skip McSema run ...
Skip Declutter ...

Executing: cat /home/ubuntu/Github/validating-binary-decompilation/tests/compositional_artifacts_single_instruction_decompilation//leaq_MINUS0x18__rbp____rax/test.mod.ll
Running artifacts...Done.
Multiple defintions of @seg_4003a0__text
Multiple defintions of @seg_400548__eh_frame
FuncCache inserted: _ZN12_GLOBAL__N_1L3LEAI3RnWImE2MnIhEmEEP6MemoryS6_R5StateT_T0_
FuncCache inserted: routine_leaq_MINUS0x18__rbp____rax


Decompiling instr:xorl %ecx, %ecx...
Instr: xorl %ecx, %ecx
Workdir: /home/ubuntu/Github/validating-binary-decompilation/tests/compositional_artifacts_single_instruction_decompilation//xorl__ecx___ecx
Generating artifacts...
Already Exists
Running artifacts...
Skip McSema run ...
Skip Declutter ...

Executing: cat /home/ubuntu/Github/validating-binary-decompilation/tests/compositional_artifacts_single_instruction_decompilation//xorl__ecx___ecx/test.mod.ll
Running artifacts...Done.
Multiple defintions of @seg_4003a0__text
Multiple defintions of @seg_400548__eh_frame
FuncCache inserted: _ZN12_GLOBAL__N_1L3XORI3RnWImE2RnIjES4_EEP6MemoryS6_R5StateT_T0_T1_
FuncCache inserted: routine_xorl__ecx___ecx


Decompiling instr:movq %rdi, -0x8(%rbp)...
Instr: movq %rdi, -0x8(%rbp)
Workdir: /home/ubuntu/Github/validating-binary-decompilation/tests/compositional_artifacts_single_instruction_decompilation//movq__rdi__MINUS0x8__rbp_
Generating artifacts...
Already Exists
Running artifacts...
Skip McSema run ...
Skip Declutter ...

Executing: cat /home/ubuntu/Github/validating-binary-decompilation/tests/compositional_artifacts_single_instruction_decompilation//movq__rdi__MINUS0x8__rbp_/test.mod.ll
Running artifacts...Done.
Multiple defintions of @seg_4003a0__text
Multiple defintions of @seg_400548__eh_frame
FuncCache inserted: _ZN12_GLOBAL__N_1L3MOVI3MnWImE2RnImEEEP6MemoryS6_R5StateT_T0_
FuncCache inserted: routine_movq__rdi__MINUS0x8__rbp_


Decompiling instr:movq %rsi, -0x10(%rbp)...
Instr: movq %rsi, -0x10(%rbp)
Workdir: /home/ubuntu/Github/validating-binary-decompilation/tests/compositional_artifacts_single_instruction_decompilation//movq__rsi__MINUS0x10__rbp_
Generating artifacts...
Already Exists
Running artifacts...
Skip McSema run ...
Skip Declutter ...

Executing: cat /home/ubuntu/Github/validating-binary-decompilation/tests/compositional_artifacts_single_instruction_decompilation//movq__rsi__MINUS0x10__rbp_/test.mod.ll
Running artifacts...Done.
Multiple defintions of @seg_4003a0__text
Multiple defintions of @seg_400548__eh_frame
FuncCache skipped: _ZN12_GLOBAL__N_1L3MOVI3MnWImE2RnImEEEP6MemoryS6_R5StateT_T0_
FuncCache inserted: routine_movq__rsi__MINUS0x10__rbp_


Decompiling instr:movq -0x8(%rbp), %rsi...
Instr: movq -0x8(%rbp), %rsi
Workdir: /home/ubuntu/Github/validating-binary-decompilation/tests/compositional_artifacts_single_instruction_decompilation//movq_MINUS0x8__rbp____rsi
Generating artifacts...
Already Exists
Running artifacts...
Skip McSema run ...
Skip Declutter ...

Executing: cat /home/ubuntu/Github/validating-binary-decompilation/tests/compositional_artifacts_single_instruction_decompilation//movq_MINUS0x8__rbp____rsi/test.mod.ll
Running artifacts...Done.
Multiple defintions of @seg_4003a0__text
Multiple defintions of @seg_400548__eh_frame
FuncCache inserted: _ZN12_GLOBAL__N_1L3MOVI3RnWImE2MnImEEEP6MemoryS6_R5StateT_T0_
FuncCache inserted: routine_movq_MINUS0x8__rbp____rsi


Decompiling instr:movq %rsi, -0x18(%rbp)...
Instr: movq %rsi, -0x18(%rbp)
Workdir: /home/ubuntu/Github/validating-binary-decompilation/tests/compositional_artifacts_single_instruction_decompilation//movq__rsi__MINUS0x18__rbp_
Generating artifacts...
Already Exists
Running artifacts...
Skip McSema run ...
Skip Declutter ...

Executing: cat /home/ubuntu/Github/validating-binary-decompilation/tests/compositional_artifacts_single_instruction_decompilation//movq__rsi__MINUS0x18__rbp_/test.mod.ll
Running artifacts...Done.
Multiple defintions of @seg_4003a0__text
Multiple defintions of @seg_400548__eh_frame
FuncCache skipped: _ZN12_GLOBAL__N_1L3MOVI3MnWImE2RnImEEEP6MemoryS6_R5StateT_T0_
FuncCache inserted: routine_movq__rsi__MINUS0x18__rbp_


Decompiling instr:movq %rax, %rdi...
Instr: movq %rax, %rdi
Workdir: /home/ubuntu/Github/validating-binary-decompilation/tests/compositional_artifacts_single_instruction_decompilation//movq__rax___rdi
Generating artifacts...
Already Exists
Running artifacts...
Skip McSema run ...
Skip Declutter ...

Executing: cat /home/ubuntu/Github/validating-binary-decompilation/tests/compositional_artifacts_single_instruction_decompilation//movq__rax___rdi/test.mod.ll
Running artifacts...Done.
Multiple defintions of @seg_4003a0__text
Multiple defintions of @seg_400548__eh_frame
FuncCache skipped: _ZN12_GLOBAL__N_1L3MOVI3RnWImE2RnImEEEP6MemoryS6_R5StateT_T0_
FuncCache inserted: routine_movq__rax___rdi


Decompiling instr:movl %ecx, %esi...
Instr: movl %ecx, %esi
Workdir: /home/ubuntu/Github/validating-binary-decompilation/tests/compositional_artifacts_single_instruction_decompilation//movl__ecx___esi
Generating artifacts...
Already Exists
Running artifacts...
Skip McSema run ...
Skip Declutter ...

Executing: cat /home/ubuntu/Github/validating-binary-decompilation/tests/compositional_artifacts_single_instruction_decompilation//movl__ecx___esi/test.mod.ll
Running artifacts...Done.
Multiple defintions of @seg_4003a0__text
Multiple defintions of @seg_400548__eh_frame
FuncCache inserted: _ZN12_GLOBAL__N_1L3MOVI3RnWImE2RnIjEEEP6MemoryS6_R5StateT_T0_
FuncCache inserted: routine_movl__ecx___esi


Decompiling instr:callq ._ZppI12ValueWrapperIS0_IS0_IS0_IS0_IS0_IS0_IS0_IS0_IS0_IdEEEEEEEEEEE14PointerWrapperIT_ERSD_i...
Instr: callq ._ZppI12ValueWrapperIS0_IS0_IS0_IS0_IS0_IS0_IS0_IS0_IS0_IdEEEEEEEEEEE14PointerWrapperIT_ERSD_i
Workdir: /home/ubuntu/Github/validating-binary-decompilation/tests/compositional_artifacts_single_instruction_decompilation//callq_._ZppI12ValueWrapperIS0_IS0_IS0_IS0_IS0_IS0_IS0_IS0_IS0_IdEEEEEEEEEEE14PointerWrapperIT_ERSD_i
Generating artifacts...
Generating artifacts... Done.
Running artifacts...
test.c:1:1: warning: return type of 'main' is not 'int' [-Wmain-return-type]
void main() {
^
test.c:1:1: note: change return type to 'int'
void main() {
^~~~
int
1 warning generated.

Executing: make -C /home/ubuntu/Github/validating-binary-decompilation/tests/compositional_artifacts_single_instruction_decompilation//callq_._ZppI12ValueWrapperIS0_IS0_IS0_IS0_IS0_IS0_IS0_IS0_IS0_IdEEEEEEEEEEE14PointerWrapperIT_ERSD_i binary
make[1]: Entering directory '/home/ubuntu/Github/validating-binary-decompilation/tests/compositional_artifacts_single_instruction_decompilation/callq_._ZppI12ValueWrapperIS0_IS0_IS0_IS0_IS0_IS0_IS0_IS0_IS0_IdEEEEEEEEEEE14PointerWrapperIT_ERSD_i'
clang -Os test.c -o test
make[1]: Leaving directory '/home/ubuntu/Github/validating-binary-decompilation/tests/compositional_artifacts_single_instruction_decompilation/callq_._ZppI12ValueWrapperIS0_IS0_IS0_IS0_IS0_IS0_IS0_IS0_IS0_IdEEEEEEEEEEE14PointerWrapperIT_ERSD_i'

Executing: make -C /home/ubuntu/Github/validating-binary-decompilation/tests/compositional_artifacts_single_instruction_decompilation//callq_._ZppI12ValueWrapperIS0_IS0_IS0_IS0_IS0_IS0_IS0_IS0_IS0_IdEEEEEEEEEEE14PointerWrapperIT_ERSD_i mcsema
make[1]: Entering directory '/home/ubuntu/Github/validating-binary-decompilation/tests/compositional_artifacts_single_instruction_decompilation/callq_._ZppI12ValueWrapperIS0_IS0_IS0_IS0_IS0_IS0_IS0_IS0_IS0_IdEEEEEEEEEEE14PointerWrapperIT_ERSD_i'
mcsema-disass --disassembler /home/ubuntu/ida-6.95/idal64 --os linux --arch amd64_avx --output test.cfg --binary test --entrypoint main
mcsema-lift-4.0 --os linux --arch amd64_avx --cfg test.cfg --output test.bc -disable_dead_store_elimination -disable_optimizer
llvm-dis test.bc -o test.ll
make[1]: Leaving directory '/home/ubuntu/Github/validating-binary-decompilation/tests/compositional_artifacts_single_instruction_decompilation/callq_._ZppI12ValueWrapperIS0_IS0_IS0_IS0_IS0_IS0_IS0_IS0_IS0_IdEEEEEEEEEEE14PointerWrapperIT_ERSD_i'

Executing: make -C /home/ubuntu/Github/validating-binary-decompilation/tests/compositional_artifacts_single_instruction_decompilation//callq_._ZppI12ValueWrapperIS0_IS0_IS0_IS0_IS0_IS0_IS0_IS0_IS0_IdEEEEEEEEEEE14PointerWrapperIT_ERSD_i declutter
make[1]: Entering directory '/home/ubuntu/Github/validating-binary-decompilation/tests/compositional_artifacts_single_instruction_decompilation/callq_._ZppI12ValueWrapperIS0_IS0_IS0_IS0_IS0_IS0_IS0_IS0_IS0_IdEEEEEEEEEEE14PointerWrapperIT_ERSD_i'
/home/ubuntu/Github/validating-binary-decompilation/tests/scripts//declutter.pl --file test.ll --norenameintrinsics --opc callq_._ZppI12ValueWrapperIS0_IS0_IS0_IS0_IS0_IS0_IS0_IS0_IS0_IdEEEEEEEEEEE14PointerWrapperIT_ERSD_i
Expanding _ZN12_GLOBAL__N_1L4CALLI2InImEEEP6MemoryS4_R5StateT_S2_...
Generatin test.mod.ll for opcode callq_._ZppI12ValueWrapperIS0_IS0_IS0_IS0_IS0_IS0_IS0_IS0_IS0_IdEEEEEEEEEEE14PointerWrapperIT_ERSD_i ...
make[1]: Leaving directory '/home/ubuntu/Github/validating-binary-decompilation/tests/compositional_artifacts_single_instruction_decompilation/callq_._ZppI12ValueWrapperIS0_IS0_IS0_IS0_IS0_IS0_IS0_IS0_IS0_IdEEEEEEEEEEE14PointerWrapperIT_ERSD_i'

Executing: cat /home/ubuntu/Github/validating-binary-decompilation/tests/compositional_artifacts_single_instruction_decompilation//callq_._ZppI12ValueWrapperIS0_IS0_IS0_IS0_IS0_IS0_IS0_IS0_IS0_IdEEEEEEEEEEE14PointerWrapperIT_ERSD_i/test.mod.ll
Running artifacts...Done.
Multiple defintions of @seg_4003a0__text
Multiple defintions of @seg_400548__eh_frame
FuncCache inserted: _ZN12_GLOBAL__N_1L4CALLI2InImEEEP6MemoryS4_R5StateT_S2_
FuncCache inserted: routine_callq_._ZppI12ValueWrapperIS0_IS0_IS0_IS0_IS0_IS0_IS0_IS0_IS0_IdEEEEEEEEEEE14PointerWrapperIT_ERSD_i


Decompiling instr:movq %rax, -0x20(%rbp)...
Instr: movq %rax, -0x20(%rbp)
Workdir: /home/ubuntu/Github/validating-binary-decompilation/tests/compositional_artifacts_single_instruction_decompilation//movq__rax__MINUS0x20__rbp_
Generating artifacts...
Already Exists
Running artifacts...
Skip McSema run ...
Skip Declutter ...

Executing: cat /home/ubuntu/Github/validating-binary-decompilation/tests/compositional_artifacts_single_instruction_decompilation//movq__rax__MINUS0x20__rbp_/test.mod.ll
Running artifacts...Done.
Multiple defintions of @seg_4003a0__text
Multiple defintions of @seg_400548__eh_frame
FuncCache skipped: _ZN12_GLOBAL__N_1L3MOVI3MnWImE2RnImEEEP6MemoryS6_R5StateT_T0_
FuncCache inserted: routine_movq__rax__MINUS0x20__rbp_


Decompiling instr:.L_40577c:...


Decompiling instr:leaq -0x18(%rbp), %rdi...
Instr: leaq -0x18(%rbp), %rdi
Workdir: /home/ubuntu/Github/validating-binary-decompilation/tests/compositional_artifacts_single_instruction_decompilation//leaq_MINUS0x18__rbp____rdi
Generating artifacts...
Already Exists
Running artifacts...
test.c:1:1: warning: return type of 'main' is not 'int' [-Wmain-return-type]
void main() {
^
test.c:1:1: note: change return type to 'int'
void main() {
^~~~
int
1 warning generated.
Could not generate a CFG. Try using the --log_file option to see an error log.
Traceback (most recent call last):
  File "/usr/local/bin/mcsema-disass", line 11, in <module>
    load_entry_point('mcsema-disass==2.0', 'console_scripts', 'mcsema-disass')()
  File "/usr/local/lib/python2.7/dist-packages/mcsema_disass-2.0-py2.7.egg/mcsema_disass/__main__.py", line 162, in main
    if 0 == os.path.getsize(args.output):
  File "/usr/lib/python2.7/genericpath.py", line 57, in getsize
    return os.stat(filename).st_size
OSError: [Errno 2] No such file or directory: '/home/ubuntu/Github/validating-binary-decompilation/tests/compositional_artifacts_single_instruction_decompilation/leaq_MINUS0x18__rbp____rdi/test.cfg'
make[1]: *** [mcsema] Error 1
make[1]: *** No rule to make target 'test.ll', needed by 'declutter'.  Stop.
cat: /home/ubuntu/Github/validating-binary-decompilation/tests/compositional_artifacts_single_instruction_decompilation//leaq_MINUS0x18__rbp____rdi/test.mod.ll: No such file or directory

Executing: make -C /home/ubuntu/Github/validating-binary-decompilation/tests/compositional_artifacts_single_instruction_decompilation//leaq_MINUS0x18__rbp____rdi binary
make[1]: Entering directory '/home/ubuntu/Github/validating-binary-decompilation/tests/compositional_artifacts_single_instruction_decompilation/leaq_MINUS0x18__rbp____rdi'
clang -Os test.c -o test
make[1]: Leaving directory '/home/ubuntu/Github/validating-binary-decompilation/tests/compositional_artifacts_single_instruction_decompilation/leaq_MINUS0x18__rbp____rdi'

Executing: make -C /home/ubuntu/Github/validating-binary-decompilation/tests/compositional_artifacts_single_instruction_decompilation//leaq_MINUS0x18__rbp____rdi mcsema
make[1]: Entering directory '/home/ubuntu/Github/validating-binary-decompilation/tests/compositional_artifacts_single_instruction_decompilation/leaq_MINUS0x18__rbp____rdi'
mcsema-disass --disassembler /home/ubuntu/ida-6.95/idal64 --os linux --arch amd64_avx --output test.cfg --binary test --entrypoint main
Makefile:9: recipe for target 'mcsema' failed
make[1]: Leaving directory '/home/ubuntu/Github/validating-binary-decompilation/tests/compositional_artifacts_single_instruction_decompilation/leaq_MINUS0x18__rbp____rdi'

Executing: make -C /home/ubuntu/Github/validating-binary-decompilation/tests/compositional_artifacts_single_instruction_decompilation//leaq_MINUS0x18__rbp____rdi declutter
make[1]: Entering directory '/home/ubuntu/Github/validating-binary-decompilation/tests/compositional_artifacts_single_instruction_decompilation/leaq_MINUS0x18__rbp____rdi'
make[1]: Leaving directory '/home/ubuntu/Github/validating-binary-decompilation/tests/compositional_artifacts_single_instruction_decompilation/leaq_MINUS0x18__rbp____rdi'

Executing: cat /home/ubuntu/Github/validating-binary-decompilation/tests/compositional_artifacts_single_instruction_decompilation//leaq_MINUS0x18__rbp____rdi/test.mod.ll
Running artifacts...Done.


Decompiling instr:leaq -0x10(%rbp), %rsi...
Instr: leaq -0x10(%rbp), %rsi
Workdir: /home/ubuntu/Github/validating-binary-decompilation/tests/compositional_artifacts_single_instruction_decompilation//leaq_MINUS0x10__rbp____rsi
Generating artifacts...
Already Exists
Running artifacts...
Skip McSema run ...
Skip Declutter ...

Executing: cat /home/ubuntu/Github/validating-binary-decompilation/tests/compositional_artifacts_single_instruction_decompilation//leaq_MINUS0x10__rbp____rsi/test.mod.ll
Running artifacts...Done.
Multiple defintions of @seg_4003a0__text
Multiple defintions of @seg_400548__eh_frame
FuncCache skipped: _ZN12_GLOBAL__N_1L3LEAI3RnWImE2MnIhEmEEP6MemoryS6_R5StateT_T0_
FuncCache inserted: routine_leaq_MINUS0x10__rbp____rsi


Decompiling instr:callq ._ZneI12ValueWrapperIS0_IS0_IS0_IS0_IS0_IS0_IS0_IS0_IS0_IdEEEEEEEEEEEbRK14PointerWrapperIT_ESF_...
Instr: callq ._ZneI12ValueWrapperIS0_IS0_IS0_IS0_IS0_IS0_IS0_IS0_IS0_IdEEEEEEEEEEEbRK14PointerWrapperIT_ESF_
Workdir: /home/ubuntu/Github/validating-binary-decompilation/tests/compositional_artifacts_single_instruction_decompilation//callq_._ZneI12ValueWrapperIS0_IS0_IS0_IS0_IS0_IS0_IS0_IS0_IS0_IdEEEEEEEEEEEbRK14PointerWrapperIT_ESF_
Generating artifacts...
Generating artifacts... Done.
Running artifacts...
test.c:1:1: warning: return type of 'main' is not 'int' [-Wmain-return-type]
void main() {
^
test.c:1:1: note: change return type to 'int'
void main() {
^~~~
int
1 warning generated.

Executing: make -C /home/ubuntu/Github/validating-binary-decompilation/tests/compositional_artifacts_single_instruction_decompilation//callq_._ZneI12ValueWrapperIS0_IS0_IS0_IS0_IS0_IS0_IS0_IS0_IS0_IdEEEEEEEEEEEbRK14PointerWrapperIT_ESF_ binary
make[1]: Entering directory '/home/ubuntu/Github/validating-binary-decompilation/tests/compositional_artifacts_single_instruction_decompilation/callq_._ZneI12ValueWrapperIS0_IS0_IS0_IS0_IS0_IS0_IS0_IS0_IS0_IdEEEEEEEEEEEbRK14PointerWrapperIT_ESF_'
clang -Os test.c -o test
make[1]: Leaving directory '/home/ubuntu/Github/validating-binary-decompilation/tests/compositional_artifacts_single_instruction_decompilation/callq_._ZneI12ValueWrapperIS0_IS0_IS0_IS0_IS0_IS0_IS0_IS0_IS0_IdEEEEEEEEEEEbRK14PointerWrapperIT_ESF_'

Executing: make -C /home/ubuntu/Github/validating-binary-decompilation/tests/compositional_artifacts_single_instruction_decompilation//callq_._ZneI12ValueWrapperIS0_IS0_IS0_IS0_IS0_IS0_IS0_IS0_IS0_IdEEEEEEEEEEEbRK14PointerWrapperIT_ESF_ mcsema
make[1]: Entering directory '/home/ubuntu/Github/validating-binary-decompilation/tests/compositional_artifacts_single_instruction_decompilation/callq_._ZneI12ValueWrapperIS0_IS0_IS0_IS0_IS0_IS0_IS0_IS0_IS0_IdEEEEEEEEEEEbRK14PointerWrapperIT_ESF_'
mcsema-disass --disassembler /home/ubuntu/ida-6.95/idal64 --os linux --arch amd64_avx --output test.cfg --binary test --entrypoint main
mcsema-lift-4.0 --os linux --arch amd64_avx --cfg test.cfg --output test.bc -disable_dead_store_elimination -disable_optimizer
llvm-dis test.bc -o test.ll
make[1]: Leaving directory '/home/ubuntu/Github/validating-binary-decompilation/tests/compositional_artifacts_single_instruction_decompilation/callq_._ZneI12ValueWrapperIS0_IS0_IS0_IS0_IS0_IS0_IS0_IS0_IS0_IdEEEEEEEEEEEbRK14PointerWrapperIT_ESF_'

Executing: make -C /home/ubuntu/Github/validating-binary-decompilation/tests/compositional_artifacts_single_instruction_decompilation//callq_._ZneI12ValueWrapperIS0_IS0_IS0_IS0_IS0_IS0_IS0_IS0_IS0_IdEEEEEEEEEEEbRK14PointerWrapperIT_ESF_ declutter
make[1]: Entering directory '/home/ubuntu/Github/validating-binary-decompilation/tests/compositional_artifacts_single_instruction_decompilation/callq_._ZneI12ValueWrapperIS0_IS0_IS0_IS0_IS0_IS0_IS0_IS0_IS0_IdEEEEEEEEEEEbRK14PointerWrapperIT_ESF_'
/home/ubuntu/Github/validating-binary-decompilation/tests/scripts//declutter.pl --file test.ll --norenameintrinsics --opc callq_._ZneI12ValueWrapperIS0_IS0_IS0_IS0_IS0_IS0_IS0_IS0_IS0_IdEEEEEEEEEEEbRK14PointerWrapperIT_ESF_
Expanding _ZN12_GLOBAL__N_1L4CALLI2InImEEEP6MemoryS4_R5StateT_S2_...
Generatin test.mod.ll for opcode callq_._ZneI12ValueWrapperIS0_IS0_IS0_IS0_IS0_IS0_IS0_IS0_IS0_IdEEEEEEEEEEEbRK14PointerWrapperIT_ESF_ ...
make[1]: Leaving directory '/home/ubuntu/Github/validating-binary-decompilation/tests/compositional_artifacts_single_instruction_decompilation/callq_._ZneI12ValueWrapperIS0_IS0_IS0_IS0_IS0_IS0_IS0_IS0_IS0_IdEEEEEEEEEEEbRK14PointerWrapperIT_ESF_'

Executing: cat /home/ubuntu/Github/validating-binary-decompilation/tests/compositional_artifacts_single_instruction_decompilation//callq_._ZneI12ValueWrapperIS0_IS0_IS0_IS0_IS0_IS0_IS0_IS0_IS0_IdEEEEEEEEEEEbRK14PointerWrapperIT_ESF_/test.mod.ll
Running artifacts...Done.
Multiple defintions of @seg_4003a0__text
Multiple defintions of @seg_400548__eh_frame
FuncCache skipped: _ZN12_GLOBAL__N_1L4CALLI2InImEEEP6MemoryS4_R5StateT_S2_
FuncCache inserted: routine_callq_._ZneI12ValueWrapperIS0_IS0_IS0_IS0_IS0_IS0_IS0_IS0_IS0_IdEEEEEEEEEEEbRK14PointerWrapperIT_ESF_


Decompiling instr:testb $0x1, %al...
Instr: testb $0x1, %al
Workdir: /home/ubuntu/Github/validating-binary-decompilation/tests/compositional_artifacts_single_instruction_decompilation//testb__0x1___al
Generating artifacts...
Already Exists
Running artifacts...
Skip McSema run ...
Skip Declutter ...

Executing: cat /home/ubuntu/Github/validating-binary-decompilation/tests/compositional_artifacts_single_instruction_decompilation//testb__0x1___al/test.mod.ll
Running artifacts...Done.
Multiple defintions of @seg_4003a0__text
Multiple defintions of @seg_400548__eh_frame
FuncCache inserted: _ZN12_GLOBAL__N_1L4TESTI2RnIhE2InIhEEEP6MemoryS6_R5StateT_T0_
FuncCache inserted: routine_testb__0x1___al


Decompiling instr:jne .L_405796...
Instr: jne .L_405796
Workdir: /home/ubuntu/Github/validating-binary-decompilation/tests/compositional_artifacts_single_instruction_decompilation//jne_.L_405796
Generating artifacts...
Generating artifacts... Done.
Running artifacts...
test.c:1:1: warning: return type of 'main' is not 'int' [-Wmain-return-type]
void main() {
^
test.c:1:1: note: change return type to 'int'
void main() {
^~~~
int
1 warning generated.

Executing: make -C /home/ubuntu/Github/validating-binary-decompilation/tests/compositional_artifacts_single_instruction_decompilation//jne_.L_405796 binary
make[1]: Entering directory '/home/ubuntu/Github/validating-binary-decompilation/tests/compositional_artifacts_single_instruction_decompilation/jne_.L_405796'
clang -Os test.c -o test
make[1]: Leaving directory '/home/ubuntu/Github/validating-binary-decompilation/tests/compositional_artifacts_single_instruction_decompilation/jne_.L_405796'

Executing: make -C /home/ubuntu/Github/validating-binary-decompilation/tests/compositional_artifacts_single_instruction_decompilation//jne_.L_405796 mcsema
make[1]: Entering directory '/home/ubuntu/Github/validating-binary-decompilation/tests/compositional_artifacts_single_instruction_decompilation/jne_.L_405796'
mcsema-disass --disassembler /home/ubuntu/ida-6.95/idal64 --os linux --arch amd64_avx --output test.cfg --binary test --entrypoint main
mcsema-lift-4.0 --os linux --arch amd64_avx --cfg test.cfg --output test.bc -disable_dead_store_elimination -disable_optimizer
llvm-dis test.bc -o test.ll
make[1]: Leaving directory '/home/ubuntu/Github/validating-binary-decompilation/tests/compositional_artifacts_single_instruction_decompilation/jne_.L_405796'

Executing: make -C /home/ubuntu/Github/validating-binary-decompilation/tests/compositional_artifacts_single_instruction_decompilation//jne_.L_405796 declutter
make[1]: Entering directory '/home/ubuntu/Github/validating-binary-decompilation/tests/compositional_artifacts_single_instruction_decompilation/jne_.L_405796'
/home/ubuntu/Github/validating-binary-decompilation/tests/scripts//declutter.pl --file test.ll --norenameintrinsics --opc jne_.L_405796
Expanding _ZN12_GLOBAL__N_1L3JNZEP6MemoryR5State3RnWIhE2InImES7_...
Generatin test.mod.ll for opcode jne_.L_405796 ...
make[1]: Leaving directory '/home/ubuntu/Github/validating-binary-decompilation/tests/compositional_artifacts_single_instruction_decompilation/jne_.L_405796'

Executing: cat /home/ubuntu/Github/validating-binary-decompilation/tests/compositional_artifacts_single_instruction_decompilation//jne_.L_405796/test.mod.ll
Running artifacts...Done.
Multiple defintions of @seg_4003a0__text
Multiple defintions of @seg_400548__eh_frame
FuncCache inserted: _ZN12_GLOBAL__N_1L3JNZEP6MemoryR5State3RnWIhE2InImES7_
FuncCache inserted: routine_jne_.L_405796


Decompiling instr:jmpq .L_40585d...
Instr: jmpq .L_40585d
Workdir: /home/ubuntu/Github/validating-binary-decompilation/tests/compositional_artifacts_single_instruction_decompilation//jmpq_.L_40585d
Generating artifacts...
Generating artifacts... Done.
Running artifacts...
test.c:1:1: warning: return type of 'main' is not 'int' [-Wmain-return-type]
void main() {
^
test.c:1:1: note: change return type to 'int'
void main() {
^~~~
int
1 warning generated.

Executing: make -C /home/ubuntu/Github/validating-binary-decompilation/tests/compositional_artifacts_single_instruction_decompilation//jmpq_.L_40585d binary
make[1]: Entering directory '/home/ubuntu/Github/validating-binary-decompilation/tests/compositional_artifacts_single_instruction_decompilation/jmpq_.L_40585d'
clang -Os test.c -o test
make[1]: Leaving directory '/home/ubuntu/Github/validating-binary-decompilation/tests/compositional_artifacts_single_instruction_decompilation/jmpq_.L_40585d'

Executing: make -C /home/ubuntu/Github/validating-binary-decompilation/tests/compositional_artifacts_single_instruction_decompilation//jmpq_.L_40585d mcsema
make[1]: Entering directory '/home/ubuntu/Github/validating-binary-decompilation/tests/compositional_artifacts_single_instruction_decompilation/jmpq_.L_40585d'
mcsema-disass --disassembler /home/ubuntu/ida-6.95/idal64 --os linux --arch amd64_avx --output test.cfg --binary test --entrypoint main
mcsema-lift-4.0 --os linux --arch amd64_avx --cfg test.cfg --output test.bc -disable_dead_store_elimination -disable_optimizer
llvm-dis test.bc -o test.ll
make[1]: Leaving directory '/home/ubuntu/Github/validating-binary-decompilation/tests/compositional_artifacts_single_instruction_decompilation/jmpq_.L_40585d'

Executing: make -C /home/ubuntu/Github/validating-binary-decompilation/tests/compositional_artifacts_single_instruction_decompilation//jmpq_.L_40585d declutter
make[1]: Entering directory '/home/ubuntu/Github/validating-binary-decompilation/tests/compositional_artifacts_single_instruction_decompilation/jmpq_.L_40585d'
/home/ubuntu/Github/validating-binary-decompilation/tests/scripts//declutter.pl --file test.ll --norenameintrinsics --opc jmpq_.L_40585d
Expanding _ZN12_GLOBAL__N_1L3JMPI2InImEEEP6MemoryS4_R5StateT_...
Generatin test.mod.ll for opcode jmpq_.L_40585d ...
make[1]: Leaving directory '/home/ubuntu/Github/validating-binary-decompilation/tests/compositional_artifacts_single_instruction_decompilation/jmpq_.L_40585d'

Executing: cat /home/ubuntu/Github/validating-binary-decompilation/tests/compositional_artifacts_single_instruction_decompilation//jmpq_.L_40585d/test.mod.ll
Running artifacts...Done.
Multiple defintions of @seg_4003a0__text
Multiple defintions of @seg_400548__eh_frame
FuncCache inserted: _ZN12_GLOBAL__N_1L3JMPI2InImEEEP6MemoryS4_R5StateT_
FuncCache inserted: routine_jmpq_.L_40585d


Decompiling instr:.L_405796:...


Decompiling instr:leaq -0x18(%rbp), %rdi...
Instr: leaq -0x18(%rbp), %rdi
Workdir: /home/ubuntu/Github/validating-binary-decompilation/tests/compositional_artifacts_single_instruction_decompilation//leaq_MINUS0x18__rbp____rdi
Generating artifacts...
Already Exists
Running artifacts...
Skip McSema run ...

Executing: make -C /home/ubuntu/Github/validating-binary-decompilation/tests/compositional_artifacts_single_instruction_decompilation//leaq_MINUS0x18__rbp____rdi declutter
make[1]: Entering directory '/home/ubuntu/Github/validating-binary-decompilation/tests/compositional_artifacts_single_instruction_decompilation/leaq_MINUS0x18__rbp____rdi'
/home/ubuntu/Github/validating-binary-decompilation/tests/scripts//declutter.pl --file test.ll --norenameintrinsics --opc leaq_MINUS0x18__rbp____rdi
Expanding _ZN12_GLOBAL__N_1L3LEAI3RnWImE2MnIhEmEEP6MemoryS6_R5StateT_T0_...
Generatin test.mod.ll for opcode leaq_MINUS0x18__rbp____rdi ...
make[1]: Leaving directory '/home/ubuntu/Github/validating-binary-decompilation/tests/compositional_artifacts_single_instruction_decompilation/leaq_MINUS0x18__rbp____rdi'

Executing: cat /home/ubuntu/Github/validating-binary-decompilation/tests/compositional_artifacts_single_instruction_decompilation//leaq_MINUS0x18__rbp____rdi/test.mod.ll
Running artifacts...Done.
Multiple defintions of @seg_4003a0__text
Multiple defintions of @seg_400548__eh_frame
FuncCache skipped: _ZN12_GLOBAL__N_1L3LEAI3RnWImE2MnIhEmEEP6MemoryS6_R5StateT_T0_
FuncCache inserted: routine_leaq_MINUS0x18__rbp____rdi


Decompiling instr:callq ._ZNK14PointerWrapperI12ValueWrapperIS0_IS0_IS0_IS0_IS0_IS0_IS0_IS0_IS0_IdEEEEEEEEEEEdeEv...
Instr: callq ._ZNK14PointerWrapperI12ValueWrapperIS0_IS0_IS0_IS0_IS0_IS0_IS0_IS0_IS0_IdEEEEEEEEEEEdeEv
Workdir: /home/ubuntu/Github/validating-binary-decompilation/tests/compositional_artifacts_single_instruction_decompilation//callq_._ZNK14PointerWrapperI12ValueWrapperIS0_IS0_IS0_IS0_IS0_IS0_IS0_IS0_IS0_IdEEEEEEEEEEEdeEv
Generating artifacts...
Already Exists
Running artifacts...
Skip McSema run ...
Skip Declutter ...

Executing: cat /home/ubuntu/Github/validating-binary-decompilation/tests/compositional_artifacts_single_instruction_decompilation//callq_._ZNK14PointerWrapperI12ValueWrapperIS0_IS0_IS0_IS0_IS0_IS0_IS0_IS0_IS0_IdEEEEEEEEEEEdeEv/test.mod.ll
Running artifacts...Done.
Multiple defintions of @seg_4003a0__text
Multiple defintions of @seg_400548__eh_frame
FuncCache skipped: _ZN12_GLOBAL__N_1L4CALLI2InImEEEP6MemoryS4_R5StateT_S2_
FuncCache inserted: routine_callq_._ZNK14PointerWrapperI12ValueWrapperIS0_IS0_IS0_IS0_IS0_IS0_IS0_IS0_IS0_IdEEEEEEEEEEEdeEv


Decompiling instr:movq (%rax), %rax...
Instr: movq (%rax), %rax
Workdir: /home/ubuntu/Github/validating-binary-decompilation/tests/compositional_artifacts_single_instruction_decompilation//movq___rax____rax
Generating artifacts...
Already Exists
Running artifacts...
Skip McSema run ...
Skip Declutter ...

Executing: cat /home/ubuntu/Github/validating-binary-decompilation/tests/compositional_artifacts_single_instruction_decompilation//movq___rax____rax/test.mod.ll
Running artifacts...Done.
Multiple defintions of @seg_4003a0__text
Multiple defintions of @seg_400548__eh_frame
FuncCache skipped: _ZN12_GLOBAL__N_1L3MOVI3RnWImE2MnImEEEP6MemoryS6_R5StateT_T0_
FuncCache inserted: routine_movq___rax____rax


Decompiling instr:movq %rax, -0x28(%rbp)...
Instr: movq %rax, -0x28(%rbp)
Workdir: /home/ubuntu/Github/validating-binary-decompilation/tests/compositional_artifacts_single_instruction_decompilation//movq__rax__MINUS0x28__rbp_
Generating artifacts...
Already Exists
Running artifacts...
Skip McSema run ...
Skip Declutter ...

Executing: cat /home/ubuntu/Github/validating-binary-decompilation/tests/compositional_artifacts_single_instruction_decompilation//movq__rax__MINUS0x28__rbp_/test.mod.ll
Running artifacts...Done.
Multiple defintions of @seg_4003a0__text
Multiple defintions of @seg_400548__eh_frame
FuncCache skipped: _ZN12_GLOBAL__N_1L3MOVI3MnWImE2RnImEEEP6MemoryS6_R5StateT_T0_
FuncCache inserted: routine_movq__rax__MINUS0x28__rbp_


Decompiling instr:movq -0x18(%rbp), %rax...
Instr: movq -0x18(%rbp), %rax
Workdir: /home/ubuntu/Github/validating-binary-decompilation/tests/compositional_artifacts_single_instruction_decompilation//movq_MINUS0x18__rbp____rax
Generating artifacts...
Already Exists
Running artifacts...
Skip McSema run ...
Skip Declutter ...

Executing: cat /home/ubuntu/Github/validating-binary-decompilation/tests/compositional_artifacts_single_instruction_decompilation//movq_MINUS0x18__rbp____rax/test.mod.ll
Running artifacts...Done.
Multiple defintions of @seg_4003a0__text
Multiple defintions of @seg_400548__eh_frame
FuncCache skipped: _ZN12_GLOBAL__N_1L3MOVI3RnWImE2MnImEEEP6MemoryS6_R5StateT_T0_
FuncCache inserted: routine_movq_MINUS0x18__rbp____rax


Decompiling instr:movq %rax, -0x30(%rbp)...
Instr: movq %rax, -0x30(%rbp)
Workdir: /home/ubuntu/Github/validating-binary-decompilation/tests/compositional_artifacts_single_instruction_decompilation//movq__rax__MINUS0x30__rbp_
Generating artifacts...
Already Exists
Running artifacts...
Skip McSema run ...
Skip Declutter ...

Executing: cat /home/ubuntu/Github/validating-binary-decompilation/tests/compositional_artifacts_single_instruction_decompilation//movq__rax__MINUS0x30__rbp_/test.mod.ll
Running artifacts...Done.
Multiple defintions of @seg_4003a0__text
Multiple defintions of @seg_400548__eh_frame
FuncCache skipped: _ZN12_GLOBAL__N_1L3MOVI3MnWImE2RnImEEEP6MemoryS6_R5StateT_T0_
FuncCache inserted: routine_movq__rax__MINUS0x30__rbp_


Decompiling instr:movq -0x30(%rbp), %rax...
Instr: movq -0x30(%rbp), %rax
Workdir: /home/ubuntu/Github/validating-binary-decompilation/tests/compositional_artifacts_single_instruction_decompilation//movq_MINUS0x30__rbp____rax
Generating artifacts...
Already Exists
Running artifacts...
Skip McSema run ...
Skip Declutter ...

Executing: cat /home/ubuntu/Github/validating-binary-decompilation/tests/compositional_artifacts_single_instruction_decompilation//movq_MINUS0x30__rbp____rax/test.mod.ll
Running artifacts...Done.
Multiple defintions of @seg_4003a0__text
Multiple defintions of @seg_400548__eh_frame
FuncCache skipped: _ZN12_GLOBAL__N_1L3MOVI3RnWImE2MnImEEEP6MemoryS6_R5StateT_T0_
FuncCache inserted: routine_movq_MINUS0x30__rbp____rax


Decompiling instr:movq %rax, -0x38(%rbp)...
Instr: movq %rax, -0x38(%rbp)
Workdir: /home/ubuntu/Github/validating-binary-decompilation/tests/compositional_artifacts_single_instruction_decompilation//movq__rax__MINUS0x38__rbp_
Generating artifacts...
Already Exists
Running artifacts...
Skip McSema run ...
Skip Declutter ...

Executing: cat /home/ubuntu/Github/validating-binary-decompilation/tests/compositional_artifacts_single_instruction_decompilation//movq__rax__MINUS0x38__rbp_/test.mod.ll
Running artifacts...Done.
Multiple defintions of @seg_4003a0__text
Multiple defintions of @seg_400548__eh_frame
FuncCache skipped: _ZN12_GLOBAL__N_1L3MOVI3MnWImE2RnImEEEP6MemoryS6_R5StateT_T0_
FuncCache inserted: routine_movq__rax__MINUS0x38__rbp_


Decompiling instr:.L_4057b6:...


Decompiling instr:leaq -0x30(%rbp), %rdi...
Instr: leaq -0x30(%rbp), %rdi
Workdir: /home/ubuntu/Github/validating-binary-decompilation/tests/compositional_artifacts_single_instruction_decompilation//leaq_MINUS0x30__rbp____rdi
Generating artifacts...
Already Exists
Running artifacts...
Skip McSema run ...
Skip Declutter ...

Executing: cat /home/ubuntu/Github/validating-binary-decompilation/tests/compositional_artifacts_single_instruction_decompilation//leaq_MINUS0x30__rbp____rdi/test.mod.ll
Running artifacts...Done.
Multiple defintions of @seg_4003a0__text
Multiple defintions of @seg_400548__eh_frame
FuncCache skipped: _ZN12_GLOBAL__N_1L3LEAI3RnWImE2MnIhEmEEP6MemoryS6_R5StateT_T0_
FuncCache inserted: routine_leaq_MINUS0x30__rbp____rdi


Decompiling instr:leaq -0x8(%rbp), %rsi...
Instr: leaq -0x8(%rbp), %rsi
Workdir: /home/ubuntu/Github/validating-binary-decompilation/tests/compositional_artifacts_single_instruction_decompilation//leaq_MINUS0x8__rbp____rsi
Generating artifacts...
Generating artifacts... Done.
Running artifacts...
test.c:1:1: warning: return type of 'main' is not 'int' [-Wmain-return-type]
void main() {
^
test.c:1:1: note: change return type to 'int'
void main() {
^~~~
int
1 warning generated.

Executing: make -C /home/ubuntu/Github/validating-binary-decompilation/tests/compositional_artifacts_single_instruction_decompilation//leaq_MINUS0x8__rbp____rsi binary
make[1]: Entering directory '/home/ubuntu/Github/validating-binary-decompilation/tests/compositional_artifacts_single_instruction_decompilation/leaq_MINUS0x8__rbp____rsi'
clang -Os test.c -o test
make[1]: Leaving directory '/home/ubuntu/Github/validating-binary-decompilation/tests/compositional_artifacts_single_instruction_decompilation/leaq_MINUS0x8__rbp____rsi'

Executing: make -C /home/ubuntu/Github/validating-binary-decompilation/tests/compositional_artifacts_single_instruction_decompilation//leaq_MINUS0x8__rbp____rsi mcsema
make[1]: Entering directory '/home/ubuntu/Github/validating-binary-decompilation/tests/compositional_artifacts_single_instruction_decompilation/leaq_MINUS0x8__rbp____rsi'
mcsema-disass --disassembler /home/ubuntu/ida-6.95/idal64 --os linux --arch amd64_avx --output test.cfg --binary test --entrypoint main
mcsema-lift-4.0 --os linux --arch amd64_avx --cfg test.cfg --output test.bc -disable_dead_store_elimination -disable_optimizer
llvm-dis test.bc -o test.ll
make[1]: Leaving directory '/home/ubuntu/Github/validating-binary-decompilation/tests/compositional_artifacts_single_instruction_decompilation/leaq_MINUS0x8__rbp____rsi'

Executing: make -C /home/ubuntu/Github/validating-binary-decompilation/tests/compositional_artifacts_single_instruction_decompilation//leaq_MINUS0x8__rbp____rsi declutter
make[1]: Entering directory '/home/ubuntu/Github/validating-binary-decompilation/tests/compositional_artifacts_single_instruction_decompilation/leaq_MINUS0x8__rbp____rsi'
/home/ubuntu/Github/validating-binary-decompilation/tests/scripts//declutter.pl --file test.ll --norenameintrinsics --opc leaq_MINUS0x8__rbp____rsi
Expanding _ZN12_GLOBAL__N_1L3LEAI3RnWImE2MnIhEmEEP6MemoryS6_R5StateT_T0_...
Generatin test.mod.ll for opcode leaq_MINUS0x8__rbp____rsi ...
make[1]: Leaving directory '/home/ubuntu/Github/validating-binary-decompilation/tests/compositional_artifacts_single_instruction_decompilation/leaq_MINUS0x8__rbp____rsi'

Executing: cat /home/ubuntu/Github/validating-binary-decompilation/tests/compositional_artifacts_single_instruction_decompilation//leaq_MINUS0x8__rbp____rsi/test.mod.ll
Running artifacts...Done.
Multiple defintions of @seg_4003a0__text
Multiple defintions of @seg_400548__eh_frame
FuncCache skipped: _ZN12_GLOBAL__N_1L3LEAI3RnWImE2MnIhEmEEP6MemoryS6_R5StateT_T0_
FuncCache inserted: routine_leaq_MINUS0x8__rbp____rsi


Decompiling instr:callq ._ZneI12ValueWrapperIS0_IS0_IS0_IS0_IS0_IS0_IS0_IS0_IS0_IdEEEEEEEEEEEbRK14PointerWrapperIT_ESF_...
Instr: callq ._ZneI12ValueWrapperIS0_IS0_IS0_IS0_IS0_IS0_IS0_IS0_IS0_IdEEEEEEEEEEEbRK14PointerWrapperIT_ESF_
Workdir: /home/ubuntu/Github/validating-binary-decompilation/tests/compositional_artifacts_single_instruction_decompilation//callq_._ZneI12ValueWrapperIS0_IS0_IS0_IS0_IS0_IS0_IS0_IS0_IS0_IdEEEEEEEEEEEbRK14PointerWrapperIT_ESF_
Generating artifacts...
Already Exists
Running artifacts...
Skip McSema run ...
Skip Declutter ...

Executing: cat /home/ubuntu/Github/validating-binary-decompilation/tests/compositional_artifacts_single_instruction_decompilation//callq_._ZneI12ValueWrapperIS0_IS0_IS0_IS0_IS0_IS0_IS0_IS0_IS0_IdEEEEEEEEEEEbRK14PointerWrapperIT_ESF_/test.mod.ll
Running artifacts...Done.
Multiple defintions of @seg_4003a0__text
Multiple defintions of @seg_400548__eh_frame
FuncCache skipped: _ZN12_GLOBAL__N_1L4CALLI2InImEEEP6MemoryS4_R5StateT_S2_
FuncCache skipped: routine_callq_._ZneI12ValueWrapperIS0_IS0_IS0_IS0_IS0_IS0_IS0_IS0_IS0_IdEEEEEEEEEEEbRK14PointerWrapperIT_ESF_


Decompiling instr:xorl %ecx, %ecx...
Instr: xorl %ecx, %ecx
Workdir: /home/ubuntu/Github/validating-binary-decompilation/tests/compositional_artifacts_single_instruction_decompilation//xorl__ecx___ecx
Generating artifacts...
Already Exists
Running artifacts...
Skip McSema run ...
Skip Declutter ...

Executing: cat /home/ubuntu/Github/validating-binary-decompilation/tests/compositional_artifacts_single_instruction_decompilation//xorl__ecx___ecx/test.mod.ll
Running artifacts...Done.
Multiple defintions of @seg_4003a0__text
Multiple defintions of @seg_400548__eh_frame
FuncCache skipped: _ZN12_GLOBAL__N_1L3XORI3RnWImE2RnIjES4_EEP6MemoryS6_R5StateT_T0_T1_
FuncCache skipped: routine_xorl__ecx___ecx


Decompiling instr:movb %cl, %dl...
Instr: movb %cl, %dl
Workdir: /home/ubuntu/Github/validating-binary-decompilation/tests/compositional_artifacts_single_instruction_decompilation//movb__cl___dl
Generating artifacts...
Already Exists
Running artifacts...
Skip McSema run ...
Skip Declutter ...

Executing: cat /home/ubuntu/Github/validating-binary-decompilation/tests/compositional_artifacts_single_instruction_decompilation//movb__cl___dl/test.mod.ll
Running artifacts...Done.
Multiple defintions of @seg_4003a0__text
Multiple defintions of @seg_400548__eh_frame
FuncCache inserted: _ZN12_GLOBAL__N_1L3MOVI3RnWIhE2RnIhEEEP6MemoryS6_R5StateT_T0_
FuncCache inserted: routine_movb__cl___dl


Decompiling instr:testb $0x1, %al...
Instr: testb $0x1, %al
Workdir: /home/ubuntu/Github/validating-binary-decompilation/tests/compositional_artifacts_single_instruction_decompilation//testb__0x1___al
Generating artifacts...
Already Exists
Running artifacts...
Skip McSema run ...
Skip Declutter ...

Executing: cat /home/ubuntu/Github/validating-binary-decompilation/tests/compositional_artifacts_single_instruction_decompilation//testb__0x1___al/test.mod.ll
Running artifacts...Done.
Multiple defintions of @seg_4003a0__text
Multiple defintions of @seg_400548__eh_frame
FuncCache skipped: _ZN12_GLOBAL__N_1L4TESTI2RnIhE2InIhEEEP6MemoryS6_R5StateT_T0_
FuncCache skipped: routine_testb__0x1___al


Decompiling instr:movb %dl, -0x41(%rbp)...
Instr: movb %dl, -0x41(%rbp)
Workdir: /home/ubuntu/Github/validating-binary-decompilation/tests/compositional_artifacts_single_instruction_decompilation//movb__dl__MINUS0x41__rbp_
Generating artifacts...
Generating artifacts... Done.
Running artifacts...
test.c:1:1: warning: return type of 'main' is not 'int' [-Wmain-return-type]
void main() {
^
test.c:1:1: note: change return type to 'int'
void main() {
^~~~
int
1 warning generated.

Executing: make -C /home/ubuntu/Github/validating-binary-decompilation/tests/compositional_artifacts_single_instruction_decompilation//movb__dl__MINUS0x41__rbp_ binary
make[1]: Entering directory '/home/ubuntu/Github/validating-binary-decompilation/tests/compositional_artifacts_single_instruction_decompilation/movb__dl__MINUS0x41__rbp_'
clang -Os test.c -o test
make[1]: Leaving directory '/home/ubuntu/Github/validating-binary-decompilation/tests/compositional_artifacts_single_instruction_decompilation/movb__dl__MINUS0x41__rbp_'

Executing: make -C /home/ubuntu/Github/validating-binary-decompilation/tests/compositional_artifacts_single_instruction_decompilation//movb__dl__MINUS0x41__rbp_ mcsema
make[1]: Entering directory '/home/ubuntu/Github/validating-binary-decompilation/tests/compositional_artifacts_single_instruction_decompilation/movb__dl__MINUS0x41__rbp_'
mcsema-disass --disassembler /home/ubuntu/ida-6.95/idal64 --os linux --arch amd64_avx --output test.cfg --binary test --entrypoint main
mcsema-lift-4.0 --os linux --arch amd64_avx --cfg test.cfg --output test.bc -disable_dead_store_elimination -disable_optimizer
llvm-dis test.bc -o test.ll
make[1]: Leaving directory '/home/ubuntu/Github/validating-binary-decompilation/tests/compositional_artifacts_single_instruction_decompilation/movb__dl__MINUS0x41__rbp_'

Executing: make -C /home/ubuntu/Github/validating-binary-decompilation/tests/compositional_artifacts_single_instruction_decompilation//movb__dl__MINUS0x41__rbp_ declutter
make[1]: Entering directory '/home/ubuntu/Github/validating-binary-decompilation/tests/compositional_artifacts_single_instruction_decompilation/movb__dl__MINUS0x41__rbp_'
/home/ubuntu/Github/validating-binary-decompilation/tests/scripts//declutter.pl --file test.ll --norenameintrinsics --opc movb__dl__MINUS0x41__rbp_
Expanding _ZN12_GLOBAL__N_1L3MOVI3MnWIhE2RnIhEEEP6MemoryS6_R5StateT_T0_...
Generatin test.mod.ll for opcode movb__dl__MINUS0x41__rbp_ ...
make[1]: Leaving directory '/home/ubuntu/Github/validating-binary-decompilation/tests/compositional_artifacts_single_instruction_decompilation/movb__dl__MINUS0x41__rbp_'

Executing: cat /home/ubuntu/Github/validating-binary-decompilation/tests/compositional_artifacts_single_instruction_decompilation//movb__dl__MINUS0x41__rbp_/test.mod.ll
Running artifacts...Done.
Multiple defintions of @seg_4003a0__text
Multiple defintions of @seg_400548__eh_frame
FuncCache inserted: _ZN12_GLOBAL__N_1L3MOVI3MnWIhE2RnIhEEEP6MemoryS6_R5StateT_T0_
FuncCache inserted: routine_movb__dl__MINUS0x41__rbp_


Decompiling instr:jne .L_4057d7...
Instr: jne .L_4057d7
Workdir: /home/ubuntu/Github/validating-binary-decompilation/tests/compositional_artifacts_single_instruction_decompilation//jne_.L_4057d7
Generating artifacts...
Generating artifacts... Done.
Running artifacts...
test.c:1:1: warning: return type of 'main' is not 'int' [-Wmain-return-type]
void main() {
^
test.c:1:1: note: change return type to 'int'
void main() {
^~~~
int
1 warning generated.

Executing: make -C /home/ubuntu/Github/validating-binary-decompilation/tests/compositional_artifacts_single_instruction_decompilation//jne_.L_4057d7 binary
make[1]: Entering directory '/home/ubuntu/Github/validating-binary-decompilation/tests/compositional_artifacts_single_instruction_decompilation/jne_.L_4057d7'
clang -Os test.c -o test
make[1]: Leaving directory '/home/ubuntu/Github/validating-binary-decompilation/tests/compositional_artifacts_single_instruction_decompilation/jne_.L_4057d7'

Executing: make -C /home/ubuntu/Github/validating-binary-decompilation/tests/compositional_artifacts_single_instruction_decompilation//jne_.L_4057d7 mcsema
make[1]: Entering directory '/home/ubuntu/Github/validating-binary-decompilation/tests/compositional_artifacts_single_instruction_decompilation/jne_.L_4057d7'
mcsema-disass --disassembler /home/ubuntu/ida-6.95/idal64 --os linux --arch amd64_avx --output test.cfg --binary test --entrypoint main
mcsema-lift-4.0 --os linux --arch amd64_avx --cfg test.cfg --output test.bc -disable_dead_store_elimination -disable_optimizer
llvm-dis test.bc -o test.ll
make[1]: Leaving directory '/home/ubuntu/Github/validating-binary-decompilation/tests/compositional_artifacts_single_instruction_decompilation/jne_.L_4057d7'

Executing: make -C /home/ubuntu/Github/validating-binary-decompilation/tests/compositional_artifacts_single_instruction_decompilation//jne_.L_4057d7 declutter
make[1]: Entering directory '/home/ubuntu/Github/validating-binary-decompilation/tests/compositional_artifacts_single_instruction_decompilation/jne_.L_4057d7'
/home/ubuntu/Github/validating-binary-decompilation/tests/scripts//declutter.pl --file test.ll --norenameintrinsics --opc jne_.L_4057d7
Expanding _ZN12_GLOBAL__N_1L3JNZEP6MemoryR5State3RnWIhE2InImES7_...
Generatin test.mod.ll for opcode jne_.L_4057d7 ...
make[1]: Leaving directory '/home/ubuntu/Github/validating-binary-decompilation/tests/compositional_artifacts_single_instruction_decompilation/jne_.L_4057d7'

Executing: cat /home/ubuntu/Github/validating-binary-decompilation/tests/compositional_artifacts_single_instruction_decompilation//jne_.L_4057d7/test.mod.ll
Running artifacts...Done.
Multiple defintions of @seg_4003a0__text
Multiple defintions of @seg_400548__eh_frame
FuncCache skipped: _ZN12_GLOBAL__N_1L3JNZEP6MemoryR5State3RnWIhE2InImES7_
FuncCache inserted: routine_jne_.L_4057d7


Decompiling instr:jmpq .L_4057f7...
Instr: jmpq .L_4057f7
Workdir: /home/ubuntu/Github/validating-binary-decompilation/tests/compositional_artifacts_single_instruction_decompilation//jmpq_.L_4057f7
Generating artifacts...
Generating artifacts... Done.
Running artifacts...
test.c:1:1: warning: return type of 'main' is not 'int' [-Wmain-return-type]
void main() {
^
test.c:1:1: note: change return type to 'int'
void main() {
^~~~
int
1 warning generated.

Executing: make -C /home/ubuntu/Github/validating-binary-decompilation/tests/compositional_artifacts_single_instruction_decompilation//jmpq_.L_4057f7 binary
make[1]: Entering directory '/home/ubuntu/Github/validating-binary-decompilation/tests/compositional_artifacts_single_instruction_decompilation/jmpq_.L_4057f7'
clang -Os test.c -o test
make[1]: Leaving directory '/home/ubuntu/Github/validating-binary-decompilation/tests/compositional_artifacts_single_instruction_decompilation/jmpq_.L_4057f7'

Executing: make -C /home/ubuntu/Github/validating-binary-decompilation/tests/compositional_artifacts_single_instruction_decompilation//jmpq_.L_4057f7 mcsema
make[1]: Entering directory '/home/ubuntu/Github/validating-binary-decompilation/tests/compositional_artifacts_single_instruction_decompilation/jmpq_.L_4057f7'
mcsema-disass --disassembler /home/ubuntu/ida-6.95/idal64 --os linux --arch amd64_avx --output test.cfg --binary test --entrypoint main
mcsema-lift-4.0 --os linux --arch amd64_avx --cfg test.cfg --output test.bc -disable_dead_store_elimination -disable_optimizer
llvm-dis test.bc -o test.ll
make[1]: Leaving directory '/home/ubuntu/Github/validating-binary-decompilation/tests/compositional_artifacts_single_instruction_decompilation/jmpq_.L_4057f7'

Executing: make -C /home/ubuntu/Github/validating-binary-decompilation/tests/compositional_artifacts_single_instruction_decompilation//jmpq_.L_4057f7 declutter
make[1]: Entering directory '/home/ubuntu/Github/validating-binary-decompilation/tests/compositional_artifacts_single_instruction_decompilation/jmpq_.L_4057f7'
/home/ubuntu/Github/validating-binary-decompilation/tests/scripts//declutter.pl --file test.ll --norenameintrinsics --opc jmpq_.L_4057f7
Expanding _ZN12_GLOBAL__N_1L3JMPI2InImEEEP6MemoryS4_R5StateT_...
Generatin test.mod.ll for opcode jmpq_.L_4057f7 ...
make[1]: Leaving directory '/home/ubuntu/Github/validating-binary-decompilation/tests/compositional_artifacts_single_instruction_decompilation/jmpq_.L_4057f7'

Executing: cat /home/ubuntu/Github/validating-binary-decompilation/tests/compositional_artifacts_single_instruction_decompilation//jmpq_.L_4057f7/test.mod.ll
Running artifacts...Done.
Multiple defintions of @seg_4003a0__text
Multiple defintions of @seg_400548__eh_frame
FuncCache skipped: _ZN12_GLOBAL__N_1L3JMPI2InImEEEP6MemoryS4_R5StateT_
FuncCache inserted: routine_jmpq_.L_4057f7


Decompiling instr:.L_4057d7:...


Decompiling instr:leaq -0x38(%rbp), %rdi...
Instr: leaq -0x38(%rbp), %rdi
Workdir: /home/ubuntu/Github/validating-binary-decompilation/tests/compositional_artifacts_single_instruction_decompilation//leaq_MINUS0x38__rbp____rdi
Generating artifacts...
Already Exists
Running artifacts...
Skip McSema run ...
Skip Declutter ...

Executing: cat /home/ubuntu/Github/validating-binary-decompilation/tests/compositional_artifacts_single_instruction_decompilation//leaq_MINUS0x38__rbp____rdi/test.mod.ll
Running artifacts...Done.
Multiple defintions of @seg_4003a0__text
Multiple defintions of @seg_400548__eh_frame
FuncCache skipped: _ZN12_GLOBAL__N_1L3LEAI3RnWImE2MnIhEmEEP6MemoryS6_R5StateT_T0_
FuncCache inserted: routine_leaq_MINUS0x38__rbp____rdi


Decompiling instr:callq ._ZmmI12ValueWrapperIS0_IS0_IS0_IS0_IS0_IS0_IS0_IS0_IS0_IdEEEEEEEEEEER14PointerWrapperIT_ESE_...
Instr: callq ._ZmmI12ValueWrapperIS0_IS0_IS0_IS0_IS0_IS0_IS0_IS0_IS0_IdEEEEEEEEEEER14PointerWrapperIT_ESE_
Workdir: /home/ubuntu/Github/validating-binary-decompilation/tests/compositional_artifacts_single_instruction_decompilation//callq_._ZmmI12ValueWrapperIS0_IS0_IS0_IS0_IS0_IS0_IS0_IS0_IS0_IdEEEEEEEEEEER14PointerWrapperIT_ESE_
Generating artifacts...
Already Exists
Running artifacts...
Skip McSema run ...
Skip Declutter ...

Executing: cat /home/ubuntu/Github/validating-binary-decompilation/tests/compositional_artifacts_single_instruction_decompilation//callq_._ZmmI12ValueWrapperIS0_IS0_IS0_IS0_IS0_IS0_IS0_IS0_IS0_IdEEEEEEEEEEER14PointerWrapperIT_ESE_/test.mod.ll
Running artifacts...Done.
Multiple defintions of @seg_4003a0__text
Multiple defintions of @seg_400548__eh_frame
FuncCache skipped: _ZN12_GLOBAL__N_1L4CALLI2InImEEEP6MemoryS4_R5StateT_S2_
FuncCache inserted: routine_callq_._ZmmI12ValueWrapperIS0_IS0_IS0_IS0_IS0_IS0_IS0_IS0_IS0_IdEEEEEEEEEEER14PointerWrapperIT_ESE_


Decompiling instr:movq %rax, %rdi...
Instr: movq %rax, %rdi
Workdir: /home/ubuntu/Github/validating-binary-decompilation/tests/compositional_artifacts_single_instruction_decompilation//movq__rax___rdi
Generating artifacts...
Already Exists
Running artifacts...
Skip McSema run ...
Skip Declutter ...

Executing: cat /home/ubuntu/Github/validating-binary-decompilation/tests/compositional_artifacts_single_instruction_decompilation//movq__rax___rdi/test.mod.ll
Running artifacts...Done.
Multiple defintions of @seg_4003a0__text
Multiple defintions of @seg_400548__eh_frame
FuncCache skipped: _ZN12_GLOBAL__N_1L3MOVI3RnWImE2RnImEEEP6MemoryS6_R5StateT_T0_
FuncCache skipped: routine_movq__rax___rdi


Decompiling instr:callq ._ZNK14PointerWrapperI12ValueWrapperIS0_IS0_IS0_IS0_IS0_IS0_IS0_IS0_IS0_IdEEEEEEEEEEEdeEv...
Instr: callq ._ZNK14PointerWrapperI12ValueWrapperIS0_IS0_IS0_IS0_IS0_IS0_IS0_IS0_IS0_IdEEEEEEEEEEEdeEv
Workdir: /home/ubuntu/Github/validating-binary-decompilation/tests/compositional_artifacts_single_instruction_decompilation//callq_._ZNK14PointerWrapperI12ValueWrapperIS0_IS0_IS0_IS0_IS0_IS0_IS0_IS0_IS0_IdEEEEEEEEEEEdeEv
Generating artifacts...
Already Exists
Running artifacts...
Skip McSema run ...
Skip Declutter ...

Executing: cat /home/ubuntu/Github/validating-binary-decompilation/tests/compositional_artifacts_single_instruction_decompilation//callq_._ZNK14PointerWrapperI12ValueWrapperIS0_IS0_IS0_IS0_IS0_IS0_IS0_IS0_IS0_IdEEEEEEEEEEEdeEv/test.mod.ll
Running artifacts...Done.
Multiple defintions of @seg_4003a0__text
Multiple defintions of @seg_400548__eh_frame
FuncCache skipped: _ZN12_GLOBAL__N_1L4CALLI2InImEEEP6MemoryS4_R5StateT_S2_
FuncCache skipped: routine_callq_._ZNK14PointerWrapperI12ValueWrapperIS0_IS0_IS0_IS0_IS0_IS0_IS0_IS0_IS0_IdEEEEEEEEEEEdeEv


Decompiling instr:leaq -0x28(%rbp), %rdi...
Instr: leaq -0x28(%rbp), %rdi
Workdir: /home/ubuntu/Github/validating-binary-decompilation/tests/compositional_artifacts_single_instruction_decompilation//leaq_MINUS0x28__rbp____rdi
Generating artifacts...
Already Exists
Running artifacts...
Skip McSema run ...
Skip Declutter ...

Executing: cat /home/ubuntu/Github/validating-binary-decompilation/tests/compositional_artifacts_single_instruction_decompilation//leaq_MINUS0x28__rbp____rdi/test.mod.ll
Running artifacts...Done.
Multiple defintions of @seg_4003a0__text
Multiple defintions of @seg_400548__eh_frame
FuncCache skipped: _ZN12_GLOBAL__N_1L3LEAI3RnWImE2MnIhEmEEP6MemoryS6_R5StateT_T0_
FuncCache inserted: routine_leaq_MINUS0x28__rbp____rdi


Decompiling instr:movq %rax, %rsi...
Instr: movq %rax, %rsi
Workdir: /home/ubuntu/Github/validating-binary-decompilation/tests/compositional_artifacts_single_instruction_decompilation//movq__rax___rsi
Generating artifacts...
Already Exists
Running artifacts...
Skip McSema run ...
Skip Declutter ...

Executing: cat /home/ubuntu/Github/validating-binary-decompilation/tests/compositional_artifacts_single_instruction_decompilation//movq__rax___rsi/test.mod.ll
Running artifacts...Done.
Multiple defintions of @seg_4003a0__text
Multiple defintions of @seg_400548__eh_frame
FuncCache skipped: _ZN12_GLOBAL__N_1L3MOVI3RnWImE2RnImEEEP6MemoryS6_R5StateT_T0_
FuncCache inserted: routine_movq__rax___rsi


Decompiling instr:callq ._ZltI12ValueWrapperIS0_IS0_IS0_IS0_IS0_IS0_IS0_IS0_IdEEEEEEEEEEbRKS0_IT_ESD_...
Instr: callq ._ZltI12ValueWrapperIS0_IS0_IS0_IS0_IS0_IS0_IS0_IS0_IdEEEEEEEEEEbRKS0_IT_ESD_
Workdir: /home/ubuntu/Github/validating-binary-decompilation/tests/compositional_artifacts_single_instruction_decompilation//callq_._ZltI12ValueWrapperIS0_IS0_IS0_IS0_IS0_IS0_IS0_IS0_IdEEEEEEEEEEbRKS0_IT_ESD_
Generating artifacts...
Already Exists
Running artifacts...
Skip McSema run ...
Skip Declutter ...

Executing: cat /home/ubuntu/Github/validating-binary-decompilation/tests/compositional_artifacts_single_instruction_decompilation//callq_._ZltI12ValueWrapperIS0_IS0_IS0_IS0_IS0_IS0_IS0_IS0_IdEEEEEEEEEEbRKS0_IT_ESD_/test.mod.ll
Running artifacts...Done.
Multiple defintions of @seg_4003a0__text
Multiple defintions of @seg_400548__eh_frame
FuncCache skipped: _ZN12_GLOBAL__N_1L4CALLI2InImEEEP6MemoryS4_R5StateT_S2_
FuncCache inserted: routine_callq_._ZltI12ValueWrapperIS0_IS0_IS0_IS0_IS0_IS0_IS0_IS0_IdEEEEEEEEEEbRKS0_IT_ESD_


Decompiling instr:movb %al, -0x41(%rbp)...
Instr: movb %al, -0x41(%rbp)
Workdir: /home/ubuntu/Github/validating-binary-decompilation/tests/compositional_artifacts_single_instruction_decompilation//movb__al__MINUS0x41__rbp_
Generating artifacts...
Generating artifacts... Done.
Running artifacts...
test.c:1:1: warning: return type of 'main' is not 'int' [-Wmain-return-type]
void main() {
^
test.c:1:1: note: change return type to 'int'
void main() {
^~~~
int
1 warning generated.

Executing: make -C /home/ubuntu/Github/validating-binary-decompilation/tests/compositional_artifacts_single_instruction_decompilation//movb__al__MINUS0x41__rbp_ binary
make[1]: Entering directory '/home/ubuntu/Github/validating-binary-decompilation/tests/compositional_artifacts_single_instruction_decompilation/movb__al__MINUS0x41__rbp_'
clang -Os test.c -o test
make[1]: Leaving directory '/home/ubuntu/Github/validating-binary-decompilation/tests/compositional_artifacts_single_instruction_decompilation/movb__al__MINUS0x41__rbp_'

Executing: make -C /home/ubuntu/Github/validating-binary-decompilation/tests/compositional_artifacts_single_instruction_decompilation//movb__al__MINUS0x41__rbp_ mcsema
make[1]: Entering directory '/home/ubuntu/Github/validating-binary-decompilation/tests/compositional_artifacts_single_instruction_decompilation/movb__al__MINUS0x41__rbp_'
mcsema-disass --disassembler /home/ubuntu/ida-6.95/idal64 --os linux --arch amd64_avx --output test.cfg --binary test --entrypoint main
mcsema-lift-4.0 --os linux --arch amd64_avx --cfg test.cfg --output test.bc -disable_dead_store_elimination -disable_optimizer
llvm-dis test.bc -o test.ll
make[1]: Leaving directory '/home/ubuntu/Github/validating-binary-decompilation/tests/compositional_artifacts_single_instruction_decompilation/movb__al__MINUS0x41__rbp_'

Executing: make -C /home/ubuntu/Github/validating-binary-decompilation/tests/compositional_artifacts_single_instruction_decompilation//movb__al__MINUS0x41__rbp_ declutter
make[1]: Entering directory '/home/ubuntu/Github/validating-binary-decompilation/tests/compositional_artifacts_single_instruction_decompilation/movb__al__MINUS0x41__rbp_'
/home/ubuntu/Github/validating-binary-decompilation/tests/scripts//declutter.pl --file test.ll --norenameintrinsics --opc movb__al__MINUS0x41__rbp_
Expanding _ZN12_GLOBAL__N_1L3MOVI3MnWIhE2RnIhEEEP6MemoryS6_R5StateT_T0_...
Generatin test.mod.ll for opcode movb__al__MINUS0x41__rbp_ ...
make[1]: Leaving directory '/home/ubuntu/Github/validating-binary-decompilation/tests/compositional_artifacts_single_instruction_decompilation/movb__al__MINUS0x41__rbp_'

Executing: cat /home/ubuntu/Github/validating-binary-decompilation/tests/compositional_artifacts_single_instruction_decompilation//movb__al__MINUS0x41__rbp_/test.mod.ll
Running artifacts...Done.
Multiple defintions of @seg_4003a0__text
Multiple defintions of @seg_400548__eh_frame
FuncCache skipped: _ZN12_GLOBAL__N_1L3MOVI3MnWIhE2RnIhEEEP6MemoryS6_R5StateT_T0_
FuncCache inserted: routine_movb__al__MINUS0x41__rbp_


Decompiling instr:.L_4057f7:...


Decompiling instr:movb -0x41(%rbp), %al...
Instr: movb -0x41(%rbp), %al
Workdir: /home/ubuntu/Github/validating-binary-decompilation/tests/compositional_artifacts_single_instruction_decompilation//movb_MINUS0x41__rbp____al
Generating artifacts...
Generating artifacts... Done.
Running artifacts...
test.c:1:1: warning: return type of 'main' is not 'int' [-Wmain-return-type]
void main() {
^
test.c:1:1: note: change return type to 'int'
void main() {
^~~~
int
1 warning generated.

Executing: make -C /home/ubuntu/Github/validating-binary-decompilation/tests/compositional_artifacts_single_instruction_decompilation//movb_MINUS0x41__rbp____al binary
make[1]: Entering directory '/home/ubuntu/Github/validating-binary-decompilation/tests/compositional_artifacts_single_instruction_decompilation/movb_MINUS0x41__rbp____al'
clang -Os test.c -o test
make[1]: Leaving directory '/home/ubuntu/Github/validating-binary-decompilation/tests/compositional_artifacts_single_instruction_decompilation/movb_MINUS0x41__rbp____al'

Executing: make -C /home/ubuntu/Github/validating-binary-decompilation/tests/compositional_artifacts_single_instruction_decompilation//movb_MINUS0x41__rbp____al mcsema
make[1]: Entering directory '/home/ubuntu/Github/validating-binary-decompilation/tests/compositional_artifacts_single_instruction_decompilation/movb_MINUS0x41__rbp____al'
mcsema-disass --disassembler /home/ubuntu/ida-6.95/idal64 --os linux --arch amd64_avx --output test.cfg --binary test --entrypoint main
mcsema-lift-4.0 --os linux --arch amd64_avx --cfg test.cfg --output test.bc -disable_dead_store_elimination -disable_optimizer
llvm-dis test.bc -o test.ll
make[1]: Leaving directory '/home/ubuntu/Github/validating-binary-decompilation/tests/compositional_artifacts_single_instruction_decompilation/movb_MINUS0x41__rbp____al'

Executing: make -C /home/ubuntu/Github/validating-binary-decompilation/tests/compositional_artifacts_single_instruction_decompilation//movb_MINUS0x41__rbp____al declutter
make[1]: Entering directory '/home/ubuntu/Github/validating-binary-decompilation/tests/compositional_artifacts_single_instruction_decompilation/movb_MINUS0x41__rbp____al'
/home/ubuntu/Github/validating-binary-decompilation/tests/scripts//declutter.pl --file test.ll --norenameintrinsics --opc movb_MINUS0x41__rbp____al
Expanding _ZN12_GLOBAL__N_1L3MOVI3RnWIhE2MnIhEEEP6MemoryS6_R5StateT_T0_...
Generatin test.mod.ll for opcode movb_MINUS0x41__rbp____al ...
make[1]: Leaving directory '/home/ubuntu/Github/validating-binary-decompilation/tests/compositional_artifacts_single_instruction_decompilation/movb_MINUS0x41__rbp____al'

Executing: cat /home/ubuntu/Github/validating-binary-decompilation/tests/compositional_artifacts_single_instruction_decompilation//movb_MINUS0x41__rbp____al/test.mod.ll
Running artifacts...Done.
Multiple defintions of @seg_4003a0__text
Multiple defintions of @seg_400548__eh_frame
FuncCache inserted: _ZN12_GLOBAL__N_1L3MOVI3RnWIhE2MnIhEEEP6MemoryS6_R5StateT_T0_
FuncCache inserted: routine_movb_MINUS0x41__rbp____al


Decompiling instr:testb $0x1, %al...
Instr: testb $0x1, %al
Workdir: /home/ubuntu/Github/validating-binary-decompilation/tests/compositional_artifacts_single_instruction_decompilation//testb__0x1___al
Generating artifacts...
Already Exists
Running artifacts...
Skip McSema run ...
Skip Declutter ...

Executing: cat /home/ubuntu/Github/validating-binary-decompilation/tests/compositional_artifacts_single_instruction_decompilation//testb__0x1___al/test.mod.ll
Running artifacts...Done.
Multiple defintions of @seg_4003a0__text
Multiple defintions of @seg_400548__eh_frame
FuncCache skipped: _ZN12_GLOBAL__N_1L4TESTI2RnIhE2InIhEEEP6MemoryS6_R5StateT_T0_
FuncCache skipped: routine_testb__0x1___al


Decompiling instr:jne .L_405807...
Instr: jne .L_405807
Workdir: /home/ubuntu/Github/validating-binary-decompilation/tests/compositional_artifacts_single_instruction_decompilation//jne_.L_405807
Generating artifacts...
Generating artifacts... Done.
Running artifacts...
test.c:1:1: warning: return type of 'main' is not 'int' [-Wmain-return-type]
void main() {
^
test.c:1:1: note: change return type to 'int'
void main() {
^~~~
int
1 warning generated.

Executing: make -C /home/ubuntu/Github/validating-binary-decompilation/tests/compositional_artifacts_single_instruction_decompilation//jne_.L_405807 binary
make[1]: Entering directory '/home/ubuntu/Github/validating-binary-decompilation/tests/compositional_artifacts_single_instruction_decompilation/jne_.L_405807'
clang -Os test.c -o test
make[1]: Leaving directory '/home/ubuntu/Github/validating-binary-decompilation/tests/compositional_artifacts_single_instruction_decompilation/jne_.L_405807'

Executing: make -C /home/ubuntu/Github/validating-binary-decompilation/tests/compositional_artifacts_single_instruction_decompilation//jne_.L_405807 mcsema
make[1]: Entering directory '/home/ubuntu/Github/validating-binary-decompilation/tests/compositional_artifacts_single_instruction_decompilation/jne_.L_405807'
mcsema-disass --disassembler /home/ubuntu/ida-6.95/idal64 --os linux --arch amd64_avx --output test.cfg --binary test --entrypoint main
mcsema-lift-4.0 --os linux --arch amd64_avx --cfg test.cfg --output test.bc -disable_dead_store_elimination -disable_optimizer
llvm-dis test.bc -o test.ll
make[1]: Leaving directory '/home/ubuntu/Github/validating-binary-decompilation/tests/compositional_artifacts_single_instruction_decompilation/jne_.L_405807'

Executing: make -C /home/ubuntu/Github/validating-binary-decompilation/tests/compositional_artifacts_single_instruction_decompilation//jne_.L_405807 declutter
make[1]: Entering directory '/home/ubuntu/Github/validating-binary-decompilation/tests/compositional_artifacts_single_instruction_decompilation/jne_.L_405807'
/home/ubuntu/Github/validating-binary-decompilation/tests/scripts//declutter.pl --file test.ll --norenameintrinsics --opc jne_.L_405807
Expanding _ZN12_GLOBAL__N_1L3JNZEP6MemoryR5State3RnWIhE2InImES7_...
Generatin test.mod.ll for opcode jne_.L_405807 ...
make[1]: Leaving directory '/home/ubuntu/Github/validating-binary-decompilation/tests/compositional_artifacts_single_instruction_decompilation/jne_.L_405807'

Executing: cat /home/ubuntu/Github/validating-binary-decompilation/tests/compositional_artifacts_single_instruction_decompilation//jne_.L_405807/test.mod.ll
Running artifacts...Done.
Multiple defintions of @seg_4003a0__text
Multiple defintions of @seg_400548__eh_frame
FuncCache skipped: _ZN12_GLOBAL__N_1L3JNZEP6MemoryR5State3RnWIhE2InImES7_
FuncCache inserted: routine_jne_.L_405807


Decompiling instr:jmpq .L_405839...
Instr: jmpq .L_405839
Workdir: /home/ubuntu/Github/validating-binary-decompilation/tests/compositional_artifacts_single_instruction_decompilation//jmpq_.L_405839
Generating artifacts...
Generating artifacts... Done.
Running artifacts...
test.c:1:1: warning: return type of 'main' is not 'int' [-Wmain-return-type]
void main() {
^
test.c:1:1: note: change return type to 'int'
void main() {
^~~~
int
1 warning generated.

Executing: make -C /home/ubuntu/Github/validating-binary-decompilation/tests/compositional_artifacts_single_instruction_decompilation//jmpq_.L_405839 binary
make[1]: Entering directory '/home/ubuntu/Github/validating-binary-decompilation/tests/compositional_artifacts_single_instruction_decompilation/jmpq_.L_405839'
clang -Os test.c -o test
make[1]: Leaving directory '/home/ubuntu/Github/validating-binary-decompilation/tests/compositional_artifacts_single_instruction_decompilation/jmpq_.L_405839'

Executing: make -C /home/ubuntu/Github/validating-binary-decompilation/tests/compositional_artifacts_single_instruction_decompilation//jmpq_.L_405839 mcsema
make[1]: Entering directory '/home/ubuntu/Github/validating-binary-decompilation/tests/compositional_artifacts_single_instruction_decompilation/jmpq_.L_405839'
mcsema-disass --disassembler /home/ubuntu/ida-6.95/idal64 --os linux --arch amd64_avx --output test.cfg --binary test --entrypoint main
mcsema-lift-4.0 --os linux --arch amd64_avx --cfg test.cfg --output test.bc -disable_dead_store_elimination -disable_optimizer
llvm-dis test.bc -o test.ll
make[1]: Leaving directory '/home/ubuntu/Github/validating-binary-decompilation/tests/compositional_artifacts_single_instruction_decompilation/jmpq_.L_405839'

Executing: make -C /home/ubuntu/Github/validating-binary-decompilation/tests/compositional_artifacts_single_instruction_decompilation//jmpq_.L_405839 declutter
make[1]: Entering directory '/home/ubuntu/Github/validating-binary-decompilation/tests/compositional_artifacts_single_instruction_decompilation/jmpq_.L_405839'
/home/ubuntu/Github/validating-binary-decompilation/tests/scripts//declutter.pl --file test.ll --norenameintrinsics --opc jmpq_.L_405839
Expanding _ZN12_GLOBAL__N_1L3JMPI2InImEEEP6MemoryS4_R5StateT_...
Generatin test.mod.ll for opcode jmpq_.L_405839 ...
make[1]: Leaving directory '/home/ubuntu/Github/validating-binary-decompilation/tests/compositional_artifacts_single_instruction_decompilation/jmpq_.L_405839'

Executing: cat /home/ubuntu/Github/validating-binary-decompilation/tests/compositional_artifacts_single_instruction_decompilation//jmpq_.L_405839/test.mod.ll
Running artifacts...Done.
Multiple defintions of @seg_4003a0__text
Multiple defintions of @seg_400548__eh_frame
FuncCache skipped: _ZN12_GLOBAL__N_1L3JMPI2InImEEEP6MemoryS4_R5StateT_
FuncCache inserted: routine_jmpq_.L_405839


Decompiling instr:.L_405807:...


Decompiling instr:leaq -0x38(%rbp), %rdi...
Instr: leaq -0x38(%rbp), %rdi
Workdir: /home/ubuntu/Github/validating-binary-decompilation/tests/compositional_artifacts_single_instruction_decompilation//leaq_MINUS0x38__rbp____rdi
Generating artifacts...
Already Exists
Running artifacts...
Skip McSema run ...
Skip Declutter ...

Executing: cat /home/ubuntu/Github/validating-binary-decompilation/tests/compositional_artifacts_single_instruction_decompilation//leaq_MINUS0x38__rbp____rdi/test.mod.ll
Running artifacts...Done.
Multiple defintions of @seg_4003a0__text
Multiple defintions of @seg_400548__eh_frame
FuncCache skipped: _ZN12_GLOBAL__N_1L3LEAI3RnWImE2MnIhEmEEP6MemoryS6_R5StateT_T0_
FuncCache skipped: routine_leaq_MINUS0x38__rbp____rdi


Decompiling instr:callq ._ZNK14PointerWrapperI12ValueWrapperIS0_IS0_IS0_IS0_IS0_IS0_IS0_IS0_IS0_IdEEEEEEEEEEEdeEv...
Instr: callq ._ZNK14PointerWrapperI12ValueWrapperIS0_IS0_IS0_IS0_IS0_IS0_IS0_IS0_IS0_IdEEEEEEEEEEEdeEv
Workdir: /home/ubuntu/Github/validating-binary-decompilation/tests/compositional_artifacts_single_instruction_decompilation//callq_._ZNK14PointerWrapperI12ValueWrapperIS0_IS0_IS0_IS0_IS0_IS0_IS0_IS0_IS0_IdEEEEEEEEEEEdeEv
Generating artifacts...
Already Exists
Running artifacts...
Skip McSema run ...
Skip Declutter ...

Executing: cat /home/ubuntu/Github/validating-binary-decompilation/tests/compositional_artifacts_single_instruction_decompilation//callq_._ZNK14PointerWrapperI12ValueWrapperIS0_IS0_IS0_IS0_IS0_IS0_IS0_IS0_IS0_IdEEEEEEEEEEEdeEv/test.mod.ll
Running artifacts...Done.
Multiple defintions of @seg_4003a0__text
Multiple defintions of @seg_400548__eh_frame
FuncCache skipped: _ZN12_GLOBAL__N_1L4CALLI2InImEEEP6MemoryS4_R5StateT_S2_
FuncCache skipped: routine_callq_._ZNK14PointerWrapperI12ValueWrapperIS0_IS0_IS0_IS0_IS0_IS0_IS0_IS0_IS0_IdEEEEEEEEEEEdeEv


Decompiling instr:leaq -0x30(%rbp), %rdi...
Instr: leaq -0x30(%rbp), %rdi
Workdir: /home/ubuntu/Github/validating-binary-decompilation/tests/compositional_artifacts_single_instruction_decompilation//leaq_MINUS0x30__rbp____rdi
Generating artifacts...
Already Exists
Running artifacts...
Skip McSema run ...
Skip Declutter ...

Executing: cat /home/ubuntu/Github/validating-binary-decompilation/tests/compositional_artifacts_single_instruction_decompilation//leaq_MINUS0x30__rbp____rdi/test.mod.ll
Running artifacts...Done.
Multiple defintions of @seg_4003a0__text
Multiple defintions of @seg_400548__eh_frame
FuncCache skipped: _ZN12_GLOBAL__N_1L3LEAI3RnWImE2MnIhEmEEP6MemoryS6_R5StateT_T0_
FuncCache skipped: routine_leaq_MINUS0x30__rbp____rdi


Decompiling instr:movq %rax, -0x50(%rbp)...
Instr: movq %rax, -0x50(%rbp)
Workdir: /home/ubuntu/Github/validating-binary-decompilation/tests/compositional_artifacts_single_instruction_decompilation//movq__rax__MINUS0x50__rbp_
Generating artifacts...
Already Exists
Running artifacts...
Skip McSema run ...
Skip Declutter ...

Executing: cat /home/ubuntu/Github/validating-binary-decompilation/tests/compositional_artifacts_single_instruction_decompilation//movq__rax__MINUS0x50__rbp_/test.mod.ll
Running artifacts...Done.
Multiple defintions of @seg_4003a0__text
Multiple defintions of @seg_400548__eh_frame
FuncCache skipped: _ZN12_GLOBAL__N_1L3MOVI3MnWImE2RnImEEEP6MemoryS6_R5StateT_T0_
FuncCache inserted: routine_movq__rax__MINUS0x50__rbp_


Decompiling instr:callq ._ZNK14PointerWrapperI12ValueWrapperIS0_IS0_IS0_IS0_IS0_IS0_IS0_IS0_IS0_IdEEEEEEEEEEEdeEv...
Instr: callq ._ZNK14PointerWrapperI12ValueWrapperIS0_IS0_IS0_IS0_IS0_IS0_IS0_IS0_IS0_IdEEEEEEEEEEEdeEv
Workdir: /home/ubuntu/Github/validating-binary-decompilation/tests/compositional_artifacts_single_instruction_decompilation//callq_._ZNK14PointerWrapperI12ValueWrapperIS0_IS0_IS0_IS0_IS0_IS0_IS0_IS0_IS0_IdEEEEEEEEEEEdeEv
Generating artifacts...
Already Exists
Running artifacts...
Skip McSema run ...
Skip Declutter ...

Executing: cat /home/ubuntu/Github/validating-binary-decompilation/tests/compositional_artifacts_single_instruction_decompilation//callq_._ZNK14PointerWrapperI12ValueWrapperIS0_IS0_IS0_IS0_IS0_IS0_IS0_IS0_IS0_IdEEEEEEEEEEEdeEv/test.mod.ll
Running artifacts...Done.
Multiple defintions of @seg_4003a0__text
Multiple defintions of @seg_400548__eh_frame
FuncCache skipped: _ZN12_GLOBAL__N_1L4CALLI2InImEEEP6MemoryS4_R5StateT_S2_
FuncCache skipped: routine_callq_._ZNK14PointerWrapperI12ValueWrapperIS0_IS0_IS0_IS0_IS0_IS0_IS0_IS0_IS0_IdEEEEEEEEEEEdeEv


Decompiling instr:movq -0x50(%rbp), %rdi...
Instr: movq -0x50(%rbp), %rdi
Workdir: /home/ubuntu/Github/validating-binary-decompilation/tests/compositional_artifacts_single_instruction_decompilation//movq_MINUS0x50__rbp____rdi
Generating artifacts...
Already Exists
Running artifacts...
Skip McSema run ...
Skip Declutter ...

Executing: cat /home/ubuntu/Github/validating-binary-decompilation/tests/compositional_artifacts_single_instruction_decompilation//movq_MINUS0x50__rbp____rdi/test.mod.ll
Running artifacts...Done.
Multiple defintions of @seg_4003a0__text
Multiple defintions of @seg_400548__eh_frame
FuncCache skipped: _ZN12_GLOBAL__N_1L3MOVI3RnWImE2MnImEEEP6MemoryS6_R5StateT_T0_
FuncCache inserted: routine_movq_MINUS0x50__rbp____rdi


Decompiling instr:movq (%rdi), %rcx...
Instr: movq (%rdi), %rcx
Workdir: /home/ubuntu/Github/validating-binary-decompilation/tests/compositional_artifacts_single_instruction_decompilation//movq___rdi____rcx
Generating artifacts...
Already Exists
Running artifacts...
Skip McSema run ...
Skip Declutter ...

Executing: cat /home/ubuntu/Github/validating-binary-decompilation/tests/compositional_artifacts_single_instruction_decompilation//movq___rdi____rcx/test.mod.ll
Running artifacts...Done.
Multiple defintions of @seg_4003a0__text
Multiple defintions of @seg_400548__eh_frame
FuncCache skipped: _ZN12_GLOBAL__N_1L3MOVI3RnWImE2MnImEEEP6MemoryS6_R5StateT_T0_
FuncCache inserted: routine_movq___rdi____rcx


Decompiling instr:movq %rcx, (%rax)...
Instr: movq %rcx, (%rax)
Workdir: /home/ubuntu/Github/validating-binary-decompilation/tests/compositional_artifacts_single_instruction_decompilation//movq__rcx____rax_
Generating artifacts...
Already Exists
Running artifacts...
Skip McSema run ...
Skip Declutter ...

Executing: cat /home/ubuntu/Github/validating-binary-decompilation/tests/compositional_artifacts_single_instruction_decompilation//movq__rcx____rax_/test.mod.ll
Running artifacts...Done.
Multiple defintions of @seg_4003a0__text
Multiple defintions of @seg_400548__eh_frame
FuncCache skipped: _ZN12_GLOBAL__N_1L3MOVI3MnWImE2RnImEEEP6MemoryS6_R5StateT_T0_
FuncCache inserted: routine_movq__rcx____rax_


Decompiling instr:leaq -0x30(%rbp), %rdi...
Instr: leaq -0x30(%rbp), %rdi
Workdir: /home/ubuntu/Github/validating-binary-decompilation/tests/compositional_artifacts_single_instruction_decompilation//leaq_MINUS0x30__rbp____rdi
Generating artifacts...
Already Exists
Running artifacts...
Skip McSema run ...
Skip Declutter ...

Executing: cat /home/ubuntu/Github/validating-binary-decompilation/tests/compositional_artifacts_single_instruction_decompilation//leaq_MINUS0x30__rbp____rdi/test.mod.ll
Running artifacts...Done.
Multiple defintions of @seg_4003a0__text
Multiple defintions of @seg_400548__eh_frame
FuncCache skipped: _ZN12_GLOBAL__N_1L3LEAI3RnWImE2MnIhEmEEP6MemoryS6_R5StateT_T0_
FuncCache skipped: routine_leaq_MINUS0x30__rbp____rdi


Decompiling instr:callq ._ZmmI12ValueWrapperIS0_IS0_IS0_IS0_IS0_IS0_IS0_IS0_IS0_IdEEEEEEEEEEER14PointerWrapperIT_ESE_...
Instr: callq ._ZmmI12ValueWrapperIS0_IS0_IS0_IS0_IS0_IS0_IS0_IS0_IS0_IdEEEEEEEEEEER14PointerWrapperIT_ESE_
Workdir: /home/ubuntu/Github/validating-binary-decompilation/tests/compositional_artifacts_single_instruction_decompilation//callq_._ZmmI12ValueWrapperIS0_IS0_IS0_IS0_IS0_IS0_IS0_IS0_IS0_IdEEEEEEEEEEER14PointerWrapperIT_ESE_
Generating artifacts...
Already Exists
Running artifacts...
Skip McSema run ...
Skip Declutter ...

Executing: cat /home/ubuntu/Github/validating-binary-decompilation/tests/compositional_artifacts_single_instruction_decompilation//callq_._ZmmI12ValueWrapperIS0_IS0_IS0_IS0_IS0_IS0_IS0_IS0_IS0_IdEEEEEEEEEEER14PointerWrapperIT_ESE_/test.mod.ll
Running artifacts...Done.
Multiple defintions of @seg_4003a0__text
Multiple defintions of @seg_400548__eh_frame
FuncCache skipped: _ZN12_GLOBAL__N_1L4CALLI2InImEEEP6MemoryS4_R5StateT_S2_
FuncCache skipped: routine_callq_._ZmmI12ValueWrapperIS0_IS0_IS0_IS0_IS0_IS0_IS0_IS0_IS0_IdEEEEEEEEEEER14PointerWrapperIT_ESE_


Decompiling instr:movq %rax, -0x58(%rbp)...
Instr: movq %rax, -0x58(%rbp)
Workdir: /home/ubuntu/Github/validating-binary-decompilation/tests/compositional_artifacts_single_instruction_decompilation//movq__rax__MINUS0x58__rbp_
Generating artifacts...
Already Exists
Running artifacts...
Skip McSema run ...
Skip Declutter ...

Executing: cat /home/ubuntu/Github/validating-binary-decompilation/tests/compositional_artifacts_single_instruction_decompilation//movq__rax__MINUS0x58__rbp_/test.mod.ll
Running artifacts...Done.
Multiple defintions of @seg_4003a0__text
Multiple defintions of @seg_400548__eh_frame
FuncCache skipped: _ZN12_GLOBAL__N_1L3MOVI3MnWImE2RnImEEEP6MemoryS6_R5StateT_T0_
FuncCache inserted: routine_movq__rax__MINUS0x58__rbp_


Decompiling instr:jmpq .L_4057b6...
Instr: jmpq .L_4057b6
Workdir: /home/ubuntu/Github/validating-binary-decompilation/tests/compositional_artifacts_single_instruction_decompilation//jmpq_.L_4057b6
Generating artifacts...
Generating artifacts... Done.
Running artifacts...
test.c:1:1: warning: return type of 'main' is not 'int' [-Wmain-return-type]
void main() {
^
test.c:1:1: note: change return type to 'int'
void main() {
^~~~
int
1 warning generated.

Executing: make -C /home/ubuntu/Github/validating-binary-decompilation/tests/compositional_artifacts_single_instruction_decompilation//jmpq_.L_4057b6 binary
make[1]: Entering directory '/home/ubuntu/Github/validating-binary-decompilation/tests/compositional_artifacts_single_instruction_decompilation/jmpq_.L_4057b6'
clang -Os test.c -o test
make[1]: Leaving directory '/home/ubuntu/Github/validating-binary-decompilation/tests/compositional_artifacts_single_instruction_decompilation/jmpq_.L_4057b6'

Executing: make -C /home/ubuntu/Github/validating-binary-decompilation/tests/compositional_artifacts_single_instruction_decompilation//jmpq_.L_4057b6 mcsema
make[1]: Entering directory '/home/ubuntu/Github/validating-binary-decompilation/tests/compositional_artifacts_single_instruction_decompilation/jmpq_.L_4057b6'
mcsema-disass --disassembler /home/ubuntu/ida-6.95/idal64 --os linux --arch amd64_avx --output test.cfg --binary test --entrypoint main
mcsema-lift-4.0 --os linux --arch amd64_avx --cfg test.cfg --output test.bc -disable_dead_store_elimination -disable_optimizer
llvm-dis test.bc -o test.ll
make[1]: Leaving directory '/home/ubuntu/Github/validating-binary-decompilation/tests/compositional_artifacts_single_instruction_decompilation/jmpq_.L_4057b6'

Executing: make -C /home/ubuntu/Github/validating-binary-decompilation/tests/compositional_artifacts_single_instruction_decompilation//jmpq_.L_4057b6 declutter
make[1]: Entering directory '/home/ubuntu/Github/validating-binary-decompilation/tests/compositional_artifacts_single_instruction_decompilation/jmpq_.L_4057b6'
/home/ubuntu/Github/validating-binary-decompilation/tests/scripts//declutter.pl --file test.ll --norenameintrinsics --opc jmpq_.L_4057b6
Expanding _ZN12_GLOBAL__N_1L3JMPI2InImEEEP6MemoryS4_R5StateT_...
Generatin test.mod.ll for opcode jmpq_.L_4057b6 ...
make[1]: Leaving directory '/home/ubuntu/Github/validating-binary-decompilation/tests/compositional_artifacts_single_instruction_decompilation/jmpq_.L_4057b6'

Executing: cat /home/ubuntu/Github/validating-binary-decompilation/tests/compositional_artifacts_single_instruction_decompilation//jmpq_.L_4057b6/test.mod.ll
Running artifacts...Done.
Multiple defintions of @seg_4003a0__text
Multiple defintions of @seg_400548__eh_frame
FuncCache skipped: _ZN12_GLOBAL__N_1L3JMPI2InImEEEP6MemoryS4_R5StateT_
FuncCache inserted: routine_jmpq_.L_4057b6


Decompiling instr:.L_405839:...


Decompiling instr:leaq -0x30(%rbp), %rdi...
Instr: leaq -0x30(%rbp), %rdi
Workdir: /home/ubuntu/Github/validating-binary-decompilation/tests/compositional_artifacts_single_instruction_decompilation//leaq_MINUS0x30__rbp____rdi
Generating artifacts...
Already Exists
Running artifacts...
Skip McSema run ...
Skip Declutter ...

Executing: cat /home/ubuntu/Github/validating-binary-decompilation/tests/compositional_artifacts_single_instruction_decompilation//leaq_MINUS0x30__rbp____rdi/test.mod.ll
Running artifacts...Done.
Multiple defintions of @seg_4003a0__text
Multiple defintions of @seg_400548__eh_frame
FuncCache skipped: _ZN12_GLOBAL__N_1L3LEAI3RnWImE2MnIhEmEEP6MemoryS6_R5StateT_T0_
FuncCache skipped: routine_leaq_MINUS0x30__rbp____rdi


Decompiling instr:callq ._ZNK14PointerWrapperI12ValueWrapperIS0_IS0_IS0_IS0_IS0_IS0_IS0_IS0_IS0_IdEEEEEEEEEEEdeEv...
Instr: callq ._ZNK14PointerWrapperI12ValueWrapperIS0_IS0_IS0_IS0_IS0_IS0_IS0_IS0_IS0_IdEEEEEEEEEEEdeEv
Workdir: /home/ubuntu/Github/validating-binary-decompilation/tests/compositional_artifacts_single_instruction_decompilation//callq_._ZNK14PointerWrapperI12ValueWrapperIS0_IS0_IS0_IS0_IS0_IS0_IS0_IS0_IS0_IdEEEEEEEEEEEdeEv
Generating artifacts...
Already Exists
Running artifacts...
Skip McSema run ...
Skip Declutter ...

Executing: cat /home/ubuntu/Github/validating-binary-decompilation/tests/compositional_artifacts_single_instruction_decompilation//callq_._ZNK14PointerWrapperI12ValueWrapperIS0_IS0_IS0_IS0_IS0_IS0_IS0_IS0_IS0_IdEEEEEEEEEEEdeEv/test.mod.ll
Running artifacts...Done.
Multiple defintions of @seg_4003a0__text
Multiple defintions of @seg_400548__eh_frame
FuncCache skipped: _ZN12_GLOBAL__N_1L4CALLI2InImEEEP6MemoryS4_R5StateT_S2_
FuncCache skipped: routine_callq_._ZNK14PointerWrapperI12ValueWrapperIS0_IS0_IS0_IS0_IS0_IS0_IS0_IS0_IS0_IdEEEEEEEEEEEdeEv


Decompiling instr:leaq -0x18(%rbp), %rdi...
Instr: leaq -0x18(%rbp), %rdi
Workdir: /home/ubuntu/Github/validating-binary-decompilation/tests/compositional_artifacts_single_instruction_decompilation//leaq_MINUS0x18__rbp____rdi
Generating artifacts...
Already Exists
Running artifacts...
Skip McSema run ...
Skip Declutter ...

Executing: cat /home/ubuntu/Github/validating-binary-decompilation/tests/compositional_artifacts_single_instruction_decompilation//leaq_MINUS0x18__rbp____rdi/test.mod.ll
Running artifacts...Done.
Multiple defintions of @seg_4003a0__text
Multiple defintions of @seg_400548__eh_frame
FuncCache skipped: _ZN12_GLOBAL__N_1L3LEAI3RnWImE2MnIhEmEEP6MemoryS6_R5StateT_T0_
FuncCache skipped: routine_leaq_MINUS0x18__rbp____rdi


Decompiling instr:xorl %esi, %esi...
Instr: xorl %esi, %esi
Workdir: /home/ubuntu/Github/validating-binary-decompilation/tests/compositional_artifacts_single_instruction_decompilation//xorl__esi___esi
Generating artifacts...
Already Exists
Running artifacts...
Skip McSema run ...
Skip Declutter ...

Executing: cat /home/ubuntu/Github/validating-binary-decompilation/tests/compositional_artifacts_single_instruction_decompilation//xorl__esi___esi/test.mod.ll
Running artifacts...Done.
Multiple defintions of @seg_4003a0__text
Multiple defintions of @seg_400548__eh_frame
FuncCache skipped: _ZN12_GLOBAL__N_1L3XORI3RnWImE2RnIjES4_EEP6MemoryS6_R5StateT_T0_T1_
FuncCache inserted: routine_xorl__esi___esi


Decompiling instr:movq -0x28(%rbp), %rcx...
Instr: movq -0x28(%rbp), %rcx
Workdir: /home/ubuntu/Github/validating-binary-decompilation/tests/compositional_artifacts_single_instruction_decompilation//movq_MINUS0x28__rbp____rcx
Generating artifacts...
Already Exists
Running artifacts...
Skip McSema run ...
Skip Declutter ...

Executing: cat /home/ubuntu/Github/validating-binary-decompilation/tests/compositional_artifacts_single_instruction_decompilation//movq_MINUS0x28__rbp____rcx/test.mod.ll
Running artifacts...Done.
Multiple defintions of @seg_4003a0__text
Multiple defintions of @seg_400548__eh_frame
FuncCache skipped: _ZN12_GLOBAL__N_1L3MOVI3RnWImE2MnImEEEP6MemoryS6_R5StateT_T0_
FuncCache inserted: routine_movq_MINUS0x28__rbp____rcx


Decompiling instr:movq %rcx, (%rax)...
Instr: movq %rcx, (%rax)
Workdir: /home/ubuntu/Github/validating-binary-decompilation/tests/compositional_artifacts_single_instruction_decompilation//movq__rcx____rax_
Generating artifacts...
Already Exists
Running artifacts...
Skip McSema run ...
Skip Declutter ...

Executing: cat /home/ubuntu/Github/validating-binary-decompilation/tests/compositional_artifacts_single_instruction_decompilation//movq__rcx____rax_/test.mod.ll
Running artifacts...Done.
Multiple defintions of @seg_4003a0__text
Multiple defintions of @seg_400548__eh_frame
FuncCache skipped: _ZN12_GLOBAL__N_1L3MOVI3MnWImE2RnImEEEP6MemoryS6_R5StateT_T0_
FuncCache skipped: routine_movq__rcx____rax_


Decompiling instr:callq ._ZppI12ValueWrapperIS0_IS0_IS0_IS0_IS0_IS0_IS0_IS0_IS0_IdEEEEEEEEEEE14PointerWrapperIT_ERSD_i...
Instr: callq ._ZppI12ValueWrapperIS0_IS0_IS0_IS0_IS0_IS0_IS0_IS0_IS0_IdEEEEEEEEEEE14PointerWrapperIT_ERSD_i
Workdir: /home/ubuntu/Github/validating-binary-decompilation/tests/compositional_artifacts_single_instruction_decompilation//callq_._ZppI12ValueWrapperIS0_IS0_IS0_IS0_IS0_IS0_IS0_IS0_IS0_IdEEEEEEEEEEE14PointerWrapperIT_ERSD_i
Generating artifacts...
Already Exists
Running artifacts...
Skip McSema run ...
Skip Declutter ...

Executing: cat /home/ubuntu/Github/validating-binary-decompilation/tests/compositional_artifacts_single_instruction_decompilation//callq_._ZppI12ValueWrapperIS0_IS0_IS0_IS0_IS0_IS0_IS0_IS0_IS0_IdEEEEEEEEEEE14PointerWrapperIT_ERSD_i/test.mod.ll
Running artifacts...Done.
Multiple defintions of @seg_4003a0__text
Multiple defintions of @seg_400548__eh_frame
FuncCache skipped: _ZN12_GLOBAL__N_1L4CALLI2InImEEEP6MemoryS4_R5StateT_S2_
FuncCache skipped: routine_callq_._ZppI12ValueWrapperIS0_IS0_IS0_IS0_IS0_IS0_IS0_IS0_IS0_IdEEEEEEEEEEE14PointerWrapperIT_ERSD_i


Decompiling instr:movq %rax, -0x40(%rbp)...
Instr: movq %rax, -0x40(%rbp)
Workdir: /home/ubuntu/Github/validating-binary-decompilation/tests/compositional_artifacts_single_instruction_decompilation//movq__rax__MINUS0x40__rbp_
Generating artifacts...
Already Exists
Running artifacts...
Skip McSema run ...
Skip Declutter ...

Executing: cat /home/ubuntu/Github/validating-binary-decompilation/tests/compositional_artifacts_single_instruction_decompilation//movq__rax__MINUS0x40__rbp_/test.mod.ll
Running artifacts...Done.
Multiple defintions of @seg_4003a0__text
Multiple defintions of @seg_400548__eh_frame
FuncCache skipped: _ZN12_GLOBAL__N_1L3MOVI3MnWImE2RnImEEEP6MemoryS6_R5StateT_T0_
FuncCache inserted: routine_movq__rax__MINUS0x40__rbp_


Decompiling instr:jmpq .L_40577c...
Instr: jmpq .L_40577c
Workdir: /home/ubuntu/Github/validating-binary-decompilation/tests/compositional_artifacts_single_instruction_decompilation//jmpq_.L_40577c
Generating artifacts...
Generating artifacts... Done.
Running artifacts...
test.c:1:1: warning: return type of 'main' is not 'int' [-Wmain-return-type]
void main() {
^
test.c:1:1: note: change return type to 'int'
void main() {
^~~~
int
1 warning generated.

Executing: make -C /home/ubuntu/Github/validating-binary-decompilation/tests/compositional_artifacts_single_instruction_decompilation//jmpq_.L_40577c binary
make[1]: Entering directory '/home/ubuntu/Github/validating-binary-decompilation/tests/compositional_artifacts_single_instruction_decompilation/jmpq_.L_40577c'
clang -Os test.c -o test
make[1]: Leaving directory '/home/ubuntu/Github/validating-binary-decompilation/tests/compositional_artifacts_single_instruction_decompilation/jmpq_.L_40577c'

Executing: make -C /home/ubuntu/Github/validating-binary-decompilation/tests/compositional_artifacts_single_instruction_decompilation//jmpq_.L_40577c mcsema
make[1]: Entering directory '/home/ubuntu/Github/validating-binary-decompilation/tests/compositional_artifacts_single_instruction_decompilation/jmpq_.L_40577c'
mcsema-disass --disassembler /home/ubuntu/ida-6.95/idal64 --os linux --arch amd64_avx --output test.cfg --binary test --entrypoint main
mcsema-lift-4.0 --os linux --arch amd64_avx --cfg test.cfg --output test.bc -disable_dead_store_elimination -disable_optimizer
llvm-dis test.bc -o test.ll
make[1]: Leaving directory '/home/ubuntu/Github/validating-binary-decompilation/tests/compositional_artifacts_single_instruction_decompilation/jmpq_.L_40577c'

Executing: make -C /home/ubuntu/Github/validating-binary-decompilation/tests/compositional_artifacts_single_instruction_decompilation//jmpq_.L_40577c declutter
make[1]: Entering directory '/home/ubuntu/Github/validating-binary-decompilation/tests/compositional_artifacts_single_instruction_decompilation/jmpq_.L_40577c'
/home/ubuntu/Github/validating-binary-decompilation/tests/scripts//declutter.pl --file test.ll --norenameintrinsics --opc jmpq_.L_40577c
Expanding _ZN12_GLOBAL__N_1L3JMPI2InImEEEP6MemoryS4_R5StateT_...
Generatin test.mod.ll for opcode jmpq_.L_40577c ...
make[1]: Leaving directory '/home/ubuntu/Github/validating-binary-decompilation/tests/compositional_artifacts_single_instruction_decompilation/jmpq_.L_40577c'

Executing: cat /home/ubuntu/Github/validating-binary-decompilation/tests/compositional_artifacts_single_instruction_decompilation//jmpq_.L_40577c/test.mod.ll
Running artifacts...Done.
Multiple defintions of @seg_4003a0__text
Multiple defintions of @seg_400548__eh_frame
FuncCache skipped: _ZN12_GLOBAL__N_1L3JMPI2InImEEEP6MemoryS4_R5StateT_
FuncCache inserted: routine_jmpq_.L_40577c


Decompiling instr:.L_40585d:...


Decompiling instr:addq $0x60, %rsp...
Instr: addq $0x60, %rsp
Workdir: /home/ubuntu/Github/validating-binary-decompilation/tests/compositional_artifacts_single_instruction_decompilation//addq__0x60___rsp
Generating artifacts...
Already Exists
Running artifacts...
Skip McSema run ...
Skip Declutter ...

Executing: cat /home/ubuntu/Github/validating-binary-decompilation/tests/compositional_artifacts_single_instruction_decompilation//addq__0x60___rsp/test.mod.ll
Running artifacts...Done.
Multiple defintions of @seg_4003a0__text
Multiple defintions of @seg_400548__eh_frame
FuncCache inserted: _ZN12_GLOBAL__N_1L3ADDI3RnWImE2RnImE2InImEEEP6MemoryS8_R5StateT_T0_T1_
FuncCache inserted: routine_addq__0x60___rsp


Decompiling instr:popq %rbp...
Instr: popq %rbp
Workdir: /home/ubuntu/Github/validating-binary-decompilation/tests/compositional_artifacts_single_instruction_decompilation//popq__rbp
Generating artifacts...
Already Exists
Running artifacts...
Skip McSema run ...
Skip Declutter ...

Executing: cat /home/ubuntu/Github/validating-binary-decompilation/tests/compositional_artifacts_single_instruction_decompilation//popq__rbp/test.mod.ll
Running artifacts...Done.
Multiple defintions of @seg_4003a0__text
FuncCache inserted: _ZN12_GLOBAL__N_1L3POPI3RnWImEEEP6MemoryS4_R5StateT_
FuncCache inserted: routine_popq__rbp


Decompiling instr:retq...
Instr: retq
Workdir: /home/ubuntu/Github/validating-binary-decompilation/tests/compositional_artifacts_single_instruction_decompilation//retq
Generating artifacts...
Already Exists
Running artifacts...
Skip McSema run ...
Skip Declutter ...

Executing: cat /home/ubuntu/Github/validating-binary-decompilation/tests/compositional_artifacts_single_instruction_decompilation//retq/test.mod.ll
Running artifacts...Done.
Multiple defintions of @seg_4003a0__text
FuncCache inserted: _ZN12_GLOBAL__N_1L3RETEP6MemoryR5State
FuncCache inserted: routine_retq
Decompiling Function: _ZN9benchmark13insertionSortI14PointerWrapperI12ValueWrapperIS2_IS2_IS2_IS2_IS2_IS2_IS2_IS2_IS2_IdEEEEEEEEEEESC_EEvT_SE_ Done.



Writing to mcsema/test.proposed.ll ...
Decompiling: Done.

