Disassembling ../binary/test
Disassembled output
  .text
  .globl _Z14test_variable4Ia28custom_multiple_variable_andIaEEvPT_iS2_S2_S2_S2_PKc
  .type _Z14test_variable4Ia28custom_multiple_variable_andIaEEvPT_iS2_S2_S2_S2_PKc, @function

#! file-offset 0x3ba0
#! rip-offset  0x403ba0
#! capacity    271 bytes

# Text                                                                                      #  Line  RIP       Bytes  Opcode              Target                
._Z14test_variable4Ia28custom_multiple_variable_andIaEEvPT_iS2_S2_S2_S2_PKc:                #        0x403ba0  0      OPC=<label>         18446744073709551615  
  pushq %rbp                                                                                #  1     0x403ba0  1      OPC=pushq_r64_1     18446744073709551615  
  movq %rsp, %rbp                                                                           #  2     0x403ba1  3      OPC=movq_r64_r64    18446744073709551615  
  pushq %r14                                                                                #  3     0x403ba4  2      OPC=pushq_r64_1     18446744073709551615  
  pushq %rbx                                                                                #  4     0x403ba6  1      OPC=pushq_r64_1     18446744073709551615  
  subq $0x30, %rsp                                                                          #  5     0x403ba7  4      OPC=subq_r64_imm8   18446744073709551615  
  movb %r9b, %al                                                                            #  6     0x403bab  3      OPC=movb_r8_r8      18446744073709551615  
  movb %r8b, %r10b                                                                          #  7     0x403bae  3      OPC=movb_r8_r8      18446744073709551615  
  movb %cl, %r11b                                                                           #  8     0x403bb1  3      OPC=movb_r8_r8      18446744073709551615  
  movb %dl, %bl                                                                             #  9     0x403bb4  2      OPC=movb_r8_r8      18446744073709551615  
  movq 0x10(%rbp), %r14                                                                     #  10    0x403bb6  4      OPC=movq_r64_m64    18446744073709551615  
  movq %rdi, -0x18(%rbp)                                                                    #  11    0x403bba  4      OPC=movq_m64_r64    18446744073709551615  
  movl %esi, -0x1c(%rbp)                                                                    #  12    0x403bbe  3      OPC=movl_m32_r32    18446744073709551615  
  movb %bl, -0x1d(%rbp)                                                                     #  13    0x403bc1  3      OPC=movb_m8_r8      18446744073709551615  
  movb %r11b, -0x1e(%rbp)                                                                   #  14    0x403bc4  4      OPC=movb_m8_r8      18446744073709551615  
  movb %r10b, -0x1f(%rbp)                                                                   #  15    0x403bc8  4      OPC=movb_m8_r8      18446744073709551615  
  movb %al, -0x20(%rbp)                                                                     #  16    0x403bcc  3      OPC=movb_m8_r8      18446744073709551615  
  movq %r14, -0x28(%rbp)                                                                    #  17    0x403bcf  4      OPC=movq_m64_r64    18446744073709551615  
  callq ._Z11start_timerv                                                                   #  18    0x403bd3  5      OPC=callq_label     4197968               
  movl $0x0, -0x2c(%rbp)                                                                    #  19    0x403bd8  7      OPC=movl_m32_imm32  18446744073709551615  
.L_403bdf:                                                                                  #        0x403bdf  0      OPC=<label>         18446744073709551615  
  movl -0x2c(%rbp), %eax                                                                    #  20    0x403bdf  3      OPC=movl_r32_m32    18446744073709551615  
  cmpl 0x61a080, %eax                                                                       #  21    0x403be2  7      OPC=cmpl_r32_m32    18446744073709551615  
  jge .L_403c98                                                                             #  22    0x403be9  6      OPC=jge_label_1     4209816               
  movb $0x0, -0x2d(%rbp)                                                                    #  23    0x403bef  4      OPC=movb_m8_imm8    18446744073709551615  
  movl $0x0, -0x34(%rbp)                                                                    #  24    0x403bf3  7      OPC=movl_m32_imm32  18446744073709551615  
.L_403bfa:                                                                                  #        0x403bfa  0      OPC=<label>         18446744073709551615  
  movl -0x34(%rbp), %eax                                                                    #  25    0x403bfa  3      OPC=movl_r32_m32    18446744073709551615  
  cmpl -0x1c(%rbp), %eax                                                                    #  26    0x403bfd  3      OPC=cmpl_r32_m32    18446744073709551615  
  jge .L_403c5c                                                                             #  27    0x403c00  6      OPC=jge_label_1     4209756               
  movq -0x18(%rbp), %rax                                                                    #  28    0x403c06  4      OPC=movq_r64_m64    18446744073709551615  
  movslq -0x34(%rbp), %rcx                                                                  #  29    0x403c0a  4      OPC=movslq_r64_m32  18446744073709551615  
  movb (%rax,%rcx,1), %dl                                                                   #  30    0x403c0e  3      OPC=movb_r8_m8      18446744073709551615  
  movb -0x1d(%rbp), %sil                                                                    #  31    0x403c11  4      OPC=movb_r8_m8      18446744073709551615  
  movb -0x1e(%rbp), %dil                                                                    #  32    0x403c15  4      OPC=movb_r8_m8      18446744073709551615  
  movb -0x1f(%rbp), %r8b                                                                    #  33    0x403c19  4      OPC=movb_r8_m8      18446744073709551615  
  movsbl %dl, %r9d                                                                          #  34    0x403c1d  4      OPC=movsbl_r32_r8   18446744073709551615  
  movb %dil, -0x35(%rbp)                                                                    #  35    0x403c21  4      OPC=movb_m8_r8      18446744073709551615  
  movl %r9d, %edi                                                                           #  36    0x403c25  3      OPC=movl_r32_r32    18446744073709551615  
  movsbl %sil, %esi                                                                         #  37    0x403c28  4      OPC=movsbl_r32_r8   18446744073709551615  
  movb -0x35(%rbp), %dl                                                                     #  38    0x403c2c  3      OPC=movb_r8_m8      18446744073709551615  
  movsbl %dl, %edx                                                                          #  39    0x403c2f  3      OPC=movsbl_r32_r8   18446744073709551615  
  movsbl %r8b, %ecx                                                                         #  40    0x403c32  4      OPC=movsbl_r32_r8   18446744073709551615  
  movsbl -0x20(%rbp), %r8d                                                                  #  41    0x403c36  5      OPC=movsbl_r32_m8   18446744073709551615  
  callq ._ZN28custom_multiple_variable_andIaE8do_shiftEaaaaa                                #  42    0x403c3b  5      OPC=callq_label     4272928               
  movsbl %al, %ecx                                                                          #  43    0x403c40  3      OPC=movsbl_r32_r8   18446744073709551615  
  movsbl -0x2d(%rbp), %edx                                                                  #  44    0x403c43  4      OPC=movsbl_r32_m8   18446744073709551615  
  addl %ecx, %edx                                                                           #  45    0x403c47  2      OPC=addl_r32_r32    18446744073709551615  
  movb %dl, %al                                                                             #  46    0x403c49  2      OPC=movb_r8_r8      18446744073709551615  
  movb %al, -0x2d(%rbp)                                                                     #  47    0x403c4b  3      OPC=movb_m8_r8      18446744073709551615  
  movl -0x34(%rbp), %eax                                                                    #  48    0x403c4e  3      OPC=movl_r32_m32    18446744073709551615  
  addl $0x1, %eax                                                                           #  49    0x403c51  3      OPC=addl_r32_imm8   18446744073709551615  
  movl %eax, -0x34(%rbp)                                                                    #  50    0x403c54  3      OPC=movl_m32_r32    18446744073709551615  
  jmpq .L_403bfa                                                                            #  51    0x403c57  5      OPC=jmpq_label_1    4209658               
.L_403c5c:                                                                                  #        0x403c5c  0      OPC=<label>         18446744073709551615  
  movb -0x2d(%rbp), %al                                                                     #  52    0x403c5c  3      OPC=movb_r8_m8      18446744073709551615  
  movb -0x1d(%rbp), %cl                                                                     #  53    0x403c5f  3      OPC=movb_r8_m8      18446744073709551615  
  movb -0x1e(%rbp), %dl                                                                     #  54    0x403c62  3      OPC=movb_r8_m8      18446744073709551615  
  movb -0x1f(%rbp), %sil                                                                    #  55    0x403c65  4      OPC=movb_r8_m8      18446744073709551615  
  movsbl %al, %edi                                                                          #  56    0x403c69  3      OPC=movsbl_r32_r8   18446744073709551615  
  movsbl %cl, %r8d                                                                          #  57    0x403c6c  4      OPC=movsbl_r32_r8   18446744073709551615  
  movb %sil, -0x36(%rbp)                                                                    #  58    0x403c70  4      OPC=movb_m8_r8      18446744073709551615  
  movl %r8d, %esi                                                                           #  59    0x403c74  3      OPC=movl_r32_r32    18446744073709551615  
  movsbl %dl, %edx                                                                          #  60    0x403c77  3      OPC=movsbl_r32_r8   18446744073709551615  
  movb -0x36(%rbp), %al                                                                     #  61    0x403c7a  3      OPC=movb_r8_m8      18446744073709551615  
  movsbl %al, %ecx                                                                          #  62    0x403c7d  3      OPC=movsbl_r32_r8   18446744073709551615  
  movsbl -0x20(%rbp), %r8d                                                                  #  63    0x403c80  5      OPC=movsbl_r32_m8   18446744073709551615  
  callq ._Z26check_shifted_variable_sumIa28custom_multiple_variable_andIaEEvT_S2_S2_S2_S2_  #  64    0x403c85  5      OPC=callq_label     4273008               
  movl -0x2c(%rbp), %eax                                                                    #  65    0x403c8a  3      OPC=movl_r32_m32    18446744073709551615  
  addl $0x1, %eax                                                                           #  66    0x403c8d  3      OPC=addl_r32_imm8   18446744073709551615  
  movl %eax, -0x2c(%rbp)                                                                    #  67    0x403c90  3      OPC=movl_m32_r32    18446744073709551615  
  jmpq .L_403bdf                                                                            #  68    0x403c93  5      OPC=jmpq_label_1    4209631               
.L_403c98:                                                                                  #        0x403c98  0      OPC=<label>         18446744073709551615  
  callq ._Z5timerv                                                                          #  69    0x403c98  5      OPC=callq_label     4198000               
  movq -0x28(%rbp), %rdi                                                                    #  70    0x403c9d  4      OPC=movq_r64_m64    18446744073709551615  
  callq ._Z13record_resultdPKc                                                              #  71    0x403ca1  5      OPC=callq_label     4196368               
  addq $0x30, %rsp                                                                          #  72    0x403ca6  4      OPC=addq_r64_imm8   18446744073709551615  
  popq %rbx                                                                                 #  73    0x403caa  1      OPC=popq_r64_1      18446744073709551615  
  popq %r14                                                                                 #  74    0x403cab  2      OPC=popq_r64_1      18446744073709551615  
  popq %rbp                                                                                 #  75    0x403cad  1      OPC=popq_r64_1      18446744073709551615  
  retq                                                                                      #  76    0x403cae  1      OPC=retq            18446744073709551615  
                                                                                                                                                                
.size _Z14test_variable4Ia28custom_multiple_variable_andIaEEvPT_iS2_S2_S2_S2_PKc, .-_Z14test_variable4Ia28custom_multiple_variable_andIaEEvPT_iS2_S2_S2_S2_PKc
Disassembling Done.


Decompiling mcsema/test.proposed.ll
Computing Label PC values ...
.L_403c98->4209816
.L_403c5c->4209756
.L_403bfa->4209658
._Z14test_variable4Ia28custom_multiple_variable_andIaEEvPT_iS2_S2_S2_S2_PKc->4209568
.L_403bdf->4209631

Computing Label PC values: Done.


Executing: cat ${HOME}/Github/validating-binary-decompilation/source/libs/compositional-decompiler/data/mcsema_template.txt
declare i32 @llvm.ctpop.i32(i32) #2
declare %struct.Memory* @__remill_error(%struct.State* dereferenceable(3376), i64, %struct.Memory*)

Decompiling Function: _Z14test_variable4Ia28custom_multiple_variable_andIaEEvPT_iS2_S2_S2_S2_PKc...


Decompiling instr:._Z14test_variable4Ia28custom_multiple_variable_andIaEEvPT_iS2_S2_S2_S2_PKc:...


Decompiling instr:pushq %rbp...
Instr: pushq %rbp
Workdir: /home/ubuntu/Github/validating-binary-decompilation/tests/compositional_artifacts_single_instruction_decompilation//pushq__rbp
Generating artifacts...
Already Exists
Running artifacts...
Skip McSema run ...
Skip Declutter ...

Executing: cat /home/ubuntu/Github/validating-binary-decompilation/tests/compositional_artifacts_single_instruction_decompilation//pushq__rbp/test.mod.ll
Running artifacts...Done.
FuncCache inserted: _ZN12_GLOBAL__N_1L4PUSHI2InImEEEP6MemoryS4_R5StateT_
FuncCache inserted: routine_pushq__rbp


Decompiling instr:movq %rsp, %rbp...
Instr: movq %rsp, %rbp
Workdir: /home/ubuntu/Github/validating-binary-decompilation/tests/compositional_artifacts_single_instruction_decompilation//movq__rsp___rbp
Generating artifacts...
Already Exists
Running artifacts...
Skip McSema run ...
Skip Declutter ...

Executing: cat /home/ubuntu/Github/validating-binary-decompilation/tests/compositional_artifacts_single_instruction_decompilation//movq__rsp___rbp/test.mod.ll
Running artifacts...Done.
Multiple defintions of @seg_4003a0__text
Multiple defintions of @seg_400548__eh_frame
FuncCache inserted: _ZN12_GLOBAL__N_1L3MOVI3RnWImE2RnImEEEP6MemoryS6_R5StateT_T0_
FuncCache inserted: routine_movq__rsp___rbp


Decompiling instr:pushq %r14...
Instr: pushq %r14
Workdir: /home/ubuntu/Github/validating-binary-decompilation/tests/compositional_artifacts_single_instruction_decompilation//pushq__r14
Generating artifacts...
Already Exists
Running artifacts...
Skip McSema run ...
Skip Declutter ...

Executing: cat /home/ubuntu/Github/validating-binary-decompilation/tests/compositional_artifacts_single_instruction_decompilation//pushq__r14/test.mod.ll
Running artifacts...Done.
Multiple defintions of @seg_4003a0__text
Multiple defintions of @seg_400548__eh_frame
FuncCache skipped: _ZN12_GLOBAL__N_1L4PUSHI2InImEEEP6MemoryS4_R5StateT_
FuncCache inserted: routine_pushq__r14


Decompiling instr:pushq %rbx...
Instr: pushq %rbx
Workdir: /home/ubuntu/Github/validating-binary-decompilation/tests/compositional_artifacts_single_instruction_decompilation//pushq__rbx
Generating artifacts...
Already Exists
Running artifacts...
Skip McSema run ...
Skip Declutter ...

Executing: cat /home/ubuntu/Github/validating-binary-decompilation/tests/compositional_artifacts_single_instruction_decompilation//pushq__rbx/test.mod.ll
Running artifacts...Done.
Multiple defintions of @seg_4003a0__text
FuncCache skipped: _ZN12_GLOBAL__N_1L4PUSHI2InImEEEP6MemoryS4_R5StateT_
FuncCache inserted: routine_pushq__rbx


Decompiling instr:subq $0x30, %rsp...
Instr: subq $0x30, %rsp
Workdir: /home/ubuntu/Github/validating-binary-decompilation/tests/compositional_artifacts_single_instruction_decompilation//subq__0x30___rsp
Generating artifacts...
Already Exists
Running artifacts...
Skip McSema run ...
Skip Declutter ...

Executing: cat /home/ubuntu/Github/validating-binary-decompilation/tests/compositional_artifacts_single_instruction_decompilation//subq__0x30___rsp/test.mod.ll
Running artifacts...Done.
Multiple defintions of @seg_4003a0__text
Multiple defintions of @seg_400548__eh_frame
FuncCache inserted: _ZN12_GLOBAL__N_1L3SUBI3RnWImE2RnImE2InImEEEP6MemoryS8_R5StateT_T0_T1_
FuncCache inserted: routine_subq__0x30___rsp


Decompiling instr:movb %r9b, %al...
Instr: movb %r9b, %al
Workdir: /home/ubuntu/Github/validating-binary-decompilation/tests/compositional_artifacts_single_instruction_decompilation//movb__r9b___al
Generating artifacts...
Already Exists
Running artifacts...
test.c:1:1: warning: return type of 'main' is not 'int' [-Wmain-return-type]
void main() {
^
test.c:1:1: note: change return type to 'int'
void main() {
^~~~
int
1 warning generated.

Executing: make -C /home/ubuntu/Github/validating-binary-decompilation/tests/compositional_artifacts_single_instruction_decompilation//movb__r9b___al binary
make[1]: Entering directory '/home/ubuntu/Github/validating-binary-decompilation/tests/compositional_artifacts_single_instruction_decompilation/movb__r9b___al'
clang -Os test.c -o test
make[1]: Leaving directory '/home/ubuntu/Github/validating-binary-decompilation/tests/compositional_artifacts_single_instruction_decompilation/movb__r9b___al'

Executing: make -C /home/ubuntu/Github/validating-binary-decompilation/tests/compositional_artifacts_single_instruction_decompilation//movb__r9b___al mcsema
make[1]: Entering directory '/home/ubuntu/Github/validating-binary-decompilation/tests/compositional_artifacts_single_instruction_decompilation/movb__r9b___al'
mcsema-disass --disassembler /home/ubuntu/ida-6.95/idal64 --os linux --arch amd64_avx --output test.cfg --binary test --entrypoint main
mcsema-lift-4.0 --os linux --arch amd64_avx --cfg test.cfg --output test.bc -disable_dead_store_elimination -disable_optimizer
llvm-dis test.bc -o test.ll
make[1]: Leaving directory '/home/ubuntu/Github/validating-binary-decompilation/tests/compositional_artifacts_single_instruction_decompilation/movb__r9b___al'

Executing: make -C /home/ubuntu/Github/validating-binary-decompilation/tests/compositional_artifacts_single_instruction_decompilation//movb__r9b___al declutter
make[1]: Entering directory '/home/ubuntu/Github/validating-binary-decompilation/tests/compositional_artifacts_single_instruction_decompilation/movb__r9b___al'
/home/ubuntu/Github/validating-binary-decompilation/tests/scripts//declutter.pl --file test.ll --norenameintrinsics --opc movb__r9b___al
Expanding _ZN12_GLOBAL__N_1L3MOVI3RnWIhE2RnIhEEEP6MemoryS6_R5StateT_T0_...
Generatin test.mod.ll for opcode movb__r9b___al ...
make[1]: Leaving directory '/home/ubuntu/Github/validating-binary-decompilation/tests/compositional_artifacts_single_instruction_decompilation/movb__r9b___al'

Executing: cat /home/ubuntu/Github/validating-binary-decompilation/tests/compositional_artifacts_single_instruction_decompilation//movb__r9b___al/test.mod.ll
Running artifacts...Done.
Multiple defintions of @seg_4003a0__text
Multiple defintions of @seg_400548__eh_frame
FuncCache inserted: _ZN12_GLOBAL__N_1L3MOVI3RnWIhE2RnIhEEEP6MemoryS6_R5StateT_T0_
FuncCache inserted: routine_movb__r9b___al


Decompiling instr:movb %r8b, %r10b...
Instr: movb %r8b, %r10b
Workdir: /home/ubuntu/Github/validating-binary-decompilation/tests/compositional_artifacts_single_instruction_decompilation//movb__r8b___r10b
Generating artifacts...
Already Exists
Running artifacts...
test.c:1:1: warning: return type of 'main' is not 'int' [-Wmain-return-type]
void main() {
^
test.c:1:1: note: change return type to 'int'
void main() {
^~~~
int
1 warning generated.

Executing: make -C /home/ubuntu/Github/validating-binary-decompilation/tests/compositional_artifacts_single_instruction_decompilation//movb__r8b___r10b binary
make[1]: Entering directory '/home/ubuntu/Github/validating-binary-decompilation/tests/compositional_artifacts_single_instruction_decompilation/movb__r8b___r10b'
clang -Os test.c -o test
make[1]: Leaving directory '/home/ubuntu/Github/validating-binary-decompilation/tests/compositional_artifacts_single_instruction_decompilation/movb__r8b___r10b'

Executing: make -C /home/ubuntu/Github/validating-binary-decompilation/tests/compositional_artifacts_single_instruction_decompilation//movb__r8b___r10b mcsema
make[1]: Entering directory '/home/ubuntu/Github/validating-binary-decompilation/tests/compositional_artifacts_single_instruction_decompilation/movb__r8b___r10b'
mcsema-disass --disassembler /home/ubuntu/ida-6.95/idal64 --os linux --arch amd64_avx --output test.cfg --binary test --entrypoint main
mcsema-lift-4.0 --os linux --arch amd64_avx --cfg test.cfg --output test.bc -disable_dead_store_elimination -disable_optimizer
llvm-dis test.bc -o test.ll
make[1]: Leaving directory '/home/ubuntu/Github/validating-binary-decompilation/tests/compositional_artifacts_single_instruction_decompilation/movb__r8b___r10b'

Executing: make -C /home/ubuntu/Github/validating-binary-decompilation/tests/compositional_artifacts_single_instruction_decompilation//movb__r8b___r10b declutter
make[1]: Entering directory '/home/ubuntu/Github/validating-binary-decompilation/tests/compositional_artifacts_single_instruction_decompilation/movb__r8b___r10b'
/home/ubuntu/Github/validating-binary-decompilation/tests/scripts//declutter.pl --file test.ll --norenameintrinsics --opc movb__r8b___r10b
Expanding _ZN12_GLOBAL__N_1L3MOVI3RnWIhE2RnIhEEEP6MemoryS6_R5StateT_T0_...
Generatin test.mod.ll for opcode movb__r8b___r10b ...
make[1]: Leaving directory '/home/ubuntu/Github/validating-binary-decompilation/tests/compositional_artifacts_single_instruction_decompilation/movb__r8b___r10b'

Executing: cat /home/ubuntu/Github/validating-binary-decompilation/tests/compositional_artifacts_single_instruction_decompilation//movb__r8b___r10b/test.mod.ll
Running artifacts...Done.
Multiple defintions of @seg_4003a0__text
Multiple defintions of @seg_400548__eh_frame
FuncCache skipped: _ZN12_GLOBAL__N_1L3MOVI3RnWIhE2RnIhEEEP6MemoryS6_R5StateT_T0_
FuncCache inserted: routine_movb__r8b___r10b


Decompiling instr:movb %cl, %r11b...
Instr: movb %cl, %r11b
Workdir: /home/ubuntu/Github/validating-binary-decompilation/tests/compositional_artifacts_single_instruction_decompilation//movb__cl___r11b
Generating artifacts...
Already Exists
Running artifacts...
test.c:1:1: warning: return type of 'main' is not 'int' [-Wmain-return-type]
void main() {
^
test.c:1:1: note: change return type to 'int'
void main() {
^~~~
int
1 warning generated.

Executing: make -C /home/ubuntu/Github/validating-binary-decompilation/tests/compositional_artifacts_single_instruction_decompilation//movb__cl___r11b binary
make[1]: Entering directory '/home/ubuntu/Github/validating-binary-decompilation/tests/compositional_artifacts_single_instruction_decompilation/movb__cl___r11b'
clang -Os test.c -o test
make[1]: Leaving directory '/home/ubuntu/Github/validating-binary-decompilation/tests/compositional_artifacts_single_instruction_decompilation/movb__cl___r11b'

Executing: make -C /home/ubuntu/Github/validating-binary-decompilation/tests/compositional_artifacts_single_instruction_decompilation//movb__cl___r11b mcsema
make[1]: Entering directory '/home/ubuntu/Github/validating-binary-decompilation/tests/compositional_artifacts_single_instruction_decompilation/movb__cl___r11b'
mcsema-disass --disassembler /home/ubuntu/ida-6.95/idal64 --os linux --arch amd64_avx --output test.cfg --binary test --entrypoint main
mcsema-lift-4.0 --os linux --arch amd64_avx --cfg test.cfg --output test.bc -disable_dead_store_elimination -disable_optimizer
llvm-dis test.bc -o test.ll
make[1]: Leaving directory '/home/ubuntu/Github/validating-binary-decompilation/tests/compositional_artifacts_single_instruction_decompilation/movb__cl___r11b'

Executing: make -C /home/ubuntu/Github/validating-binary-decompilation/tests/compositional_artifacts_single_instruction_decompilation//movb__cl___r11b declutter
make[1]: Entering directory '/home/ubuntu/Github/validating-binary-decompilation/tests/compositional_artifacts_single_instruction_decompilation/movb__cl___r11b'
/home/ubuntu/Github/validating-binary-decompilation/tests/scripts//declutter.pl --file test.ll --norenameintrinsics --opc movb__cl___r11b
Expanding _ZN12_GLOBAL__N_1L3MOVI3RnWIhE2RnIhEEEP6MemoryS6_R5StateT_T0_...
Generatin test.mod.ll for opcode movb__cl___r11b ...
make[1]: Leaving directory '/home/ubuntu/Github/validating-binary-decompilation/tests/compositional_artifacts_single_instruction_decompilation/movb__cl___r11b'

Executing: cat /home/ubuntu/Github/validating-binary-decompilation/tests/compositional_artifacts_single_instruction_decompilation//movb__cl___r11b/test.mod.ll
Running artifacts...Done.
Multiple defintions of @seg_4003a0__text
Multiple defintions of @seg_400548__eh_frame
FuncCache skipped: _ZN12_GLOBAL__N_1L3MOVI3RnWIhE2RnIhEEEP6MemoryS6_R5StateT_T0_
FuncCache inserted: routine_movb__cl___r11b


Decompiling instr:movb %dl, %bl...
Instr: movb %dl, %bl
Workdir: /home/ubuntu/Github/validating-binary-decompilation/tests/compositional_artifacts_single_instruction_decompilation//movb__dl___bl
Generating artifacts...
Already Exists
Running artifacts...
test.c:1:1: warning: return type of 'main' is not 'int' [-Wmain-return-type]
void main() {
^
test.c:1:1: note: change return type to 'int'
void main() {
^~~~
int
1 warning generated.

Executing: make -C /home/ubuntu/Github/validating-binary-decompilation/tests/compositional_artifacts_single_instruction_decompilation//movb__dl___bl binary
make[1]: Entering directory '/home/ubuntu/Github/validating-binary-decompilation/tests/compositional_artifacts_single_instruction_decompilation/movb__dl___bl'
clang -Os test.c -o test
make[1]: Leaving directory '/home/ubuntu/Github/validating-binary-decompilation/tests/compositional_artifacts_single_instruction_decompilation/movb__dl___bl'

Executing: make -C /home/ubuntu/Github/validating-binary-decompilation/tests/compositional_artifacts_single_instruction_decompilation//movb__dl___bl mcsema
make[1]: Entering directory '/home/ubuntu/Github/validating-binary-decompilation/tests/compositional_artifacts_single_instruction_decompilation/movb__dl___bl'
mcsema-disass --disassembler /home/ubuntu/ida-6.95/idal64 --os linux --arch amd64_avx --output test.cfg --binary test --entrypoint main
mcsema-lift-4.0 --os linux --arch amd64_avx --cfg test.cfg --output test.bc -disable_dead_store_elimination -disable_optimizer
llvm-dis test.bc -o test.ll
make[1]: Leaving directory '/home/ubuntu/Github/validating-binary-decompilation/tests/compositional_artifacts_single_instruction_decompilation/movb__dl___bl'

Executing: make -C /home/ubuntu/Github/validating-binary-decompilation/tests/compositional_artifacts_single_instruction_decompilation//movb__dl___bl declutter
make[1]: Entering directory '/home/ubuntu/Github/validating-binary-decompilation/tests/compositional_artifacts_single_instruction_decompilation/movb__dl___bl'
/home/ubuntu/Github/validating-binary-decompilation/tests/scripts//declutter.pl --file test.ll --norenameintrinsics --opc movb__dl___bl
Expanding _ZN12_GLOBAL__N_1L3MOVI3RnWIhE2RnIhEEEP6MemoryS6_R5StateT_T0_...
Generatin test.mod.ll for opcode movb__dl___bl ...
make[1]: Leaving directory '/home/ubuntu/Github/validating-binary-decompilation/tests/compositional_artifacts_single_instruction_decompilation/movb__dl___bl'

Executing: cat /home/ubuntu/Github/validating-binary-decompilation/tests/compositional_artifacts_single_instruction_decompilation//movb__dl___bl/test.mod.ll
Running artifacts...Done.
Multiple defintions of @seg_4003a0__text
Multiple defintions of @seg_400548__eh_frame
FuncCache skipped: _ZN12_GLOBAL__N_1L3MOVI3RnWIhE2RnIhEEEP6MemoryS6_R5StateT_T0_
FuncCache inserted: routine_movb__dl___bl


Decompiling instr:movq 0x10(%rbp), %r14...
Instr: movq 0x10(%rbp), %r14
Workdir: /home/ubuntu/Github/validating-binary-decompilation/tests/compositional_artifacts_single_instruction_decompilation//movq_0x10__rbp____r14
Generating artifacts...
Already Exists
Running artifacts...
Skip McSema run ...
Skip Declutter ...

Executing: cat /home/ubuntu/Github/validating-binary-decompilation/tests/compositional_artifacts_single_instruction_decompilation//movq_0x10__rbp____r14/test.mod.ll
Running artifacts...Done.
Multiple defintions of @seg_4003a0__text
Multiple defintions of @seg_400548__eh_frame
FuncCache inserted: _ZN12_GLOBAL__N_1L3MOVI3RnWImE2MnImEEEP6MemoryS6_R5StateT_T0_
FuncCache inserted: routine_movq_0x10__rbp____r14


Decompiling instr:movq %rdi, -0x18(%rbp)...
Instr: movq %rdi, -0x18(%rbp)
Workdir: /home/ubuntu/Github/validating-binary-decompilation/tests/compositional_artifacts_single_instruction_decompilation//movq__rdi__MINUS0x18__rbp_
Generating artifacts...
Already Exists
Running artifacts...
Skip McSema run ...
Skip Declutter ...

Executing: cat /home/ubuntu/Github/validating-binary-decompilation/tests/compositional_artifacts_single_instruction_decompilation//movq__rdi__MINUS0x18__rbp_/test.mod.ll
Running artifacts...Done.
Multiple defintions of @seg_4003a0__text
Multiple defintions of @seg_400548__eh_frame
FuncCache inserted: _ZN12_GLOBAL__N_1L3MOVI3MnWImE2RnImEEEP6MemoryS6_R5StateT_T0_
FuncCache inserted: routine_movq__rdi__MINUS0x18__rbp_


Decompiling instr:movl %esi, -0x1c(%rbp)...
Instr: movl %esi, -0x1c(%rbp)
Workdir: /home/ubuntu/Github/validating-binary-decompilation/tests/compositional_artifacts_single_instruction_decompilation//movl__esi__MINUS0x1c__rbp_
Generating artifacts...
Already Exists
Running artifacts...
Skip McSema run ...
Skip Declutter ...

Executing: cat /home/ubuntu/Github/validating-binary-decompilation/tests/compositional_artifacts_single_instruction_decompilation//movl__esi__MINUS0x1c__rbp_/test.mod.ll
Running artifacts...Done.
Multiple defintions of @seg_4003a0__text
Multiple defintions of @seg_400548__eh_frame
FuncCache inserted: _ZN12_GLOBAL__N_1L3MOVI3MnWIjE2RnIjEEEP6MemoryS6_R5StateT_T0_
FuncCache inserted: routine_movl__esi__MINUS0x1c__rbp_


Decompiling instr:movb %bl, -0x1d(%rbp)...
Instr: movb %bl, -0x1d(%rbp)
Workdir: /home/ubuntu/Github/validating-binary-decompilation/tests/compositional_artifacts_single_instruction_decompilation//movb__bl__MINUS0x1d__rbp_
Generating artifacts...
Already Exists
Running artifacts...
test.c:1:1: warning: return type of 'main' is not 'int' [-Wmain-return-type]
void main() {
^
test.c:1:1: note: change return type to 'int'
void main() {
^~~~
int
1 warning generated.
[libprotobuf ERROR /root/cxx-common/sources/protobuf-2.6.1/src/google/protobuf/message_lite.cc:123] Can't parse message of type "mcsema.Module" because it is missing required fields: name
F1016 10:32:10.722808  1121 CFG.cpp:446] Check failed: cfg.ParseFromCodedStream(&cstream) Unable to read module from CFG file test.cfg
*** Check failure stack trace: ***
    @           0x9902cd  google::LogMessage::Fail()
    @           0x99275a  google::LogMessage::SendToLog()
    @           0x98fcdd  google::LogMessage::Flush()
    @           0x9936e9  google::LogMessageFatal::~LogMessageFatal()
    @           0x5beb56  mcsema::ReadProtoBuf()
make[1]: *** [mcsema] Aborted (core dumped)

Executing: make -C /home/ubuntu/Github/validating-binary-decompilation/tests/compositional_artifacts_single_instruction_decompilation//movb__bl__MINUS0x1d__rbp_ binary
make[1]: Entering directory '/home/ubuntu/Github/validating-binary-decompilation/tests/compositional_artifacts_single_instruction_decompilation/movb__bl__MINUS0x1d__rbp_'
clang -Os test.c -o test
make[1]: Leaving directory '/home/ubuntu/Github/validating-binary-decompilation/tests/compositional_artifacts_single_instruction_decompilation/movb__bl__MINUS0x1d__rbp_'

Executing: make -C /home/ubuntu/Github/validating-binary-decompilation/tests/compositional_artifacts_single_instruction_decompilation//movb__bl__MINUS0x1d__rbp_ mcsema
make[1]: Entering directory '/home/ubuntu/Github/validating-binary-decompilation/tests/compositional_artifacts_single_instruction_decompilation/movb__bl__MINUS0x1d__rbp_'
mcsema-disass --disassembler /home/ubuntu/ida-6.95/idal64 --os linux --arch amd64_avx --output test.cfg --binary test --entrypoint main
mcsema-lift-4.0 --os linux --arch amd64_avx --cfg test.cfg --output test.bc -disable_dead_store_elimination -disable_optimizer
Makefile:9: recipe for target 'mcsema' failed
make[1]: Leaving directory '/home/ubuntu/Github/validating-binary-decompilation/tests/compositional_artifacts_single_instruction_decompilation/movb__bl__MINUS0x1d__rbp_'

Executing: make -C /home/ubuntu/Github/validating-binary-decompilation/tests/compositional_artifacts_single_instruction_decompilation//movb__bl__MINUS0x1d__rbp_ declutter
make[1]: Entering directory '/home/ubuntu/Github/validating-binary-decompilation/tests/compositional_artifacts_single_instruction_decompilation/movb__bl__MINUS0x1d__rbp_'
/home/ubuntu/Github/validating-binary-decompilation/tests/scripts//declutter.pl --file test.ll --norenameintrinsics --opc movb__bl__MINUS0x1d__rbp_
Expanding _ZN12_GLOBAL__N_1L3MOVI3MnWIhE2RnIhEEEP6MemoryS6_R5StateT_T0_...
Generatin test.mod.ll for opcode movb__bl__MINUS0x1d__rbp_ ...
make[1]: Leaving directory '/home/ubuntu/Github/validating-binary-decompilation/tests/compositional_artifacts_single_instruction_decompilation/movb__bl__MINUS0x1d__rbp_'

Executing: cat /home/ubuntu/Github/validating-binary-decompilation/tests/compositional_artifacts_single_instruction_decompilation//movb__bl__MINUS0x1d__rbp_/test.mod.ll
Running artifacts...Done.
Multiple defintions of @seg_4003a0__text
Multiple defintions of @seg_400548__eh_frame
FuncCache inserted: _ZN12_GLOBAL__N_1L3MOVI3MnWIhE2RnIhEEEP6MemoryS6_R5StateT_T0_
FuncCache inserted: routine_movb__bl__MINUS0x1d__rbp_


Decompiling instr:movb %r11b, -0x1e(%rbp)...
Instr: movb %r11b, -0x1e(%rbp)
Workdir: /home/ubuntu/Github/validating-binary-decompilation/tests/compositional_artifacts_single_instruction_decompilation//movb__r11b__MINUS0x1e__rbp_
Generating artifacts...
Already Exists
Running artifacts...
test.c:1:1: warning: return type of 'main' is not 'int' [-Wmain-return-type]
void main() {
^
test.c:1:1: note: change return type to 'int'
void main() {
^~~~
int
1 warning generated.
Could not generate a CFG. Try using the --log_file option to see an error log.
Traceback (most recent call last):
  File "/usr/local/bin/mcsema-disass", line 11, in <module>
    load_entry_point('mcsema-disass==2.0', 'console_scripts', 'mcsema-disass')()
  File "/usr/local/lib/python2.7/dist-packages/mcsema_disass-2.0-py2.7.egg/mcsema_disass/__main__.py", line 162, in main
    if 0 == os.path.getsize(args.output):
  File "/usr/lib/python2.7/genericpath.py", line 57, in getsize
    return os.stat(filename).st_size
OSError: [Errno 2] No such file or directory: '/home/ubuntu/Github/validating-binary-decompilation/tests/compositional_artifacts_single_instruction_decompilation/movb__r11b__MINUS0x1e__rbp_/test.cfg'
make[1]: *** [mcsema] Error 1
make[1]: *** No rule to make target 'test.ll', needed by 'declutter'.  Stop.
cat: /home/ubuntu/Github/validating-binary-decompilation/tests/compositional_artifacts_single_instruction_decompilation//movb__r11b__MINUS0x1e__rbp_/test.mod.ll: No such file or directory

Executing: make -C /home/ubuntu/Github/validating-binary-decompilation/tests/compositional_artifacts_single_instruction_decompilation//movb__r11b__MINUS0x1e__rbp_ binary
make[1]: Entering directory '/home/ubuntu/Github/validating-binary-decompilation/tests/compositional_artifacts_single_instruction_decompilation/movb__r11b__MINUS0x1e__rbp_'
clang -Os test.c -o test
make[1]: Leaving directory '/home/ubuntu/Github/validating-binary-decompilation/tests/compositional_artifacts_single_instruction_decompilation/movb__r11b__MINUS0x1e__rbp_'

Executing: make -C /home/ubuntu/Github/validating-binary-decompilation/tests/compositional_artifacts_single_instruction_decompilation//movb__r11b__MINUS0x1e__rbp_ mcsema
make[1]: Entering directory '/home/ubuntu/Github/validating-binary-decompilation/tests/compositional_artifacts_single_instruction_decompilation/movb__r11b__MINUS0x1e__rbp_'
mcsema-disass --disassembler /home/ubuntu/ida-6.95/idal64 --os linux --arch amd64_avx --output test.cfg --binary test --entrypoint main
Makefile:9: recipe for target 'mcsema' failed
make[1]: Leaving directory '/home/ubuntu/Github/validating-binary-decompilation/tests/compositional_artifacts_single_instruction_decompilation/movb__r11b__MINUS0x1e__rbp_'

Executing: make -C /home/ubuntu/Github/validating-binary-decompilation/tests/compositional_artifacts_single_instruction_decompilation//movb__r11b__MINUS0x1e__rbp_ declutter
make[1]: Entering directory '/home/ubuntu/Github/validating-binary-decompilation/tests/compositional_artifacts_single_instruction_decompilation/movb__r11b__MINUS0x1e__rbp_'
make[1]: Leaving directory '/home/ubuntu/Github/validating-binary-decompilation/tests/compositional_artifacts_single_instruction_decompilation/movb__r11b__MINUS0x1e__rbp_'

Executing: cat /home/ubuntu/Github/validating-binary-decompilation/tests/compositional_artifacts_single_instruction_decompilation//movb__r11b__MINUS0x1e__rbp_/test.mod.ll
Running artifacts...Done.


Decompiling instr:movb %r10b, -0x1f(%rbp)...
Instr: movb %r10b, -0x1f(%rbp)
Workdir: /home/ubuntu/Github/validating-binary-decompilation/tests/compositional_artifacts_single_instruction_decompilation//movb__r10b__MINUS0x1f__rbp_
Generating artifacts...
Already Exists
Running artifacts...
test.c:1:1: warning: return type of 'main' is not 'int' [-Wmain-return-type]
void main() {
^
test.c:1:1: note: change return type to 'int'
void main() {
^~~~
int
1 warning generated.

Executing: make -C /home/ubuntu/Github/validating-binary-decompilation/tests/compositional_artifacts_single_instruction_decompilation//movb__r10b__MINUS0x1f__rbp_ binary
make[1]: Entering directory '/home/ubuntu/Github/validating-binary-decompilation/tests/compositional_artifacts_single_instruction_decompilation/movb__r10b__MINUS0x1f__rbp_'
clang -Os test.c -o test
make[1]: Leaving directory '/home/ubuntu/Github/validating-binary-decompilation/tests/compositional_artifacts_single_instruction_decompilation/movb__r10b__MINUS0x1f__rbp_'

Executing: make -C /home/ubuntu/Github/validating-binary-decompilation/tests/compositional_artifacts_single_instruction_decompilation//movb__r10b__MINUS0x1f__rbp_ mcsema
make[1]: Entering directory '/home/ubuntu/Github/validating-binary-decompilation/tests/compositional_artifacts_single_instruction_decompilation/movb__r10b__MINUS0x1f__rbp_'
mcsema-disass --disassembler /home/ubuntu/ida-6.95/idal64 --os linux --arch amd64_avx --output test.cfg --binary test --entrypoint main
mcsema-lift-4.0 --os linux --arch amd64_avx --cfg test.cfg --output test.bc -disable_dead_store_elimination -disable_optimizer
llvm-dis test.bc -o test.ll
make[1]: Leaving directory '/home/ubuntu/Github/validating-binary-decompilation/tests/compositional_artifacts_single_instruction_decompilation/movb__r10b__MINUS0x1f__rbp_'

Executing: make -C /home/ubuntu/Github/validating-binary-decompilation/tests/compositional_artifacts_single_instruction_decompilation//movb__r10b__MINUS0x1f__rbp_ declutter
make[1]: Entering directory '/home/ubuntu/Github/validating-binary-decompilation/tests/compositional_artifacts_single_instruction_decompilation/movb__r10b__MINUS0x1f__rbp_'
/home/ubuntu/Github/validating-binary-decompilation/tests/scripts//declutter.pl --file test.ll --norenameintrinsics --opc movb__r10b__MINUS0x1f__rbp_
Expanding _ZN12_GLOBAL__N_1L3MOVI3MnWIhE2RnIhEEEP6MemoryS6_R5StateT_T0_...
Generatin test.mod.ll for opcode movb__r10b__MINUS0x1f__rbp_ ...
make[1]: Leaving directory '/home/ubuntu/Github/validating-binary-decompilation/tests/compositional_artifacts_single_instruction_decompilation/movb__r10b__MINUS0x1f__rbp_'

Executing: cat /home/ubuntu/Github/validating-binary-decompilation/tests/compositional_artifacts_single_instruction_decompilation//movb__r10b__MINUS0x1f__rbp_/test.mod.ll
Running artifacts...Done.
Multiple defintions of @seg_4003a0__text
Multiple defintions of @seg_400548__eh_frame
FuncCache skipped: _ZN12_GLOBAL__N_1L3MOVI3MnWIhE2RnIhEEEP6MemoryS6_R5StateT_T0_
FuncCache inserted: routine_movb__r10b__MINUS0x1f__rbp_


Decompiling instr:movb %al, -0x20(%rbp)...
Instr: movb %al, -0x20(%rbp)
Workdir: /home/ubuntu/Github/validating-binary-decompilation/tests/compositional_artifacts_single_instruction_decompilation//movb__al__MINUS0x20__rbp_
Generating artifacts...
Already Exists
Running artifacts...
test.c:1:1: warning: return type of 'main' is not 'int' [-Wmain-return-type]
void main() {
^
test.c:1:1: note: change return type to 'int'
void main() {
^~~~
int
1 warning generated.

Executing: make -C /home/ubuntu/Github/validating-binary-decompilation/tests/compositional_artifacts_single_instruction_decompilation//movb__al__MINUS0x20__rbp_ binary
make[1]: Entering directory '/home/ubuntu/Github/validating-binary-decompilation/tests/compositional_artifacts_single_instruction_decompilation/movb__al__MINUS0x20__rbp_'
clang -Os test.c -o test
make[1]: Leaving directory '/home/ubuntu/Github/validating-binary-decompilation/tests/compositional_artifacts_single_instruction_decompilation/movb__al__MINUS0x20__rbp_'

Executing: make -C /home/ubuntu/Github/validating-binary-decompilation/tests/compositional_artifacts_single_instruction_decompilation//movb__al__MINUS0x20__rbp_ mcsema
make[1]: Entering directory '/home/ubuntu/Github/validating-binary-decompilation/tests/compositional_artifacts_single_instruction_decompilation/movb__al__MINUS0x20__rbp_'
mcsema-disass --disassembler /home/ubuntu/ida-6.95/idal64 --os linux --arch amd64_avx --output test.cfg --binary test --entrypoint main
mcsema-lift-4.0 --os linux --arch amd64_avx --cfg test.cfg --output test.bc -disable_dead_store_elimination -disable_optimizer
llvm-dis test.bc -o test.ll
make[1]: Leaving directory '/home/ubuntu/Github/validating-binary-decompilation/tests/compositional_artifacts_single_instruction_decompilation/movb__al__MINUS0x20__rbp_'

Executing: make -C /home/ubuntu/Github/validating-binary-decompilation/tests/compositional_artifacts_single_instruction_decompilation//movb__al__MINUS0x20__rbp_ declutter
make[1]: Entering directory '/home/ubuntu/Github/validating-binary-decompilation/tests/compositional_artifacts_single_instruction_decompilation/movb__al__MINUS0x20__rbp_'
/home/ubuntu/Github/validating-binary-decompilation/tests/scripts//declutter.pl --file test.ll --norenameintrinsics --opc movb__al__MINUS0x20__rbp_
Expanding _ZN12_GLOBAL__N_1L3MOVI3MnWIhE2RnIhEEEP6MemoryS6_R5StateT_T0_...
Generatin test.mod.ll for opcode movb__al__MINUS0x20__rbp_ ...
make[1]: Leaving directory '/home/ubuntu/Github/validating-binary-decompilation/tests/compositional_artifacts_single_instruction_decompilation/movb__al__MINUS0x20__rbp_'

Executing: cat /home/ubuntu/Github/validating-binary-decompilation/tests/compositional_artifacts_single_instruction_decompilation//movb__al__MINUS0x20__rbp_/test.mod.ll
Running artifacts...Done.
Multiple defintions of @seg_4003a0__text
Multiple defintions of @seg_400548__eh_frame
FuncCache skipped: _ZN12_GLOBAL__N_1L3MOVI3MnWIhE2RnIhEEEP6MemoryS6_R5StateT_T0_
FuncCache inserted: routine_movb__al__MINUS0x20__rbp_


Decompiling instr:movq %r14, -0x28(%rbp)...
Instr: movq %r14, -0x28(%rbp)
Workdir: /home/ubuntu/Github/validating-binary-decompilation/tests/compositional_artifacts_single_instruction_decompilation//movq__r14__MINUS0x28__rbp_
Generating artifacts...
Already Exists
Running artifacts...
Skip McSema run ...

Executing: make -C /home/ubuntu/Github/validating-binary-decompilation/tests/compositional_artifacts_single_instruction_decompilation//movq__r14__MINUS0x28__rbp_ declutter
make[1]: Entering directory '/home/ubuntu/Github/validating-binary-decompilation/tests/compositional_artifacts_single_instruction_decompilation/movq__r14__MINUS0x28__rbp_'
/home/ubuntu/Github/validating-binary-decompilation/tests/scripts//declutter.pl --file test.ll --norenameintrinsics --opc movq__r14__MINUS0x28__rbp_
Expanding _ZN12_GLOBAL__N_1L3MOVI3MnWImE2RnImEEEP6MemoryS6_R5StateT_T0_...
Generatin test.mod.ll for opcode movq__r14__MINUS0x28__rbp_ ...
make[1]: Leaving directory '/home/ubuntu/Github/validating-binary-decompilation/tests/compositional_artifacts_single_instruction_decompilation/movq__r14__MINUS0x28__rbp_'

Executing: cat /home/ubuntu/Github/validating-binary-decompilation/tests/compositional_artifacts_single_instruction_decompilation//movq__r14__MINUS0x28__rbp_/test.mod.ll
Running artifacts...Done.
Multiple defintions of @seg_4003a0__text
Multiple defintions of @seg_400548__eh_frame
FuncCache skipped: _ZN12_GLOBAL__N_1L3MOVI3MnWImE2RnImEEEP6MemoryS6_R5StateT_T0_
FuncCache inserted: routine_movq__r14__MINUS0x28__rbp_


Decompiling instr:callq ._Z11start_timerv...
Instr: callq ._Z11start_timerv
Workdir: /home/ubuntu/Github/validating-binary-decompilation/tests/compositional_artifacts_single_instruction_decompilation//callq_._Z11start_timerv
Generating artifacts...
Already Exists
Running artifacts...
Skip McSema run ...
Skip Declutter ...

Executing: cat /home/ubuntu/Github/validating-binary-decompilation/tests/compositional_artifacts_single_instruction_decompilation//callq_._Z11start_timerv/test.mod.ll
Running artifacts...Done.
Multiple defintions of @seg_4003a0__text
Multiple defintions of @seg_400548__eh_frame
FuncCache inserted: _ZN12_GLOBAL__N_1L4CALLI2InImEEEP6MemoryS4_R5StateT_S2_
FuncCache inserted: routine_callq_._Z11start_timerv


Decompiling instr:movl $0x0, -0x2c(%rbp)...
Instr: movl $0x0, -0x2c(%rbp)
Workdir: /home/ubuntu/Github/validating-binary-decompilation/tests/compositional_artifacts_single_instruction_decompilation//movl__0x0__MINUS0x2c__rbp_
Generating artifacts...
Already Exists
Running artifacts...
Skip McSema run ...
Skip Declutter ...

Executing: cat /home/ubuntu/Github/validating-binary-decompilation/tests/compositional_artifacts_single_instruction_decompilation//movl__0x0__MINUS0x2c__rbp_/test.mod.ll
Running artifacts...Done.
Multiple defintions of @seg_4003a0__text
Multiple defintions of @seg_400548__eh_frame
FuncCache inserted: _ZN12_GLOBAL__N_1L3MOVI3MnWIjE2InIjEEEP6MemoryS6_R5StateT_T0_
FuncCache inserted: routine_movl__0x0__MINUS0x2c__rbp_


Decompiling instr:.L_403bdf:...


Decompiling instr:movl -0x2c(%rbp), %eax...
Instr: movl -0x2c(%rbp), %eax
Workdir: /home/ubuntu/Github/validating-binary-decompilation/tests/compositional_artifacts_single_instruction_decompilation//movl_MINUS0x2c__rbp____eax
Generating artifacts...
Already Exists
Running artifacts...
Skip McSema run ...
Skip Declutter ...

Executing: cat /home/ubuntu/Github/validating-binary-decompilation/tests/compositional_artifacts_single_instruction_decompilation//movl_MINUS0x2c__rbp____eax/test.mod.ll
Running artifacts...Done.
Multiple defintions of @seg_4003a0__text
Multiple defintions of @seg_400548__eh_frame
FuncCache inserted: _ZN12_GLOBAL__N_1L3MOVI3RnWImE2MnIjEEEP6MemoryS6_R5StateT_T0_
FuncCache inserted: routine_movl_MINUS0x2c__rbp____eax


Decompiling instr:cmpl 0x61a080, %eax...
Instr: cmpl 0x61a080, %eax
Workdir: /home/ubuntu/Github/validating-binary-decompilation/tests/compositional_artifacts_single_instruction_decompilation//cmpl_0x61a080___eax
Generating artifacts...
Already Exists
Running artifacts...
Skip McSema run ...
Skip Declutter ...

Executing: cat /home/ubuntu/Github/validating-binary-decompilation/tests/compositional_artifacts_single_instruction_decompilation//cmpl_0x61a080___eax/test.mod.ll
Running artifacts...Done.
Multiple defintions of @seg_4003a0__text
Multiple defintions of @seg_400548__eh_frame
FuncCache inserted: _ZN12_GLOBAL__N_1L3CMPI2RnIjE2MnIjEEEP6MemoryS6_R5StateT_T0_
FuncCache inserted: routine_cmpl_0x61a080___eax


Decompiling instr:jge .L_403c98...
Instr: jge .L_403c98
Workdir: /home/ubuntu/Github/validating-binary-decompilation/tests/compositional_artifacts_single_instruction_decompilation//jge_.L_403c98
Generating artifacts...
Generating artifacts... Done.
Running artifacts...
test.c:1:1: warning: return type of 'main' is not 'int' [-Wmain-return-type]
void main() {
^
test.c:1:1: note: change return type to 'int'
void main() {
^~~~
int
1 warning generated.

Executing: make -C /home/ubuntu/Github/validating-binary-decompilation/tests/compositional_artifacts_single_instruction_decompilation//jge_.L_403c98 binary
make[1]: Entering directory '/home/ubuntu/Github/validating-binary-decompilation/tests/compositional_artifacts_single_instruction_decompilation/jge_.L_403c98'
clang -Os test.c -o test
make[1]: Leaving directory '/home/ubuntu/Github/validating-binary-decompilation/tests/compositional_artifacts_single_instruction_decompilation/jge_.L_403c98'

Executing: make -C /home/ubuntu/Github/validating-binary-decompilation/tests/compositional_artifacts_single_instruction_decompilation//jge_.L_403c98 mcsema
make[1]: Entering directory '/home/ubuntu/Github/validating-binary-decompilation/tests/compositional_artifacts_single_instruction_decompilation/jge_.L_403c98'
mcsema-disass --disassembler /home/ubuntu/ida-6.95/idal64 --os linux --arch amd64_avx --output test.cfg --binary test --entrypoint main
mcsema-lift-4.0 --os linux --arch amd64_avx --cfg test.cfg --output test.bc -disable_dead_store_elimination -disable_optimizer
llvm-dis test.bc -o test.ll
make[1]: Leaving directory '/home/ubuntu/Github/validating-binary-decompilation/tests/compositional_artifacts_single_instruction_decompilation/jge_.L_403c98'

Executing: make -C /home/ubuntu/Github/validating-binary-decompilation/tests/compositional_artifacts_single_instruction_decompilation//jge_.L_403c98 declutter
make[1]: Entering directory '/home/ubuntu/Github/validating-binary-decompilation/tests/compositional_artifacts_single_instruction_decompilation/jge_.L_403c98'
/home/ubuntu/Github/validating-binary-decompilation/tests/scripts//declutter.pl --file test.ll --norenameintrinsics --opc jge_.L_403c98
Expanding _ZN12_GLOBAL__N_1L3JNLEP6MemoryR5State3RnWIhE2InImES7_...
Generatin test.mod.ll for opcode jge_.L_403c98 ...
make[1]: Leaving directory '/home/ubuntu/Github/validating-binary-decompilation/tests/compositional_artifacts_single_instruction_decompilation/jge_.L_403c98'

Executing: cat /home/ubuntu/Github/validating-binary-decompilation/tests/compositional_artifacts_single_instruction_decompilation//jge_.L_403c98/test.mod.ll
Running artifacts...Done.
Multiple defintions of @seg_4003a0__text
Multiple defintions of @seg_400548__eh_frame
FuncCache inserted: _ZN12_GLOBAL__N_1L3JNLEP6MemoryR5State3RnWIhE2InImES7_
FuncCache inserted: routine_jge_.L_403c98


Decompiling instr:movb $0x0, -0x2d(%rbp)...
Instr: movb $0x0, -0x2d(%rbp)
Workdir: /home/ubuntu/Github/validating-binary-decompilation/tests/compositional_artifacts_single_instruction_decompilation//movb__0x0__MINUS0x2d__rbp_
Generating artifacts...
Already Exists
Running artifacts...
test.c:1:1: warning: return type of 'main' is not 'int' [-Wmain-return-type]
void main() {
^
test.c:1:1: note: change return type to 'int'
void main() {
^~~~
int
1 warning generated.

Executing: make -C /home/ubuntu/Github/validating-binary-decompilation/tests/compositional_artifacts_single_instruction_decompilation//movb__0x0__MINUS0x2d__rbp_ binary
make[1]: Entering directory '/home/ubuntu/Github/validating-binary-decompilation/tests/compositional_artifacts_single_instruction_decompilation/movb__0x0__MINUS0x2d__rbp_'
clang -Os test.c -o test
make[1]: Leaving directory '/home/ubuntu/Github/validating-binary-decompilation/tests/compositional_artifacts_single_instruction_decompilation/movb__0x0__MINUS0x2d__rbp_'

Executing: make -C /home/ubuntu/Github/validating-binary-decompilation/tests/compositional_artifacts_single_instruction_decompilation//movb__0x0__MINUS0x2d__rbp_ mcsema
make[1]: Entering directory '/home/ubuntu/Github/validating-binary-decompilation/tests/compositional_artifacts_single_instruction_decompilation/movb__0x0__MINUS0x2d__rbp_'
mcsema-disass --disassembler /home/ubuntu/ida-6.95/idal64 --os linux --arch amd64_avx --output test.cfg --binary test --entrypoint main
mcsema-lift-4.0 --os linux --arch amd64_avx --cfg test.cfg --output test.bc -disable_dead_store_elimination -disable_optimizer
llvm-dis test.bc -o test.ll
make[1]: Leaving directory '/home/ubuntu/Github/validating-binary-decompilation/tests/compositional_artifacts_single_instruction_decompilation/movb__0x0__MINUS0x2d__rbp_'

Executing: make -C /home/ubuntu/Github/validating-binary-decompilation/tests/compositional_artifacts_single_instruction_decompilation//movb__0x0__MINUS0x2d__rbp_ declutter
make[1]: Entering directory '/home/ubuntu/Github/validating-binary-decompilation/tests/compositional_artifacts_single_instruction_decompilation/movb__0x0__MINUS0x2d__rbp_'
/home/ubuntu/Github/validating-binary-decompilation/tests/scripts//declutter.pl --file test.ll --norenameintrinsics --opc movb__0x0__MINUS0x2d__rbp_
Generatin test.mod.ll for opcode movb__0x0__MINUS0x2d__rbp_ ...
make[1]: Leaving directory '/home/ubuntu/Github/validating-binary-decompilation/tests/compositional_artifacts_single_instruction_decompilation/movb__0x0__MINUS0x2d__rbp_'

Executing: cat /home/ubuntu/Github/validating-binary-decompilation/tests/compositional_artifacts_single_instruction_decompilation//movb__0x0__MINUS0x2d__rbp_/test.mod.ll
Running artifacts...Done.
Multiple defintions of @seg_4003a0__text
Multiple defintions of @seg_400548__eh_frame


Decompiling instr:movl $0x0, -0x34(%rbp)...
Instr: movl $0x0, -0x34(%rbp)
Workdir: /home/ubuntu/Github/validating-binary-decompilation/tests/compositional_artifacts_single_instruction_decompilation//movl__0x0__MINUS0x34__rbp_
Generating artifacts...
Already Exists
Running artifacts...
Skip McSema run ...
Skip Declutter ...

Executing: cat /home/ubuntu/Github/validating-binary-decompilation/tests/compositional_artifacts_single_instruction_decompilation//movl__0x0__MINUS0x34__rbp_/test.mod.ll
Running artifacts...Done.
Multiple defintions of @seg_4003a0__text
Multiple defintions of @seg_400548__eh_frame
FuncCache skipped: _ZN12_GLOBAL__N_1L3MOVI3MnWIjE2InIjEEEP6MemoryS6_R5StateT_T0_
FuncCache inserted: routine_movl__0x0__MINUS0x34__rbp_


Decompiling instr:.L_403bfa:...


Decompiling instr:movl -0x34(%rbp), %eax...
Instr: movl -0x34(%rbp), %eax
Workdir: /home/ubuntu/Github/validating-binary-decompilation/tests/compositional_artifacts_single_instruction_decompilation//movl_MINUS0x34__rbp____eax
Generating artifacts...
Already Exists
Running artifacts...
Skip McSema run ...
Skip Declutter ...

Executing: cat /home/ubuntu/Github/validating-binary-decompilation/tests/compositional_artifacts_single_instruction_decompilation//movl_MINUS0x34__rbp____eax/test.mod.ll
Running artifacts...Done.
Multiple defintions of @seg_4003a0__text
Multiple defintions of @seg_400548__eh_frame
FuncCache skipped: _ZN12_GLOBAL__N_1L3MOVI3RnWImE2MnIjEEEP6MemoryS6_R5StateT_T0_
FuncCache inserted: routine_movl_MINUS0x34__rbp____eax


Decompiling instr:cmpl -0x1c(%rbp), %eax...
Instr: cmpl -0x1c(%rbp), %eax
Workdir: /home/ubuntu/Github/validating-binary-decompilation/tests/compositional_artifacts_single_instruction_decompilation//cmpl_MINUS0x1c__rbp____eax
Generating artifacts...
Already Exists
Running artifacts...
Skip McSema run ...
Skip Declutter ...

Executing: cat /home/ubuntu/Github/validating-binary-decompilation/tests/compositional_artifacts_single_instruction_decompilation//cmpl_MINUS0x1c__rbp____eax/test.mod.ll
Running artifacts...Done.
Multiple defintions of @seg_4003a0__text
Multiple defintions of @seg_400548__eh_frame
FuncCache skipped: _ZN12_GLOBAL__N_1L3CMPI2RnIjE2MnIjEEEP6MemoryS6_R5StateT_T0_
FuncCache inserted: routine_cmpl_MINUS0x1c__rbp____eax


Decompiling instr:jge .L_403c5c...
Instr: jge .L_403c5c
Workdir: /home/ubuntu/Github/validating-binary-decompilation/tests/compositional_artifacts_single_instruction_decompilation//jge_.L_403c5c
Generating artifacts...
Generating artifacts... Done.
Running artifacts...
test.c:1:1: warning: return type of 'main' is not 'int' [-Wmain-return-type]
void main() {
^
test.c:1:1: note: change return type to 'int'
void main() {
^~~~
int
1 warning generated.

Executing: make -C /home/ubuntu/Github/validating-binary-decompilation/tests/compositional_artifacts_single_instruction_decompilation//jge_.L_403c5c binary
make[1]: Entering directory '/home/ubuntu/Github/validating-binary-decompilation/tests/compositional_artifacts_single_instruction_decompilation/jge_.L_403c5c'
clang -Os test.c -o test
make[1]: Leaving directory '/home/ubuntu/Github/validating-binary-decompilation/tests/compositional_artifacts_single_instruction_decompilation/jge_.L_403c5c'

Executing: make -C /home/ubuntu/Github/validating-binary-decompilation/tests/compositional_artifacts_single_instruction_decompilation//jge_.L_403c5c mcsema
make[1]: Entering directory '/home/ubuntu/Github/validating-binary-decompilation/tests/compositional_artifacts_single_instruction_decompilation/jge_.L_403c5c'
mcsema-disass --disassembler /home/ubuntu/ida-6.95/idal64 --os linux --arch amd64_avx --output test.cfg --binary test --entrypoint main
mcsema-lift-4.0 --os linux --arch amd64_avx --cfg test.cfg --output test.bc -disable_dead_store_elimination -disable_optimizer
llvm-dis test.bc -o test.ll
make[1]: Leaving directory '/home/ubuntu/Github/validating-binary-decompilation/tests/compositional_artifacts_single_instruction_decompilation/jge_.L_403c5c'

Executing: make -C /home/ubuntu/Github/validating-binary-decompilation/tests/compositional_artifacts_single_instruction_decompilation//jge_.L_403c5c declutter
make[1]: Entering directory '/home/ubuntu/Github/validating-binary-decompilation/tests/compositional_artifacts_single_instruction_decompilation/jge_.L_403c5c'
/home/ubuntu/Github/validating-binary-decompilation/tests/scripts//declutter.pl --file test.ll --norenameintrinsics --opc jge_.L_403c5c
Expanding _ZN12_GLOBAL__N_1L3JNLEP6MemoryR5State3RnWIhE2InImES7_...
Generatin test.mod.ll for opcode jge_.L_403c5c ...
make[1]: Leaving directory '/home/ubuntu/Github/validating-binary-decompilation/tests/compositional_artifacts_single_instruction_decompilation/jge_.L_403c5c'

Executing: cat /home/ubuntu/Github/validating-binary-decompilation/tests/compositional_artifacts_single_instruction_decompilation//jge_.L_403c5c/test.mod.ll
Running artifacts...Done.
Multiple defintions of @seg_4003a0__text
Multiple defintions of @seg_400548__eh_frame
FuncCache skipped: _ZN12_GLOBAL__N_1L3JNLEP6MemoryR5State3RnWIhE2InImES7_
FuncCache inserted: routine_jge_.L_403c5c


Decompiling instr:movq -0x18(%rbp), %rax...
Instr: movq -0x18(%rbp), %rax
Workdir: /home/ubuntu/Github/validating-binary-decompilation/tests/compositional_artifacts_single_instruction_decompilation//movq_MINUS0x18__rbp____rax
Generating artifacts...
Already Exists
Running artifacts...
Skip McSema run ...
Skip Declutter ...

Executing: cat /home/ubuntu/Github/validating-binary-decompilation/tests/compositional_artifacts_single_instruction_decompilation//movq_MINUS0x18__rbp____rax/test.mod.ll
Running artifacts...Done.
Multiple defintions of @seg_4003a0__text
Multiple defintions of @seg_400548__eh_frame
FuncCache skipped: _ZN12_GLOBAL__N_1L3MOVI3RnWImE2MnImEEEP6MemoryS6_R5StateT_T0_
FuncCache inserted: routine_movq_MINUS0x18__rbp____rax


Decompiling instr:movslq -0x34(%rbp), %rcx...
Instr: movslq -0x34(%rbp), %rcx
Workdir: /home/ubuntu/Github/validating-binary-decompilation/tests/compositional_artifacts_single_instruction_decompilation//movslq_MINUS0x34__rbp____rcx
Generating artifacts...
Already Exists
Running artifacts...
Skip McSema run ...
Skip Declutter ...

Executing: cat /home/ubuntu/Github/validating-binary-decompilation/tests/compositional_artifacts_single_instruction_decompilation//movslq_MINUS0x34__rbp____rcx/test.mod.ll
Running artifacts...Done.
Multiple defintions of @seg_4003a0__text
Multiple defintions of @seg_400548__eh_frame
FuncCache inserted: _ZN12_GLOBAL__N_1L5MOVSXI3RnWImE2MnIjElEEP6MemoryS6_R5StateT_T0_
FuncCache inserted: routine_movslq_MINUS0x34__rbp____rcx


Decompiling instr:movb (%rax,%rcx,1), %dl...
Instr: movb (%rax,%rcx,1), %dl
Workdir: /home/ubuntu/Github/validating-binary-decompilation/tests/compositional_artifacts_single_instruction_decompilation//movb___rax__rcx_1____dl
Generating artifacts...
Already Exists
Running artifacts...
Skip McSema run ...

Executing: make -C /home/ubuntu/Github/validating-binary-decompilation/tests/compositional_artifacts_single_instruction_decompilation//movb___rax__rcx_1____dl declutter
make[1]: Entering directory '/home/ubuntu/Github/validating-binary-decompilation/tests/compositional_artifacts_single_instruction_decompilation/movb___rax__rcx_1____dl'
/home/ubuntu/Github/validating-binary-decompilation/tests/scripts//declutter.pl --file test.ll --norenameintrinsics --opc movb___rax__rcx_1____dl
Expanding _ZN12_GLOBAL__N_1L3MOVI3RnWIhE2MnIhEEEP6MemoryS6_R5StateT_T0_...
Generatin test.mod.ll for opcode movb___rax__rcx_1____dl ...
make[1]: Leaving directory '/home/ubuntu/Github/validating-binary-decompilation/tests/compositional_artifacts_single_instruction_decompilation/movb___rax__rcx_1____dl'

Executing: cat /home/ubuntu/Github/validating-binary-decompilation/tests/compositional_artifacts_single_instruction_decompilation//movb___rax__rcx_1____dl/test.mod.ll
Running artifacts...Done.
Multiple defintions of @seg_4003a0__text
Multiple defintions of @seg_400548__eh_frame
FuncCache inserted: _ZN12_GLOBAL__N_1L3MOVI3RnWIhE2MnIhEEEP6MemoryS6_R5StateT_T0_
FuncCache inserted: routine_movb___rax__rcx_1____dl


Decompiling instr:movb -0x1d(%rbp), %sil...
Instr: movb -0x1d(%rbp), %sil
Workdir: /home/ubuntu/Github/validating-binary-decompilation/tests/compositional_artifacts_single_instruction_decompilation//movb_MINUS0x1d__rbp____sil
Generating artifacts...
Already Exists
Running artifacts...
test.c:1:1: warning: return type of 'main' is not 'int' [-Wmain-return-type]
void main() {
^
test.c:1:1: note: change return type to 'int'
void main() {
^~~~
int
1 warning generated.
Could not generate a CFG. Try using the --log_file option to see an error log.
Traceback (most recent call last):
  File "/usr/local/bin/mcsema-disass", line 11, in <module>
    load_entry_point('mcsema-disass==2.0', 'console_scripts', 'mcsema-disass')()
  File "/usr/local/lib/python2.7/dist-packages/mcsema_disass-2.0-py2.7.egg/mcsema_disass/__main__.py", line 162, in main
    if 0 == os.path.getsize(args.output):
  File "/usr/lib/python2.7/genericpath.py", line 57, in getsize
    return os.stat(filename).st_size
OSError: [Errno 2] No such file or directory: '/home/ubuntu/Github/validating-binary-decompilation/tests/compositional_artifacts_single_instruction_decompilation/movb_MINUS0x1d__rbp____sil/test.cfg'
make[1]: *** [mcsema] Error 1
make[1]: *** No rule to make target 'test.ll', needed by 'declutter'.  Stop.
cat: /home/ubuntu/Github/validating-binary-decompilation/tests/compositional_artifacts_single_instruction_decompilation//movb_MINUS0x1d__rbp____sil/test.mod.ll: No such file or directory

Executing: make -C /home/ubuntu/Github/validating-binary-decompilation/tests/compositional_artifacts_single_instruction_decompilation//movb_MINUS0x1d__rbp____sil binary
make[1]: Entering directory '/home/ubuntu/Github/validating-binary-decompilation/tests/compositional_artifacts_single_instruction_decompilation/movb_MINUS0x1d__rbp____sil'
clang -Os test.c -o test
make[1]: Leaving directory '/home/ubuntu/Github/validating-binary-decompilation/tests/compositional_artifacts_single_instruction_decompilation/movb_MINUS0x1d__rbp____sil'

Executing: make -C /home/ubuntu/Github/validating-binary-decompilation/tests/compositional_artifacts_single_instruction_decompilation//movb_MINUS0x1d__rbp____sil mcsema
make[1]: Entering directory '/home/ubuntu/Github/validating-binary-decompilation/tests/compositional_artifacts_single_instruction_decompilation/movb_MINUS0x1d__rbp____sil'
mcsema-disass --disassembler /home/ubuntu/ida-6.95/idal64 --os linux --arch amd64_avx --output test.cfg --binary test --entrypoint main
Makefile:9: recipe for target 'mcsema' failed
make[1]: Leaving directory '/home/ubuntu/Github/validating-binary-decompilation/tests/compositional_artifacts_single_instruction_decompilation/movb_MINUS0x1d__rbp____sil'

Executing: make -C /home/ubuntu/Github/validating-binary-decompilation/tests/compositional_artifacts_single_instruction_decompilation//movb_MINUS0x1d__rbp____sil declutter
make[1]: Entering directory '/home/ubuntu/Github/validating-binary-decompilation/tests/compositional_artifacts_single_instruction_decompilation/movb_MINUS0x1d__rbp____sil'
make[1]: Leaving directory '/home/ubuntu/Github/validating-binary-decompilation/tests/compositional_artifacts_single_instruction_decompilation/movb_MINUS0x1d__rbp____sil'

Executing: cat /home/ubuntu/Github/validating-binary-decompilation/tests/compositional_artifacts_single_instruction_decompilation//movb_MINUS0x1d__rbp____sil/test.mod.ll
Running artifacts...Done.


Decompiling instr:movb -0x1e(%rbp), %dil...
Instr: movb -0x1e(%rbp), %dil
Workdir: /home/ubuntu/Github/validating-binary-decompilation/tests/compositional_artifacts_single_instruction_decompilation//movb_MINUS0x1e__rbp____dil
Generating artifacts...
Already Exists
Running artifacts...
test.c:1:1: warning: return type of 'main' is not 'int' [-Wmain-return-type]
void main() {
^
test.c:1:1: note: change return type to 'int'
void main() {
^~~~
int
1 warning generated.

Executing: make -C /home/ubuntu/Github/validating-binary-decompilation/tests/compositional_artifacts_single_instruction_decompilation//movb_MINUS0x1e__rbp____dil binary
make[1]: Entering directory '/home/ubuntu/Github/validating-binary-decompilation/tests/compositional_artifacts_single_instruction_decompilation/movb_MINUS0x1e__rbp____dil'
clang -Os test.c -o test
make[1]: Leaving directory '/home/ubuntu/Github/validating-binary-decompilation/tests/compositional_artifacts_single_instruction_decompilation/movb_MINUS0x1e__rbp____dil'

Executing: make -C /home/ubuntu/Github/validating-binary-decompilation/tests/compositional_artifacts_single_instruction_decompilation//movb_MINUS0x1e__rbp____dil mcsema
make[1]: Entering directory '/home/ubuntu/Github/validating-binary-decompilation/tests/compositional_artifacts_single_instruction_decompilation/movb_MINUS0x1e__rbp____dil'
mcsema-disass --disassembler /home/ubuntu/ida-6.95/idal64 --os linux --arch amd64_avx --output test.cfg --binary test --entrypoint main
mcsema-lift-4.0 --os linux --arch amd64_avx --cfg test.cfg --output test.bc -disable_dead_store_elimination -disable_optimizer
llvm-dis test.bc -o test.ll
make[1]: Leaving directory '/home/ubuntu/Github/validating-binary-decompilation/tests/compositional_artifacts_single_instruction_decompilation/movb_MINUS0x1e__rbp____dil'

Executing: make -C /home/ubuntu/Github/validating-binary-decompilation/tests/compositional_artifacts_single_instruction_decompilation//movb_MINUS0x1e__rbp____dil declutter
make[1]: Entering directory '/home/ubuntu/Github/validating-binary-decompilation/tests/compositional_artifacts_single_instruction_decompilation/movb_MINUS0x1e__rbp____dil'
/home/ubuntu/Github/validating-binary-decompilation/tests/scripts//declutter.pl --file test.ll --norenameintrinsics --opc movb_MINUS0x1e__rbp____dil
Expanding _ZN12_GLOBAL__N_1L3MOVI3RnWIhE2MnIhEEEP6MemoryS6_R5StateT_T0_...
Generatin test.mod.ll for opcode movb_MINUS0x1e__rbp____dil ...
make[1]: Leaving directory '/home/ubuntu/Github/validating-binary-decompilation/tests/compositional_artifacts_single_instruction_decompilation/movb_MINUS0x1e__rbp____dil'

Executing: cat /home/ubuntu/Github/validating-binary-decompilation/tests/compositional_artifacts_single_instruction_decompilation//movb_MINUS0x1e__rbp____dil/test.mod.ll
Running artifacts...Done.
Multiple defintions of @seg_4003a0__text
Multiple defintions of @seg_400548__eh_frame
FuncCache skipped: _ZN12_GLOBAL__N_1L3MOVI3RnWIhE2MnIhEEEP6MemoryS6_R5StateT_T0_
FuncCache inserted: routine_movb_MINUS0x1e__rbp____dil


Decompiling instr:movb -0x1f(%rbp), %r8b...
Instr: movb -0x1f(%rbp), %r8b
Workdir: /home/ubuntu/Github/validating-binary-decompilation/tests/compositional_artifacts_single_instruction_decompilation//movb_MINUS0x1f__rbp____r8b
Generating artifacts...
Already Exists
Running artifacts...
Skip McSema run ...
Skip Declutter ...

Executing: cat /home/ubuntu/Github/validating-binary-decompilation/tests/compositional_artifacts_single_instruction_decompilation//movb_MINUS0x1f__rbp____r8b/test.mod.ll
Running artifacts...Done.
Multiple defintions of @seg_4003a0__text
Multiple defintions of @seg_400548__eh_frame
FuncCache skipped: _ZN12_GLOBAL__N_1L3MOVI3RnWIhE2MnIhEEEP6MemoryS6_R5StateT_T0_
FuncCache inserted: routine_movb_MINUS0x1f__rbp____r8b


Decompiling instr:movsbl %dl, %r9d...
Instr: movsbl %dl, %r9d
Workdir: /home/ubuntu/Github/validating-binary-decompilation/tests/compositional_artifacts_single_instruction_decompilation//movsbl__dl___r9d
Generating artifacts...
Already Exists
Running artifacts...
test.c:1:1: warning: return type of 'main' is not 'int' [-Wmain-return-type]
void main() {
^
test.c:1:1: note: change return type to 'int'
void main() {
^~~~
int
1 warning generated.
Could not generate a CFG. Try using the --log_file option to see an error log.
Traceback (most recent call last):
  File "/usr/local/bin/mcsema-disass", line 11, in <module>
    load_entry_point('mcsema-disass==2.0', 'console_scripts', 'mcsema-disass')()
  File "/usr/local/lib/python2.7/dist-packages/mcsema_disass-2.0-py2.7.egg/mcsema_disass/__main__.py", line 162, in main
    if 0 == os.path.getsize(args.output):
  File "/usr/lib/python2.7/genericpath.py", line 57, in getsize
    return os.stat(filename).st_size
OSError: [Errno 2] No such file or directory: '/home/ubuntu/Github/validating-binary-decompilation/tests/compositional_artifacts_single_instruction_decompilation/movsbl__dl___r9d/test.cfg'
make[1]: *** [mcsema] Error 1
make[1]: *** No rule to make target 'test.ll', needed by 'declutter'.  Stop.
cat: /home/ubuntu/Github/validating-binary-decompilation/tests/compositional_artifacts_single_instruction_decompilation//movsbl__dl___r9d/test.mod.ll: No such file or directory

Executing: make -C /home/ubuntu/Github/validating-binary-decompilation/tests/compositional_artifacts_single_instruction_decompilation//movsbl__dl___r9d binary
make[1]: Entering directory '/home/ubuntu/Github/validating-binary-decompilation/tests/compositional_artifacts_single_instruction_decompilation/movsbl__dl___r9d'
clang -Os test.c -o test
make[1]: Leaving directory '/home/ubuntu/Github/validating-binary-decompilation/tests/compositional_artifacts_single_instruction_decompilation/movsbl__dl___r9d'

Executing: make -C /home/ubuntu/Github/validating-binary-decompilation/tests/compositional_artifacts_single_instruction_decompilation//movsbl__dl___r9d mcsema
make[1]: Entering directory '/home/ubuntu/Github/validating-binary-decompilation/tests/compositional_artifacts_single_instruction_decompilation/movsbl__dl___r9d'
mcsema-disass --disassembler /home/ubuntu/ida-6.95/idal64 --os linux --arch amd64_avx --output test.cfg --binary test --entrypoint main
Makefile:9: recipe for target 'mcsema' failed
make[1]: Leaving directory '/home/ubuntu/Github/validating-binary-decompilation/tests/compositional_artifacts_single_instruction_decompilation/movsbl__dl___r9d'

Executing: make -C /home/ubuntu/Github/validating-binary-decompilation/tests/compositional_artifacts_single_instruction_decompilation//movsbl__dl___r9d declutter
make[1]: Entering directory '/home/ubuntu/Github/validating-binary-decompilation/tests/compositional_artifacts_single_instruction_decompilation/movsbl__dl___r9d'
make[1]: Leaving directory '/home/ubuntu/Github/validating-binary-decompilation/tests/compositional_artifacts_single_instruction_decompilation/movsbl__dl___r9d'

Executing: cat /home/ubuntu/Github/validating-binary-decompilation/tests/compositional_artifacts_single_instruction_decompilation//movsbl__dl___r9d/test.mod.ll
Running artifacts...Done.


Decompiling instr:movb %dil, -0x35(%rbp)...
Instr: movb %dil, -0x35(%rbp)
Workdir: /home/ubuntu/Github/validating-binary-decompilation/tests/compositional_artifacts_single_instruction_decompilation//movb__dil__MINUS0x35__rbp_
Generating artifacts...
Already Exists
Running artifacts...
test.c:1:1: warning: return type of 'main' is not 'int' [-Wmain-return-type]
void main() {
^
test.c:1:1: note: change return type to 'int'
void main() {
^~~~
int
1 warning generated.

Executing: make -C /home/ubuntu/Github/validating-binary-decompilation/tests/compositional_artifacts_single_instruction_decompilation//movb__dil__MINUS0x35__rbp_ binary
make[1]: Entering directory '/home/ubuntu/Github/validating-binary-decompilation/tests/compositional_artifacts_single_instruction_decompilation/movb__dil__MINUS0x35__rbp_'
clang -Os test.c -o test
make[1]: Leaving directory '/home/ubuntu/Github/validating-binary-decompilation/tests/compositional_artifacts_single_instruction_decompilation/movb__dil__MINUS0x35__rbp_'

Executing: make -C /home/ubuntu/Github/validating-binary-decompilation/tests/compositional_artifacts_single_instruction_decompilation//movb__dil__MINUS0x35__rbp_ mcsema
make[1]: Entering directory '/home/ubuntu/Github/validating-binary-decompilation/tests/compositional_artifacts_single_instruction_decompilation/movb__dil__MINUS0x35__rbp_'
mcsema-disass --disassembler /home/ubuntu/ida-6.95/idal64 --os linux --arch amd64_avx --output test.cfg --binary test --entrypoint main
mcsema-lift-4.0 --os linux --arch amd64_avx --cfg test.cfg --output test.bc -disable_dead_store_elimination -disable_optimizer
llvm-dis test.bc -o test.ll
make[1]: Leaving directory '/home/ubuntu/Github/validating-binary-decompilation/tests/compositional_artifacts_single_instruction_decompilation/movb__dil__MINUS0x35__rbp_'

Executing: make -C /home/ubuntu/Github/validating-binary-decompilation/tests/compositional_artifacts_single_instruction_decompilation//movb__dil__MINUS0x35__rbp_ declutter
make[1]: Entering directory '/home/ubuntu/Github/validating-binary-decompilation/tests/compositional_artifacts_single_instruction_decompilation/movb__dil__MINUS0x35__rbp_'
/home/ubuntu/Github/validating-binary-decompilation/tests/scripts//declutter.pl --file test.ll --norenameintrinsics --opc movb__dil__MINUS0x35__rbp_
Expanding _ZN12_GLOBAL__N_1L3MOVI3MnWIhE2RnIhEEEP6MemoryS6_R5StateT_T0_...
Generatin test.mod.ll for opcode movb__dil__MINUS0x35__rbp_ ...
make[1]: Leaving directory '/home/ubuntu/Github/validating-binary-decompilation/tests/compositional_artifacts_single_instruction_decompilation/movb__dil__MINUS0x35__rbp_'

Executing: cat /home/ubuntu/Github/validating-binary-decompilation/tests/compositional_artifacts_single_instruction_decompilation//movb__dil__MINUS0x35__rbp_/test.mod.ll
Running artifacts...Done.
Multiple defintions of @seg_4003a0__text
Multiple defintions of @seg_400548__eh_frame
FuncCache skipped: _ZN12_GLOBAL__N_1L3MOVI3MnWIhE2RnIhEEEP6MemoryS6_R5StateT_T0_
FuncCache inserted: routine_movb__dil__MINUS0x35__rbp_


Decompiling instr:movl %r9d, %edi...
Instr: movl %r9d, %edi
Workdir: /home/ubuntu/Github/validating-binary-decompilation/tests/compositional_artifacts_single_instruction_decompilation//movl__r9d___edi
Generating artifacts...
Already Exists
Running artifacts...
Skip McSema run ...

Executing: make -C /home/ubuntu/Github/validating-binary-decompilation/tests/compositional_artifacts_single_instruction_decompilation//movl__r9d___edi declutter
make[1]: Entering directory '/home/ubuntu/Github/validating-binary-decompilation/tests/compositional_artifacts_single_instruction_decompilation/movl__r9d___edi'
/home/ubuntu/Github/validating-binary-decompilation/tests/scripts//declutter.pl --file test.ll --norenameintrinsics --opc movl__r9d___edi
Expanding _ZN12_GLOBAL__N_1L3MOVI3RnWImE2RnIjEEEP6MemoryS6_R5StateT_T0_...
Generatin test.mod.ll for opcode movl__r9d___edi ...
make[1]: Leaving directory '/home/ubuntu/Github/validating-binary-decompilation/tests/compositional_artifacts_single_instruction_decompilation/movl__r9d___edi'

Executing: cat /home/ubuntu/Github/validating-binary-decompilation/tests/compositional_artifacts_single_instruction_decompilation//movl__r9d___edi/test.mod.ll
Running artifacts...Done.
Multiple defintions of @seg_4003a0__text
Multiple defintions of @seg_400548__eh_frame
FuncCache inserted: _ZN12_GLOBAL__N_1L3MOVI3RnWImE2RnIjEEEP6MemoryS6_R5StateT_T0_
FuncCache inserted: routine_movl__r9d___edi


Decompiling instr:movsbl %sil, %esi...
Instr: movsbl %sil, %esi
Workdir: /home/ubuntu/Github/validating-binary-decompilation/tests/compositional_artifacts_single_instruction_decompilation//movsbl__sil___esi
Generating artifacts...
Generating artifacts... Done.
Running artifacts...
test.c:1:1: warning: return type of 'main' is not 'int' [-Wmain-return-type]
void main() {
^
test.c:1:1: note: change return type to 'int'
void main() {
^~~~
int
1 warning generated.

Executing: make -C /home/ubuntu/Github/validating-binary-decompilation/tests/compositional_artifacts_single_instruction_decompilation//movsbl__sil___esi binary
make[1]: Entering directory '/home/ubuntu/Github/validating-binary-decompilation/tests/compositional_artifacts_single_instruction_decompilation/movsbl__sil___esi'
clang -Os test.c -o test
make[1]: Leaving directory '/home/ubuntu/Github/validating-binary-decompilation/tests/compositional_artifacts_single_instruction_decompilation/movsbl__sil___esi'

Executing: make -C /home/ubuntu/Github/validating-binary-decompilation/tests/compositional_artifacts_single_instruction_decompilation//movsbl__sil___esi mcsema
make[1]: Entering directory '/home/ubuntu/Github/validating-binary-decompilation/tests/compositional_artifacts_single_instruction_decompilation/movsbl__sil___esi'
mcsema-disass --disassembler /home/ubuntu/ida-6.95/idal64 --os linux --arch amd64_avx --output test.cfg --binary test --entrypoint main
mcsema-lift-4.0 --os linux --arch amd64_avx --cfg test.cfg --output test.bc -disable_dead_store_elimination -disable_optimizer
llvm-dis test.bc -o test.ll
make[1]: Leaving directory '/home/ubuntu/Github/validating-binary-decompilation/tests/compositional_artifacts_single_instruction_decompilation/movsbl__sil___esi'

Executing: make -C /home/ubuntu/Github/validating-binary-decompilation/tests/compositional_artifacts_single_instruction_decompilation//movsbl__sil___esi declutter
make[1]: Entering directory '/home/ubuntu/Github/validating-binary-decompilation/tests/compositional_artifacts_single_instruction_decompilation/movsbl__sil___esi'
/home/ubuntu/Github/validating-binary-decompilation/tests/scripts//declutter.pl --file test.ll --norenameintrinsics --opc movsbl__sil___esi
Expanding _ZN12_GLOBAL__N_1L5MOVSXI3RnWImE2RnIhEiEEP6MemoryS6_R5StateT_T0_...
Generatin test.mod.ll for opcode movsbl__sil___esi ...
make[1]: Leaving directory '/home/ubuntu/Github/validating-binary-decompilation/tests/compositional_artifacts_single_instruction_decompilation/movsbl__sil___esi'

Executing: cat /home/ubuntu/Github/validating-binary-decompilation/tests/compositional_artifacts_single_instruction_decompilation//movsbl__sil___esi/test.mod.ll
Running artifacts...Done.
Multiple defintions of @seg_4003a0__text
Multiple defintions of @seg_400548__eh_frame
FuncCache inserted: _ZN12_GLOBAL__N_1L5MOVSXI3RnWImE2RnIhEiEEP6MemoryS6_R5StateT_T0_
FuncCache inserted: routine_movsbl__sil___esi


Decompiling instr:movb -0x35(%rbp), %dl...
Instr: movb -0x35(%rbp), %dl
Workdir: /home/ubuntu/Github/validating-binary-decompilation/tests/compositional_artifacts_single_instruction_decompilation//movb_MINUS0x35__rbp____dl
Generating artifacts...
Already Exists
Running artifacts...
test.c:1:1: warning: return type of 'main' is not 'int' [-Wmain-return-type]
void main() {
^
test.c:1:1: note: change return type to 'int'
void main() {
^~~~
int
1 warning generated.

Executing: make -C /home/ubuntu/Github/validating-binary-decompilation/tests/compositional_artifacts_single_instruction_decompilation//movb_MINUS0x35__rbp____dl binary
make[1]: Entering directory '/home/ubuntu/Github/validating-binary-decompilation/tests/compositional_artifacts_single_instruction_decompilation/movb_MINUS0x35__rbp____dl'
clang -Os test.c -o test
make[1]: Leaving directory '/home/ubuntu/Github/validating-binary-decompilation/tests/compositional_artifacts_single_instruction_decompilation/movb_MINUS0x35__rbp____dl'

Executing: make -C /home/ubuntu/Github/validating-binary-decompilation/tests/compositional_artifacts_single_instruction_decompilation//movb_MINUS0x35__rbp____dl mcsema
make[1]: Entering directory '/home/ubuntu/Github/validating-binary-decompilation/tests/compositional_artifacts_single_instruction_decompilation/movb_MINUS0x35__rbp____dl'
mcsema-disass --disassembler /home/ubuntu/ida-6.95/idal64 --os linux --arch amd64_avx --output test.cfg --binary test --entrypoint main
mcsema-lift-4.0 --os linux --arch amd64_avx --cfg test.cfg --output test.bc -disable_dead_store_elimination -disable_optimizer
llvm-dis test.bc -o test.ll
make[1]: Leaving directory '/home/ubuntu/Github/validating-binary-decompilation/tests/compositional_artifacts_single_instruction_decompilation/movb_MINUS0x35__rbp____dl'

Executing: make -C /home/ubuntu/Github/validating-binary-decompilation/tests/compositional_artifacts_single_instruction_decompilation//movb_MINUS0x35__rbp____dl declutter
make[1]: Entering directory '/home/ubuntu/Github/validating-binary-decompilation/tests/compositional_artifacts_single_instruction_decompilation/movb_MINUS0x35__rbp____dl'
/home/ubuntu/Github/validating-binary-decompilation/tests/scripts//declutter.pl --file test.ll --norenameintrinsics --opc movb_MINUS0x35__rbp____dl
Expanding _ZN12_GLOBAL__N_1L3MOVI3RnWIhE2MnIhEEEP6MemoryS6_R5StateT_T0_...
Generatin test.mod.ll for opcode movb_MINUS0x35__rbp____dl ...
make[1]: Leaving directory '/home/ubuntu/Github/validating-binary-decompilation/tests/compositional_artifacts_single_instruction_decompilation/movb_MINUS0x35__rbp____dl'

Executing: cat /home/ubuntu/Github/validating-binary-decompilation/tests/compositional_artifacts_single_instruction_decompilation//movb_MINUS0x35__rbp____dl/test.mod.ll
Running artifacts...Done.
Multiple defintions of @seg_4003a0__text
Multiple defintions of @seg_400548__eh_frame
FuncCache skipped: _ZN12_GLOBAL__N_1L3MOVI3RnWIhE2MnIhEEEP6MemoryS6_R5StateT_T0_
FuncCache inserted: routine_movb_MINUS0x35__rbp____dl


Decompiling instr:movsbl %dl, %edx...
Instr: movsbl %dl, %edx
Workdir: /home/ubuntu/Github/validating-binary-decompilation/tests/compositional_artifacts_single_instruction_decompilation//movsbl__dl___edx
Generating artifacts...
Generating artifacts... Done.
Running artifacts...
test.c:1:1: warning: return type of 'main' is not 'int' [-Wmain-return-type]
void main() {
^
test.c:1:1: note: change return type to 'int'
void main() {
^~~~
int
1 warning generated.
[libprotobuf ERROR /root/cxx-common/sources/protobuf-2.6.1/src/google/protobuf/message_lite.cc:123] Can't parse message of type "mcsema.Module" because it is missing required fields: name
F1016 10:33:20.715575 23759 CFG.cpp:446] Check failed: cfg.ParseFromCodedStream(&cstream) Unable to read module from CFG file test.cfg
*** Check failure stack trace: ***
    @           0x9902cd  google::LogMessage::Fail()
    @           0x99275a  google::LogMessage::SendToLog()
    @           0x98fcdd  google::LogMessage::Flush()
    @           0x9936e9  google::LogMessageFatal::~LogMessageFatal()
    @           0x5beb56  mcsema::ReadProtoBuf()
make[1]: *** [mcsema] Aborted (core dumped)
make[1]: *** No rule to make target 'test.ll', needed by 'declutter'.  Stop.
cat: /home/ubuntu/Github/validating-binary-decompilation/tests/compositional_artifacts_single_instruction_decompilation//movsbl__dl___edx/test.mod.ll: No such file or directory

Executing: make -C /home/ubuntu/Github/validating-binary-decompilation/tests/compositional_artifacts_single_instruction_decompilation//movsbl__dl___edx binary
make[1]: Entering directory '/home/ubuntu/Github/validating-binary-decompilation/tests/compositional_artifacts_single_instruction_decompilation/movsbl__dl___edx'
clang -Os test.c -o test
make[1]: Leaving directory '/home/ubuntu/Github/validating-binary-decompilation/tests/compositional_artifacts_single_instruction_decompilation/movsbl__dl___edx'

Executing: make -C /home/ubuntu/Github/validating-binary-decompilation/tests/compositional_artifacts_single_instruction_decompilation//movsbl__dl___edx mcsema
make[1]: Entering directory '/home/ubuntu/Github/validating-binary-decompilation/tests/compositional_artifacts_single_instruction_decompilation/movsbl__dl___edx'
mcsema-disass --disassembler /home/ubuntu/ida-6.95/idal64 --os linux --arch amd64_avx --output test.cfg --binary test --entrypoint main
mcsema-lift-4.0 --os linux --arch amd64_avx --cfg test.cfg --output test.bc -disable_dead_store_elimination -disable_optimizer
Makefile:9: recipe for target 'mcsema' failed
make[1]: Leaving directory '/home/ubuntu/Github/validating-binary-decompilation/tests/compositional_artifacts_single_instruction_decompilation/movsbl__dl___edx'

Executing: make -C /home/ubuntu/Github/validating-binary-decompilation/tests/compositional_artifacts_single_instruction_decompilation//movsbl__dl___edx declutter
make[1]: Entering directory '/home/ubuntu/Github/validating-binary-decompilation/tests/compositional_artifacts_single_instruction_decompilation/movsbl__dl___edx'
make[1]: Leaving directory '/home/ubuntu/Github/validating-binary-decompilation/tests/compositional_artifacts_single_instruction_decompilation/movsbl__dl___edx'

Executing: cat /home/ubuntu/Github/validating-binary-decompilation/tests/compositional_artifacts_single_instruction_decompilation//movsbl__dl___edx/test.mod.ll
Running artifacts...Done.


Decompiling instr:movsbl %r8b, %ecx...
Instr: movsbl %r8b, %ecx
Workdir: /home/ubuntu/Github/validating-binary-decompilation/tests/compositional_artifacts_single_instruction_decompilation//movsbl__r8b___ecx
Generating artifacts...
Generating artifacts... Done.
Running artifacts...
test.c:1:1: warning: return type of 'main' is not 'int' [-Wmain-return-type]
void main() {
^
test.c:1:1: note: change return type to 'int'
void main() {
^~~~
int
1 warning generated.

Executing: make -C /home/ubuntu/Github/validating-binary-decompilation/tests/compositional_artifacts_single_instruction_decompilation//movsbl__r8b___ecx binary
make[1]: Entering directory '/home/ubuntu/Github/validating-binary-decompilation/tests/compositional_artifacts_single_instruction_decompilation/movsbl__r8b___ecx'
clang -Os test.c -o test
make[1]: Leaving directory '/home/ubuntu/Github/validating-binary-decompilation/tests/compositional_artifacts_single_instruction_decompilation/movsbl__r8b___ecx'

Executing: make -C /home/ubuntu/Github/validating-binary-decompilation/tests/compositional_artifacts_single_instruction_decompilation//movsbl__r8b___ecx mcsema
make[1]: Entering directory '/home/ubuntu/Github/validating-binary-decompilation/tests/compositional_artifacts_single_instruction_decompilation/movsbl__r8b___ecx'
mcsema-disass --disassembler /home/ubuntu/ida-6.95/idal64 --os linux --arch amd64_avx --output test.cfg --binary test --entrypoint main
mcsema-lift-4.0 --os linux --arch amd64_avx --cfg test.cfg --output test.bc -disable_dead_store_elimination -disable_optimizer
llvm-dis test.bc -o test.ll
make[1]: Leaving directory '/home/ubuntu/Github/validating-binary-decompilation/tests/compositional_artifacts_single_instruction_decompilation/movsbl__r8b___ecx'

Executing: make -C /home/ubuntu/Github/validating-binary-decompilation/tests/compositional_artifacts_single_instruction_decompilation//movsbl__r8b___ecx declutter
make[1]: Entering directory '/home/ubuntu/Github/validating-binary-decompilation/tests/compositional_artifacts_single_instruction_decompilation/movsbl__r8b___ecx'
/home/ubuntu/Github/validating-binary-decompilation/tests/scripts//declutter.pl --file test.ll --norenameintrinsics --opc movsbl__r8b___ecx
Expanding _ZN12_GLOBAL__N_1L5MOVSXI3RnWImE2RnIhEiEEP6MemoryS6_R5StateT_T0_...
Generatin test.mod.ll for opcode movsbl__r8b___ecx ...
make[1]: Leaving directory '/home/ubuntu/Github/validating-binary-decompilation/tests/compositional_artifacts_single_instruction_decompilation/movsbl__r8b___ecx'

Executing: cat /home/ubuntu/Github/validating-binary-decompilation/tests/compositional_artifacts_single_instruction_decompilation//movsbl__r8b___ecx/test.mod.ll
Running artifacts...Done.
Multiple defintions of @seg_4003a0__text
Multiple defintions of @seg_400548__eh_frame
FuncCache skipped: _ZN12_GLOBAL__N_1L5MOVSXI3RnWImE2RnIhEiEEP6MemoryS6_R5StateT_T0_
FuncCache inserted: routine_movsbl__r8b___ecx


Decompiling instr:movsbl -0x20(%rbp), %r8d...
Instr: movsbl -0x20(%rbp), %r8d
Workdir: /home/ubuntu/Github/validating-binary-decompilation/tests/compositional_artifacts_single_instruction_decompilation//movsbl_MINUS0x20__rbp____r8d
Generating artifacts...
Already Exists
Running artifacts...
test.c:1:1: warning: return type of 'main' is not 'int' [-Wmain-return-type]
void main() {
^
test.c:1:1: note: change return type to 'int'
void main() {
^~~~
int
1 warning generated.

Executing: make -C /home/ubuntu/Github/validating-binary-decompilation/tests/compositional_artifacts_single_instruction_decompilation//movsbl_MINUS0x20__rbp____r8d binary
make[1]: Entering directory '/home/ubuntu/Github/validating-binary-decompilation/tests/compositional_artifacts_single_instruction_decompilation/movsbl_MINUS0x20__rbp____r8d'
clang -Os test.c -o test
make[1]: Leaving directory '/home/ubuntu/Github/validating-binary-decompilation/tests/compositional_artifacts_single_instruction_decompilation/movsbl_MINUS0x20__rbp____r8d'

Executing: make -C /home/ubuntu/Github/validating-binary-decompilation/tests/compositional_artifacts_single_instruction_decompilation//movsbl_MINUS0x20__rbp____r8d mcsema
make[1]: Entering directory '/home/ubuntu/Github/validating-binary-decompilation/tests/compositional_artifacts_single_instruction_decompilation/movsbl_MINUS0x20__rbp____r8d'
mcsema-disass --disassembler /home/ubuntu/ida-6.95/idal64 --os linux --arch amd64_avx --output test.cfg --binary test --entrypoint main
mcsema-lift-4.0 --os linux --arch amd64_avx --cfg test.cfg --output test.bc -disable_dead_store_elimination -disable_optimizer
llvm-dis test.bc -o test.ll
make[1]: Leaving directory '/home/ubuntu/Github/validating-binary-decompilation/tests/compositional_artifacts_single_instruction_decompilation/movsbl_MINUS0x20__rbp____r8d'

Executing: make -C /home/ubuntu/Github/validating-binary-decompilation/tests/compositional_artifacts_single_instruction_decompilation//movsbl_MINUS0x20__rbp____r8d declutter
make[1]: Entering directory '/home/ubuntu/Github/validating-binary-decompilation/tests/compositional_artifacts_single_instruction_decompilation/movsbl_MINUS0x20__rbp____r8d'
/home/ubuntu/Github/validating-binary-decompilation/tests/scripts//declutter.pl --file test.ll --norenameintrinsics --opc movsbl_MINUS0x20__rbp____r8d
Expanding _ZN12_GLOBAL__N_1L5MOVSXI3RnWImE2MnIhEiEEP6MemoryS6_R5StateT_T0_...
Generatin test.mod.ll for opcode movsbl_MINUS0x20__rbp____r8d ...
make[1]: Leaving directory '/home/ubuntu/Github/validating-binary-decompilation/tests/compositional_artifacts_single_instruction_decompilation/movsbl_MINUS0x20__rbp____r8d'

Executing: cat /home/ubuntu/Github/validating-binary-decompilation/tests/compositional_artifacts_single_instruction_decompilation//movsbl_MINUS0x20__rbp____r8d/test.mod.ll
Running artifacts...Done.
Multiple defintions of @seg_4003a0__text
Multiple defintions of @seg_400548__eh_frame
FuncCache inserted: _ZN12_GLOBAL__N_1L5MOVSXI3RnWImE2MnIhEiEEP6MemoryS6_R5StateT_T0_
FuncCache inserted: routine_movsbl_MINUS0x20__rbp____r8d


Decompiling instr:callq ._ZN28custom_multiple_variable_andIaE8do_shiftEaaaaa...
Instr: callq ._ZN28custom_multiple_variable_andIaE8do_shiftEaaaaa
Workdir: /home/ubuntu/Github/validating-binary-decompilation/tests/compositional_artifacts_single_instruction_decompilation//callq_._ZN28custom_multiple_variable_andIaE8do_shiftEaaaaa
Generating artifacts...
Generating artifacts... Done.
Running artifacts...
test.c:1:1: warning: return type of 'main' is not 'int' [-Wmain-return-type]
void main() {
^
test.c:1:1: note: change return type to 'int'
void main() {
^~~~
int
1 warning generated.

Executing: make -C /home/ubuntu/Github/validating-binary-decompilation/tests/compositional_artifacts_single_instruction_decompilation//callq_._ZN28custom_multiple_variable_andIaE8do_shiftEaaaaa binary
make[1]: Entering directory '/home/ubuntu/Github/validating-binary-decompilation/tests/compositional_artifacts_single_instruction_decompilation/callq_._ZN28custom_multiple_variable_andIaE8do_shiftEaaaaa'
clang -Os test.c -o test
make[1]: Leaving directory '/home/ubuntu/Github/validating-binary-decompilation/tests/compositional_artifacts_single_instruction_decompilation/callq_._ZN28custom_multiple_variable_andIaE8do_shiftEaaaaa'

Executing: make -C /home/ubuntu/Github/validating-binary-decompilation/tests/compositional_artifacts_single_instruction_decompilation//callq_._ZN28custom_multiple_variable_andIaE8do_shiftEaaaaa mcsema
make[1]: Entering directory '/home/ubuntu/Github/validating-binary-decompilation/tests/compositional_artifacts_single_instruction_decompilation/callq_._ZN28custom_multiple_variable_andIaE8do_shiftEaaaaa'
mcsema-disass --disassembler /home/ubuntu/ida-6.95/idal64 --os linux --arch amd64_avx --output test.cfg --binary test --entrypoint main
mcsema-lift-4.0 --os linux --arch amd64_avx --cfg test.cfg --output test.bc -disable_dead_store_elimination -disable_optimizer
llvm-dis test.bc -o test.ll
make[1]: Leaving directory '/home/ubuntu/Github/validating-binary-decompilation/tests/compositional_artifacts_single_instruction_decompilation/callq_._ZN28custom_multiple_variable_andIaE8do_shiftEaaaaa'

Executing: make -C /home/ubuntu/Github/validating-binary-decompilation/tests/compositional_artifacts_single_instruction_decompilation//callq_._ZN28custom_multiple_variable_andIaE8do_shiftEaaaaa declutter
make[1]: Entering directory '/home/ubuntu/Github/validating-binary-decompilation/tests/compositional_artifacts_single_instruction_decompilation/callq_._ZN28custom_multiple_variable_andIaE8do_shiftEaaaaa'
/home/ubuntu/Github/validating-binary-decompilation/tests/scripts//declutter.pl --file test.ll --norenameintrinsics --opc callq_._ZN28custom_multiple_variable_andIaE8do_shiftEaaaaa
Expanding _ZN12_GLOBAL__N_1L4CALLI2InImEEEP6MemoryS4_R5StateT_S2_...
Generatin test.mod.ll for opcode callq_._ZN28custom_multiple_variable_andIaE8do_shiftEaaaaa ...
make[1]: Leaving directory '/home/ubuntu/Github/validating-binary-decompilation/tests/compositional_artifacts_single_instruction_decompilation/callq_._ZN28custom_multiple_variable_andIaE8do_shiftEaaaaa'

Executing: cat /home/ubuntu/Github/validating-binary-decompilation/tests/compositional_artifacts_single_instruction_decompilation//callq_._ZN28custom_multiple_variable_andIaE8do_shiftEaaaaa/test.mod.ll
Running artifacts...Done.
Multiple defintions of @seg_4003a0__text
Multiple defintions of @seg_400548__eh_frame
FuncCache skipped: _ZN12_GLOBAL__N_1L4CALLI2InImEEEP6MemoryS4_R5StateT_S2_
FuncCache inserted: routine_callq_._ZN28custom_multiple_variable_andIaE8do_shiftEaaaaa


Decompiling instr:movsbl %al, %ecx...
Instr: movsbl %al, %ecx
Workdir: /home/ubuntu/Github/validating-binary-decompilation/tests/compositional_artifacts_single_instruction_decompilation//movsbl__al___ecx
Generating artifacts...
Already Exists
Running artifacts...
Skip McSema run ...
Skip Declutter ...

Executing: cat /home/ubuntu/Github/validating-binary-decompilation/tests/compositional_artifacts_single_instruction_decompilation//movsbl__al___ecx/test.mod.ll
Running artifacts...Done.
Multiple defintions of @seg_4003a0__text
Multiple defintions of @seg_400548__eh_frame
FuncCache skipped: _ZN12_GLOBAL__N_1L5MOVSXI3RnWImE2RnIhEiEEP6MemoryS6_R5StateT_T0_
FuncCache inserted: routine_movsbl__al___ecx


Decompiling instr:movsbl -0x2d(%rbp), %edx...
Instr: movsbl -0x2d(%rbp), %edx
Workdir: /home/ubuntu/Github/validating-binary-decompilation/tests/compositional_artifacts_single_instruction_decompilation//movsbl_MINUS0x2d__rbp____edx
Generating artifacts...
Already Exists
Running artifacts...
test.c:1:1: warning: return type of 'main' is not 'int' [-Wmain-return-type]
void main() {
^
test.c:1:1: note: change return type to 'int'
void main() {
^~~~
int
1 warning generated.

Executing: make -C /home/ubuntu/Github/validating-binary-decompilation/tests/compositional_artifacts_single_instruction_decompilation//movsbl_MINUS0x2d__rbp____edx binary
make[1]: Entering directory '/home/ubuntu/Github/validating-binary-decompilation/tests/compositional_artifacts_single_instruction_decompilation/movsbl_MINUS0x2d__rbp____edx'
clang -Os test.c -o test
make[1]: Leaving directory '/home/ubuntu/Github/validating-binary-decompilation/tests/compositional_artifacts_single_instruction_decompilation/movsbl_MINUS0x2d__rbp____edx'

Executing: make -C /home/ubuntu/Github/validating-binary-decompilation/tests/compositional_artifacts_single_instruction_decompilation//movsbl_MINUS0x2d__rbp____edx mcsema
make[1]: Entering directory '/home/ubuntu/Github/validating-binary-decompilation/tests/compositional_artifacts_single_instruction_decompilation/movsbl_MINUS0x2d__rbp____edx'
mcsema-disass --disassembler /home/ubuntu/ida-6.95/idal64 --os linux --arch amd64_avx --output test.cfg --binary test --entrypoint main
mcsema-lift-4.0 --os linux --arch amd64_avx --cfg test.cfg --output test.bc -disable_dead_store_elimination -disable_optimizer
llvm-dis test.bc -o test.ll
make[1]: Leaving directory '/home/ubuntu/Github/validating-binary-decompilation/tests/compositional_artifacts_single_instruction_decompilation/movsbl_MINUS0x2d__rbp____edx'

Executing: make -C /home/ubuntu/Github/validating-binary-decompilation/tests/compositional_artifacts_single_instruction_decompilation//movsbl_MINUS0x2d__rbp____edx declutter
make[1]: Entering directory '/home/ubuntu/Github/validating-binary-decompilation/tests/compositional_artifacts_single_instruction_decompilation/movsbl_MINUS0x2d__rbp____edx'
/home/ubuntu/Github/validating-binary-decompilation/tests/scripts//declutter.pl --file test.ll --norenameintrinsics --opc movsbl_MINUS0x2d__rbp____edx
Expanding _ZN12_GLOBAL__N_1L5MOVSXI3RnWImE2MnIhEiEEP6MemoryS6_R5StateT_T0_...
Generatin test.mod.ll for opcode movsbl_MINUS0x2d__rbp____edx ...
make[1]: Leaving directory '/home/ubuntu/Github/validating-binary-decompilation/tests/compositional_artifacts_single_instruction_decompilation/movsbl_MINUS0x2d__rbp____edx'

Executing: cat /home/ubuntu/Github/validating-binary-decompilation/tests/compositional_artifacts_single_instruction_decompilation//movsbl_MINUS0x2d__rbp____edx/test.mod.ll
Running artifacts...Done.
Multiple defintions of @seg_4003a0__text
Multiple defintions of @seg_400548__eh_frame
FuncCache skipped: _ZN12_GLOBAL__N_1L5MOVSXI3RnWImE2MnIhEiEEP6MemoryS6_R5StateT_T0_
FuncCache inserted: routine_movsbl_MINUS0x2d__rbp____edx


Decompiling instr:addl %ecx, %edx...
Instr: addl %ecx, %edx
Workdir: /home/ubuntu/Github/validating-binary-decompilation/tests/compositional_artifacts_single_instruction_decompilation//addl__ecx___edx
Generating artifacts...
Already Exists
Running artifacts...
Skip McSema run ...

Executing: make -C /home/ubuntu/Github/validating-binary-decompilation/tests/compositional_artifacts_single_instruction_decompilation//addl__ecx___edx declutter
make[1]: Entering directory '/home/ubuntu/Github/validating-binary-decompilation/tests/compositional_artifacts_single_instruction_decompilation/addl__ecx___edx'
/home/ubuntu/Github/validating-binary-decompilation/tests/scripts//declutter.pl --file test.ll --norenameintrinsics --opc addl__ecx___edx
Expanding _ZN12_GLOBAL__N_1L3ADDI3RnWImE2RnIjES4_EEP6MemoryS6_R5StateT_T0_T1_...
Generatin test.mod.ll for opcode addl__ecx___edx ...
make[1]: Leaving directory '/home/ubuntu/Github/validating-binary-decompilation/tests/compositional_artifacts_single_instruction_decompilation/addl__ecx___edx'

Executing: cat /home/ubuntu/Github/validating-binary-decompilation/tests/compositional_artifacts_single_instruction_decompilation//addl__ecx___edx/test.mod.ll
Running artifacts...Done.
Multiple defintions of @seg_4003a0__text
Multiple defintions of @seg_400548__eh_frame
FuncCache inserted: _ZN12_GLOBAL__N_1L3ADDI3RnWImE2RnIjES4_EEP6MemoryS6_R5StateT_T0_T1_
FuncCache inserted: routine_addl__ecx___edx


Decompiling instr:movb %dl, %al...
Instr: movb %dl, %al
Workdir: /home/ubuntu/Github/validating-binary-decompilation/tests/compositional_artifacts_single_instruction_decompilation//movb__dl___al
Generating artifacts...
Already Exists
Running artifacts...
Skip McSema run ...
Skip Declutter ...

Executing: cat /home/ubuntu/Github/validating-binary-decompilation/tests/compositional_artifacts_single_instruction_decompilation//movb__dl___al/test.mod.ll
Running artifacts...Done.
Multiple defintions of @seg_4003a0__text
Multiple defintions of @seg_400548__eh_frame
FuncCache skipped: _ZN12_GLOBAL__N_1L3MOVI3RnWIhE2RnIhEEEP6MemoryS6_R5StateT_T0_
FuncCache inserted: routine_movb__dl___al


Decompiling instr:movb %al, -0x2d(%rbp)...
Instr: movb %al, -0x2d(%rbp)
Workdir: /home/ubuntu/Github/validating-binary-decompilation/tests/compositional_artifacts_single_instruction_decompilation//movb__al__MINUS0x2d__rbp_
Generating artifacts...
Already Exists
Running artifacts...
test.c:1:1: warning: return type of 'main' is not 'int' [-Wmain-return-type]
void main() {
^
test.c:1:1: note: change return type to 'int'
void main() {
^~~~
int
1 warning generated.

Executing: make -C /home/ubuntu/Github/validating-binary-decompilation/tests/compositional_artifacts_single_instruction_decompilation//movb__al__MINUS0x2d__rbp_ binary
make[1]: Entering directory '/home/ubuntu/Github/validating-binary-decompilation/tests/compositional_artifacts_single_instruction_decompilation/movb__al__MINUS0x2d__rbp_'
clang -Os test.c -o test
make[1]: Leaving directory '/home/ubuntu/Github/validating-binary-decompilation/tests/compositional_artifacts_single_instruction_decompilation/movb__al__MINUS0x2d__rbp_'

Executing: make -C /home/ubuntu/Github/validating-binary-decompilation/tests/compositional_artifacts_single_instruction_decompilation//movb__al__MINUS0x2d__rbp_ mcsema
make[1]: Entering directory '/home/ubuntu/Github/validating-binary-decompilation/tests/compositional_artifacts_single_instruction_decompilation/movb__al__MINUS0x2d__rbp_'
mcsema-disass --disassembler /home/ubuntu/ida-6.95/idal64 --os linux --arch amd64_avx --output test.cfg --binary test --entrypoint main
mcsema-lift-4.0 --os linux --arch amd64_avx --cfg test.cfg --output test.bc -disable_dead_store_elimination -disable_optimizer
llvm-dis test.bc -o test.ll
make[1]: Leaving directory '/home/ubuntu/Github/validating-binary-decompilation/tests/compositional_artifacts_single_instruction_decompilation/movb__al__MINUS0x2d__rbp_'

Executing: make -C /home/ubuntu/Github/validating-binary-decompilation/tests/compositional_artifacts_single_instruction_decompilation//movb__al__MINUS0x2d__rbp_ declutter
make[1]: Entering directory '/home/ubuntu/Github/validating-binary-decompilation/tests/compositional_artifacts_single_instruction_decompilation/movb__al__MINUS0x2d__rbp_'
/home/ubuntu/Github/validating-binary-decompilation/tests/scripts//declutter.pl --file test.ll --norenameintrinsics --opc movb__al__MINUS0x2d__rbp_
Expanding _ZN12_GLOBAL__N_1L3MOVI3MnWIhE2RnIhEEEP6MemoryS6_R5StateT_T0_...
Generatin test.mod.ll for opcode movb__al__MINUS0x2d__rbp_ ...
make[1]: Leaving directory '/home/ubuntu/Github/validating-binary-decompilation/tests/compositional_artifacts_single_instruction_decompilation/movb__al__MINUS0x2d__rbp_'

Executing: cat /home/ubuntu/Github/validating-binary-decompilation/tests/compositional_artifacts_single_instruction_decompilation//movb__al__MINUS0x2d__rbp_/test.mod.ll
Running artifacts...Done.
Multiple defintions of @seg_4003a0__text
Multiple defintions of @seg_400548__eh_frame
FuncCache skipped: _ZN12_GLOBAL__N_1L3MOVI3MnWIhE2RnIhEEEP6MemoryS6_R5StateT_T0_
FuncCache inserted: routine_movb__al__MINUS0x2d__rbp_


Decompiling instr:movl -0x34(%rbp), %eax...
Instr: movl -0x34(%rbp), %eax
Workdir: /home/ubuntu/Github/validating-binary-decompilation/tests/compositional_artifacts_single_instruction_decompilation//movl_MINUS0x34__rbp____eax
Generating artifacts...
Already Exists
Running artifacts...
Skip McSema run ...
Skip Declutter ...

Executing: cat /home/ubuntu/Github/validating-binary-decompilation/tests/compositional_artifacts_single_instruction_decompilation//movl_MINUS0x34__rbp____eax/test.mod.ll
Running artifacts...Done.
Multiple defintions of @seg_4003a0__text
Multiple defintions of @seg_400548__eh_frame
FuncCache skipped: _ZN12_GLOBAL__N_1L3MOVI3RnWImE2MnIjEEEP6MemoryS6_R5StateT_T0_
FuncCache skipped: routine_movl_MINUS0x34__rbp____eax


Decompiling instr:addl $0x1, %eax...
Instr: addl $0x1, %eax
Workdir: /home/ubuntu/Github/validating-binary-decompilation/tests/compositional_artifacts_single_instruction_decompilation//addl__0x1___eax
Generating artifacts...
Already Exists
Running artifacts...
Skip McSema run ...
Skip Declutter ...

Executing: cat /home/ubuntu/Github/validating-binary-decompilation/tests/compositional_artifacts_single_instruction_decompilation//addl__0x1___eax/test.mod.ll
Running artifacts...Done.
Multiple defintions of @seg_4003a0__text
Multiple defintions of @seg_400548__eh_frame
FuncCache inserted: _ZN12_GLOBAL__N_1L3ADDI3RnWImE2RnIjE2InIjEEEP6MemoryS8_R5StateT_T0_T1_
FuncCache inserted: routine_addl__0x1___eax


Decompiling instr:movl %eax, -0x34(%rbp)...
Instr: movl %eax, -0x34(%rbp)
Workdir: /home/ubuntu/Github/validating-binary-decompilation/tests/compositional_artifacts_single_instruction_decompilation//movl__eax__MINUS0x34__rbp_
Generating artifacts...
Already Exists
Running artifacts...
Skip McSema run ...
Skip Declutter ...

Executing: cat /home/ubuntu/Github/validating-binary-decompilation/tests/compositional_artifacts_single_instruction_decompilation//movl__eax__MINUS0x34__rbp_/test.mod.ll
Running artifacts...Done.
Multiple defintions of @seg_4003a0__text
Multiple defintions of @seg_400548__eh_frame
FuncCache skipped: _ZN12_GLOBAL__N_1L3MOVI3MnWIjE2RnIjEEEP6MemoryS6_R5StateT_T0_
FuncCache inserted: routine_movl__eax__MINUS0x34__rbp_


Decompiling instr:jmpq .L_403bfa...
Instr: jmpq .L_403bfa
Workdir: /home/ubuntu/Github/validating-binary-decompilation/tests/compositional_artifacts_single_instruction_decompilation//jmpq_.L_403bfa
Generating artifacts...
Generating artifacts... Done.
Running artifacts...
test.c:1:1: warning: return type of 'main' is not 'int' [-Wmain-return-type]
void main() {
^
test.c:1:1: note: change return type to 'int'
void main() {
^~~~
int
1 warning generated.

Executing: make -C /home/ubuntu/Github/validating-binary-decompilation/tests/compositional_artifacts_single_instruction_decompilation//jmpq_.L_403bfa binary
make[1]: Entering directory '/home/ubuntu/Github/validating-binary-decompilation/tests/compositional_artifacts_single_instruction_decompilation/jmpq_.L_403bfa'
clang -Os test.c -o test
make[1]: Leaving directory '/home/ubuntu/Github/validating-binary-decompilation/tests/compositional_artifacts_single_instruction_decompilation/jmpq_.L_403bfa'

Executing: make -C /home/ubuntu/Github/validating-binary-decompilation/tests/compositional_artifacts_single_instruction_decompilation//jmpq_.L_403bfa mcsema
make[1]: Entering directory '/home/ubuntu/Github/validating-binary-decompilation/tests/compositional_artifacts_single_instruction_decompilation/jmpq_.L_403bfa'
mcsema-disass --disassembler /home/ubuntu/ida-6.95/idal64 --os linux --arch amd64_avx --output test.cfg --binary test --entrypoint main
mcsema-lift-4.0 --os linux --arch amd64_avx --cfg test.cfg --output test.bc -disable_dead_store_elimination -disable_optimizer
llvm-dis test.bc -o test.ll
make[1]: Leaving directory '/home/ubuntu/Github/validating-binary-decompilation/tests/compositional_artifacts_single_instruction_decompilation/jmpq_.L_403bfa'

Executing: make -C /home/ubuntu/Github/validating-binary-decompilation/tests/compositional_artifacts_single_instruction_decompilation//jmpq_.L_403bfa declutter
make[1]: Entering directory '/home/ubuntu/Github/validating-binary-decompilation/tests/compositional_artifacts_single_instruction_decompilation/jmpq_.L_403bfa'
/home/ubuntu/Github/validating-binary-decompilation/tests/scripts//declutter.pl --file test.ll --norenameintrinsics --opc jmpq_.L_403bfa
Expanding _ZN12_GLOBAL__N_1L3JMPI2InImEEEP6MemoryS4_R5StateT_...
Generatin test.mod.ll for opcode jmpq_.L_403bfa ...
make[1]: Leaving directory '/home/ubuntu/Github/validating-binary-decompilation/tests/compositional_artifacts_single_instruction_decompilation/jmpq_.L_403bfa'

Executing: cat /home/ubuntu/Github/validating-binary-decompilation/tests/compositional_artifacts_single_instruction_decompilation//jmpq_.L_403bfa/test.mod.ll
Running artifacts...Done.
Multiple defintions of @seg_4003a0__text
Multiple defintions of @seg_400548__eh_frame
FuncCache inserted: _ZN12_GLOBAL__N_1L3JMPI2InImEEEP6MemoryS4_R5StateT_
FuncCache inserted: routine_jmpq_.L_403bfa


Decompiling instr:.L_403c5c:...


Decompiling instr:movb -0x2d(%rbp), %al...
Instr: movb -0x2d(%rbp), %al
Workdir: /home/ubuntu/Github/validating-binary-decompilation/tests/compositional_artifacts_single_instruction_decompilation//movb_MINUS0x2d__rbp____al
Generating artifacts...
Already Exists
Running artifacts...
test.c:1:1: warning: return type of 'main' is not 'int' [-Wmain-return-type]
void main() {
^
test.c:1:1: note: change return type to 'int'
void main() {
^~~~
int
1 warning generated.
Could not generate a CFG. Try using the --log_file option to see an error log.
Traceback (most recent call last):
  File "/usr/local/bin/mcsema-disass", line 11, in <module>
    load_entry_point('mcsema-disass==2.0', 'console_scripts', 'mcsema-disass')()
  File "/usr/local/lib/python2.7/dist-packages/mcsema_disass-2.0-py2.7.egg/mcsema_disass/__main__.py", line 162, in main
    if 0 == os.path.getsize(args.output):
  File "/usr/lib/python2.7/genericpath.py", line 57, in getsize
    return os.stat(filename).st_size
OSError: [Errno 2] No such file or directory: '/home/ubuntu/Github/validating-binary-decompilation/tests/compositional_artifacts_single_instruction_decompilation/movb_MINUS0x2d__rbp____al/test.cfg'
make[1]: *** [mcsema] Error 1

Executing: make -C /home/ubuntu/Github/validating-binary-decompilation/tests/compositional_artifacts_single_instruction_decompilation//movb_MINUS0x2d__rbp____al binary
make[1]: Entering directory '/home/ubuntu/Github/validating-binary-decompilation/tests/compositional_artifacts_single_instruction_decompilation/movb_MINUS0x2d__rbp____al'
clang -Os test.c -o test
make[1]: Leaving directory '/home/ubuntu/Github/validating-binary-decompilation/tests/compositional_artifacts_single_instruction_decompilation/movb_MINUS0x2d__rbp____al'

Executing: make -C /home/ubuntu/Github/validating-binary-decompilation/tests/compositional_artifacts_single_instruction_decompilation//movb_MINUS0x2d__rbp____al mcsema
make[1]: Entering directory '/home/ubuntu/Github/validating-binary-decompilation/tests/compositional_artifacts_single_instruction_decompilation/movb_MINUS0x2d__rbp____al'
mcsema-disass --disassembler /home/ubuntu/ida-6.95/idal64 --os linux --arch amd64_avx --output test.cfg --binary test --entrypoint main
Makefile:9: recipe for target 'mcsema' failed
make[1]: Leaving directory '/home/ubuntu/Github/validating-binary-decompilation/tests/compositional_artifacts_single_instruction_decompilation/movb_MINUS0x2d__rbp____al'

Executing: make -C /home/ubuntu/Github/validating-binary-decompilation/tests/compositional_artifacts_single_instruction_decompilation//movb_MINUS0x2d__rbp____al declutter
make[1]: Entering directory '/home/ubuntu/Github/validating-binary-decompilation/tests/compositional_artifacts_single_instruction_decompilation/movb_MINUS0x2d__rbp____al'
/home/ubuntu/Github/validating-binary-decompilation/tests/scripts//declutter.pl --file test.ll --norenameintrinsics --opc movb_MINUS0x2d__rbp____al
Expanding _ZN12_GLOBAL__N_1L3MOVI3RnWIhE2MnIhEEEP6MemoryS6_R5StateT_T0_...
Generatin test.mod.ll for opcode movb_MINUS0x2d__rbp____al ...
make[1]: Leaving directory '/home/ubuntu/Github/validating-binary-decompilation/tests/compositional_artifacts_single_instruction_decompilation/movb_MINUS0x2d__rbp____al'

Executing: cat /home/ubuntu/Github/validating-binary-decompilation/tests/compositional_artifacts_single_instruction_decompilation//movb_MINUS0x2d__rbp____al/test.mod.ll
Running artifacts...Done.
Multiple defintions of @seg_4003a0__text
Multiple defintions of @seg_400548__eh_frame
FuncCache skipped: _ZN12_GLOBAL__N_1L3MOVI3RnWIhE2MnIhEEEP6MemoryS6_R5StateT_T0_
FuncCache inserted: routine_movb_MINUS0x2d__rbp____al


Decompiling instr:movb -0x1d(%rbp), %cl...
Instr: movb -0x1d(%rbp), %cl
Workdir: /home/ubuntu/Github/validating-binary-decompilation/tests/compositional_artifacts_single_instruction_decompilation//movb_MINUS0x1d__rbp____cl
Generating artifacts...
Already Exists
Running artifacts...
test.c:1:1: warning: return type of 'main' is not 'int' [-Wmain-return-type]
void main() {
^
test.c:1:1: note: change return type to 'int'
void main() {
^~~~
int
1 warning generated.

Executing: make -C /home/ubuntu/Github/validating-binary-decompilation/tests/compositional_artifacts_single_instruction_decompilation//movb_MINUS0x1d__rbp____cl binary
make[1]: Entering directory '/home/ubuntu/Github/validating-binary-decompilation/tests/compositional_artifacts_single_instruction_decompilation/movb_MINUS0x1d__rbp____cl'
clang -Os test.c -o test
make[1]: Leaving directory '/home/ubuntu/Github/validating-binary-decompilation/tests/compositional_artifacts_single_instruction_decompilation/movb_MINUS0x1d__rbp____cl'

Executing: make -C /home/ubuntu/Github/validating-binary-decompilation/tests/compositional_artifacts_single_instruction_decompilation//movb_MINUS0x1d__rbp____cl mcsema
make[1]: Entering directory '/home/ubuntu/Github/validating-binary-decompilation/tests/compositional_artifacts_single_instruction_decompilation/movb_MINUS0x1d__rbp____cl'
mcsema-disass --disassembler /home/ubuntu/ida-6.95/idal64 --os linux --arch amd64_avx --output test.cfg --binary test --entrypoint main
mcsema-lift-4.0 --os linux --arch amd64_avx --cfg test.cfg --output test.bc -disable_dead_store_elimination -disable_optimizer
llvm-dis test.bc -o test.ll
make[1]: Leaving directory '/home/ubuntu/Github/validating-binary-decompilation/tests/compositional_artifacts_single_instruction_decompilation/movb_MINUS0x1d__rbp____cl'

Executing: make -C /home/ubuntu/Github/validating-binary-decompilation/tests/compositional_artifacts_single_instruction_decompilation//movb_MINUS0x1d__rbp____cl declutter
make[1]: Entering directory '/home/ubuntu/Github/validating-binary-decompilation/tests/compositional_artifacts_single_instruction_decompilation/movb_MINUS0x1d__rbp____cl'
/home/ubuntu/Github/validating-binary-decompilation/tests/scripts//declutter.pl --file test.ll --norenameintrinsics --opc movb_MINUS0x1d__rbp____cl
Expanding _ZN12_GLOBAL__N_1L3MOVI3RnWIhE2MnIhEEEP6MemoryS6_R5StateT_T0_...
Generatin test.mod.ll for opcode movb_MINUS0x1d__rbp____cl ...
make[1]: Leaving directory '/home/ubuntu/Github/validating-binary-decompilation/tests/compositional_artifacts_single_instruction_decompilation/movb_MINUS0x1d__rbp____cl'

Executing: cat /home/ubuntu/Github/validating-binary-decompilation/tests/compositional_artifacts_single_instruction_decompilation//movb_MINUS0x1d__rbp____cl/test.mod.ll
Running artifacts...Done.
Multiple defintions of @seg_4003a0__text
Multiple defintions of @seg_400548__eh_frame
FuncCache skipped: _ZN12_GLOBAL__N_1L3MOVI3RnWIhE2MnIhEEEP6MemoryS6_R5StateT_T0_
FuncCache inserted: routine_movb_MINUS0x1d__rbp____cl


Decompiling instr:movb -0x1e(%rbp), %dl...
Instr: movb -0x1e(%rbp), %dl
Workdir: /home/ubuntu/Github/validating-binary-decompilation/tests/compositional_artifacts_single_instruction_decompilation//movb_MINUS0x1e__rbp____dl
Generating artifacts...
Already Exists
Running artifacts...
test.c:1:1: warning: return type of 'main' is not 'int' [-Wmain-return-type]
void main() {
^
test.c:1:1: note: change return type to 'int'
void main() {
^~~~
int
1 warning generated.
Could not generate a CFG. Try using the --log_file option to see an error log.
Traceback (most recent call last):
  File "/usr/local/bin/mcsema-disass", line 11, in <module>
    load_entry_point('mcsema-disass==2.0', 'console_scripts', 'mcsema-disass')()
  File "/usr/local/lib/python2.7/dist-packages/mcsema_disass-2.0-py2.7.egg/mcsema_disass/__main__.py", line 162, in main
    if 0 == os.path.getsize(args.output):
  File "/usr/lib/python2.7/genericpath.py", line 57, in getsize
    return os.stat(filename).st_size
OSError: [Errno 2] No such file or directory: '/home/ubuntu/Github/validating-binary-decompilation/tests/compositional_artifacts_single_instruction_decompilation/movb_MINUS0x1e__rbp____dl/test.cfg'
make[1]: *** [mcsema] Error 1
make[1]: *** No rule to make target 'test.ll', needed by 'declutter'.  Stop.
cat: /home/ubuntu/Github/validating-binary-decompilation/tests/compositional_artifacts_single_instruction_decompilation//movb_MINUS0x1e__rbp____dl/test.mod.ll: No such file or directory

Executing: make -C /home/ubuntu/Github/validating-binary-decompilation/tests/compositional_artifacts_single_instruction_decompilation//movb_MINUS0x1e__rbp____dl binary
make[1]: Entering directory '/home/ubuntu/Github/validating-binary-decompilation/tests/compositional_artifacts_single_instruction_decompilation/movb_MINUS0x1e__rbp____dl'
clang -Os test.c -o test
make[1]: Leaving directory '/home/ubuntu/Github/validating-binary-decompilation/tests/compositional_artifacts_single_instruction_decompilation/movb_MINUS0x1e__rbp____dl'

Executing: make -C /home/ubuntu/Github/validating-binary-decompilation/tests/compositional_artifacts_single_instruction_decompilation//movb_MINUS0x1e__rbp____dl mcsema
make[1]: Entering directory '/home/ubuntu/Github/validating-binary-decompilation/tests/compositional_artifacts_single_instruction_decompilation/movb_MINUS0x1e__rbp____dl'
mcsema-disass --disassembler /home/ubuntu/ida-6.95/idal64 --os linux --arch amd64_avx --output test.cfg --binary test --entrypoint main
Makefile:9: recipe for target 'mcsema' failed
make[1]: Leaving directory '/home/ubuntu/Github/validating-binary-decompilation/tests/compositional_artifacts_single_instruction_decompilation/movb_MINUS0x1e__rbp____dl'

Executing: make -C /home/ubuntu/Github/validating-binary-decompilation/tests/compositional_artifacts_single_instruction_decompilation//movb_MINUS0x1e__rbp____dl declutter
make[1]: Entering directory '/home/ubuntu/Github/validating-binary-decompilation/tests/compositional_artifacts_single_instruction_decompilation/movb_MINUS0x1e__rbp____dl'
make[1]: Leaving directory '/home/ubuntu/Github/validating-binary-decompilation/tests/compositional_artifacts_single_instruction_decompilation/movb_MINUS0x1e__rbp____dl'

Executing: cat /home/ubuntu/Github/validating-binary-decompilation/tests/compositional_artifacts_single_instruction_decompilation//movb_MINUS0x1e__rbp____dl/test.mod.ll
Running artifacts...Done.


Decompiling instr:movb -0x1f(%rbp), %sil...
Instr: movb -0x1f(%rbp), %sil
Workdir: /home/ubuntu/Github/validating-binary-decompilation/tests/compositional_artifacts_single_instruction_decompilation//movb_MINUS0x1f__rbp____sil
Generating artifacts...
Already Exists
Running artifacts...
test.c:1:1: warning: return type of 'main' is not 'int' [-Wmain-return-type]
void main() {
^
test.c:1:1: note: change return type to 'int'
void main() {
^~~~
int
1 warning generated.

Executing: make -C /home/ubuntu/Github/validating-binary-decompilation/tests/compositional_artifacts_single_instruction_decompilation//movb_MINUS0x1f__rbp____sil binary
make[1]: Entering directory '/home/ubuntu/Github/validating-binary-decompilation/tests/compositional_artifacts_single_instruction_decompilation/movb_MINUS0x1f__rbp____sil'
clang -Os test.c -o test
make[1]: Leaving directory '/home/ubuntu/Github/validating-binary-decompilation/tests/compositional_artifacts_single_instruction_decompilation/movb_MINUS0x1f__rbp____sil'

Executing: make -C /home/ubuntu/Github/validating-binary-decompilation/tests/compositional_artifacts_single_instruction_decompilation//movb_MINUS0x1f__rbp____sil mcsema
make[1]: Entering directory '/home/ubuntu/Github/validating-binary-decompilation/tests/compositional_artifacts_single_instruction_decompilation/movb_MINUS0x1f__rbp____sil'
mcsema-disass --disassembler /home/ubuntu/ida-6.95/idal64 --os linux --arch amd64_avx --output test.cfg --binary test --entrypoint main
mcsema-lift-4.0 --os linux --arch amd64_avx --cfg test.cfg --output test.bc -disable_dead_store_elimination -disable_optimizer
llvm-dis test.bc -o test.ll
make[1]: Leaving directory '/home/ubuntu/Github/validating-binary-decompilation/tests/compositional_artifacts_single_instruction_decompilation/movb_MINUS0x1f__rbp____sil'

Executing: make -C /home/ubuntu/Github/validating-binary-decompilation/tests/compositional_artifacts_single_instruction_decompilation//movb_MINUS0x1f__rbp____sil declutter
make[1]: Entering directory '/home/ubuntu/Github/validating-binary-decompilation/tests/compositional_artifacts_single_instruction_decompilation/movb_MINUS0x1f__rbp____sil'
/home/ubuntu/Github/validating-binary-decompilation/tests/scripts//declutter.pl --file test.ll --norenameintrinsics --opc movb_MINUS0x1f__rbp____sil
Expanding _ZN12_GLOBAL__N_1L3MOVI3RnWIhE2MnIhEEEP6MemoryS6_R5StateT_T0_...
Generatin test.mod.ll for opcode movb_MINUS0x1f__rbp____sil ...
make[1]: Leaving directory '/home/ubuntu/Github/validating-binary-decompilation/tests/compositional_artifacts_single_instruction_decompilation/movb_MINUS0x1f__rbp____sil'

Executing: cat /home/ubuntu/Github/validating-binary-decompilation/tests/compositional_artifacts_single_instruction_decompilation//movb_MINUS0x1f__rbp____sil/test.mod.ll
Running artifacts...Done.
Multiple defintions of @seg_4003a0__text
Multiple defintions of @seg_400548__eh_frame
FuncCache skipped: _ZN12_GLOBAL__N_1L3MOVI3RnWIhE2MnIhEEEP6MemoryS6_R5StateT_T0_
FuncCache inserted: routine_movb_MINUS0x1f__rbp____sil


Decompiling instr:movsbl %al, %edi...
Instr: movsbl %al, %edi
Workdir: /home/ubuntu/Github/validating-binary-decompilation/tests/compositional_artifacts_single_instruction_decompilation//movsbl__al___edi
Generating artifacts...
Already Exists
Running artifacts...
Skip McSema run ...
Skip Declutter ...

Executing: cat /home/ubuntu/Github/validating-binary-decompilation/tests/compositional_artifacts_single_instruction_decompilation//movsbl__al___edi/test.mod.ll
Running artifacts...Done.
Multiple defintions of @seg_4003a0__text
Multiple defintions of @seg_400548__eh_frame
FuncCache skipped: _ZN12_GLOBAL__N_1L5MOVSXI3RnWImE2RnIhEiEEP6MemoryS6_R5StateT_T0_
FuncCache inserted: routine_movsbl__al___edi


Decompiling instr:movsbl %cl, %r8d...
Instr: movsbl %cl, %r8d
Workdir: /home/ubuntu/Github/validating-binary-decompilation/tests/compositional_artifacts_single_instruction_decompilation//movsbl__cl___r8d
Generating artifacts...
Already Exists
Running artifacts...
test.c:1:1: warning: return type of 'main' is not 'int' [-Wmain-return-type]
void main() {
^
test.c:1:1: note: change return type to 'int'
void main() {
^~~~
int
1 warning generated.

Executing: make -C /home/ubuntu/Github/validating-binary-decompilation/tests/compositional_artifacts_single_instruction_decompilation//movsbl__cl___r8d binary
make[1]: Entering directory '/home/ubuntu/Github/validating-binary-decompilation/tests/compositional_artifacts_single_instruction_decompilation/movsbl__cl___r8d'
clang -Os test.c -o test
make[1]: Leaving directory '/home/ubuntu/Github/validating-binary-decompilation/tests/compositional_artifacts_single_instruction_decompilation/movsbl__cl___r8d'

Executing: make -C /home/ubuntu/Github/validating-binary-decompilation/tests/compositional_artifacts_single_instruction_decompilation//movsbl__cl___r8d mcsema
make[1]: Entering directory '/home/ubuntu/Github/validating-binary-decompilation/tests/compositional_artifacts_single_instruction_decompilation/movsbl__cl___r8d'
mcsema-disass --disassembler /home/ubuntu/ida-6.95/idal64 --os linux --arch amd64_avx --output test.cfg --binary test --entrypoint main
mcsema-lift-4.0 --os linux --arch amd64_avx --cfg test.cfg --output test.bc -disable_dead_store_elimination -disable_optimizer
llvm-dis test.bc -o test.ll
make[1]: Leaving directory '/home/ubuntu/Github/validating-binary-decompilation/tests/compositional_artifacts_single_instruction_decompilation/movsbl__cl___r8d'

Executing: make -C /home/ubuntu/Github/validating-binary-decompilation/tests/compositional_artifacts_single_instruction_decompilation//movsbl__cl___r8d declutter
make[1]: Entering directory '/home/ubuntu/Github/validating-binary-decompilation/tests/compositional_artifacts_single_instruction_decompilation/movsbl__cl___r8d'
/home/ubuntu/Github/validating-binary-decompilation/tests/scripts//declutter.pl --file test.ll --norenameintrinsics --opc movsbl__cl___r8d
Expanding _ZN12_GLOBAL__N_1L5MOVSXI3RnWImE2RnIhEiEEP6MemoryS6_R5StateT_T0_...
Generatin test.mod.ll for opcode movsbl__cl___r8d ...
make[1]: Leaving directory '/home/ubuntu/Github/validating-binary-decompilation/tests/compositional_artifacts_single_instruction_decompilation/movsbl__cl___r8d'

Executing: cat /home/ubuntu/Github/validating-binary-decompilation/tests/compositional_artifacts_single_instruction_decompilation//movsbl__cl___r8d/test.mod.ll
Running artifacts...Done.
Multiple defintions of @seg_4003a0__text
Multiple defintions of @seg_400548__eh_frame
FuncCache skipped: _ZN12_GLOBAL__N_1L5MOVSXI3RnWImE2RnIhEiEEP6MemoryS6_R5StateT_T0_
FuncCache inserted: routine_movsbl__cl___r8d


Decompiling instr:movb %sil, -0x36(%rbp)...
Instr: movb %sil, -0x36(%rbp)
Workdir: /home/ubuntu/Github/validating-binary-decompilation/tests/compositional_artifacts_single_instruction_decompilation//movb__sil__MINUS0x36__rbp_
Generating artifacts...
Already Exists
Running artifacts...
Skip McSema run ...

Executing: make -C /home/ubuntu/Github/validating-binary-decompilation/tests/compositional_artifacts_single_instruction_decompilation//movb__sil__MINUS0x36__rbp_ declutter
make[1]: Entering directory '/home/ubuntu/Github/validating-binary-decompilation/tests/compositional_artifacts_single_instruction_decompilation/movb__sil__MINUS0x36__rbp_'
/home/ubuntu/Github/validating-binary-decompilation/tests/scripts//declutter.pl --file test.ll --norenameintrinsics --opc movb__sil__MINUS0x36__rbp_
Generatin test.mod.ll for opcode movb__sil__MINUS0x36__rbp_ ...
make[1]: Leaving directory '/home/ubuntu/Github/validating-binary-decompilation/tests/compositional_artifacts_single_instruction_decompilation/movb__sil__MINUS0x36__rbp_'

Executing: cat /home/ubuntu/Github/validating-binary-decompilation/tests/compositional_artifacts_single_instruction_decompilation//movb__sil__MINUS0x36__rbp_/test.mod.ll
Running artifacts...Done.
Multiple defintions of @seg_4003a0__text
Multiple defintions of @seg_400548__eh_frame


Decompiling instr:movl %r8d, %esi...
Instr: movl %r8d, %esi
Workdir: /home/ubuntu/Github/validating-binary-decompilation/tests/compositional_artifacts_single_instruction_decompilation//movl__r8d___esi
Generating artifacts...
Already Exists
Running artifacts...
Skip McSema run ...
Skip Declutter ...

Executing: cat /home/ubuntu/Github/validating-binary-decompilation/tests/compositional_artifacts_single_instruction_decompilation//movl__r8d___esi/test.mod.ll
Running artifacts...Done.
Multiple defintions of @seg_4003a0__text
Multiple defintions of @seg_400548__eh_frame
FuncCache skipped: _ZN12_GLOBAL__N_1L3MOVI3RnWImE2RnIjEEEP6MemoryS6_R5StateT_T0_
FuncCache inserted: routine_movl__r8d___esi


Decompiling instr:movsbl %dl, %edx...
Instr: movsbl %dl, %edx
Workdir: /home/ubuntu/Github/validating-binary-decompilation/tests/compositional_artifacts_single_instruction_decompilation//movsbl__dl___edx
Generating artifacts...
Already Exists
Running artifacts...
Skip McSema run ...
Skip Declutter ...

Executing: cat /home/ubuntu/Github/validating-binary-decompilation/tests/compositional_artifacts_single_instruction_decompilation//movsbl__dl___edx/test.mod.ll
Running artifacts...Done.
Multiple defintions of @seg_4003a0__text
Multiple defintions of @seg_400548__eh_frame
FuncCache skipped: _ZN12_GLOBAL__N_1L5MOVSXI3RnWImE2RnIhEiEEP6MemoryS6_R5StateT_T0_
FuncCache inserted: routine_movsbl__dl___edx


Decompiling instr:movb -0x36(%rbp), %al...
Instr: movb -0x36(%rbp), %al
Workdir: /home/ubuntu/Github/validating-binary-decompilation/tests/compositional_artifacts_single_instruction_decompilation//movb_MINUS0x36__rbp____al
Generating artifacts...
Generating artifacts... Done.
Running artifacts...
test.c:1:1: warning: return type of 'main' is not 'int' [-Wmain-return-type]
void main() {
^
test.c:1:1: note: change return type to 'int'
void main() {
^~~~
int
1 warning generated.
[libprotobuf ERROR /root/cxx-common/sources/protobuf-2.6.1/src/google/protobuf/message_lite.cc:123] Can't parse message of type "mcsema.Module" because it is missing required fields: name
F1016 10:34:20.078644 42678 CFG.cpp:446] Check failed: cfg.ParseFromCodedStream(&cstream) Unable to read module from CFG file test.cfg
*** Check failure stack trace: ***
    @           0x9902cd  google::LogMessage::Fail()
    @           0x99275a  google::LogMessage::SendToLog()
    @           0x98fcdd  google::LogMessage::Flush()
    @           0x9936e9  google::LogMessageFatal::~LogMessageFatal()
    @           0x5beb56  mcsema::ReadProtoBuf()
make[1]: *** [mcsema] Aborted (core dumped)
make[1]: *** No rule to make target 'test.ll', needed by 'declutter'.  Stop.
cat: /home/ubuntu/Github/validating-binary-decompilation/tests/compositional_artifacts_single_instruction_decompilation//movb_MINUS0x36__rbp____al/test.mod.ll: No such file or directory

Executing: make -C /home/ubuntu/Github/validating-binary-decompilation/tests/compositional_artifacts_single_instruction_decompilation//movb_MINUS0x36__rbp____al binary
make[1]: Entering directory '/home/ubuntu/Github/validating-binary-decompilation/tests/compositional_artifacts_single_instruction_decompilation/movb_MINUS0x36__rbp____al'
clang -Os test.c -o test
make[1]: Leaving directory '/home/ubuntu/Github/validating-binary-decompilation/tests/compositional_artifacts_single_instruction_decompilation/movb_MINUS0x36__rbp____al'

Executing: make -C /home/ubuntu/Github/validating-binary-decompilation/tests/compositional_artifacts_single_instruction_decompilation//movb_MINUS0x36__rbp____al mcsema
make[1]: Entering directory '/home/ubuntu/Github/validating-binary-decompilation/tests/compositional_artifacts_single_instruction_decompilation/movb_MINUS0x36__rbp____al'
mcsema-disass --disassembler /home/ubuntu/ida-6.95/idal64 --os linux --arch amd64_avx --output test.cfg --binary test --entrypoint main
mcsema-lift-4.0 --os linux --arch amd64_avx --cfg test.cfg --output test.bc -disable_dead_store_elimination -disable_optimizer
Makefile:9: recipe for target 'mcsema' failed
make[1]: Leaving directory '/home/ubuntu/Github/validating-binary-decompilation/tests/compositional_artifacts_single_instruction_decompilation/movb_MINUS0x36__rbp____al'

Executing: make -C /home/ubuntu/Github/validating-binary-decompilation/tests/compositional_artifacts_single_instruction_decompilation//movb_MINUS0x36__rbp____al declutter
make[1]: Entering directory '/home/ubuntu/Github/validating-binary-decompilation/tests/compositional_artifacts_single_instruction_decompilation/movb_MINUS0x36__rbp____al'
make[1]: Leaving directory '/home/ubuntu/Github/validating-binary-decompilation/tests/compositional_artifacts_single_instruction_decompilation/movb_MINUS0x36__rbp____al'

Executing: cat /home/ubuntu/Github/validating-binary-decompilation/tests/compositional_artifacts_single_instruction_decompilation//movb_MINUS0x36__rbp____al/test.mod.ll
Running artifacts...Done.


Decompiling instr:movsbl %al, %ecx...
Instr: movsbl %al, %ecx
Workdir: /home/ubuntu/Github/validating-binary-decompilation/tests/compositional_artifacts_single_instruction_decompilation//movsbl__al___ecx
Generating artifacts...
Already Exists
Running artifacts...
Skip McSema run ...
Skip Declutter ...

Executing: cat /home/ubuntu/Github/validating-binary-decompilation/tests/compositional_artifacts_single_instruction_decompilation//movsbl__al___ecx/test.mod.ll
Running artifacts...Done.
Multiple defintions of @seg_4003a0__text
Multiple defintions of @seg_400548__eh_frame
FuncCache skipped: _ZN12_GLOBAL__N_1L5MOVSXI3RnWImE2RnIhEiEEP6MemoryS6_R5StateT_T0_
FuncCache skipped: routine_movsbl__al___ecx


Decompiling instr:movsbl -0x20(%rbp), %r8d...
Instr: movsbl -0x20(%rbp), %r8d
Workdir: /home/ubuntu/Github/validating-binary-decompilation/tests/compositional_artifacts_single_instruction_decompilation//movsbl_MINUS0x20__rbp____r8d
Generating artifacts...
Already Exists
Running artifacts...
Skip McSema run ...
Skip Declutter ...

Executing: cat /home/ubuntu/Github/validating-binary-decompilation/tests/compositional_artifacts_single_instruction_decompilation//movsbl_MINUS0x20__rbp____r8d/test.mod.ll
Running artifacts...Done.
Multiple defintions of @seg_4003a0__text
Multiple defintions of @seg_400548__eh_frame
FuncCache skipped: _ZN12_GLOBAL__N_1L5MOVSXI3RnWImE2MnIhEiEEP6MemoryS6_R5StateT_T0_
FuncCache skipped: routine_movsbl_MINUS0x20__rbp____r8d


Decompiling instr:callq ._Z26check_shifted_variable_sumIa28custom_multiple_variable_andIaEEvT_S2_S2_S2_S2_...
Instr: callq ._Z26check_shifted_variable_sumIa28custom_multiple_variable_andIaEEvT_S2_S2_S2_S2_
Workdir: /home/ubuntu/Github/validating-binary-decompilation/tests/compositional_artifacts_single_instruction_decompilation//callq_._Z26check_shifted_variable_sumIa28custom_multiple_variable_andIaEEvT_S2_S2_S2_S2_
Generating artifacts...
Generating artifacts... Done.
Running artifacts...
test.c:1:1: warning: return type of 'main' is not 'int' [-Wmain-return-type]
void main() {
^
test.c:1:1: note: change return type to 'int'
void main() {
^~~~
int
1 warning generated.

Executing: make -C /home/ubuntu/Github/validating-binary-decompilation/tests/compositional_artifacts_single_instruction_decompilation//callq_._Z26check_shifted_variable_sumIa28custom_multiple_variable_andIaEEvT_S2_S2_S2_S2_ binary
make[1]: Entering directory '/home/ubuntu/Github/validating-binary-decompilation/tests/compositional_artifacts_single_instruction_decompilation/callq_._Z26check_shifted_variable_sumIa28custom_multiple_variable_andIaEEvT_S2_S2_S2_S2_'
clang -Os test.c -o test
make[1]: Leaving directory '/home/ubuntu/Github/validating-binary-decompilation/tests/compositional_artifacts_single_instruction_decompilation/callq_._Z26check_shifted_variable_sumIa28custom_multiple_variable_andIaEEvT_S2_S2_S2_S2_'

Executing: make -C /home/ubuntu/Github/validating-binary-decompilation/tests/compositional_artifacts_single_instruction_decompilation//callq_._Z26check_shifted_variable_sumIa28custom_multiple_variable_andIaEEvT_S2_S2_S2_S2_ mcsema
make[1]: Entering directory '/home/ubuntu/Github/validating-binary-decompilation/tests/compositional_artifacts_single_instruction_decompilation/callq_._Z26check_shifted_variable_sumIa28custom_multiple_variable_andIaEEvT_S2_S2_S2_S2_'
mcsema-disass --disassembler /home/ubuntu/ida-6.95/idal64 --os linux --arch amd64_avx --output test.cfg --binary test --entrypoint main
mcsema-lift-4.0 --os linux --arch amd64_avx --cfg test.cfg --output test.bc -disable_dead_store_elimination -disable_optimizer
llvm-dis test.bc -o test.ll
make[1]: Leaving directory '/home/ubuntu/Github/validating-binary-decompilation/tests/compositional_artifacts_single_instruction_decompilation/callq_._Z26check_shifted_variable_sumIa28custom_multiple_variable_andIaEEvT_S2_S2_S2_S2_'

Executing: make -C /home/ubuntu/Github/validating-binary-decompilation/tests/compositional_artifacts_single_instruction_decompilation//callq_._Z26check_shifted_variable_sumIa28custom_multiple_variable_andIaEEvT_S2_S2_S2_S2_ declutter
make[1]: Entering directory '/home/ubuntu/Github/validating-binary-decompilation/tests/compositional_artifacts_single_instruction_decompilation/callq_._Z26check_shifted_variable_sumIa28custom_multiple_variable_andIaEEvT_S2_S2_S2_S2_'
/home/ubuntu/Github/validating-binary-decompilation/tests/scripts//declutter.pl --file test.ll --norenameintrinsics --opc callq_._Z26check_shifted_variable_sumIa28custom_multiple_variable_andIaEEvT_S2_S2_S2_S2_
Expanding _ZN12_GLOBAL__N_1L4CALLI2InImEEEP6MemoryS4_R5StateT_S2_...
Generatin test.mod.ll for opcode callq_._Z26check_shifted_variable_sumIa28custom_multiple_variable_andIaEEvT_S2_S2_S2_S2_ ...
make[1]: Leaving directory '/home/ubuntu/Github/validating-binary-decompilation/tests/compositional_artifacts_single_instruction_decompilation/callq_._Z26check_shifted_variable_sumIa28custom_multiple_variable_andIaEEvT_S2_S2_S2_S2_'

Executing: cat /home/ubuntu/Github/validating-binary-decompilation/tests/compositional_artifacts_single_instruction_decompilation//callq_._Z26check_shifted_variable_sumIa28custom_multiple_variable_andIaEEvT_S2_S2_S2_S2_/test.mod.ll
Running artifacts...Done.
Multiple defintions of @seg_4003a0__text
Multiple defintions of @seg_400548__eh_frame
FuncCache skipped: _ZN12_GLOBAL__N_1L4CALLI2InImEEEP6MemoryS4_R5StateT_S2_
FuncCache inserted: routine_callq_._Z26check_shifted_variable_sumIa28custom_multiple_variable_andIaEEvT_S2_S2_S2_S2_


Decompiling instr:movl -0x2c(%rbp), %eax...
Instr: movl -0x2c(%rbp), %eax
Workdir: /home/ubuntu/Github/validating-binary-decompilation/tests/compositional_artifacts_single_instruction_decompilation//movl_MINUS0x2c__rbp____eax
Generating artifacts...
Already Exists
Running artifacts...
Skip McSema run ...
Skip Declutter ...

Executing: cat /home/ubuntu/Github/validating-binary-decompilation/tests/compositional_artifacts_single_instruction_decompilation//movl_MINUS0x2c__rbp____eax/test.mod.ll
Running artifacts...Done.
Multiple defintions of @seg_4003a0__text
Multiple defintions of @seg_400548__eh_frame
FuncCache skipped: _ZN12_GLOBAL__N_1L3MOVI3RnWImE2MnIjEEEP6MemoryS6_R5StateT_T0_
FuncCache skipped: routine_movl_MINUS0x2c__rbp____eax


Decompiling instr:addl $0x1, %eax...
Instr: addl $0x1, %eax
Workdir: /home/ubuntu/Github/validating-binary-decompilation/tests/compositional_artifacts_single_instruction_decompilation//addl__0x1___eax
Generating artifacts...
Already Exists
Running artifacts...
Skip McSema run ...
Skip Declutter ...

Executing: cat /home/ubuntu/Github/validating-binary-decompilation/tests/compositional_artifacts_single_instruction_decompilation//addl__0x1___eax/test.mod.ll
Running artifacts...Done.
Multiple defintions of @seg_4003a0__text
Multiple defintions of @seg_400548__eh_frame
FuncCache skipped: _ZN12_GLOBAL__N_1L3ADDI3RnWImE2RnIjE2InIjEEEP6MemoryS8_R5StateT_T0_T1_
FuncCache skipped: routine_addl__0x1___eax


Decompiling instr:movl %eax, -0x2c(%rbp)...
Instr: movl %eax, -0x2c(%rbp)
Workdir: /home/ubuntu/Github/validating-binary-decompilation/tests/compositional_artifacts_single_instruction_decompilation//movl__eax__MINUS0x2c__rbp_
Generating artifacts...
Already Exists
Running artifacts...
Skip McSema run ...
Skip Declutter ...

Executing: cat /home/ubuntu/Github/validating-binary-decompilation/tests/compositional_artifacts_single_instruction_decompilation//movl__eax__MINUS0x2c__rbp_/test.mod.ll
Running artifacts...Done.
Multiple defintions of @seg_4003a0__text
Multiple defintions of @seg_400548__eh_frame
FuncCache skipped: _ZN12_GLOBAL__N_1L3MOVI3MnWIjE2RnIjEEEP6MemoryS6_R5StateT_T0_
FuncCache inserted: routine_movl__eax__MINUS0x2c__rbp_


Decompiling instr:jmpq .L_403bdf...
Instr: jmpq .L_403bdf
Workdir: /home/ubuntu/Github/validating-binary-decompilation/tests/compositional_artifacts_single_instruction_decompilation//jmpq_.L_403bdf
Generating artifacts...
Generating artifacts... Done.
Running artifacts...
test.c:1:1: warning: return type of 'main' is not 'int' [-Wmain-return-type]
void main() {
^
test.c:1:1: note: change return type to 'int'
void main() {
^~~~
int
1 warning generated.

Executing: make -C /home/ubuntu/Github/validating-binary-decompilation/tests/compositional_artifacts_single_instruction_decompilation//jmpq_.L_403bdf binary
make[1]: Entering directory '/home/ubuntu/Github/validating-binary-decompilation/tests/compositional_artifacts_single_instruction_decompilation/jmpq_.L_403bdf'
clang -Os test.c -o test
make[1]: Leaving directory '/home/ubuntu/Github/validating-binary-decompilation/tests/compositional_artifacts_single_instruction_decompilation/jmpq_.L_403bdf'

Executing: make -C /home/ubuntu/Github/validating-binary-decompilation/tests/compositional_artifacts_single_instruction_decompilation//jmpq_.L_403bdf mcsema
make[1]: Entering directory '/home/ubuntu/Github/validating-binary-decompilation/tests/compositional_artifacts_single_instruction_decompilation/jmpq_.L_403bdf'
mcsema-disass --disassembler /home/ubuntu/ida-6.95/idal64 --os linux --arch amd64_avx --output test.cfg --binary test --entrypoint main
mcsema-lift-4.0 --os linux --arch amd64_avx --cfg test.cfg --output test.bc -disable_dead_store_elimination -disable_optimizer
llvm-dis test.bc -o test.ll
make[1]: Leaving directory '/home/ubuntu/Github/validating-binary-decompilation/tests/compositional_artifacts_single_instruction_decompilation/jmpq_.L_403bdf'

Executing: make -C /home/ubuntu/Github/validating-binary-decompilation/tests/compositional_artifacts_single_instruction_decompilation//jmpq_.L_403bdf declutter
make[1]: Entering directory '/home/ubuntu/Github/validating-binary-decompilation/tests/compositional_artifacts_single_instruction_decompilation/jmpq_.L_403bdf'
/home/ubuntu/Github/validating-binary-decompilation/tests/scripts//declutter.pl --file test.ll --norenameintrinsics --opc jmpq_.L_403bdf
Expanding _ZN12_GLOBAL__N_1L3JMPI2InImEEEP6MemoryS4_R5StateT_...
Generatin test.mod.ll for opcode jmpq_.L_403bdf ...
make[1]: Leaving directory '/home/ubuntu/Github/validating-binary-decompilation/tests/compositional_artifacts_single_instruction_decompilation/jmpq_.L_403bdf'

Executing: cat /home/ubuntu/Github/validating-binary-decompilation/tests/compositional_artifacts_single_instruction_decompilation//jmpq_.L_403bdf/test.mod.ll
Running artifacts...Done.
Multiple defintions of @seg_4003a0__text
Multiple defintions of @seg_400548__eh_frame
FuncCache skipped: _ZN12_GLOBAL__N_1L3JMPI2InImEEEP6MemoryS4_R5StateT_
FuncCache inserted: routine_jmpq_.L_403bdf


Decompiling instr:.L_403c98:...


Decompiling instr:callq ._Z5timerv...
Instr: callq ._Z5timerv
Workdir: /home/ubuntu/Github/validating-binary-decompilation/tests/compositional_artifacts_single_instruction_decompilation//callq_._Z5timerv
Generating artifacts...
Already Exists
Running artifacts...
Skip McSema run ...
Skip Declutter ...

Executing: cat /home/ubuntu/Github/validating-binary-decompilation/tests/compositional_artifacts_single_instruction_decompilation//callq_._Z5timerv/test.mod.ll
Running artifacts...Done.
Multiple defintions of @seg_4003a0__text
Multiple defintions of @seg_400548__eh_frame
FuncCache skipped: _ZN12_GLOBAL__N_1L4CALLI2InImEEEP6MemoryS4_R5StateT_S2_
FuncCache inserted: routine_callq_._Z5timerv


Decompiling instr:movq -0x28(%rbp), %rdi...
Instr: movq -0x28(%rbp), %rdi
Workdir: /home/ubuntu/Github/validating-binary-decompilation/tests/compositional_artifacts_single_instruction_decompilation//movq_MINUS0x28__rbp____rdi
Generating artifacts...
Already Exists
Running artifacts...
Skip McSema run ...
Skip Declutter ...

Executing: cat /home/ubuntu/Github/validating-binary-decompilation/tests/compositional_artifacts_single_instruction_decompilation//movq_MINUS0x28__rbp____rdi/test.mod.ll
Running artifacts...Done.
Multiple defintions of @seg_4003a0__text
Multiple defintions of @seg_400548__eh_frame
FuncCache skipped: _ZN12_GLOBAL__N_1L3MOVI3RnWImE2MnImEEEP6MemoryS6_R5StateT_T0_
FuncCache inserted: routine_movq_MINUS0x28__rbp____rdi


Decompiling instr:callq ._Z13record_resultdPKc...
Instr: callq ._Z13record_resultdPKc
Workdir: /home/ubuntu/Github/validating-binary-decompilation/tests/compositional_artifacts_single_instruction_decompilation//callq_._Z13record_resultdPKc
Generating artifacts...
Already Exists
Running artifacts...
Skip McSema run ...
Skip Declutter ...

Executing: cat /home/ubuntu/Github/validating-binary-decompilation/tests/compositional_artifacts_single_instruction_decompilation//callq_._Z13record_resultdPKc/test.mod.ll
Running artifacts...Done.
Multiple defintions of @seg_4003a0__text
Multiple defintions of @seg_400548__eh_frame
FuncCache skipped: _ZN12_GLOBAL__N_1L4CALLI2InImEEEP6MemoryS4_R5StateT_S2_
FuncCache inserted: routine_callq_._Z13record_resultdPKc


Decompiling instr:addq $0x30, %rsp...
Instr: addq $0x30, %rsp
Workdir: /home/ubuntu/Github/validating-binary-decompilation/tests/compositional_artifacts_single_instruction_decompilation//addq__0x30___rsp
Generating artifacts...
Already Exists
Running artifacts...
Skip McSema run ...
Skip Declutter ...

Executing: cat /home/ubuntu/Github/validating-binary-decompilation/tests/compositional_artifacts_single_instruction_decompilation//addq__0x30___rsp/test.mod.ll
Running artifacts...Done.
Multiple defintions of @seg_4003a0__text
Multiple defintions of @seg_400548__eh_frame
FuncCache inserted: _ZN12_GLOBAL__N_1L3ADDI3RnWImE2RnImE2InImEEEP6MemoryS8_R5StateT_T0_T1_
FuncCache inserted: routine_addq__0x30___rsp


Decompiling instr:popq %rbx...
Instr: popq %rbx
Workdir: /home/ubuntu/Github/validating-binary-decompilation/tests/compositional_artifacts_single_instruction_decompilation//popq__rbx
Generating artifacts...
Already Exists
Running artifacts...
Skip McSema run ...
Skip Declutter ...

Executing: cat /home/ubuntu/Github/validating-binary-decompilation/tests/compositional_artifacts_single_instruction_decompilation//popq__rbx/test.mod.ll
Running artifacts...Done.
Multiple defintions of @seg_4003a0__text
FuncCache inserted: _ZN12_GLOBAL__N_1L3POPI3RnWImEEEP6MemoryS4_R5StateT_
FuncCache inserted: routine_popq__rbx


Decompiling instr:popq %r14...
Instr: popq %r14
Workdir: /home/ubuntu/Github/validating-binary-decompilation/tests/compositional_artifacts_single_instruction_decompilation//popq__r14
Generating artifacts...
Already Exists
Running artifacts...
Skip McSema run ...
Skip Declutter ...

Executing: cat /home/ubuntu/Github/validating-binary-decompilation/tests/compositional_artifacts_single_instruction_decompilation//popq__r14/test.mod.ll
Running artifacts...Done.
Multiple defintions of @seg_4003a0__text
Multiple defintions of @seg_400548__eh_frame
FuncCache skipped: _ZN12_GLOBAL__N_1L3POPI3RnWImEEEP6MemoryS4_R5StateT_
FuncCache inserted: routine_popq__r14


Decompiling instr:popq %rbp...
Instr: popq %rbp
Workdir: /home/ubuntu/Github/validating-binary-decompilation/tests/compositional_artifacts_single_instruction_decompilation//popq__rbp
Generating artifacts...
Already Exists
Running artifacts...
Skip McSema run ...
Skip Declutter ...

Executing: cat /home/ubuntu/Github/validating-binary-decompilation/tests/compositional_artifacts_single_instruction_decompilation//popq__rbp/test.mod.ll
Running artifacts...Done.
Multiple defintions of @seg_4003a0__text
FuncCache skipped: _ZN12_GLOBAL__N_1L3POPI3RnWImEEEP6MemoryS4_R5StateT_
FuncCache inserted: routine_popq__rbp


Decompiling instr:retq...
Instr: retq
Workdir: /home/ubuntu/Github/validating-binary-decompilation/tests/compositional_artifacts_single_instruction_decompilation//retq
Generating artifacts...
Already Exists
Running artifacts...
Skip McSema run ...
Skip Declutter ...

Executing: cat /home/ubuntu/Github/validating-binary-decompilation/tests/compositional_artifacts_single_instruction_decompilation//retq/test.mod.ll
Running artifacts...Done.
Multiple defintions of @seg_4003a0__text
FuncCache inserted: _ZN12_GLOBAL__N_1L3RETEP6MemoryR5State
FuncCache inserted: routine_retq
Decompiling Function: _Z14test_variable4Ia28custom_multiple_variable_andIaEEvPT_iS2_S2_S2_S2_PKc Done.



Writing to mcsema/test.proposed.ll ...
Decompiling: Done.

