Disassembling ../binary/test
Disassembled output
  .text
  .globl Remove
  .type Remove, @function

#! file-offset 0x6f0
#! rip-offset  0x4006f0
#! capacity    154 bytes

# Text                            #  Line  RIP       Bytes  Opcode              Target                
.Remove:                          #        0x4006f0  0      OPC=<label>         18446744073709551615  
  pushq %rbp                      #  1     0x4006f0  1      OPC=pushq_r64_1     18446744073709551615  
  movq %rsp, %rbp                 #  2     0x4006f1  3      OPC=movq_r64_r64    18446744073709551615  
  movl %edi, -0x4(%rbp)           #  3     0x4006f4  3      OPC=movl_m32_r32    18446744073709551615  
  movl %esi, -0x8(%rbp)           #  4     0x4006f7  3      OPC=movl_m32_r32    18446744073709551615  
  movl $0x0, -0xc(%rbp)           #  5     0x4006fa  7      OPC=movl_m32_imm32  18446744073709551615  
.L_400701:                        #        0x400701  0      OPC=<label>         18446744073709551615  
  movl -0xc(%rbp), %eax           #  6     0x400701  3      OPC=movl_r32_m32    18446744073709551615  
  movslq -0x4(%rbp), %rcx         #  7     0x400704  4      OPC=movslq_r64_m32  18446744073709551615  
  cmpl 0x610250(,%rcx,4), %eax    #  8     0x400708  7      OPC=cmpl_r32_m32    18446744073709551615  
  jg .L_40075f                    #  9     0x40070f  6      OPC=jg_label_1      4196191               
  movq $0x603aa0, %rax            #  10    0x400715  10     OPC=movq_r64_imm64  18446744073709551615  
  movslq -0x4(%rbp), %rcx         #  11    0x40071f  4      OPC=movslq_r64_m32  18446744073709551615  
  shlq $0xb, %rcx                 #  12    0x400723  4      OPC=shlq_r64_imm8   18446744073709551615  
  addq %rcx, %rax                 #  13    0x400727  3      OPC=addq_r64_r64    18446744073709551615  
  movslq -0xc(%rbp), %rcx         #  14    0x40072a  4      OPC=movslq_r64_m32  18446744073709551615  
  cmpl $0x0, (%rax,%rcx,4)        #  15    0x40072e  4      OPC=cmpl_m32_imm8   18446744073709551615  
  je .L_40074c                    #  16    0x400732  6      OPC=je_label_1      4196172               
  movl -0x8(%rbp), %eax           #  17    0x400738  3      OPC=movl_r32_m32    18446744073709551615  
  addl -0xc(%rbp), %eax           #  18    0x40073b  3      OPC=addl_r32_m32    18446744073709551615  
  movslq %eax, %rcx               #  19    0x40073e  3      OPC=movslq_r64_r32  18446744073709551615  
  movl $0x0, 0x60df50(,%rcx,4)    #  20    0x400741  11     OPC=movl_m32_imm32  18446744073709551615  
.L_40074c:                        #        0x40074c  0      OPC=<label>         18446744073709551615  
  jmpq .L_400751                  #  21    0x40074c  5      OPC=jmpq_label_1    4196177               
.L_400751:                        #        0x400751  0      OPC=<label>         18446744073709551615  
  movl -0xc(%rbp), %eax           #  22    0x400751  3      OPC=movl_r32_m32    18446744073709551615  
  addl $0x1, %eax                 #  23    0x400754  3      OPC=addl_r32_imm8   18446744073709551615  
  movl %eax, -0xc(%rbp)           #  24    0x400757  3      OPC=movl_m32_r32    18446744073709551615  
  jmpq .L_400701                  #  25    0x40075a  5      OPC=jmpq_label_1    4196097               
.L_40075f:                        #        0x40075f  0      OPC=<label>         18446744073709551615  
  movslq -0x4(%rbp), %rax         #  26    0x40075f  4      OPC=movslq_r64_m32  18446744073709551615  
  movslq 0x6191f0(,%rax,4), %rax  #  27    0x400763  8      OPC=movslq_r64_m32  18446744073709551615  
  movl 0x6191e0(,%rax,4), %ecx    #  28    0x40076b  7      OPC=movl_r32_m32    18446744073709551615  
  addl $0x1, %ecx                 #  29    0x400772  3      OPC=addl_r32_imm8   18446744073709551615  
  movslq -0x4(%rbp), %rax         #  30    0x400775  4      OPC=movslq_r64_m32  18446744073709551615  
  movslq 0x6191f0(,%rax,4), %rax  #  31    0x400779  8      OPC=movslq_r64_m32  18446744073709551615  
  movl %ecx, 0x6191e0(,%rax,4)    #  32    0x400781  7      OPC=movl_m32_r32    18446744073709551615  
  popq %rbp                       #  33    0x400788  1      OPC=popq_r64_1      18446744073709551615  
  retq                            #  34    0x400789  1      OPC=retq            18446744073709551615  
                                                                                                      
.size Remove, .-Remove
Disassembling Done.


Decompiling mcsema/test.proposed.ll
Computing Label PC values ...
.L_40075f->4196191
.L_400751->4196177
.L_40074c->4196172
.Remove->4196080
.L_400701->4196097

Computing Label PC values: Done.


Executing: cat ${HOME}/Github/validating-binary-decompilation/source/libs/compositional-decompiler/data/mcsema_template.txt
declare i32 @llvm.ctpop.i32(i32) #2
declare %struct.Memory* @__remill_error(%struct.State* dereferenceable(3376), i64, %struct.Memory*)

Decompiling Function: Remove...


Decompiling instr:.Remove:...


Decompiling instr:pushq %rbp...
Instr: pushq %rbp
Workdir: /home/ubuntu/Github/validating-binary-decompilation/tests/compositional_artifacts_single_instruction_decompilation//pushq__rbp
Generating artifacts...
Already Exists
Running artifacts...
Skip McSema run ...
Skip Declutter ...

Executing: cat /home/ubuntu/Github/validating-binary-decompilation/tests/compositional_artifacts_single_instruction_decompilation//pushq__rbp/test.mod.ll
Running artifacts...Done.
FuncCache inserted: _ZN12_GLOBAL__N_1L4PUSHI2InImEEEP6MemoryS4_R5StateT_
FuncCache inserted: routine_pushq__rbp


Decompiling instr:movq %rsp, %rbp...
Instr: movq %rsp, %rbp
Workdir: /home/ubuntu/Github/validating-binary-decompilation/tests/compositional_artifacts_single_instruction_decompilation//movq__rsp___rbp
Generating artifacts...
Already Exists
Running artifacts...
Skip McSema run ...
Skip Declutter ...

Executing: cat /home/ubuntu/Github/validating-binary-decompilation/tests/compositional_artifacts_single_instruction_decompilation//movq__rsp___rbp/test.mod.ll
Running artifacts...Done.
Multiple defintions of @seg_4003a0__text
Multiple defintions of @seg_400548__eh_frame
FuncCache inserted: _ZN12_GLOBAL__N_1L3MOVI3RnWImE2RnImEEEP6MemoryS6_R5StateT_T0_
FuncCache inserted: routine_movq__rsp___rbp


Decompiling instr:movl %edi, -0x4(%rbp)...
Instr: movl %edi, -0x4(%rbp)
Workdir: /home/ubuntu/Github/validating-binary-decompilation/tests/compositional_artifacts_single_instruction_decompilation//movl__edi__MINUS0x4__rbp_
Generating artifacts...
Already Exists
Running artifacts...
Skip McSema run ...
Skip Declutter ...

Executing: cat /home/ubuntu/Github/validating-binary-decompilation/tests/compositional_artifacts_single_instruction_decompilation//movl__edi__MINUS0x4__rbp_/test.mod.ll
Running artifacts...Done.
Multiple defintions of @seg_4003a0__text
Multiple defintions of @seg_400548__eh_frame
FuncCache inserted: _ZN12_GLOBAL__N_1L3MOVI3MnWIjE2RnIjEEEP6MemoryS6_R5StateT_T0_
FuncCache inserted: routine_movl__edi__MINUS0x4__rbp_


Decompiling instr:movl %esi, -0x8(%rbp)...
Instr: movl %esi, -0x8(%rbp)
Workdir: /home/ubuntu/Github/validating-binary-decompilation/tests/compositional_artifacts_single_instruction_decompilation//movl__esi__MINUS0x8__rbp_
Generating artifacts...
Already Exists
Running artifacts...
Skip McSema run ...
Skip Declutter ...

Executing: cat /home/ubuntu/Github/validating-binary-decompilation/tests/compositional_artifacts_single_instruction_decompilation//movl__esi__MINUS0x8__rbp_/test.mod.ll
Running artifacts...Done.
Multiple defintions of @seg_4003a0__text
Multiple defintions of @seg_400548__eh_frame
FuncCache skipped: _ZN12_GLOBAL__N_1L3MOVI3MnWIjE2RnIjEEEP6MemoryS6_R5StateT_T0_
FuncCache inserted: routine_movl__esi__MINUS0x8__rbp_


Decompiling instr:movl $0x0, -0xc(%rbp)...
Instr: movl $0x0, -0xc(%rbp)
Workdir: /home/ubuntu/Github/validating-binary-decompilation/tests/compositional_artifacts_single_instruction_decompilation//movl__0x0__MINUS0xc__rbp_
Generating artifacts...
Already Exists
Running artifacts...
Skip McSema run ...
Skip Declutter ...

Executing: cat /home/ubuntu/Github/validating-binary-decompilation/tests/compositional_artifacts_single_instruction_decompilation//movl__0x0__MINUS0xc__rbp_/test.mod.ll
Running artifacts...Done.
Multiple defintions of @seg_4003a0__text
Multiple defintions of @seg_400548__eh_frame
FuncCache inserted: _ZN12_GLOBAL__N_1L3MOVI3MnWIjE2InIjEEEP6MemoryS6_R5StateT_T0_
FuncCache inserted: routine_movl__0x0__MINUS0xc__rbp_


Decompiling instr:.L_400701:...


Decompiling instr:movl -0xc(%rbp), %eax...
Instr: movl -0xc(%rbp), %eax
Workdir: /home/ubuntu/Github/validating-binary-decompilation/tests/compositional_artifacts_single_instruction_decompilation//movl_MINUS0xc__rbp____eax
Generating artifacts...
Already Exists
Running artifacts...
Skip McSema run ...
Skip Declutter ...

Executing: cat /home/ubuntu/Github/validating-binary-decompilation/tests/compositional_artifacts_single_instruction_decompilation//movl_MINUS0xc__rbp____eax/test.mod.ll
Running artifacts...Done.
Multiple defintions of @seg_4003a0__text
Multiple defintions of @seg_400548__eh_frame
FuncCache inserted: _ZN12_GLOBAL__N_1L3MOVI3RnWImE2MnIjEEEP6MemoryS6_R5StateT_T0_
FuncCache inserted: routine_movl_MINUS0xc__rbp____eax


Decompiling instr:movslq -0x4(%rbp), %rcx...
Instr: movslq -0x4(%rbp), %rcx
Workdir: /home/ubuntu/Github/validating-binary-decompilation/tests/compositional_artifacts_single_instruction_decompilation//movslq_MINUS0x4__rbp____rcx
Generating artifacts...
Already Exists
Running artifacts...
Skip McSema run ...
Skip Declutter ...

Executing: cat /home/ubuntu/Github/validating-binary-decompilation/tests/compositional_artifacts_single_instruction_decompilation//movslq_MINUS0x4__rbp____rcx/test.mod.ll
Running artifacts...Done.
Multiple defintions of @seg_4003a0__text
Multiple defintions of @seg_400548__eh_frame
FuncCache inserted: _ZN12_GLOBAL__N_1L5MOVSXI3RnWImE2MnIjElEEP6MemoryS6_R5StateT_T0_
FuncCache inserted: routine_movslq_MINUS0x4__rbp____rcx


Decompiling instr:cmpl 0x610250(,%rcx,4), %eax...
Instr: cmpl 0x610250(,%rcx,4), %eax
Workdir: /home/ubuntu/Github/validating-binary-decompilation/tests/compositional_artifacts_single_instruction_decompilation//cmpl_0x610250___rcx_4____eax
Generating artifacts...
Already Exists
Running artifacts...
Skip McSema run ...
Skip Declutter ...

Executing: cat /home/ubuntu/Github/validating-binary-decompilation/tests/compositional_artifacts_single_instruction_decompilation//cmpl_0x610250___rcx_4____eax/test.mod.ll
Running artifacts...Done.
Multiple defintions of @seg_4003a0__text
Multiple defintions of @seg_400548__eh_frame
FuncCache inserted: _ZN12_GLOBAL__N_1L3CMPI2RnIjE2MnIjEEEP6MemoryS6_R5StateT_T0_
FuncCache inserted: routine_cmpl_0x610250___rcx_4____eax


Decompiling instr:jg .L_40075f...
Instr: jg .L_40075f
Workdir: /home/ubuntu/Github/validating-binary-decompilation/tests/compositional_artifacts_single_instruction_decompilation//jg_.L_40075f
Generating artifacts...
Generating artifacts... Done.
Running artifacts...
test.c:1:1: warning: return type of 'main' is not 'int' [-Wmain-return-type]
void main() {
^
test.c:1:1: note: change return type to 'int'
void main() {
^~~~
int
1 warning generated.

Executing: make -C /home/ubuntu/Github/validating-binary-decompilation/tests/compositional_artifacts_single_instruction_decompilation//jg_.L_40075f binary
make[1]: Entering directory '/home/ubuntu/Github/validating-binary-decompilation/tests/compositional_artifacts_single_instruction_decompilation/jg_.L_40075f'
clang -Os test.c -o test
make[1]: Leaving directory '/home/ubuntu/Github/validating-binary-decompilation/tests/compositional_artifacts_single_instruction_decompilation/jg_.L_40075f'

Executing: make -C /home/ubuntu/Github/validating-binary-decompilation/tests/compositional_artifacts_single_instruction_decompilation//jg_.L_40075f mcsema
make[1]: Entering directory '/home/ubuntu/Github/validating-binary-decompilation/tests/compositional_artifacts_single_instruction_decompilation/jg_.L_40075f'
mcsema-disass --disassembler /home/ubuntu/ida-6.95/idal64 --os linux --arch amd64_avx --output test.cfg --binary test --entrypoint main
mcsema-lift-4.0 --os linux --arch amd64_avx --cfg test.cfg --output test.bc -disable_dead_store_elimination -disable_optimizer
llvm-dis test.bc -o test.ll
make[1]: Leaving directory '/home/ubuntu/Github/validating-binary-decompilation/tests/compositional_artifacts_single_instruction_decompilation/jg_.L_40075f'

Executing: make -C /home/ubuntu/Github/validating-binary-decompilation/tests/compositional_artifacts_single_instruction_decompilation//jg_.L_40075f declutter
make[1]: Entering directory '/home/ubuntu/Github/validating-binary-decompilation/tests/compositional_artifacts_single_instruction_decompilation/jg_.L_40075f'
/home/ubuntu/Github/validating-binary-decompilation/tests/scripts//declutter.pl --file test.ll --norenameintrinsics --opc jg_.L_40075f
Expanding _ZN12_GLOBAL__N_1L4JNLEEP6MemoryR5State3RnWIhE2InImES7_...
Generatin test.mod.ll for opcode jg_.L_40075f ...
make[1]: Leaving directory '/home/ubuntu/Github/validating-binary-decompilation/tests/compositional_artifacts_single_instruction_decompilation/jg_.L_40075f'

Executing: cat /home/ubuntu/Github/validating-binary-decompilation/tests/compositional_artifacts_single_instruction_decompilation//jg_.L_40075f/test.mod.ll
Running artifacts...Done.
Multiple defintions of @seg_4003a0__text
Multiple defintions of @seg_400548__eh_frame
FuncCache inserted: _ZN12_GLOBAL__N_1L4JNLEEP6MemoryR5State3RnWIhE2InImES7_
FuncCache inserted: routine_jg_.L_40075f


Decompiling instr:movq $0x603aa0, %rax...
Instr: movq $0x603aa0, %rax
Workdir: /home/ubuntu/Github/validating-binary-decompilation/tests/compositional_artifacts_single_instruction_decompilation//movq__0x603aa0___rax
Generating artifacts...
Generating artifacts... Done.
Running artifacts...
test.c:1:1: warning: return type of 'main' is not 'int' [-Wmain-return-type]
void main() {
^
test.c:1:1: note: change return type to 'int'
void main() {
^~~~
int
1 warning generated.
[libprotobuf ERROR /root/cxx-common/sources/protobuf-2.6.1/src/google/protobuf/message_lite.cc:123] Can't parse message of type "mcsema.Module" because it is missing required fields: name
F1016 10:55:57.679533 78489 CFG.cpp:446] Check failed: cfg.ParseFromCodedStream(&cstream) Unable to read module from CFG file test.cfg
*** Check failure stack trace: ***
    @           0x9902cd  google::LogMessage::Fail()
    @           0x99275a  google::LogMessage::SendToLog()
    @           0x98fcdd  google::LogMessage::Flush()
    @           0x9936e9  google::LogMessageFatal::~LogMessageFatal()
    @           0x5beb56  mcsema::ReadProtoBuf()
make[1]: *** [mcsema] Aborted (core dumped)
make[1]: *** No rule to make target 'test.ll', needed by 'declutter'.  Stop.
cat: /home/ubuntu/Github/validating-binary-decompilation/tests/compositional_artifacts_single_instruction_decompilation//movq__0x603aa0___rax/test.mod.ll: No such file or directory

Executing: make -C /home/ubuntu/Github/validating-binary-decompilation/tests/compositional_artifacts_single_instruction_decompilation//movq__0x603aa0___rax binary
make[1]: Entering directory '/home/ubuntu/Github/validating-binary-decompilation/tests/compositional_artifacts_single_instruction_decompilation/movq__0x603aa0___rax'
clang -Os test.c -o test
make[1]: Leaving directory '/home/ubuntu/Github/validating-binary-decompilation/tests/compositional_artifacts_single_instruction_decompilation/movq__0x603aa0___rax'

Executing: make -C /home/ubuntu/Github/validating-binary-decompilation/tests/compositional_artifacts_single_instruction_decompilation//movq__0x603aa0___rax mcsema
make[1]: Entering directory '/home/ubuntu/Github/validating-binary-decompilation/tests/compositional_artifacts_single_instruction_decompilation/movq__0x603aa0___rax'
mcsema-disass --disassembler /home/ubuntu/ida-6.95/idal64 --os linux --arch amd64_avx --output test.cfg --binary test --entrypoint main
mcsema-lift-4.0 --os linux --arch amd64_avx --cfg test.cfg --output test.bc -disable_dead_store_elimination -disable_optimizer
Makefile:9: recipe for target 'mcsema' failed
make[1]: Leaving directory '/home/ubuntu/Github/validating-binary-decompilation/tests/compositional_artifacts_single_instruction_decompilation/movq__0x603aa0___rax'

Executing: make -C /home/ubuntu/Github/validating-binary-decompilation/tests/compositional_artifacts_single_instruction_decompilation//movq__0x603aa0___rax declutter
make[1]: Entering directory '/home/ubuntu/Github/validating-binary-decompilation/tests/compositional_artifacts_single_instruction_decompilation/movq__0x603aa0___rax'
make[1]: Leaving directory '/home/ubuntu/Github/validating-binary-decompilation/tests/compositional_artifacts_single_instruction_decompilation/movq__0x603aa0___rax'

Executing: cat /home/ubuntu/Github/validating-binary-decompilation/tests/compositional_artifacts_single_instruction_decompilation//movq__0x603aa0___rax/test.mod.ll
Running artifacts...Done.


Decompiling instr:movslq -0x4(%rbp), %rcx...
Instr: movslq -0x4(%rbp), %rcx
Workdir: /home/ubuntu/Github/validating-binary-decompilation/tests/compositional_artifacts_single_instruction_decompilation//movslq_MINUS0x4__rbp____rcx
Generating artifacts...
Already Exists
Running artifacts...
Skip McSema run ...
Skip Declutter ...

Executing: cat /home/ubuntu/Github/validating-binary-decompilation/tests/compositional_artifacts_single_instruction_decompilation//movslq_MINUS0x4__rbp____rcx/test.mod.ll
Running artifacts...Done.
Multiple defintions of @seg_4003a0__text
Multiple defintions of @seg_400548__eh_frame
FuncCache skipped: _ZN12_GLOBAL__N_1L5MOVSXI3RnWImE2MnIjElEEP6MemoryS6_R5StateT_T0_
FuncCache skipped: routine_movslq_MINUS0x4__rbp____rcx


Decompiling instr:shlq $0xb, %rcx...
Instr: shlq $0xb, %rcx
Workdir: /home/ubuntu/Github/validating-binary-decompilation/tests/compositional_artifacts_single_instruction_decompilation//shlq__0xb___rcx
Generating artifacts...
Generating artifacts... Done.
Running artifacts...
test.c:1:1: warning: return type of 'main' is not 'int' [-Wmain-return-type]
void main() {
^
test.c:1:1: note: change return type to 'int'
void main() {
^~~~
int
1 warning generated.

Executing: make -C /home/ubuntu/Github/validating-binary-decompilation/tests/compositional_artifacts_single_instruction_decompilation//shlq__0xb___rcx binary
make[1]: Entering directory '/home/ubuntu/Github/validating-binary-decompilation/tests/compositional_artifacts_single_instruction_decompilation/shlq__0xb___rcx'
clang -Os test.c -o test
make[1]: Leaving directory '/home/ubuntu/Github/validating-binary-decompilation/tests/compositional_artifacts_single_instruction_decompilation/shlq__0xb___rcx'

Executing: make -C /home/ubuntu/Github/validating-binary-decompilation/tests/compositional_artifacts_single_instruction_decompilation//shlq__0xb___rcx mcsema
make[1]: Entering directory '/home/ubuntu/Github/validating-binary-decompilation/tests/compositional_artifacts_single_instruction_decompilation/shlq__0xb___rcx'
mcsema-disass --disassembler /home/ubuntu/ida-6.95/idal64 --os linux --arch amd64_avx --output test.cfg --binary test --entrypoint main
mcsema-lift-4.0 --os linux --arch amd64_avx --cfg test.cfg --output test.bc -disable_dead_store_elimination -disable_optimizer
llvm-dis test.bc -o test.ll
make[1]: Leaving directory '/home/ubuntu/Github/validating-binary-decompilation/tests/compositional_artifacts_single_instruction_decompilation/shlq__0xb___rcx'

Executing: make -C /home/ubuntu/Github/validating-binary-decompilation/tests/compositional_artifacts_single_instruction_decompilation//shlq__0xb___rcx declutter
make[1]: Entering directory '/home/ubuntu/Github/validating-binary-decompilation/tests/compositional_artifacts_single_instruction_decompilation/shlq__0xb___rcx'
/home/ubuntu/Github/validating-binary-decompilation/tests/scripts//declutter.pl --file test.ll --norenameintrinsics --opc shlq__0xb___rcx
Expanding _ZN12_GLOBAL__N_1L3SHLI3RnWImE2RnImE2InImEEEP6MemoryS8_R5StateT_T0_T1_...
Generatin test.mod.ll for opcode shlq__0xb___rcx ...
make[1]: Leaving directory '/home/ubuntu/Github/validating-binary-decompilation/tests/compositional_artifacts_single_instruction_decompilation/shlq__0xb___rcx'

Executing: cat /home/ubuntu/Github/validating-binary-decompilation/tests/compositional_artifacts_single_instruction_decompilation//shlq__0xb___rcx/test.mod.ll
Running artifacts...Done.
Multiple defintions of @seg_4003a0__text
Multiple defintions of @seg_400548__eh_frame
FuncCache inserted: _ZN12_GLOBAL__N_1L3SHLI3RnWImE2RnImE2InImEEEP6MemoryS8_R5StateT_T0_T1_
FuncCache inserted: routine_shlq__0xb___rcx


Decompiling instr:addq %rcx, %rax...
Instr: addq %rcx, %rax
Workdir: /home/ubuntu/Github/validating-binary-decompilation/tests/compositional_artifacts_single_instruction_decompilation//addq__rcx___rax
Generating artifacts...
Already Exists
Running artifacts...
Skip McSema run ...
Skip Declutter ...

Executing: cat /home/ubuntu/Github/validating-binary-decompilation/tests/compositional_artifacts_single_instruction_decompilation//addq__rcx___rax/test.mod.ll
Running artifacts...Done.
Multiple defintions of @seg_4003a0__text
Multiple defintions of @seg_400548__eh_frame
FuncCache inserted: _ZN12_GLOBAL__N_1L3ADDI3RnWImE2RnImES4_EEP6MemoryS6_R5StateT_T0_T1_
FuncCache inserted: routine_addq__rcx___rax


Decompiling instr:movslq -0xc(%rbp), %rcx...
Instr: movslq -0xc(%rbp), %rcx
Workdir: /home/ubuntu/Github/validating-binary-decompilation/tests/compositional_artifacts_single_instruction_decompilation//movslq_MINUS0xc__rbp____rcx
Generating artifacts...
Already Exists
Running artifacts...
Skip McSema run ...
Skip Declutter ...

Executing: cat /home/ubuntu/Github/validating-binary-decompilation/tests/compositional_artifacts_single_instruction_decompilation//movslq_MINUS0xc__rbp____rcx/test.mod.ll
Running artifacts...Done.
Multiple defintions of @seg_4003a0__text
Multiple defintions of @seg_400548__eh_frame
FuncCache skipped: _ZN12_GLOBAL__N_1L5MOVSXI3RnWImE2MnIjElEEP6MemoryS6_R5StateT_T0_
FuncCache inserted: routine_movslq_MINUS0xc__rbp____rcx


Decompiling instr:cmpl $0x0, (%rax,%rcx,4)...
Instr: cmpl $0x0, (%rax,%rcx,4)
Workdir: /home/ubuntu/Github/validating-binary-decompilation/tests/compositional_artifacts_single_instruction_decompilation//cmpl__0x0____rax__rcx_4_
Generating artifacts...
Generating artifacts... Done.
Running artifacts...
test.c:1:1: warning: return type of 'main' is not 'int' [-Wmain-return-type]
void main() {
^
test.c:1:1: note: change return type to 'int'
void main() {
^~~~
int
1 warning generated.
Generated an invalid (zero-sized) CFG. Please use the --log_file option to see an error log.
make[1]: *** [mcsema] Error 1
make[1]: *** No rule to make target 'test.ll', needed by 'declutter'.  Stop.
cat: /home/ubuntu/Github/validating-binary-decompilation/tests/compositional_artifacts_single_instruction_decompilation//cmpl__0x0____rax__rcx_4_/test.mod.ll: No such file or directory

Executing: make -C /home/ubuntu/Github/validating-binary-decompilation/tests/compositional_artifacts_single_instruction_decompilation//cmpl__0x0____rax__rcx_4_ binary
make[1]: Entering directory '/home/ubuntu/Github/validating-binary-decompilation/tests/compositional_artifacts_single_instruction_decompilation/cmpl__0x0____rax__rcx_4_'
clang -Os test.c -o test
make[1]: Leaving directory '/home/ubuntu/Github/validating-binary-decompilation/tests/compositional_artifacts_single_instruction_decompilation/cmpl__0x0____rax__rcx_4_'

Executing: make -C /home/ubuntu/Github/validating-binary-decompilation/tests/compositional_artifacts_single_instruction_decompilation//cmpl__0x0____rax__rcx_4_ mcsema
make[1]: Entering directory '/home/ubuntu/Github/validating-binary-decompilation/tests/compositional_artifacts_single_instruction_decompilation/cmpl__0x0____rax__rcx_4_'
mcsema-disass --disassembler /home/ubuntu/ida-6.95/idal64 --os linux --arch amd64_avx --output test.cfg --binary test --entrypoint main
Makefile:9: recipe for target 'mcsema' failed
make[1]: Leaving directory '/home/ubuntu/Github/validating-binary-decompilation/tests/compositional_artifacts_single_instruction_decompilation/cmpl__0x0____rax__rcx_4_'

Executing: make -C /home/ubuntu/Github/validating-binary-decompilation/tests/compositional_artifacts_single_instruction_decompilation//cmpl__0x0____rax__rcx_4_ declutter
make[1]: Entering directory '/home/ubuntu/Github/validating-binary-decompilation/tests/compositional_artifacts_single_instruction_decompilation/cmpl__0x0____rax__rcx_4_'
make[1]: Leaving directory '/home/ubuntu/Github/validating-binary-decompilation/tests/compositional_artifacts_single_instruction_decompilation/cmpl__0x0____rax__rcx_4_'

Executing: cat /home/ubuntu/Github/validating-binary-decompilation/tests/compositional_artifacts_single_instruction_decompilation//cmpl__0x0____rax__rcx_4_/test.mod.ll
Running artifacts...Done.


Decompiling instr:je .L_40074c...
Instr: je .L_40074c
Workdir: /home/ubuntu/Github/validating-binary-decompilation/tests/compositional_artifacts_single_instruction_decompilation//je_.L_40074c
Generating artifacts...
Generating artifacts... Done.
Running artifacts...
test.c:1:1: warning: return type of 'main' is not 'int' [-Wmain-return-type]
void main() {
^
test.c:1:1: note: change return type to 'int'
void main() {
^~~~
int
1 warning generated.

Executing: make -C /home/ubuntu/Github/validating-binary-decompilation/tests/compositional_artifacts_single_instruction_decompilation//je_.L_40074c binary
make[1]: Entering directory '/home/ubuntu/Github/validating-binary-decompilation/tests/compositional_artifacts_single_instruction_decompilation/je_.L_40074c'
clang -Os test.c -o test
make[1]: Leaving directory '/home/ubuntu/Github/validating-binary-decompilation/tests/compositional_artifacts_single_instruction_decompilation/je_.L_40074c'

Executing: make -C /home/ubuntu/Github/validating-binary-decompilation/tests/compositional_artifacts_single_instruction_decompilation//je_.L_40074c mcsema
make[1]: Entering directory '/home/ubuntu/Github/validating-binary-decompilation/tests/compositional_artifacts_single_instruction_decompilation/je_.L_40074c'
mcsema-disass --disassembler /home/ubuntu/ida-6.95/idal64 --os linux --arch amd64_avx --output test.cfg --binary test --entrypoint main
mcsema-lift-4.0 --os linux --arch amd64_avx --cfg test.cfg --output test.bc -disable_dead_store_elimination -disable_optimizer
llvm-dis test.bc -o test.ll
make[1]: Leaving directory '/home/ubuntu/Github/validating-binary-decompilation/tests/compositional_artifacts_single_instruction_decompilation/je_.L_40074c'

Executing: make -C /home/ubuntu/Github/validating-binary-decompilation/tests/compositional_artifacts_single_instruction_decompilation//je_.L_40074c declutter
make[1]: Entering directory '/home/ubuntu/Github/validating-binary-decompilation/tests/compositional_artifacts_single_instruction_decompilation/je_.L_40074c'
/home/ubuntu/Github/validating-binary-decompilation/tests/scripts//declutter.pl --file test.ll --norenameintrinsics --opc je_.L_40074c
Expanding _ZN12_GLOBAL__N_1L2JZEP6MemoryR5State3RnWIhE2InImES7_...
Generatin test.mod.ll for opcode je_.L_40074c ...
make[1]: Leaving directory '/home/ubuntu/Github/validating-binary-decompilation/tests/compositional_artifacts_single_instruction_decompilation/je_.L_40074c'

Executing: cat /home/ubuntu/Github/validating-binary-decompilation/tests/compositional_artifacts_single_instruction_decompilation//je_.L_40074c/test.mod.ll
Running artifacts...Done.
Multiple defintions of @seg_4003a0__text
Multiple defintions of @seg_400548__eh_frame
FuncCache inserted: _ZN12_GLOBAL__N_1L2JZEP6MemoryR5State3RnWIhE2InImES7_
FuncCache inserted: routine_je_.L_40074c


Decompiling instr:movl -0x8(%rbp), %eax...
Instr: movl -0x8(%rbp), %eax
Workdir: /home/ubuntu/Github/validating-binary-decompilation/tests/compositional_artifacts_single_instruction_decompilation//movl_MINUS0x8__rbp____eax
Generating artifacts...
Already Exists
Running artifacts...
Skip McSema run ...
Skip Declutter ...

Executing: cat /home/ubuntu/Github/validating-binary-decompilation/tests/compositional_artifacts_single_instruction_decompilation//movl_MINUS0x8__rbp____eax/test.mod.ll
Running artifacts...Done.
Multiple defintions of @seg_4003a0__text
Multiple defintions of @seg_400548__eh_frame
FuncCache skipped: _ZN12_GLOBAL__N_1L3MOVI3RnWImE2MnIjEEEP6MemoryS6_R5StateT_T0_
FuncCache inserted: routine_movl_MINUS0x8__rbp____eax


Decompiling instr:addl -0xc(%rbp), %eax...
Instr: addl -0xc(%rbp), %eax
Workdir: /home/ubuntu/Github/validating-binary-decompilation/tests/compositional_artifacts_single_instruction_decompilation//addl_MINUS0xc__rbp____eax
Generating artifacts...
Already Exists
Running artifacts...
Skip McSema run ...
Skip Declutter ...

Executing: cat /home/ubuntu/Github/validating-binary-decompilation/tests/compositional_artifacts_single_instruction_decompilation//addl_MINUS0xc__rbp____eax/test.mod.ll
Running artifacts...Done.
Multiple defintions of @seg_4003a0__text
Multiple defintions of @seg_400548__eh_frame
FuncCache inserted: _ZN12_GLOBAL__N_1L3ADDI3RnWImE2RnIjE2MnIjEEEP6MemoryS8_R5StateT_T0_T1_
FuncCache inserted: routine_addl_MINUS0xc__rbp____eax


Decompiling instr:movslq %eax, %rcx...
Instr: movslq %eax, %rcx
Workdir: /home/ubuntu/Github/validating-binary-decompilation/tests/compositional_artifacts_single_instruction_decompilation//movslq__eax___rcx
Generating artifacts...
Already Exists
Running artifacts...
Skip McSema run ...
Skip Declutter ...

Executing: cat /home/ubuntu/Github/validating-binary-decompilation/tests/compositional_artifacts_single_instruction_decompilation//movslq__eax___rcx/test.mod.ll
Running artifacts...Done.
Multiple defintions of @seg_4003a0__text
Multiple defintions of @seg_400548__eh_frame
FuncCache inserted: _ZN12_GLOBAL__N_1L5MOVSXI3RnWImE2RnIjElEEP6MemoryS6_R5StateT_T0_
FuncCache inserted: routine_movslq__eax___rcx


Decompiling instr:movl $0x0, 0x60df50(,%rcx,4)...
Instr: movl $0x0, 0x60df50(,%rcx,4)
Workdir: /home/ubuntu/Github/validating-binary-decompilation/tests/compositional_artifacts_single_instruction_decompilation//movl__0x0__0x60df50___rcx_4_
Generating artifacts...
Generating artifacts... Done.
Running artifacts...
test.c:1:1: warning: return type of 'main' is not 'int' [-Wmain-return-type]
void main() {
^
test.c:1:1: note: change return type to 'int'
void main() {
^~~~
int
1 warning generated.

Executing: make -C /home/ubuntu/Github/validating-binary-decompilation/tests/compositional_artifacts_single_instruction_decompilation//movl__0x0__0x60df50___rcx_4_ binary
make[1]: Entering directory '/home/ubuntu/Github/validating-binary-decompilation/tests/compositional_artifacts_single_instruction_decompilation/movl__0x0__0x60df50___rcx_4_'
clang -Os test.c -o test
make[1]: Leaving directory '/home/ubuntu/Github/validating-binary-decompilation/tests/compositional_artifacts_single_instruction_decompilation/movl__0x0__0x60df50___rcx_4_'

Executing: make -C /home/ubuntu/Github/validating-binary-decompilation/tests/compositional_artifacts_single_instruction_decompilation//movl__0x0__0x60df50___rcx_4_ mcsema
make[1]: Entering directory '/home/ubuntu/Github/validating-binary-decompilation/tests/compositional_artifacts_single_instruction_decompilation/movl__0x0__0x60df50___rcx_4_'
mcsema-disass --disassembler /home/ubuntu/ida-6.95/idal64 --os linux --arch amd64_avx --output test.cfg --binary test --entrypoint main
mcsema-lift-4.0 --os linux --arch amd64_avx --cfg test.cfg --output test.bc -disable_dead_store_elimination -disable_optimizer
llvm-dis test.bc -o test.ll
make[1]: Leaving directory '/home/ubuntu/Github/validating-binary-decompilation/tests/compositional_artifacts_single_instruction_decompilation/movl__0x0__0x60df50___rcx_4_'

Executing: make -C /home/ubuntu/Github/validating-binary-decompilation/tests/compositional_artifacts_single_instruction_decompilation//movl__0x0__0x60df50___rcx_4_ declutter
make[1]: Entering directory '/home/ubuntu/Github/validating-binary-decompilation/tests/compositional_artifacts_single_instruction_decompilation/movl__0x0__0x60df50___rcx_4_'
/home/ubuntu/Github/validating-binary-decompilation/tests/scripts//declutter.pl --file test.ll --norenameintrinsics --opc movl__0x0__0x60df50___rcx_4_
Expanding _ZN12_GLOBAL__N_1L3MOVI3MnWIjE2InIjEEEP6MemoryS6_R5StateT_T0_...
Generatin test.mod.ll for opcode movl__0x0__0x60df50___rcx_4_ ...
make[1]: Leaving directory '/home/ubuntu/Github/validating-binary-decompilation/tests/compositional_artifacts_single_instruction_decompilation/movl__0x0__0x60df50___rcx_4_'

Executing: cat /home/ubuntu/Github/validating-binary-decompilation/tests/compositional_artifacts_single_instruction_decompilation//movl__0x0__0x60df50___rcx_4_/test.mod.ll
Running artifacts...Done.
Multiple defintions of %seg_4003a0__text_type
Multiple defintions of @seg_4003a0__text
FuncCache skipped: _ZN12_GLOBAL__N_1L3MOVI3MnWIjE2InIjEEEP6MemoryS6_R5StateT_T0_
FuncCache inserted: routine_movl__0x0__0x60df50___rcx_4_


Decompiling instr:.L_40074c:...


Decompiling instr:jmpq .L_400751...
Instr: jmpq .L_400751
Workdir: /home/ubuntu/Github/validating-binary-decompilation/tests/compositional_artifacts_single_instruction_decompilation//jmpq_.L_400751
Generating artifacts...
Generating artifacts... Done.
Running artifacts...
test.c:1:1: warning: return type of 'main' is not 'int' [-Wmain-return-type]
void main() {
^
test.c:1:1: note: change return type to 'int'
void main() {
^~~~
int
1 warning generated.

Executing: make -C /home/ubuntu/Github/validating-binary-decompilation/tests/compositional_artifacts_single_instruction_decompilation//jmpq_.L_400751 binary
make[1]: Entering directory '/home/ubuntu/Github/validating-binary-decompilation/tests/compositional_artifacts_single_instruction_decompilation/jmpq_.L_400751'
clang -Os test.c -o test
make[1]: Leaving directory '/home/ubuntu/Github/validating-binary-decompilation/tests/compositional_artifacts_single_instruction_decompilation/jmpq_.L_400751'

Executing: make -C /home/ubuntu/Github/validating-binary-decompilation/tests/compositional_artifacts_single_instruction_decompilation//jmpq_.L_400751 mcsema
make[1]: Entering directory '/home/ubuntu/Github/validating-binary-decompilation/tests/compositional_artifacts_single_instruction_decompilation/jmpq_.L_400751'
mcsema-disass --disassembler /home/ubuntu/ida-6.95/idal64 --os linux --arch amd64_avx --output test.cfg --binary test --entrypoint main
mcsema-lift-4.0 --os linux --arch amd64_avx --cfg test.cfg --output test.bc -disable_dead_store_elimination -disable_optimizer
llvm-dis test.bc -o test.ll
make[1]: Leaving directory '/home/ubuntu/Github/validating-binary-decompilation/tests/compositional_artifacts_single_instruction_decompilation/jmpq_.L_400751'

Executing: make -C /home/ubuntu/Github/validating-binary-decompilation/tests/compositional_artifacts_single_instruction_decompilation//jmpq_.L_400751 declutter
make[1]: Entering directory '/home/ubuntu/Github/validating-binary-decompilation/tests/compositional_artifacts_single_instruction_decompilation/jmpq_.L_400751'
/home/ubuntu/Github/validating-binary-decompilation/tests/scripts//declutter.pl --file test.ll --norenameintrinsics --opc jmpq_.L_400751
Expanding _ZN12_GLOBAL__N_1L3JMPI2InImEEEP6MemoryS4_R5StateT_...
Generatin test.mod.ll for opcode jmpq_.L_400751 ...
make[1]: Leaving directory '/home/ubuntu/Github/validating-binary-decompilation/tests/compositional_artifacts_single_instruction_decompilation/jmpq_.L_400751'

Executing: cat /home/ubuntu/Github/validating-binary-decompilation/tests/compositional_artifacts_single_instruction_decompilation//jmpq_.L_400751/test.mod.ll
Running artifacts...Done.
Multiple defintions of @seg_4003a0__text
Multiple defintions of @seg_400548__eh_frame
FuncCache inserted: _ZN12_GLOBAL__N_1L3JMPI2InImEEEP6MemoryS4_R5StateT_
FuncCache inserted: routine_jmpq_.L_400751


Decompiling instr:.L_400751:...


Decompiling instr:movl -0xc(%rbp), %eax...
Instr: movl -0xc(%rbp), %eax
Workdir: /home/ubuntu/Github/validating-binary-decompilation/tests/compositional_artifacts_single_instruction_decompilation//movl_MINUS0xc__rbp____eax
Generating artifacts...
Already Exists
Running artifacts...
Skip McSema run ...
Skip Declutter ...

Executing: cat /home/ubuntu/Github/validating-binary-decompilation/tests/compositional_artifacts_single_instruction_decompilation//movl_MINUS0xc__rbp____eax/test.mod.ll
Running artifacts...Done.
Multiple defintions of @seg_4003a0__text
Multiple defintions of @seg_400548__eh_frame
FuncCache skipped: _ZN12_GLOBAL__N_1L3MOVI3RnWImE2MnIjEEEP6MemoryS6_R5StateT_T0_
FuncCache skipped: routine_movl_MINUS0xc__rbp____eax


Decompiling instr:addl $0x1, %eax...
Instr: addl $0x1, %eax
Workdir: /home/ubuntu/Github/validating-binary-decompilation/tests/compositional_artifacts_single_instruction_decompilation//addl__0x1___eax
Generating artifacts...
Already Exists
Running artifacts...
Skip McSema run ...
Skip Declutter ...

Executing: cat /home/ubuntu/Github/validating-binary-decompilation/tests/compositional_artifacts_single_instruction_decompilation//addl__0x1___eax/test.mod.ll
Running artifacts...Done.
Multiple defintions of @seg_4003a0__text
Multiple defintions of @seg_400548__eh_frame
FuncCache inserted: _ZN12_GLOBAL__N_1L3ADDI3RnWImE2RnIjE2InIjEEEP6MemoryS8_R5StateT_T0_T1_
FuncCache inserted: routine_addl__0x1___eax


Decompiling instr:movl %eax, -0xc(%rbp)...
Instr: movl %eax, -0xc(%rbp)
Workdir: /home/ubuntu/Github/validating-binary-decompilation/tests/compositional_artifacts_single_instruction_decompilation//movl__eax__MINUS0xc__rbp_
Generating artifacts...
Already Exists
Running artifacts...
Skip McSema run ...
Skip Declutter ...

Executing: cat /home/ubuntu/Github/validating-binary-decompilation/tests/compositional_artifacts_single_instruction_decompilation//movl__eax__MINUS0xc__rbp_/test.mod.ll
Running artifacts...Done.
Multiple defintions of @seg_4003a0__text
Multiple defintions of @seg_400548__eh_frame
FuncCache skipped: _ZN12_GLOBAL__N_1L3MOVI3MnWIjE2RnIjEEEP6MemoryS6_R5StateT_T0_
FuncCache inserted: routine_movl__eax__MINUS0xc__rbp_


Decompiling instr:jmpq .L_400701...
Instr: jmpq .L_400701
Workdir: /home/ubuntu/Github/validating-binary-decompilation/tests/compositional_artifacts_single_instruction_decompilation//jmpq_.L_400701
Generating artifacts...
Generating artifacts... Done.
Running artifacts...
test.c:1:1: warning: return type of 'main' is not 'int' [-Wmain-return-type]
void main() {
^
test.c:1:1: note: change return type to 'int'
void main() {
^~~~
int
1 warning generated.

Executing: make -C /home/ubuntu/Github/validating-binary-decompilation/tests/compositional_artifacts_single_instruction_decompilation//jmpq_.L_400701 binary
make[1]: Entering directory '/home/ubuntu/Github/validating-binary-decompilation/tests/compositional_artifacts_single_instruction_decompilation/jmpq_.L_400701'
clang -Os test.c -o test
make[1]: Leaving directory '/home/ubuntu/Github/validating-binary-decompilation/tests/compositional_artifacts_single_instruction_decompilation/jmpq_.L_400701'

Executing: make -C /home/ubuntu/Github/validating-binary-decompilation/tests/compositional_artifacts_single_instruction_decompilation//jmpq_.L_400701 mcsema
make[1]: Entering directory '/home/ubuntu/Github/validating-binary-decompilation/tests/compositional_artifacts_single_instruction_decompilation/jmpq_.L_400701'
mcsema-disass --disassembler /home/ubuntu/ida-6.95/idal64 --os linux --arch amd64_avx --output test.cfg --binary test --entrypoint main
mcsema-lift-4.0 --os linux --arch amd64_avx --cfg test.cfg --output test.bc -disable_dead_store_elimination -disable_optimizer
llvm-dis test.bc -o test.ll
make[1]: Leaving directory '/home/ubuntu/Github/validating-binary-decompilation/tests/compositional_artifacts_single_instruction_decompilation/jmpq_.L_400701'

Executing: make -C /home/ubuntu/Github/validating-binary-decompilation/tests/compositional_artifacts_single_instruction_decompilation//jmpq_.L_400701 declutter
make[1]: Entering directory '/home/ubuntu/Github/validating-binary-decompilation/tests/compositional_artifacts_single_instruction_decompilation/jmpq_.L_400701'
/home/ubuntu/Github/validating-binary-decompilation/tests/scripts//declutter.pl --file test.ll --norenameintrinsics --opc jmpq_.L_400701
Expanding _ZN12_GLOBAL__N_1L3JMPI2InImEEEP6MemoryS4_R5StateT_...
Generatin test.mod.ll for opcode jmpq_.L_400701 ...
make[1]: Leaving directory '/home/ubuntu/Github/validating-binary-decompilation/tests/compositional_artifacts_single_instruction_decompilation/jmpq_.L_400701'

Executing: cat /home/ubuntu/Github/validating-binary-decompilation/tests/compositional_artifacts_single_instruction_decompilation//jmpq_.L_400701/test.mod.ll
Running artifacts...Done.
Multiple defintions of @seg_4003a0__text
Multiple defintions of @seg_400548__eh_frame
FuncCache skipped: _ZN12_GLOBAL__N_1L3JMPI2InImEEEP6MemoryS4_R5StateT_
FuncCache inserted: routine_jmpq_.L_400701


Decompiling instr:.L_40075f:...


Decompiling instr:movslq -0x4(%rbp), %rax...
Instr: movslq -0x4(%rbp), %rax
Workdir: /home/ubuntu/Github/validating-binary-decompilation/tests/compositional_artifacts_single_instruction_decompilation//movslq_MINUS0x4__rbp____rax
Generating artifacts...
Already Exists
Running artifacts...
Skip McSema run ...
Skip Declutter ...

Executing: cat /home/ubuntu/Github/validating-binary-decompilation/tests/compositional_artifacts_single_instruction_decompilation//movslq_MINUS0x4__rbp____rax/test.mod.ll
Running artifacts...Done.
Multiple defintions of @seg_4003a0__text
Multiple defintions of @seg_400548__eh_frame
FuncCache skipped: _ZN12_GLOBAL__N_1L5MOVSXI3RnWImE2MnIjElEEP6MemoryS6_R5StateT_T0_
FuncCache inserted: routine_movslq_MINUS0x4__rbp____rax


Decompiling instr:movslq 0x6191f0(,%rax,4), %rax...
Instr: movslq 0x6191f0(,%rax,4), %rax
Workdir: /home/ubuntu/Github/validating-binary-decompilation/tests/compositional_artifacts_single_instruction_decompilation//movslq_0x6191f0___rax_4____rax
Generating artifacts...
Already Exists
Running artifacts...
Skip McSema run ...
Skip Declutter ...

Executing: cat /home/ubuntu/Github/validating-binary-decompilation/tests/compositional_artifacts_single_instruction_decompilation//movslq_0x6191f0___rax_4____rax/test.mod.ll
Running artifacts...Done.
Multiple defintions of %seg_4003a0__text_type
Multiple defintions of @seg_4003a0__text
Multiple defintions of @seg_400558__eh_frame
FuncCache skipped: _ZN12_GLOBAL__N_1L5MOVSXI3RnWImE2MnIjElEEP6MemoryS6_R5StateT_T0_
FuncCache inserted: routine_movslq_0x6191f0___rax_4____rax


Decompiling instr:movl 0x6191e0(,%rax,4), %ecx...
Instr: movl 0x6191e0(,%rax,4), %ecx
Workdir: /home/ubuntu/Github/validating-binary-decompilation/tests/compositional_artifacts_single_instruction_decompilation//movl_0x6191e0___rax_4____ecx
Generating artifacts...
Already Exists
Running artifacts...
test.c:1:1: warning: return type of 'main' is not 'int' [-Wmain-return-type]
void main() {
^
test.c:1:1: note: change return type to 'int'
void main() {
^~~~
int
1 warning generated.

Executing: make -C /home/ubuntu/Github/validating-binary-decompilation/tests/compositional_artifacts_single_instruction_decompilation//movl_0x6191e0___rax_4____ecx binary
make[1]: Entering directory '/home/ubuntu/Github/validating-binary-decompilation/tests/compositional_artifacts_single_instruction_decompilation/movl_0x6191e0___rax_4____ecx'
clang -Os test.c -o test
make[1]: Leaving directory '/home/ubuntu/Github/validating-binary-decompilation/tests/compositional_artifacts_single_instruction_decompilation/movl_0x6191e0___rax_4____ecx'

Executing: make -C /home/ubuntu/Github/validating-binary-decompilation/tests/compositional_artifacts_single_instruction_decompilation//movl_0x6191e0___rax_4____ecx mcsema
make[1]: Entering directory '/home/ubuntu/Github/validating-binary-decompilation/tests/compositional_artifacts_single_instruction_decompilation/movl_0x6191e0___rax_4____ecx'
mcsema-disass --disassembler /home/ubuntu/ida-6.95/idal64 --os linux --arch amd64_avx --output test.cfg --binary test --entrypoint main
mcsema-lift-4.0 --os linux --arch amd64_avx --cfg test.cfg --output test.bc -disable_dead_store_elimination -disable_optimizer
llvm-dis test.bc -o test.ll
make[1]: Leaving directory '/home/ubuntu/Github/validating-binary-decompilation/tests/compositional_artifacts_single_instruction_decompilation/movl_0x6191e0___rax_4____ecx'

Executing: make -C /home/ubuntu/Github/validating-binary-decompilation/tests/compositional_artifacts_single_instruction_decompilation//movl_0x6191e0___rax_4____ecx declutter
make[1]: Entering directory '/home/ubuntu/Github/validating-binary-decompilation/tests/compositional_artifacts_single_instruction_decompilation/movl_0x6191e0___rax_4____ecx'
/home/ubuntu/Github/validating-binary-decompilation/tests/scripts//declutter.pl --file test.ll --norenameintrinsics --opc movl_0x6191e0___rax_4____ecx
Expanding _ZN12_GLOBAL__N_1L3MOVI3RnWImE2MnIjEEEP6MemoryS6_R5StateT_T0_...
Generatin test.mod.ll for opcode movl_0x6191e0___rax_4____ecx ...
make[1]: Leaving directory '/home/ubuntu/Github/validating-binary-decompilation/tests/compositional_artifacts_single_instruction_decompilation/movl_0x6191e0___rax_4____ecx'

Executing: cat /home/ubuntu/Github/validating-binary-decompilation/tests/compositional_artifacts_single_instruction_decompilation//movl_0x6191e0___rax_4____ecx/test.mod.ll
Running artifacts...Done.
Multiple defintions of @seg_4003a0__text
Multiple defintions of @seg_400548__eh_frame
FuncCache skipped: _ZN12_GLOBAL__N_1L3MOVI3RnWImE2MnIjEEEP6MemoryS6_R5StateT_T0_
FuncCache inserted: routine_movl_0x6191e0___rax_4____ecx


Decompiling instr:addl $0x1, %ecx...
Instr: addl $0x1, %ecx
Workdir: /home/ubuntu/Github/validating-binary-decompilation/tests/compositional_artifacts_single_instruction_decompilation//addl__0x1___ecx
Generating artifacts...
Already Exists
Running artifacts...
Skip McSema run ...
Skip Declutter ...

Executing: cat /home/ubuntu/Github/validating-binary-decompilation/tests/compositional_artifacts_single_instruction_decompilation//addl__0x1___ecx/test.mod.ll
Running artifacts...Done.
Multiple defintions of @seg_4003a0__text
Multiple defintions of @seg_400548__eh_frame
FuncCache skipped: _ZN12_GLOBAL__N_1L3ADDI3RnWImE2RnIjE2InIjEEEP6MemoryS8_R5StateT_T0_T1_
FuncCache inserted: routine_addl__0x1___ecx


Decompiling instr:movslq -0x4(%rbp), %rax...
Instr: movslq -0x4(%rbp), %rax
Workdir: /home/ubuntu/Github/validating-binary-decompilation/tests/compositional_artifacts_single_instruction_decompilation//movslq_MINUS0x4__rbp____rax
Generating artifacts...
Already Exists
Running artifacts...
Skip McSema run ...
Skip Declutter ...

Executing: cat /home/ubuntu/Github/validating-binary-decompilation/tests/compositional_artifacts_single_instruction_decompilation//movslq_MINUS0x4__rbp____rax/test.mod.ll
Running artifacts...Done.
Multiple defintions of @seg_4003a0__text
Multiple defintions of @seg_400548__eh_frame
FuncCache skipped: _ZN12_GLOBAL__N_1L5MOVSXI3RnWImE2MnIjElEEP6MemoryS6_R5StateT_T0_
FuncCache skipped: routine_movslq_MINUS0x4__rbp____rax


Decompiling instr:movslq 0x6191f0(,%rax,4), %rax...
Instr: movslq 0x6191f0(,%rax,4), %rax
Workdir: /home/ubuntu/Github/validating-binary-decompilation/tests/compositional_artifacts_single_instruction_decompilation//movslq_0x6191f0___rax_4____rax
Generating artifacts...
Already Exists
Running artifacts...
Skip McSema run ...
Skip Declutter ...

Executing: cat /home/ubuntu/Github/validating-binary-decompilation/tests/compositional_artifacts_single_instruction_decompilation//movslq_0x6191f0___rax_4____rax/test.mod.ll
Running artifacts...Done.
Multiple defintions of %seg_4003a0__text_type
Multiple defintions of @seg_4003a0__text
Multiple defintions of @seg_400558__eh_frame
FuncCache skipped: _ZN12_GLOBAL__N_1L5MOVSXI3RnWImE2MnIjElEEP6MemoryS6_R5StateT_T0_
FuncCache skipped: routine_movslq_0x6191f0___rax_4____rax


Decompiling instr:movl %ecx, 0x6191e0(,%rax,4)...
Instr: movl %ecx, 0x6191e0(,%rax,4)
Workdir: /home/ubuntu/Github/validating-binary-decompilation/tests/compositional_artifacts_single_instruction_decompilation//movl__ecx__0x6191e0___rax_4_
Generating artifacts...
Already Exists
Running artifacts...
test.c:1:1: warning: return type of 'main' is not 'int' [-Wmain-return-type]
void main() {
^
test.c:1:1: note: change return type to 'int'
void main() {
^~~~
int
1 warning generated.

Executing: make -C /home/ubuntu/Github/validating-binary-decompilation/tests/compositional_artifacts_single_instruction_decompilation//movl__ecx__0x6191e0___rax_4_ binary
make[1]: Entering directory '/home/ubuntu/Github/validating-binary-decompilation/tests/compositional_artifacts_single_instruction_decompilation/movl__ecx__0x6191e0___rax_4_'
clang -Os test.c -o test
make[1]: Leaving directory '/home/ubuntu/Github/validating-binary-decompilation/tests/compositional_artifacts_single_instruction_decompilation/movl__ecx__0x6191e0___rax_4_'

Executing: make -C /home/ubuntu/Github/validating-binary-decompilation/tests/compositional_artifacts_single_instruction_decompilation//movl__ecx__0x6191e0___rax_4_ mcsema
make[1]: Entering directory '/home/ubuntu/Github/validating-binary-decompilation/tests/compositional_artifacts_single_instruction_decompilation/movl__ecx__0x6191e0___rax_4_'
mcsema-disass --disassembler /home/ubuntu/ida-6.95/idal64 --os linux --arch amd64_avx --output test.cfg --binary test --entrypoint main
mcsema-lift-4.0 --os linux --arch amd64_avx --cfg test.cfg --output test.bc -disable_dead_store_elimination -disable_optimizer
llvm-dis test.bc -o test.ll
make[1]: Leaving directory '/home/ubuntu/Github/validating-binary-decompilation/tests/compositional_artifacts_single_instruction_decompilation/movl__ecx__0x6191e0___rax_4_'

Executing: make -C /home/ubuntu/Github/validating-binary-decompilation/tests/compositional_artifacts_single_instruction_decompilation//movl__ecx__0x6191e0___rax_4_ declutter
make[1]: Entering directory '/home/ubuntu/Github/validating-binary-decompilation/tests/compositional_artifacts_single_instruction_decompilation/movl__ecx__0x6191e0___rax_4_'
/home/ubuntu/Github/validating-binary-decompilation/tests/scripts//declutter.pl --file test.ll --norenameintrinsics --opc movl__ecx__0x6191e0___rax_4_
Expanding _ZN12_GLOBAL__N_1L3MOVI3MnWIjE2RnIjEEEP6MemoryS6_R5StateT_T0_...
Generatin test.mod.ll for opcode movl__ecx__0x6191e0___rax_4_ ...
make[1]: Leaving directory '/home/ubuntu/Github/validating-binary-decompilation/tests/compositional_artifacts_single_instruction_decompilation/movl__ecx__0x6191e0___rax_4_'

Executing: cat /home/ubuntu/Github/validating-binary-decompilation/tests/compositional_artifacts_single_instruction_decompilation//movl__ecx__0x6191e0___rax_4_/test.mod.ll
Running artifacts...Done.
Multiple defintions of @seg_4003a0__text
Multiple defintions of @seg_400548__eh_frame
FuncCache skipped: _ZN12_GLOBAL__N_1L3MOVI3MnWIjE2RnIjEEEP6MemoryS6_R5StateT_T0_
FuncCache inserted: routine_movl__ecx__0x6191e0___rax_4_


Decompiling instr:popq %rbp...
Instr: popq %rbp
Workdir: /home/ubuntu/Github/validating-binary-decompilation/tests/compositional_artifacts_single_instruction_decompilation//popq__rbp
Generating artifacts...
Already Exists
Running artifacts...
Skip McSema run ...
Skip Declutter ...

Executing: cat /home/ubuntu/Github/validating-binary-decompilation/tests/compositional_artifacts_single_instruction_decompilation//popq__rbp/test.mod.ll
Running artifacts...Done.
Multiple defintions of @seg_4003a0__text
FuncCache inserted: _ZN12_GLOBAL__N_1L3POPI3RnWImEEEP6MemoryS4_R5StateT_
FuncCache inserted: routine_popq__rbp


Decompiling instr:retq...
Instr: retq
Workdir: /home/ubuntu/Github/validating-binary-decompilation/tests/compositional_artifacts_single_instruction_decompilation//retq
Generating artifacts...
Already Exists
Running artifacts...
Skip McSema run ...
Skip Declutter ...

Executing: cat /home/ubuntu/Github/validating-binary-decompilation/tests/compositional_artifacts_single_instruction_decompilation//retq/test.mod.ll
Running artifacts...Done.
Multiple defintions of @seg_4003a0__text
FuncCache inserted: _ZN12_GLOBAL__N_1L3RETEP6MemoryR5State
FuncCache inserted: routine_retq
Decompiling Function: Remove Done.



Writing to mcsema/test.proposed.ll ...
Decompiling: Done.

