Disassembling ../binary/test.reloc
Disassembled output
  .text
  .globl primal_start_artificial
  .type primal_start_artificial, @function

#! file-offset 0x33a0
#! rip-offset  0x4033a0
#! capacity    538 bytes

# Text                              #  Line  RIP       Bytes  Opcode              Target                
.primal_start_artificial:           #        0x4033a0  0      OPC=<label>         18446744073709551615  
  pushq %rbp                        #  1     0x4033a0  1      OPC=pushq_r64_1     18446744073709551615  
  movq %rsp, %rbp                   #  2     0x4033a1  3      OPC=movq_r64_r64    18446744073709551615  
  movq %rdi, -0x8(%rbp)             #  3     0x4033a4  4      OPC=movq_m64_r64    18446744073709551615  
  movq -0x8(%rbp), %rdi             #  4     0x4033a8  4      OPC=movq_r64_m64    18446744073709551615  
  movq 0x228(%rdi), %rdi            #  5     0x4033ac  7      OPC=movq_r64_m64    18446744073709551615  
  movq %rdi, -0x10(%rbp)            #  6     0x4033b3  4      OPC=movq_m64_r64    18446744073709551615  
  movq %rdi, -0x18(%rbp)            #  7     0x4033b7  4      OPC=movq_m64_r64    18446744073709551615  
  movq -0x10(%rbp), %rdi            #  8     0x4033bb  4      OPC=movq_r64_m64    18446744073709551615  
  addq $0x68, %rdi                  #  9     0x4033bf  4      OPC=addq_r64_imm8   18446744073709551615  
  movq %rdi, -0x10(%rbp)            #  10    0x4033c3  4      OPC=movq_m64_r64    18446744073709551615  
  movq -0x18(%rbp), %rdi            #  11    0x4033c7  4      OPC=movq_r64_m64    18446744073709551615  
  movq $0x0, 0x30(%rdi)             #  12    0x4033cb  8      OPC=movq_m64_imm32  18446744073709551615  
  movq -0x18(%rbp), %rdi            #  13    0x4033d3  4      OPC=movq_r64_m64    18446744073709551615  
  movq $0x0, 0x18(%rdi)             #  14    0x4033d7  8      OPC=movq_m64_imm32  18446744073709551615  
  movq -0x10(%rbp), %rdi            #  15    0x4033df  4      OPC=movq_r64_m64    18446744073709551615  
  movq -0x18(%rbp), %rax            #  16    0x4033e3  4      OPC=movq_r64_m64    18446744073709551615  
  movq %rdi, 0x10(%rax)             #  17    0x4033e7  4      OPC=movq_m64_r64    18446744073709551615  
  movq -0x18(%rbp), %rax            #  18    0x4033eb  4      OPC=movq_r64_m64    18446744073709551615  
  movq $0x0, 0x20(%rax)             #  19    0x4033ef  8      OPC=movq_m64_imm32  18446744073709551615  
  movq -0x18(%rbp), %rax            #  20    0x4033f7  4      OPC=movq_r64_m64    18446744073709551615  
  movq $0x0, 0x28(%rax)             #  21    0x4033fb  8      OPC=movq_m64_imm32  18446744073709551615  
  movq -0x8(%rbp), %rax             #  22    0x403403  4      OPC=movq_r64_m64    18446744073709551615  
  movq 0x190(%rax), %rax            #  23    0x403407  7      OPC=movq_r64_m64    18446744073709551615  
  addq $0x1, %rax                   #  24    0x40340e  4      OPC=addq_r64_imm8   18446744073709551615  
  movq -0x18(%rbp), %rdi            #  25    0x403412  4      OPC=movq_r64_m64    18446744073709551615  
  movq %rax, 0x58(%rdi)             #  26    0x403416  4      OPC=movq_m64_r64    18446744073709551615  
  movq -0x18(%rbp), %rax            #  27    0x40341a  4      OPC=movq_r64_m64    18446744073709551615  
  movl $0x0, 0x8(%rax)              #  28    0x40341e  7      OPC=movl_m32_imm32  18446744073709551615  
  movq -0x18(%rbp), %rax            #  29    0x403425  4      OPC=movq_r64_m64    18446744073709551615  
  movq $0xfffffffffa0a1f00, (%rax)  #  30    0x403429  7      OPC=movq_m64_imm32  18446744073709551615  
  movq -0x18(%rbp), %rax            #  31    0x403430  4      OPC=movq_r64_m64    18446744073709551615  
  movq $0x0, 0x50(%rax)             #  32    0x403434  8      OPC=movq_m64_imm32  18446744073709551615  
  movq -0x8(%rbp), %rax             #  33    0x40343c  4      OPC=movq_r64_m64    18446744073709551615  
  movq 0x240(%rax), %rax            #  34    0x403440  7      OPC=movq_r64_m64    18446744073709551615  
  movq %rax, -0x28(%rbp)            #  35    0x403447  4      OPC=movq_m64_r64    18446744073709551615  
  movq -0x8(%rbp), %rax             #  36    0x40344b  4      OPC=movq_r64_m64    18446744073709551615  
  movq 0x238(%rax), %rax            #  37    0x40344f  7      OPC=movq_r64_m64    18446744073709551615  
  movq %rax, -0x20(%rbp)            #  38    0x403456  4      OPC=movq_m64_r64    18446744073709551615  
.L_40345a:                          #        0x40345a  0      OPC=<label>         18446744073709551615  
  movq -0x20(%rbp), %rax            #  39    0x40345a  4      OPC=movq_r64_m64    18446744073709551615  
  movq -0x28(%rbp), %rcx            #  40    0x40345e  4      OPC=movq_r64_m64    18446744073709551615  
  cmpq %rcx, %rax                   #  41    0x403462  3      OPC=cmpq_r64_r64    18446744073709551615  
  je .L_40349a                      #  42    0x403465  6      OPC=je_label_1      4207770               
  movq -0x20(%rbp), %rax            #  43    0x40346b  4      OPC=movq_r64_m64    18446744073709551615  
  cmpl $0xffffffff, 0x18(%rax)      #  44    0x40346f  4      OPC=cmpl_m32_imm8   18446744073709551615  
  je .L_403484                      #  45    0x403473  6      OPC=je_label_1      4207748               
  movq -0x20(%rbp), %rax            #  46    0x403479  4      OPC=movq_r64_m64    18446744073709551615  
  movl $0x1, 0x18(%rax)             #  47    0x40347d  7      OPC=movl_m32_imm32  18446744073709551615  
.L_403484:                          #        0x403484  0      OPC=<label>         18446744073709551615  
  jmpq .L_403489                    #  48    0x403484  5      OPC=jmpq_label_1    4207753               
.L_403489:                          #        0x403489  0      OPC=<label>         18446744073709551615  
  movq -0x20(%rbp), %rax            #  49    0x403489  4      OPC=movq_r64_m64    18446744073709551615  
  addq $0x40, %rax                  #  50    0x40348d  4      OPC=addq_r64_imm8   18446744073709551615  
  movq %rax, -0x20(%rbp)            #  51    0x403491  4      OPC=movq_m64_r64    18446744073709551615  
  jmpq .L_40345a                    #  52    0x403495  5      OPC=jmpq_label_1    4207706               
.L_40349a:                          #        0x40349a  0      OPC=<label>         18446744073709551615  
  movq -0x8(%rbp), %rax             #  53    0x40349a  4      OPC=movq_r64_m64    18446744073709551615  
  movq 0x248(%rax), %rax            #  54    0x40349e  7      OPC=movq_r64_m64    18446744073709551615  
  movq %rax, -0x20(%rbp)            #  55    0x4034a5  4      OPC=movq_m64_r64    18446744073709551615  
  movq -0x8(%rbp), %rax             #  56    0x4034a9  4      OPC=movq_r64_m64    18446744073709551615  
  movq 0x230(%rax), %rax            #  57    0x4034ad  7      OPC=movq_r64_m64    18446744073709551615  
  movq %rax, -0x28(%rbp)            #  58    0x4034b4  4      OPC=movq_m64_r64    18446744073709551615  
.L_4034b8:                          #        0x4034b8  0      OPC=<label>         18446744073709551615  
  movq -0x10(%rbp), %rax            #  59    0x4034b8  4      OPC=movq_r64_m64    18446744073709551615  
  movq -0x28(%rbp), %rcx            #  60    0x4034bc  4      OPC=movq_r64_m64    18446744073709551615  
  cmpq %rcx, %rax                   #  61    0x4034c0  3      OPC=cmpq_r64_r64    18446744073709551615  
  je .L_403586                      #  62    0x4034c3  6      OPC=je_label_1      4208006               
  movq -0x20(%rbp), %rax            #  63    0x4034c9  4      OPC=movq_r64_m64    18446744073709551615  
  movq -0x10(%rbp), %rcx            #  64    0x4034cd  4      OPC=movq_r64_m64    18446744073709551615  
  movq %rax, 0x30(%rcx)             #  65    0x4034d1  4      OPC=movq_m64_r64    18446744073709551615  
  movq -0x18(%rbp), %rax            #  66    0x4034d5  4      OPC=movq_r64_m64    18446744073709551615  
  movq -0x10(%rbp), %rcx            #  67    0x4034d9  4      OPC=movq_r64_m64    18446744073709551615  
  movq %rax, 0x18(%rcx)             #  68    0x4034dd  4      OPC=movq_m64_r64    18446744073709551615  
  movq -0x10(%rbp), %rax            #  69    0x4034e1  4      OPC=movq_r64_m64    18446744073709551615  
  movq $0x0, 0x10(%rax)             #  70    0x4034e5  8      OPC=movq_m64_imm32  18446744073709551615  
  movq -0x10(%rbp), %rax            #  71    0x4034ed  4      OPC=movq_r64_m64    18446744073709551615  
  addq $0x68, %rax                  #  72    0x4034f1  4      OPC=addq_r64_imm8   18446744073709551615  
  movq -0x10(%rbp), %rcx            #  73    0x4034f5  4      OPC=movq_r64_m64    18446744073709551615  
  movq %rax, 0x20(%rcx)             #  74    0x4034f9  4      OPC=movq_m64_r64    18446744073709551615  
  movq -0x10(%rbp), %rax            #  75    0x4034fd  4      OPC=movq_r64_m64    18446744073709551615  
  addq $0xffffff98, %rax            #  76    0x403501  4      OPC=addq_r64_imm8   18446744073709551615  
  movq -0x10(%rbp), %rcx            #  77    0x403505  4      OPC=movq_r64_m64    18446744073709551615  
  movq %rax, 0x28(%rcx)             #  78    0x403509  4      OPC=movq_m64_r64    18446744073709551615  
  movq -0x10(%rbp), %rax            #  79    0x40350d  4      OPC=movq_r64_m64    18446744073709551615  
  movq $0x1, 0x58(%rax)             #  80    0x403511  8      OPC=movq_m64_imm32  18446744073709551615  
  movq -0x20(%rbp), %rax            #  81    0x403519  4      OPC=movq_r64_m64    18446744073709551615  
  movq $0x5f5e100, (%rax)           #  82    0x40351d  7      OPC=movq_m64_imm32  18446744073709551615  
  movq -0x20(%rbp), %rax            #  83    0x403524  4      OPC=movq_r64_m64    18446744073709551615  
  movl $0x0, 0x18(%rax)             #  84    0x403528  7      OPC=movl_m32_imm32  18446744073709551615  
  movq -0x10(%rbp), %rax            #  85    0x40352f  4      OPC=movq_r64_m64    18446744073709551615  
  movl $0x1, 0x8(%rax)              #  86    0x403533  7      OPC=movl_m32_imm32  18446744073709551615  
  movq -0x10(%rbp), %rax            #  87    0x40353a  4      OPC=movq_r64_m64    18446744073709551615  
  movq $0x0, (%rax)                 #  88    0x40353e  7      OPC=movq_m64_imm32  18446744073709551615  
  movq -0x10(%rbp), %rax            #  89    0x403545  4      OPC=movq_r64_m64    18446744073709551615  
  movq -0x20(%rbp), %rcx            #  90    0x403549  4      OPC=movq_r64_m64    18446744073709551615  
  movq %rax, 0x8(%rcx)              #  91    0x40354d  4      OPC=movq_m64_r64    18446744073709551615  
  movq -0x18(%rbp), %rax            #  92    0x403551  4      OPC=movq_r64_m64    18446744073709551615  
  movq -0x20(%rbp), %rcx            #  93    0x403555  4      OPC=movq_r64_m64    18446744073709551615  
  movq %rax, 0x10(%rcx)             #  94    0x403559  4      OPC=movq_m64_r64    18446744073709551615  
  movq -0x10(%rbp), %rax            #  95    0x40355d  4      OPC=movq_r64_m64    18446744073709551615  
  movq $0x0, 0x50(%rax)             #  96    0x403561  8      OPC=movq_m64_imm32  18446744073709551615  
  movq -0x20(%rbp), %rax            #  97    0x403569  4      OPC=movq_r64_m64    18446744073709551615  
  addq $0x40, %rax                  #  98    0x40356d  4      OPC=addq_r64_imm8   18446744073709551615  
  movq %rax, -0x20(%rbp)            #  99    0x403571  4      OPC=movq_m64_r64    18446744073709551615  
  movq -0x10(%rbp), %rax            #  100   0x403575  4      OPC=movq_r64_m64    18446744073709551615  
  addq $0x68, %rax                  #  101   0x403579  4      OPC=addq_r64_imm8   18446744073709551615  
  movq %rax, -0x10(%rbp)            #  102   0x40357d  4      OPC=movq_m64_r64    18446744073709551615  
  jmpq .L_4034b8                    #  103   0x403581  5      OPC=jmpq_label_1    4207800               
.L_403586:                          #        0x403586  0      OPC=<label>         18446744073709551615  
  xorl %eax, %eax                   #  104   0x403586  2      OPC=xorl_r32_r32    18446744073709551615  
  movq -0x10(%rbp), %rcx            #  105   0x403588  4      OPC=movq_r64_m64    18446744073709551615  
  addq $0xffffff98, %rcx            #  106   0x40358c  4      OPC=addq_r64_imm8   18446744073709551615  
  movq %rcx, -0x10(%rbp)            #  107   0x403590  4      OPC=movq_m64_r64    18446744073709551615  
  movq -0x18(%rbp), %rcx            #  108   0x403594  4      OPC=movq_r64_m64    18446744073709551615  
  addq $0x68, %rcx                  #  109   0x403598  4      OPC=addq_r64_imm8   18446744073709551615  
  movq %rcx, -0x18(%rbp)            #  110   0x40359c  4      OPC=movq_m64_r64    18446744073709551615  
  movq -0x10(%rbp), %rcx            #  111   0x4035a0  4      OPC=movq_r64_m64    18446744073709551615  
  movq $0x0, 0x20(%rcx)             #  112   0x4035a4  8      OPC=movq_m64_imm32  18446744073709551615  
  movq -0x18(%rbp), %rcx            #  113   0x4035ac  4      OPC=movq_r64_m64    18446744073709551615  
  movq $0x0, 0x28(%rcx)             #  114   0x4035b0  8      OPC=movq_m64_imm32  18446744073709551615  
  popq %rbp                         #  115   0x4035b8  1      OPC=popq_r64_1      18446744073709551615  
  retq                              #  116   0x4035b9  1      OPC=retq            18446744073709551615  
                                                                                                        
.size primal_start_artificial, .-primal_start_artificial
Disassembling Done.


Decompiling mcsema/test.proposed.ll
Computing Label PC values ...
.L_403586->4208006
.L_4034b8->4207800
.L_40345a->4207706
.L_40349a->4207770
.L_403484->4207748
.primal_start_artificial->4207520
.L_403489->4207753

Computing Label PC values: Done.


Executing: cat ${HOME}/Github/validating-binary-decompilation/source/libs/compositional-decompiler/data/mcsema_template.txt
declare %struct.Memory* @__remill_error(%struct.State* dereferenceable(3376), i64, %struct.Memory*)
declare i32 @__remill_fpu_exception_test_and_clear(i32, i32)
declare void @llvm.lifetime.start(i64, i8* nocapture)
declare void @llvm.lifetime.end(i64, i8* nocapture)
declare i32 @llvm.ctpop.i32(i32)
declare i32 @llvm.bswap.i32(i32)
declare i64 @llvm.bswap.i64(i64)
declare i32 @llvm.cttz.i32(i32, i1)
declare i64 @llvm.cttz.i64(i64, i1)
declare i32 @llvm.ctlz.i32(i32, i1)
declare i64 @llvm.ctlz.i64(i64, i1)
declare void @llvm.memcpy.p0i8.p0i8.i64(i8* nocapture writeonly, i8* nocapture readonly, i64, i32, i1)
declare double @llvm.nearbyint.f64(double)
declare double @llvm.fabs.f64(double)
declare <4 x double> @llvm.nearbyint.v4f64(<4 x double>)
declare <4 x double> @llvm.fabs.v4f64(<4 x double>)
declare double @llvm.trunc.f64(double)
declare <4 x double> @llvm.trunc.v4f64(<4 x double>)
declare float @llvm.nearbyint.f32(float)
declare float @llvm.fabs.f32(float)
declare <4 x float> @llvm.nearbyint.v4f32(<4 x float>)
declare <4 x float> @llvm.fabs.v4f32(<4 x float>)
declare float @llvm.trunc.f32(float)
declare <4 x float> @llvm.trunc.v4f32(<4 x float>)
declare void @llvm.memset.p0i8.i64(i8* nocapture writeonly, i8, i64, i32, i1)

; Buiitins  
declare double @atan(double) local_unnamed_addr #9
declare double @cos(double) local_unnamed_addr #9
declare double @sin(double) local_unnamed_addr #9
declare double @sqrt(double) local_unnamed_addr #9
declare double @tan(double) local_unnamed_addr #9
declare extern_weak x86_64_sysvcc i64 @abort() #18
declare extern_weak x86_64_sysvcc i64 @abs(i64) #18
declare extern_weak x86_64_sysvcc i64 @asin(i64) #18
declare extern_weak x86_64_sysvcc i64 @atof(i64) #18
declare extern_weak x86_64_sysvcc i64 @atoi(i64) #18
declare extern_weak x86_64_sysvcc i64 @atol(i64) #18
declare extern_weak x86_64_sysvcc i64 @calloc(i64, i64) #18
declare extern_weak x86_64_sysvcc i64 @clock() #18
declare extern_weak x86_64_sysvcc i64 @cosf(i64) #18
declare extern_weak x86_64_sysvcc i64 @exit(i64) #18
declare extern_weak x86_64_sysvcc i64 @exp(i64) #18
declare extern_weak x86_64_sysvcc i64 @fflush(i64) #18
declare extern_weak x86_64_sysvcc i64 @floor(i64) #18
declare extern_weak x86_64_sysvcc i64 @fprintf(i64, i64, i64, i64, i64, i64, i64, i64, i64, i64, i64, i64, i64, i64, i64, i64) #18
declare extern_weak x86_64_sysvcc i64 @fputs(i64, i64) #18
declare extern_weak x86_64_sysvcc i64 @free(i64) #18
declare extern_weak x86_64_sysvcc i64 @fwrite(i64, i64, i64, i64) #18
declare extern_weak x86_64_sysvcc i64 @getchar() #18
declare extern_weak x86_64_sysvcc i64 @gettimeofday(i64, i64) #18
declare extern_weak x86_64_sysvcc i64 @__isoc99_fscanf(i64, i64, i64, i64, i64, i64, i64, i64, i64, i64, i64, i64, i64, i64, i64, i64) #18
declare extern_weak x86_64_sysvcc i64 @__isoc99_scanf(i64, i64, i64, i64, i64, i64, i64, i64, i64, i64, i64, i64, i64, i64, i64, i64) #18
declare extern_weak x86_64_sysvcc i64 @__isoc99_sscanf(i64, i64, i64, i64, i64, i64, i64, i64, i64, i64, i64, i64, i64, i64, i64, i64) #18
declare extern_weak x86_64_sysvcc i64 @log(i64) #18
declare extern_weak x86_64_sysvcc i64 @lrand48() #18
declare extern_weak x86_64_sysvcc i64 @malloc(i64) #18
declare extern_weak x86_64_sysvcc i64 @memalign(i64, i64) #18
declare extern_weak x86_64_sysvcc i64 @memcpy(i64, i64, i64) #18
declare extern_weak x86_64_sysvcc i64 @memset(i64, i64, i64) #18
declare extern_weak x86_64_sysvcc i64 @perror(i64) #18
declare extern_weak x86_64_sysvcc i64 @posix_memalign(i64, i64, i64) #18
declare extern_weak x86_64_sysvcc i64 @pow(i64, i64) #18
declare extern_weak x86_64_sysvcc i64 @printf(i64, i64, i64, i64, i64, i64, i64, i64, i64, i64, i64, i64, i64, i64, i64, i64) #18
declare extern_weak x86_64_sysvcc i64 @putchar(i64) #18
declare extern_weak x86_64_sysvcc i64 @puts(i64) #18
declare extern_weak x86_64_sysvcc i64 @rand() #18
declare extern_weak x86_64_sysvcc i64 @random() #18
declare extern_weak x86_64_sysvcc i64 @realloc(i64, i64) #18
declare extern_weak x86_64_sysvcc i64 @seed48(i64) #18
declare extern_weak x86_64_sysvcc i64 @sinf(i64) #18
declare extern_weak x86_64_sysvcc i64 @sprintf(i64, i64, i64, i64, i64, i64, i64, i64, i64, i64, i64, i64, i64, i64, i64, i64) #18
declare extern_weak x86_64_sysvcc i64 @srand(i64) #18
declare extern_weak x86_64_sysvcc i64 @strcat(i64, i64) #18
declare extern_weak x86_64_sysvcc i64 @strcmp(i64, i64) #18
declare extern_weak x86_64_sysvcc i64 @strcpy(i64, i64) #18
declare extern_weak x86_64_sysvcc i64 @strdup(i64) #18
declare extern_weak x86_64_sysvcc i64 @strlen(i64) #18
declare extern_weak x86_64_sysvcc i64 @strncmp(i64, i64, i64) #18
declare extern_weak x86_64_sysvcc i64 @strtoll(i64, i64, i64) #18
declare extern_weak x86_64_sysvcc i64 @time(i64) #18
declare extern_weak x86_64_sysvcc i64 @ungetc(i64, i64) #18
declare extern_weak x86_64_sysvcc i64 @pthread_join(i64, i64) #18
declare extern_weak x86_64_sysvcc i64 @pthread_create(i64, i64, i64, i64) #18

declare %struct.Memory* @__remill_function_call(%struct.State* dereferenceable(3376), i64, %struct.Memory*)

define internal %struct.Memory* @ext_pthread_create(%struct.State*, i64, %struct.Memory*) #18 {
  %4 = call %struct.Memory* @__remill_function_call(%struct.State* %0, i64 ptrtoint (i64 (i64, i64, i64, i64)* @pthread_create to i64), %struct.Memory* %2)
  ret %struct.Memory* %4
}

define internal %struct.Memory* @ext_pthread_join(%struct.State*, i64, %struct.Memory*) #18 {
  %4 = call %struct.Memory* @__remill_function_call(%struct.State* %0, i64 ptrtoint (i64 (i64, i64)* @pthread_join to i64), %struct.Memory* %2)
  ret %struct.Memory* %4
}

define internal %struct.Memory* @ext_gettimeofday(%struct.State*, i64, %struct.Memory*) #18 {
  %4 = call %struct.Memory* @__remill_function_call(%struct.State* %0, i64 ptrtoint (i64 (i64, i64)* @gettimeofday to i64), %struct.Memory* %2)
  ret %struct.Memory* %4
}

define internal %struct.Memory* @ext___isoc99_scanf(%struct.State*, i64, %struct.Memory*) #18 {
  %4 = call %struct.Memory* @__remill_function_call(%struct.State* %0, i64 ptrtoint (i64 (i64, i64, i64, i64, i64, i64, i64, i64, i64, i64, i64, i64, i64, i64, i64, i64)* @__isoc99_scanf to i64), %struct.Memory* %2)
  ret %struct.Memory* %4
}


define internal %struct.Memory* @ext_fflush(%struct.State*, i64, %struct.Memory*) #18 {
  %4 = call %struct.Memory* @__remill_function_call(%struct.State* %0, i64 ptrtoint (i64 (i64)* @fflush to i64), %struct.Memory* %2)
  ret %struct.Memory* %4
}

define internal %struct.Memory* @ext___isoc99_fscanf(%struct.State*, i64, %struct.Memory*) #18 {
  %4 = call %struct.Memory* @__remill_function_call(%struct.State* %0, i64 ptrtoint (i64 (i64, i64, i64, i64, i64, i64, i64, i64, i64, i64, i64, i64, i64, i64, i64, i64)* @__isoc99_fscanf to i64), %struct.Memory* %2)
  ret %struct.Memory* %4
}

define internal %struct.Memory* @ext___isoc99_sscanf(%struct.State*, i64, %struct.Memory*) #18 {
  %4 = call %struct.Memory* @__remill_function_call(%struct.State* %0, i64 ptrtoint (i64 (i64, i64, i64, i64, i64, i64, i64, i64, i64, i64, i64, i64, i64, i64, i64, i64)* @__isoc99_sscanf to i64), %struct.Memory* %2)
  ret %struct.Memory* %4
}

define internal %struct.Memory* @ext_memcpy(%struct.State*, i64, %struct.Memory*) #18 {
  %4 = call %struct.Memory* @__remill_function_call(%struct.State* %0, i64 ptrtoint (i64 (i64, i64, i64)* @memcpy to i64), %struct.Memory* %2)
  ret %struct.Memory* %4
}

define internal %struct.Memory* @ext_posix_memalign(%struct.State*, i64, %struct.Memory*) #18 {
  %4 = call %struct.Memory* @__remill_function_call(%struct.State* %0, i64 ptrtoint (i64 (i64, i64, i64)* @posix_memalign to i64), %struct.Memory* %2)
  ret %struct.Memory* %4
}

define internal %struct.Memory* @ext_fprintf(%struct.State*, i64, %struct.Memory*) #18 {
  %4 = call %struct.Memory* @__remill_function_call(%struct.State* %0, i64 ptrtoint (i64 (i64, i64, i64, i64, i64, i64, i64, i64, i64, i64, i64, i64, i64, i64, i64, i64)* @fprintf to i64), %struct.Memory* %2)
  ret %struct.Memory* %4
}

define internal %struct.Memory* @ext_memset(%struct.State*, i64, %struct.Memory*) #18 {
  %4 = call %struct.Memory* @__remill_function_call(%struct.State* %0, i64 ptrtoint (i64 (i64, i64, i64)* @memset to i64), %struct.Memory* %2)
  ret %struct.Memory* %4
}

define internal %struct.Memory* @ext_perror(%struct.State*, i64, %struct.Memory*) #18 {
  %4 = call %struct.Memory* @__remill_function_call(%struct.State* %0, i64 ptrtoint (i64 (i64)* @perror to i64), %struct.Memory* %2)
  ret %struct.Memory* %4
}

define internal %struct.Memory* @ext_floor(%struct.State*, i64, %struct.Memory*) #18 {
  %4 = call %struct.Memory* @__remill_function_call(%struct.State* %0, i64 ptrtoint (i64 (i64)* @floor to i64), %struct.Memory* %2)
  ret %struct.Memory* %4
}

define internal %struct.Memory* @ext_malloc(%struct.State*, i64, %struct.Memory*) #18 {
  %4 = call %struct.Memory* @__remill_function_call(%struct.State* %0, i64 ptrtoint (i64 (i64)* @malloc to i64), %struct.Memory* %2)
  ret %struct.Memory* %4
}

define internal %struct.Memory* @ext_atoi(%struct.State*, i64, %struct.Memory*) #18 {
  %4 = call %struct.Memory* @__remill_function_call(%struct.State* %0, i64 ptrtoint (i64 (i64)* @atoi to i64), %struct.Memory* %2)
  ret %struct.Memory* %4
}

define internal %struct.Memory* @ext_strcpy(%struct.State*, i64, %struct.Memory*) #18 {
  %4 = call %struct.Memory* @__remill_function_call(%struct.State* %0, i64 ptrtoint (i64 (i64, i64)* @strcpy to i64), %struct.Memory* %2)
  ret %struct.Memory* %4
}

define internal %struct.Memory* @ext_ungetc(%struct.State*, i64, %struct.Memory*) #18 {
  %4 = call %struct.Memory* @__remill_function_call(%struct.State* %0, i64 ptrtoint (i64 (i64, i64)* @ungetc to i64), %struct.Memory* %2)
  ret %struct.Memory* %4
}

define internal %struct.Memory* @ext_pow(%struct.State*, i64, %struct.Memory*) #18 {
  %4 = call %struct.Memory* @__remill_function_call(%struct.State* %0, i64 ptrtoint (i64 (i64, i64)* @pow to i64), %struct.Memory* %2)
  ret %struct.Memory* %4
}

define internal %struct.Memory* @ext_seed48(%struct.State*, i64, %struct.Memory*) #18 {
  %4 = call %struct.Memory* @__remill_function_call(%struct.State* %0, i64 ptrtoint (i64 (i64)* @seed48 to i64), %struct.Memory* %2)
  ret %struct.Memory* %4
}

define internal %struct.Memory* @ext_asin(%struct.State*, i64, %struct.Memory*) #18 {
  %4 = call %struct.Memory* @__remill_function_call(%struct.State* %0, i64 ptrtoint (i64 (i64)* @asin to i64), %struct.Memory* %2)
  ret %struct.Memory* %4
}

define internal %struct.Memory* @ext_strdup(%struct.State*, i64, %struct.Memory*) #18 {
  %4 = call %struct.Memory* @__remill_function_call(%struct.State* %0, i64 ptrtoint (i64 (i64)* @strdup to i64), %struct.Memory* %2)
  ret %struct.Memory* %4
}

define internal %struct.Memory* @ext_cosf(%struct.State*, i64, %struct.Memory*) #18 {
  %4 = call %struct.Memory* @__remill_function_call(%struct.State* %0, i64 ptrtoint (i64 (i64)* @cosf to i64), %struct.Memory* %2)
  ret %struct.Memory* %4
}

define internal %struct.Memory* @ext_abs(%struct.State*, i64, %struct.Memory*) #18 {
  %4 = call %struct.Memory* @__remill_function_call(%struct.State* %0, i64 ptrtoint (i64 (i64)* @abs to i64), %struct.Memory* %2)
  ret %struct.Memory* %4
}

define internal %struct.Memory* @ext_abort(%struct.State*, i64, %struct.Memory*) #18 {
  %4 = call %struct.Memory* @__remill_function_call(%struct.State* %0, i64 ptrtoint (i64 ()* @abort to i64), %struct.Memory* %2)
  ret %struct.Memory* %4
}

define internal %struct.Memory* @ext_exit(%struct.State*, i64, %struct.Memory*) #18 {
  %4 = call %struct.Memory* @__remill_function_call(%struct.State* %0, i64 ptrtoint (i64 (i64)* @exit to i64), %struct.Memory* %2)
  ret %struct.Memory* %4
}

define internal %struct.Memory* @ext_putchar(%struct.State*, i64, %struct.Memory*) #18 {
  %4 = call %struct.Memory* @__remill_function_call(%struct.State* %0, i64 ptrtoint (i64 (i64)* @putchar to i64), %struct.Memory* %2)
  ret %struct.Memory* %4
}

define internal %struct.Memory* @ext_strncmp(%struct.State*, i64, %struct.Memory*) #18 {
  %4 = call %struct.Memory* @__remill_function_call(%struct.State* %0, i64 ptrtoint (i64 (i64, i64, i64)* @strncmp to i64), %struct.Memory* %2)
  ret %struct.Memory* %4
}

define internal %struct.Memory* @ext_strcmp(%struct.State*, i64, %struct.Memory*) #18 {
  %4 = call %struct.Memory* @__remill_function_call(%struct.State* %0, i64 ptrtoint (i64 (i64, i64)* @strcmp to i64), %struct.Memory* %2)
  ret %struct.Memory* %4
}

define internal %struct.Memory* @ext_rand(%struct.State*, i64, %struct.Memory*) #18 {
  %4 = call %struct.Memory* @__remill_function_call(%struct.State* %0, i64 ptrtoint (i64 ()* @rand to i64), %struct.Memory* %2)
  ret %struct.Memory* %4
}

define internal %struct.Memory* @ext_calloc(%struct.State*, i64, %struct.Memory*) #18 {
  %4 = call %struct.Memory* @__remill_function_call(%struct.State* %0, i64 ptrtoint (i64 (i64, i64)* @calloc to i64), %struct.Memory* %2)
  ret %struct.Memory* %4
}

define internal %struct.Memory* @ext_fwrite(%struct.State*, i64, %struct.Memory*) #18 {
  %4 = call %struct.Memory* @__remill_function_call(%struct.State* %0, i64 ptrtoint (i64 (i64, i64, i64, i64)* @fwrite to i64), %struct.Memory* %2)
  ret %struct.Memory* %4
}

define internal %struct.Memory* @ext_realloc(%struct.State*, i64, %struct.Memory*) #18 {
  %4 = call %struct.Memory* @__remill_function_call(%struct.State* %0, i64 ptrtoint (i64 (i64, i64)* @realloc to i64), %struct.Memory* %2)
  ret %struct.Memory* %4
}


define internal %struct.Memory* @ext_log(%struct.State*, i64, %struct.Memory*) #18 {
  %4 = call %struct.Memory* @__remill_function_call(%struct.State* %0, i64 ptrtoint (i64 (i64)* @log to i64), %struct.Memory* %2)
  ret %struct.Memory* %4
}


define internal %struct.Memory* @ext_exp(%struct.State*, i64, %struct.Memory*) #18 {
  %4 = call %struct.Memory* @__remill_function_call(%struct.State* %0, i64 ptrtoint (i64 (i64)* @exp to i64), %struct.Memory* %2)
  ret %struct.Memory* %4
}

define internal %struct.Memory* @ext_sprintf(%struct.State*, i64, %struct.Memory*) #18 {
  %4 = call %struct.Memory* @__remill_function_call(%struct.State* %0, i64 ptrtoint (i64 (i64, i64, i64, i64, i64, i64, i64, i64, i64, i64, i64, i64, i64, i64, i64, i64)* @sprintf to i64), %struct.Memory* %2)
  ret %struct.Memory* %4
}

define internal %struct.Memory* @ext_strcat(%struct.State*, i64, %struct.Memory*) #18 {
  %4 = call %struct.Memory* @__remill_function_call(%struct.State* %0, i64 ptrtoint (i64 (i64, i64)* @strcat to i64), %struct.Memory* %2)
  ret %struct.Memory* %4
}

define internal %struct.Memory* @ext_puts(%struct.State*, i64, %struct.Memory*) #18 {
  %4 = call %struct.Memory* @__remill_function_call(%struct.State* %0, i64 ptrtoint (i64 (i64)* @puts to i64), %struct.Memory* %2)
  ret %struct.Memory* %4
}

define internal %struct.Memory* @ext_atol(%struct.State*, i64, %struct.Memory*) #18 {
  %4 = call %struct.Memory* @__remill_function_call(%struct.State* %0, i64 ptrtoint (i64 (i64)* @atol to i64), %struct.Memory* %2)
  ret %struct.Memory* %4
}

define internal %struct.Memory* @ext_atof(%struct.State*, i64, %struct.Memory*) #18 {
  %4 = call %struct.Memory* @__remill_function_call(%struct.State* %0, i64 ptrtoint (i64 (i64)* @atof to i64), %struct.Memory* %2)
  ret %struct.Memory* %4
}

define internal %struct.Memory* @ext_clock(%struct.State*, i64, %struct.Memory*) #18 {
  %4 = call %struct.Memory* @__remill_function_call(%struct.State* %0, i64 ptrtoint (i64 ()* @clock to i64), %struct.Memory* %2)
  ret %struct.Memory* %4
}

define internal %struct.Memory* @ext_strlen(%struct.State*, i64, %struct.Memory*) #18 {
  %4 = call %struct.Memory* @__remill_function_call(%struct.State* %0, i64 ptrtoint (i64 (i64)* @strlen to i64), %struct.Memory* %2)
  ret %struct.Memory* %4
}

define internal %struct.Memory* @ext_free(%struct.State*, i64, %struct.Memory*) #18 {
  %4 = call %struct.Memory* @__remill_function_call(%struct.State* %0, i64 ptrtoint (i64 (i64)* @free to i64), %struct.Memory* %2)
  ret %struct.Memory* %4
}

define internal %struct.Memory* @ext_srand(%struct.State*, i64, %struct.Memory*) #18 {
  %4 = call %struct.Memory* @__remill_function_call(%struct.State* %0, i64 ptrtoint (i64 (i64)* @srand to i64), %struct.Memory* %2)
  ret %struct.Memory* %4
}

define internal %struct.Memory* @ext_fputs(%struct.State*, i64, %struct.Memory*) #18 {
  %4 = call %struct.Memory* @__remill_function_call(%struct.State* %0, i64 ptrtoint (i64 (i64, i64)* @fputs to i64), %struct.Memory* %2)
  ret %struct.Memory* %4
}

define internal %struct.Memory* @ext_strtoll(%struct.State*, i64, %struct.Memory*) #18 {
  %4 = call %struct.Memory* @__remill_function_call(%struct.State* %0, i64 ptrtoint (i64 (i64, i64, i64)* @strtoll to i64), %struct.Memory* %2)
  ret %struct.Memory* %4
}

define internal %struct.Memory* @ext_sinf(%struct.State*, i64, %struct.Memory*) #18 {
  %4 = call %struct.Memory* @__remill_function_call(%struct.State* %0, i64 ptrtoint (i64 (i64)* @sinf to i64), %struct.Memory* %2)
  ret %struct.Memory* %4
}

define internal %struct.Memory* @ext_time(%struct.State*, i64, %struct.Memory*) #18 {
  %4 = call %struct.Memory* @__remill_function_call(%struct.State* %0, i64 ptrtoint (i64 (i64)* @time to i64), %struct.Memory* %2)
  ret %struct.Memory* %4
}

define internal %struct.Memory* @ext_printf(%struct.State*, i64, %struct.Memory*) #18 {
  %4 = call %struct.Memory* @__remill_function_call(%struct.State* %0, i64 ptrtoint (i64 (i64, i64, i64, i64, i64, i64, i64, i64, i64, i64, i64, i64, i64, i64, i64, i64)* @printf to i64), %struct.Memory* %2)
  ret %struct.Memory* %4
}

define internal %struct.Memory* @ext_memalign(%struct.State*, i64, %struct.Memory*) #18 {
  %4 = call %struct.Memory* @__remill_function_call(%struct.State* %0, i64 ptrtoint (i64 (i64, i64)* @memalign to i64), %struct.Memory* %2)
  ret %struct.Memory* %4
}

define internal %struct.Memory* @ext_random(%struct.State*, i64, %struct.Memory*) #18 {
  %4 = call %struct.Memory* @__remill_function_call(%struct.State* %0, i64 ptrtoint (i64 ()* @random to i64), %struct.Memory* %2)
  ret %struct.Memory* %4
}

define internal %struct.Memory* @ext_lrand48(%struct.State*, i64, %struct.Memory*) #18 {
  %4 = call %struct.Memory* @__remill_function_call(%struct.State* %0, i64 ptrtoint (i64 ()* @lrand48 to i64), %struct.Memory* %2)
  ret %struct.Memory* %4
}

define internal %struct.Memory* @ext_getchar(%struct.State*, i64, %struct.Memory*) #18 {
  %4 = call %struct.Memory* @__remill_function_call(%struct.State* %0, i64 ptrtoint (i64 ()* @getchar to i64), %struct.Memory* %2)
  ret %struct.Memory* %4
}

declare %struct.Memory* @ext_sqrt(%struct.State* noalias dereferenceable(3376), i64, %struct.Memory* noalias)
declare %struct.Memory* @ext_atan(%struct.State* noalias dereferenceable(3376), i64, %struct.Memory* noalias)
declare %struct.Memory* @ext_cos(%struct.State* noalias dereferenceable(3376), i64, %struct.Memory* noalias) 
declare %struct.Memory* @ext_tan(%struct.State* noalias dereferenceable(3376), i64, %struct.Memory* noalias) 
declare %struct.Memory* @ext_sin(%struct.State* noalias dereferenceable(3376), i64, %struct.Memory* noalias) 

Decompiling Function: primal_start_artificial...


Decompiling instr:.primal_start_artificial:...


Decompiling instr:pushq %rbp...
Instr: pushq %rbp
Workdir: /home/ubuntu/Github/validating-binary-decompilation/tests/compositional_artifacts_single_instruction_decompilation//pushq__rbp
Creating artifacts...
Already Exists
Creating artifacts... Done.
Running artifacts...
Reusing Declutter Output...

Executing: cat /home/ubuntu/Github/validating-binary-decompilation/tests/compositional_artifacts_single_instruction_decompilation//pushq__rbp/test.mod.ll
Running artifacts...Done.

FuncCache inserted: _ZN12_GLOBAL__N_1L4PUSHI2InImEEEP6MemoryS4_R5StateT_
FuncCache inserted: routine_pushq__rbp
Decompiling instr:pushq %rbp Done...


Decompiling instr:movq %rsp, %rbp...
Instr: movq %rsp, %rbp
Workdir: /home/ubuntu/Github/validating-binary-decompilation/tests/compositional_artifacts_single_instruction_decompilation//movq__rsp___rbp
Creating artifacts...
Already Exists
Creating artifacts... Done.
Running artifacts...
Reusing Declutter Output...

Executing: cat /home/ubuntu/Github/validating-binary-decompilation/tests/compositional_artifacts_single_instruction_decompilation//movq__rsp___rbp/test.mod.ll
Running artifacts...Done.

Multiple defintions of @seg_4003a0__text
Multiple defintions of @seg_400548__eh_frame
FuncCache inserted: _ZN12_GLOBAL__N_1L3MOVI3RnWImE2RnImEEEP6MemoryS6_R5StateT_T0_
FuncCache inserted: routine_movq__rsp___rbp
Decompiling instr:movq %rsp, %rbp Done...


Decompiling instr:movq %rdi, -0x8(%rbp)...
Instr: movq %rdi, -0x8(%rbp)
Workdir: /home/ubuntu/Github/validating-binary-decompilation/tests/compositional_artifacts_single_instruction_decompilation//movq__rdi__MINUS0x8__rbp_
Creating artifacts...
Already Exists
Creating artifacts... Done.
Running artifacts...
Reusing Declutter Output...

Executing: cat /home/ubuntu/Github/validating-binary-decompilation/tests/compositional_artifacts_single_instruction_decompilation//movq__rdi__MINUS0x8__rbp_/test.mod.ll
Running artifacts...Done.

Multiple defintions of @seg_4003a0__text
Multiple defintions of @seg_400548__eh_frame
FuncCache inserted: _ZN12_GLOBAL__N_1L3MOVI3MnWImE2RnImEEEP6MemoryS6_R5StateT_T0_
FuncCache inserted: routine_movq__rdi__MINUS0x8__rbp_
Decompiling instr:movq %rdi, -0x8(%rbp) Done...


Decompiling instr:movq -0x8(%rbp), %rdi...
Instr: movq -0x8(%rbp), %rdi
Workdir: /home/ubuntu/Github/validating-binary-decompilation/tests/compositional_artifacts_single_instruction_decompilation//movq_MINUS0x8__rbp____rdi
Creating artifacts...
Already Exists
Creating artifacts... Done.
Running artifacts...
Reusing Declutter Output...

Executing: cat /home/ubuntu/Github/validating-binary-decompilation/tests/compositional_artifacts_single_instruction_decompilation//movq_MINUS0x8__rbp____rdi/test.mod.ll
Running artifacts...Done.

Multiple defintions of @seg_4003a0__text
Multiple defintions of @seg_400548__eh_frame
FuncCache inserted: _ZN12_GLOBAL__N_1L3MOVI3RnWImE2MnImEEEP6MemoryS6_R5StateT_T0_
FuncCache inserted: routine_movq_MINUS0x8__rbp____rdi
Decompiling instr:movq -0x8(%rbp), %rdi Done...


Decompiling instr:movq 0x228(%rdi), %rdi...
Instr: movq 0x228(%rdi), %rdi
Workdir: /home/ubuntu/Github/validating-binary-decompilation/tests/compositional_artifacts_single_instruction_decompilation//movq_0x228__rdi____rdi
Creating artifacts...
Already Exists
Creating artifacts... Done.
Running artifacts...
Reusing Declutter Output...

Executing: cat /home/ubuntu/Github/validating-binary-decompilation/tests/compositional_artifacts_single_instruction_decompilation//movq_0x228__rdi____rdi/test.mod.ll
Running artifacts...Done.

Multiple defintions of @seg_4003a0__text
Multiple defintions of @seg_400548__eh_frame
FuncCache skipped: _ZN12_GLOBAL__N_1L3MOVI3RnWImE2MnImEEEP6MemoryS6_R5StateT_T0_
FuncCache inserted: routine_movq_0x228__rdi____rdi
Decompiling instr:movq 0x228(%rdi), %rdi Done...


Decompiling instr:movq %rdi, -0x10(%rbp)...
Instr: movq %rdi, -0x10(%rbp)
Workdir: /home/ubuntu/Github/validating-binary-decompilation/tests/compositional_artifacts_single_instruction_decompilation//movq__rdi__MINUS0x10__rbp_
Creating artifacts...
Already Exists
Creating artifacts... Done.
Running artifacts...
Reusing Declutter Output...

Executing: cat /home/ubuntu/Github/validating-binary-decompilation/tests/compositional_artifacts_single_instruction_decompilation//movq__rdi__MINUS0x10__rbp_/test.mod.ll
Running artifacts...Done.

Multiple defintions of @seg_4003a0__text
Multiple defintions of @seg_400548__eh_frame
FuncCache skipped: _ZN12_GLOBAL__N_1L3MOVI3MnWImE2RnImEEEP6MemoryS6_R5StateT_T0_
FuncCache inserted: routine_movq__rdi__MINUS0x10__rbp_
Decompiling instr:movq %rdi, -0x10(%rbp) Done...


Decompiling instr:movq %rdi, -0x18(%rbp)...
Instr: movq %rdi, -0x18(%rbp)
Workdir: /home/ubuntu/Github/validating-binary-decompilation/tests/compositional_artifacts_single_instruction_decompilation//movq__rdi__MINUS0x18__rbp_
Creating artifacts...
Already Exists
Creating artifacts... Done.
Running artifacts...
Reusing Declutter Output...

Executing: cat /home/ubuntu/Github/validating-binary-decompilation/tests/compositional_artifacts_single_instruction_decompilation//movq__rdi__MINUS0x18__rbp_/test.mod.ll
Running artifacts...Done.

Multiple defintions of @seg_4003a0__text
Multiple defintions of @seg_400548__eh_frame
FuncCache skipped: _ZN12_GLOBAL__N_1L3MOVI3MnWImE2RnImEEEP6MemoryS6_R5StateT_T0_
FuncCache inserted: routine_movq__rdi__MINUS0x18__rbp_
Decompiling instr:movq %rdi, -0x18(%rbp) Done...


Decompiling instr:movq -0x10(%rbp), %rdi...
Instr: movq -0x10(%rbp), %rdi
Workdir: /home/ubuntu/Github/validating-binary-decompilation/tests/compositional_artifacts_single_instruction_decompilation//movq_MINUS0x10__rbp____rdi
Creating artifacts...
Already Exists
Creating artifacts... Done.
Running artifacts...
Reusing Declutter Output...

Executing: cat /home/ubuntu/Github/validating-binary-decompilation/tests/compositional_artifacts_single_instruction_decompilation//movq_MINUS0x10__rbp____rdi/test.mod.ll
Running artifacts...Done.

Multiple defintions of @seg_4003a0__text
Multiple defintions of @seg_400548__eh_frame
FuncCache skipped: _ZN12_GLOBAL__N_1L3MOVI3RnWImE2MnImEEEP6MemoryS6_R5StateT_T0_
FuncCache inserted: routine_movq_MINUS0x10__rbp____rdi
Decompiling instr:movq -0x10(%rbp), %rdi Done...


Decompiling instr:addq $0x68, %rdi...
Instr: addq $0x68, %rdi
Workdir: /home/ubuntu/Github/validating-binary-decompilation/tests/compositional_artifacts_single_instruction_decompilation//addq__0x68___rdi
Creating artifacts...
Already Exists
Creating artifacts... Done.
Running artifacts...
Reusing Declutter Output...

Executing: cat /home/ubuntu/Github/validating-binary-decompilation/tests/compositional_artifacts_single_instruction_decompilation//addq__0x68___rdi/test.mod.ll
Running artifacts...Done.

Multiple defintions of @seg_4003a0__text
Multiple defintions of @seg_400548__eh_frame
FuncCache inserted: _ZN12_GLOBAL__N_1L3ADDI3RnWImE2RnImE2InImEEEP6MemoryS8_R5StateT_T0_T1_
FuncCache inserted: routine_addq__0x68___rdi

Executing: ${HOME}/Github/validating-binary-decompilation/tests/scripts//find_pc_in_relocinfo.pl --binary ../binary/test.reloc --pc 4033bf --size 4
Decompiling instr:addq $0x68, %rdi Done...


Decompiling instr:movq %rdi, -0x10(%rbp)...
Instr: movq %rdi, -0x10(%rbp)
Workdir: /home/ubuntu/Github/validating-binary-decompilation/tests/compositional_artifacts_single_instruction_decompilation//movq__rdi__MINUS0x10__rbp_
Creating artifacts...
Already Exists
Creating artifacts... Done.
Running artifacts...
Reusing Declutter Output...

Executing: cat /home/ubuntu/Github/validating-binary-decompilation/tests/compositional_artifacts_single_instruction_decompilation//movq__rdi__MINUS0x10__rbp_/test.mod.ll
Running artifacts...Done.

Multiple defintions of @seg_4003a0__text
Multiple defintions of @seg_400548__eh_frame
FuncCache skipped: _ZN12_GLOBAL__N_1L3MOVI3MnWImE2RnImEEEP6MemoryS6_R5StateT_T0_
FuncCache skipped: routine_movq__rdi__MINUS0x10__rbp_
Decompiling instr:movq %rdi, -0x10(%rbp) Done...


Decompiling instr:movq -0x18(%rbp), %rdi...
Instr: movq -0x18(%rbp), %rdi
Workdir: /home/ubuntu/Github/validating-binary-decompilation/tests/compositional_artifacts_single_instruction_decompilation//movq_MINUS0x18__rbp____rdi
Creating artifacts...
Already Exists
Creating artifacts... Done.
Running artifacts...
Reusing Declutter Output...

Executing: cat /home/ubuntu/Github/validating-binary-decompilation/tests/compositional_artifacts_single_instruction_decompilation//movq_MINUS0x18__rbp____rdi/test.mod.ll
Running artifacts...Done.

Multiple defintions of @seg_4003a0__text
Multiple defintions of @seg_400548__eh_frame
FuncCache skipped: _ZN12_GLOBAL__N_1L3MOVI3RnWImE2MnImEEEP6MemoryS6_R5StateT_T0_
FuncCache inserted: routine_movq_MINUS0x18__rbp____rdi
Decompiling instr:movq -0x18(%rbp), %rdi Done...


Decompiling instr:movq $0x0, 0x30(%rdi)...
Instr: movq $0x0, 0x30(%rdi)
Workdir: /home/ubuntu/Github/validating-binary-decompilation/tests/compositional_artifacts_single_instruction_decompilation//movq__0x0__0x30__rdi_
Creating artifacts...
Already Exists
Creating artifacts... Done.
Running artifacts...
Reusing Declutter Output...

Executing: cat /home/ubuntu/Github/validating-binary-decompilation/tests/compositional_artifacts_single_instruction_decompilation//movq__0x0__0x30__rdi_/test.mod.ll
Running artifacts...Done.

Multiple defintions of %seg_4003a0__text_type
Multiple defintions of @seg_4003a0__text
FuncCache inserted: _ZN12_GLOBAL__N_1L3MOVI3MnWImE2InImEEEP6MemoryS6_R5StateT_T0_
FuncCache inserted: routine_movq__0x0__0x30__rdi_
Decompiling instr:movq $0x0, 0x30(%rdi) Done...


Decompiling instr:movq -0x18(%rbp), %rdi...
Instr: movq -0x18(%rbp), %rdi
Workdir: /home/ubuntu/Github/validating-binary-decompilation/tests/compositional_artifacts_single_instruction_decompilation//movq_MINUS0x18__rbp____rdi
Creating artifacts...
Already Exists
Creating artifacts... Done.
Running artifacts...
Reusing Declutter Output...

Executing: cat /home/ubuntu/Github/validating-binary-decompilation/tests/compositional_artifacts_single_instruction_decompilation//movq_MINUS0x18__rbp____rdi/test.mod.ll
Running artifacts...Done.

Multiple defintions of @seg_4003a0__text
Multiple defintions of @seg_400548__eh_frame
FuncCache skipped: _ZN12_GLOBAL__N_1L3MOVI3RnWImE2MnImEEEP6MemoryS6_R5StateT_T0_
FuncCache skipped: routine_movq_MINUS0x18__rbp____rdi
Decompiling instr:movq -0x18(%rbp), %rdi Done...


Decompiling instr:movq $0x0, 0x18(%rdi)...
Instr: movq $0x0, 0x18(%rdi)
Workdir: /home/ubuntu/Github/validating-binary-decompilation/tests/compositional_artifacts_single_instruction_decompilation//movq__0x0__0x18__rdi_
Creating artifacts...
Already Exists
Creating artifacts... Done.
Running artifacts...
Reusing Declutter Output...

Executing: cat /home/ubuntu/Github/validating-binary-decompilation/tests/compositional_artifacts_single_instruction_decompilation//movq__0x0__0x18__rdi_/test.mod.ll
Running artifacts...Done.

Multiple defintions of %seg_4003a0__text_type
Multiple defintions of @seg_4003a0__text
FuncCache skipped: _ZN12_GLOBAL__N_1L3MOVI3MnWImE2InImEEEP6MemoryS6_R5StateT_T0_
FuncCache inserted: routine_movq__0x0__0x18__rdi_
Decompiling instr:movq $0x0, 0x18(%rdi) Done...


Decompiling instr:movq -0x10(%rbp), %rdi...
Instr: movq -0x10(%rbp), %rdi
Workdir: /home/ubuntu/Github/validating-binary-decompilation/tests/compositional_artifacts_single_instruction_decompilation//movq_MINUS0x10__rbp____rdi
Creating artifacts...
Already Exists
Creating artifacts... Done.
Running artifacts...
Reusing Declutter Output...

Executing: cat /home/ubuntu/Github/validating-binary-decompilation/tests/compositional_artifacts_single_instruction_decompilation//movq_MINUS0x10__rbp____rdi/test.mod.ll
Running artifacts...Done.

Multiple defintions of @seg_4003a0__text
Multiple defintions of @seg_400548__eh_frame
FuncCache skipped: _ZN12_GLOBAL__N_1L3MOVI3RnWImE2MnImEEEP6MemoryS6_R5StateT_T0_
FuncCache skipped: routine_movq_MINUS0x10__rbp____rdi
Decompiling instr:movq -0x10(%rbp), %rdi Done...


Decompiling instr:movq -0x18(%rbp), %rax...
Instr: movq -0x18(%rbp), %rax
Workdir: /home/ubuntu/Github/validating-binary-decompilation/tests/compositional_artifacts_single_instruction_decompilation//movq_MINUS0x18__rbp____rax
Creating artifacts...
Already Exists
Creating artifacts... Done.
Running artifacts...
Reusing Declutter Output...

Executing: cat /home/ubuntu/Github/validating-binary-decompilation/tests/compositional_artifacts_single_instruction_decompilation//movq_MINUS0x18__rbp____rax/test.mod.ll
Running artifacts...Done.

Multiple defintions of @seg_4003a0__text
Multiple defintions of @seg_400548__eh_frame
FuncCache skipped: _ZN12_GLOBAL__N_1L3MOVI3RnWImE2MnImEEEP6MemoryS6_R5StateT_T0_
FuncCache inserted: routine_movq_MINUS0x18__rbp____rax
Decompiling instr:movq -0x18(%rbp), %rax Done...


Decompiling instr:movq %rdi, 0x10(%rax)...
Instr: movq %rdi, 0x10(%rax)
Workdir: /home/ubuntu/Github/validating-binary-decompilation/tests/compositional_artifacts_single_instruction_decompilation//movq__rdi__0x10__rax_
Creating artifacts...
Already Exists
Creating artifacts... Done.
Running artifacts...
Reusing Declutter Output...

Executing: cat /home/ubuntu/Github/validating-binary-decompilation/tests/compositional_artifacts_single_instruction_decompilation//movq__rdi__0x10__rax_/test.mod.ll
Running artifacts...Done.

Multiple defintions of @seg_4003a0__text
Multiple defintions of @seg_400548__eh_frame
FuncCache skipped: _ZN12_GLOBAL__N_1L3MOVI3MnWImE2RnImEEEP6MemoryS6_R5StateT_T0_
FuncCache inserted: routine_movq__rdi__0x10__rax_
Decompiling instr:movq %rdi, 0x10(%rax) Done...


Decompiling instr:movq -0x18(%rbp), %rax...
Instr: movq -0x18(%rbp), %rax
Workdir: /home/ubuntu/Github/validating-binary-decompilation/tests/compositional_artifacts_single_instruction_decompilation//movq_MINUS0x18__rbp____rax
Creating artifacts...
Already Exists
Creating artifacts... Done.
Running artifacts...
Reusing Declutter Output...

Executing: cat /home/ubuntu/Github/validating-binary-decompilation/tests/compositional_artifacts_single_instruction_decompilation//movq_MINUS0x18__rbp____rax/test.mod.ll
Running artifacts...Done.

Multiple defintions of @seg_4003a0__text
Multiple defintions of @seg_400548__eh_frame
FuncCache skipped: _ZN12_GLOBAL__N_1L3MOVI3RnWImE2MnImEEEP6MemoryS6_R5StateT_T0_
FuncCache skipped: routine_movq_MINUS0x18__rbp____rax
Decompiling instr:movq -0x18(%rbp), %rax Done...


Decompiling instr:movq $0x0, 0x20(%rax)...
Instr: movq $0x0, 0x20(%rax)
Workdir: /home/ubuntu/Github/validating-binary-decompilation/tests/compositional_artifacts_single_instruction_decompilation//movq__0x0__0x20__rax_
Creating artifacts...
Already Exists
Creating artifacts... Done.
Running artifacts...
Reusing Declutter Output...

Executing: cat /home/ubuntu/Github/validating-binary-decompilation/tests/compositional_artifacts_single_instruction_decompilation//movq__0x0__0x20__rax_/test.mod.ll
Running artifacts...Done.

Multiple defintions of %seg_4003a0__text_type
Multiple defintions of @seg_4003a0__text
FuncCache skipped: _ZN12_GLOBAL__N_1L3MOVI3MnWImE2InImEEEP6MemoryS6_R5StateT_T0_
FuncCache inserted: routine_movq__0x0__0x20__rax_
Decompiling instr:movq $0x0, 0x20(%rax) Done...


Decompiling instr:movq -0x18(%rbp), %rax...
Instr: movq -0x18(%rbp), %rax
Workdir: /home/ubuntu/Github/validating-binary-decompilation/tests/compositional_artifacts_single_instruction_decompilation//movq_MINUS0x18__rbp____rax
Creating artifacts...
Already Exists
Creating artifacts... Done.
Running artifacts...
Reusing Declutter Output...

Executing: cat /home/ubuntu/Github/validating-binary-decompilation/tests/compositional_artifacts_single_instruction_decompilation//movq_MINUS0x18__rbp____rax/test.mod.ll
Running artifacts...Done.

Multiple defintions of @seg_4003a0__text
Multiple defintions of @seg_400548__eh_frame
FuncCache skipped: _ZN12_GLOBAL__N_1L3MOVI3RnWImE2MnImEEEP6MemoryS6_R5StateT_T0_
FuncCache skipped: routine_movq_MINUS0x18__rbp____rax
Decompiling instr:movq -0x18(%rbp), %rax Done...


Decompiling instr:movq $0x0, 0x28(%rax)...
Instr: movq $0x0, 0x28(%rax)
Workdir: /home/ubuntu/Github/validating-binary-decompilation/tests/compositional_artifacts_single_instruction_decompilation//movq__0x0__0x28__rax_
Creating artifacts...
Already Exists
Creating artifacts... Done.
Running artifacts...
Reusing Declutter Output...

Executing: cat /home/ubuntu/Github/validating-binary-decompilation/tests/compositional_artifacts_single_instruction_decompilation//movq__0x0__0x28__rax_/test.mod.ll
Running artifacts...Done.

Multiple defintions of %seg_4003a0__text_type
Multiple defintions of @seg_4003a0__text
FuncCache skipped: _ZN12_GLOBAL__N_1L3MOVI3MnWImE2InImEEEP6MemoryS6_R5StateT_T0_
FuncCache inserted: routine_movq__0x0__0x28__rax_
Decompiling instr:movq $0x0, 0x28(%rax) Done...


Decompiling instr:movq -0x8(%rbp), %rax...
Instr: movq -0x8(%rbp), %rax
Workdir: /home/ubuntu/Github/validating-binary-decompilation/tests/compositional_artifacts_single_instruction_decompilation//movq_MINUS0x8__rbp____rax
Creating artifacts...
Already Exists
Creating artifacts... Done.
Running artifacts...
Reusing Declutter Output...

Executing: cat /home/ubuntu/Github/validating-binary-decompilation/tests/compositional_artifacts_single_instruction_decompilation//movq_MINUS0x8__rbp____rax/test.mod.ll
Running artifacts...Done.

Multiple defintions of @seg_4003a0__text
Multiple defintions of @seg_400548__eh_frame
FuncCache skipped: _ZN12_GLOBAL__N_1L3MOVI3RnWImE2MnImEEEP6MemoryS6_R5StateT_T0_
FuncCache inserted: routine_movq_MINUS0x8__rbp____rax
Decompiling instr:movq -0x8(%rbp), %rax Done...


Decompiling instr:movq 0x190(%rax), %rax...
Instr: movq 0x190(%rax), %rax
Workdir: /home/ubuntu/Github/validating-binary-decompilation/tests/compositional_artifacts_single_instruction_decompilation//movq_0x190__rax____rax
Creating artifacts...
Already Exists
Creating artifacts... Done.
Running artifacts...
Reusing Declutter Output...

Executing: cat /home/ubuntu/Github/validating-binary-decompilation/tests/compositional_artifacts_single_instruction_decompilation//movq_0x190__rax____rax/test.mod.ll
Running artifacts...Done.

Multiple defintions of @seg_4003a0__text
Multiple defintions of @seg_400548__eh_frame
FuncCache skipped: _ZN12_GLOBAL__N_1L3MOVI3RnWImE2MnImEEEP6MemoryS6_R5StateT_T0_
FuncCache inserted: routine_movq_0x190__rax____rax
Decompiling instr:movq 0x190(%rax), %rax Done...


Decompiling instr:addq $0x1, %rax...
Instr: addq $0x1, %rax
Workdir: /home/ubuntu/Github/validating-binary-decompilation/tests/compositional_artifacts_single_instruction_decompilation//addq__0x1___rax
Creating artifacts...
Already Exists
Creating artifacts... Done.
Running artifacts...
Reusing Declutter Output...

Executing: cat /home/ubuntu/Github/validating-binary-decompilation/tests/compositional_artifacts_single_instruction_decompilation//addq__0x1___rax/test.mod.ll
Running artifacts...Done.

Multiple defintions of @seg_4003a0__text
Multiple defintions of @seg_400548__eh_frame
FuncCache skipped: _ZN12_GLOBAL__N_1L3ADDI3RnWImE2RnImE2InImEEEP6MemoryS8_R5StateT_T0_T1_
FuncCache inserted: routine_addq__0x1___rax

Executing: ${HOME}/Github/validating-binary-decompilation/tests/scripts//find_pc_in_relocinfo.pl --binary ../binary/test.reloc --pc 40340e --size 4
Decompiling instr:addq $0x1, %rax Done...


Decompiling instr:movq -0x18(%rbp), %rdi...
Instr: movq -0x18(%rbp), %rdi
Workdir: /home/ubuntu/Github/validating-binary-decompilation/tests/compositional_artifacts_single_instruction_decompilation//movq_MINUS0x18__rbp____rdi
Creating artifacts...
Already Exists
Creating artifacts... Done.
Running artifacts...
Reusing Declutter Output...

Executing: cat /home/ubuntu/Github/validating-binary-decompilation/tests/compositional_artifacts_single_instruction_decompilation//movq_MINUS0x18__rbp____rdi/test.mod.ll
Running artifacts...Done.

Multiple defintions of @seg_4003a0__text
Multiple defintions of @seg_400548__eh_frame
FuncCache skipped: _ZN12_GLOBAL__N_1L3MOVI3RnWImE2MnImEEEP6MemoryS6_R5StateT_T0_
FuncCache skipped: routine_movq_MINUS0x18__rbp____rdi
Decompiling instr:movq -0x18(%rbp), %rdi Done...


Decompiling instr:movq %rax, 0x58(%rdi)...
Instr: movq %rax, 0x58(%rdi)
Workdir: /home/ubuntu/Github/validating-binary-decompilation/tests/compositional_artifacts_single_instruction_decompilation//movq__rax__0x58__rdi_
Creating artifacts...
Already Exists
Creating artifacts... Done.
Running artifacts...
Reusing Declutter Output...

Executing: cat /home/ubuntu/Github/validating-binary-decompilation/tests/compositional_artifacts_single_instruction_decompilation//movq__rax__0x58__rdi_/test.mod.ll
Running artifacts...Done.

Multiple defintions of @seg_4003a0__text
Multiple defintions of @seg_400548__eh_frame
FuncCache skipped: _ZN12_GLOBAL__N_1L3MOVI3MnWImE2RnImEEEP6MemoryS6_R5StateT_T0_
FuncCache inserted: routine_movq__rax__0x58__rdi_
Decompiling instr:movq %rax, 0x58(%rdi) Done...


Decompiling instr:movq -0x18(%rbp), %rax...
Instr: movq -0x18(%rbp), %rax
Workdir: /home/ubuntu/Github/validating-binary-decompilation/tests/compositional_artifacts_single_instruction_decompilation//movq_MINUS0x18__rbp____rax
Creating artifacts...
Already Exists
Creating artifacts... Done.
Running artifacts...
Reusing Declutter Output...

Executing: cat /home/ubuntu/Github/validating-binary-decompilation/tests/compositional_artifacts_single_instruction_decompilation//movq_MINUS0x18__rbp____rax/test.mod.ll
Running artifacts...Done.

Multiple defintions of @seg_4003a0__text
Multiple defintions of @seg_400548__eh_frame
FuncCache skipped: _ZN12_GLOBAL__N_1L3MOVI3RnWImE2MnImEEEP6MemoryS6_R5StateT_T0_
FuncCache skipped: routine_movq_MINUS0x18__rbp____rax
Decompiling instr:movq -0x18(%rbp), %rax Done...


Decompiling instr:movl $0x0, 0x8(%rax)...
Instr: movl $0x0, 0x8(%rax)
Workdir: /home/ubuntu/Github/validating-binary-decompilation/tests/compositional_artifacts_single_instruction_decompilation//movl__0x0__0x8__rax_
Creating artifacts...
Already Exists
Creating artifacts... Done.
Running artifacts...
Reusing Declutter Output...

Executing: cat /home/ubuntu/Github/validating-binary-decompilation/tests/compositional_artifacts_single_instruction_decompilation//movl__0x0__0x8__rax_/test.mod.ll
Running artifacts...Done.

Multiple defintions of @seg_4003a0__text
Multiple defintions of @seg_400548__eh_frame
FuncCache inserted: _ZN12_GLOBAL__N_1L3MOVI3MnWIjE2InIjEEEP6MemoryS6_R5StateT_T0_
FuncCache inserted: routine_movl__0x0__0x8__rax_
Decompiling instr:movl $0x0, 0x8(%rax) Done...


Decompiling instr:movq -0x18(%rbp), %rax...
Instr: movq -0x18(%rbp), %rax
Workdir: /home/ubuntu/Github/validating-binary-decompilation/tests/compositional_artifacts_single_instruction_decompilation//movq_MINUS0x18__rbp____rax
Creating artifacts...
Already Exists
Creating artifacts... Done.
Running artifacts...
Reusing Declutter Output...

Executing: cat /home/ubuntu/Github/validating-binary-decompilation/tests/compositional_artifacts_single_instruction_decompilation//movq_MINUS0x18__rbp____rax/test.mod.ll
Running artifacts...Done.

Multiple defintions of @seg_4003a0__text
Multiple defintions of @seg_400548__eh_frame
FuncCache skipped: _ZN12_GLOBAL__N_1L3MOVI3RnWImE2MnImEEEP6MemoryS6_R5StateT_T0_
FuncCache skipped: routine_movq_MINUS0x18__rbp____rax
Decompiling instr:movq -0x18(%rbp), %rax Done...


Decompiling instr:movq $0xfffffffffa0a1f00, (%rax)...
Instr: movq $0xfffffffffa0a1f00, (%rax)
Workdir: /home/ubuntu/Github/validating-binary-decompilation/tests/compositional_artifacts_single_instruction_decompilation//movq__0xfffffffffa0a1f00____rax_
Creating artifacts...
Already Exists
Creating artifacts... Done.
Running artifacts...
Reusing Declutter Output...

Executing: cat /home/ubuntu/Github/validating-binary-decompilation/tests/compositional_artifacts_single_instruction_decompilation//movq__0xfffffffffa0a1f00____rax_/test.mod.ll
Running artifacts...Done.

Multiple defintions of @seg_4003a0__text
Multiple defintions of @seg_400548__eh_frame
FuncCache skipped: _ZN12_GLOBAL__N_1L3MOVI3MnWImE2InImEEEP6MemoryS6_R5StateT_T0_
FuncCache inserted: routine_movq__0xfffffffffa0a1f00____rax_
Decompiling instr:movq $0xfffffffffa0a1f00, (%rax) Done...


Decompiling instr:movq -0x18(%rbp), %rax...
Instr: movq -0x18(%rbp), %rax
Workdir: /home/ubuntu/Github/validating-binary-decompilation/tests/compositional_artifacts_single_instruction_decompilation//movq_MINUS0x18__rbp____rax
Creating artifacts...
Already Exists
Creating artifacts... Done.
Running artifacts...
Reusing Declutter Output...

Executing: cat /home/ubuntu/Github/validating-binary-decompilation/tests/compositional_artifacts_single_instruction_decompilation//movq_MINUS0x18__rbp____rax/test.mod.ll
Running artifacts...Done.

Multiple defintions of @seg_4003a0__text
Multiple defintions of @seg_400548__eh_frame
FuncCache skipped: _ZN12_GLOBAL__N_1L3MOVI3RnWImE2MnImEEEP6MemoryS6_R5StateT_T0_
FuncCache skipped: routine_movq_MINUS0x18__rbp____rax
Decompiling instr:movq -0x18(%rbp), %rax Done...


Decompiling instr:movq $0x0, 0x50(%rax)...
Instr: movq $0x0, 0x50(%rax)
Workdir: /home/ubuntu/Github/validating-binary-decompilation/tests/compositional_artifacts_single_instruction_decompilation//movq__0x0__0x50__rax_
Creating artifacts...
Already Exists
Creating artifacts... Done.
Running artifacts...
Reusing Declutter Output...

Executing: cat /home/ubuntu/Github/validating-binary-decompilation/tests/compositional_artifacts_single_instruction_decompilation//movq__0x0__0x50__rax_/test.mod.ll
Running artifacts...Done.

Multiple defintions of %seg_4003a0__text_type
Multiple defintions of @seg_4003a0__text
FuncCache skipped: _ZN12_GLOBAL__N_1L3MOVI3MnWImE2InImEEEP6MemoryS6_R5StateT_T0_
FuncCache inserted: routine_movq__0x0__0x50__rax_
Decompiling instr:movq $0x0, 0x50(%rax) Done...


Decompiling instr:movq -0x8(%rbp), %rax...
Instr: movq -0x8(%rbp), %rax
Workdir: /home/ubuntu/Github/validating-binary-decompilation/tests/compositional_artifacts_single_instruction_decompilation//movq_MINUS0x8__rbp____rax
Creating artifacts...
Already Exists
Creating artifacts... Done.
Running artifacts...
Reusing Declutter Output...

Executing: cat /home/ubuntu/Github/validating-binary-decompilation/tests/compositional_artifacts_single_instruction_decompilation//movq_MINUS0x8__rbp____rax/test.mod.ll
Running artifacts...Done.

Multiple defintions of @seg_4003a0__text
Multiple defintions of @seg_400548__eh_frame
FuncCache skipped: _ZN12_GLOBAL__N_1L3MOVI3RnWImE2MnImEEEP6MemoryS6_R5StateT_T0_
FuncCache skipped: routine_movq_MINUS0x8__rbp____rax
Decompiling instr:movq -0x8(%rbp), %rax Done...


Decompiling instr:movq 0x240(%rax), %rax...
Instr: movq 0x240(%rax), %rax
Workdir: /home/ubuntu/Github/validating-binary-decompilation/tests/compositional_artifacts_single_instruction_decompilation//movq_0x240__rax____rax
Creating artifacts...
Already Exists
Creating artifacts... Done.
Running artifacts...
Reusing Declutter Output...

Executing: cat /home/ubuntu/Github/validating-binary-decompilation/tests/compositional_artifacts_single_instruction_decompilation//movq_0x240__rax____rax/test.mod.ll
Running artifacts...Done.

Multiple defintions of @seg_4003a0__text
Multiple defintions of @seg_400548__eh_frame
FuncCache skipped: _ZN12_GLOBAL__N_1L3MOVI3RnWImE2MnImEEEP6MemoryS6_R5StateT_T0_
FuncCache inserted: routine_movq_0x240__rax____rax
Decompiling instr:movq 0x240(%rax), %rax Done...


Decompiling instr:movq %rax, -0x28(%rbp)...
Instr: movq %rax, -0x28(%rbp)
Workdir: /home/ubuntu/Github/validating-binary-decompilation/tests/compositional_artifacts_single_instruction_decompilation//movq__rax__MINUS0x28__rbp_
Creating artifacts...
Already Exists
Creating artifacts... Done.
Running artifacts...
Reusing Declutter Output...

Executing: cat /home/ubuntu/Github/validating-binary-decompilation/tests/compositional_artifacts_single_instruction_decompilation//movq__rax__MINUS0x28__rbp_/test.mod.ll
Running artifacts...Done.

Multiple defintions of @seg_4003a0__text
Multiple defintions of @seg_400548__eh_frame
FuncCache skipped: _ZN12_GLOBAL__N_1L3MOVI3MnWImE2RnImEEEP6MemoryS6_R5StateT_T0_
FuncCache inserted: routine_movq__rax__MINUS0x28__rbp_
Decompiling instr:movq %rax, -0x28(%rbp) Done...


Decompiling instr:movq -0x8(%rbp), %rax...
Instr: movq -0x8(%rbp), %rax
Workdir: /home/ubuntu/Github/validating-binary-decompilation/tests/compositional_artifacts_single_instruction_decompilation//movq_MINUS0x8__rbp____rax
Creating artifacts...
Already Exists
Creating artifacts... Done.
Running artifacts...
Reusing Declutter Output...

Executing: cat /home/ubuntu/Github/validating-binary-decompilation/tests/compositional_artifacts_single_instruction_decompilation//movq_MINUS0x8__rbp____rax/test.mod.ll
Running artifacts...Done.

Multiple defintions of @seg_4003a0__text
Multiple defintions of @seg_400548__eh_frame
FuncCache skipped: _ZN12_GLOBAL__N_1L3MOVI3RnWImE2MnImEEEP6MemoryS6_R5StateT_T0_
FuncCache skipped: routine_movq_MINUS0x8__rbp____rax
Decompiling instr:movq -0x8(%rbp), %rax Done...


Decompiling instr:movq 0x238(%rax), %rax...
Instr: movq 0x238(%rax), %rax
Workdir: /home/ubuntu/Github/validating-binary-decompilation/tests/compositional_artifacts_single_instruction_decompilation//movq_0x238__rax____rax
Creating artifacts...
Already Exists
Creating artifacts... Done.
Running artifacts...
Reusing Declutter Output...

Executing: cat /home/ubuntu/Github/validating-binary-decompilation/tests/compositional_artifacts_single_instruction_decompilation//movq_0x238__rax____rax/test.mod.ll
Running artifacts...Done.

Multiple defintions of @seg_4003a0__text
Multiple defintions of @seg_400548__eh_frame
FuncCache skipped: _ZN12_GLOBAL__N_1L3MOVI3RnWImE2MnImEEEP6MemoryS6_R5StateT_T0_
FuncCache inserted: routine_movq_0x238__rax____rax
Decompiling instr:movq 0x238(%rax), %rax Done...


Decompiling instr:movq %rax, -0x20(%rbp)...
Instr: movq %rax, -0x20(%rbp)
Workdir: /home/ubuntu/Github/validating-binary-decompilation/tests/compositional_artifacts_single_instruction_decompilation//movq__rax__MINUS0x20__rbp_
Creating artifacts...
Already Exists
Creating artifacts... Done.
Running artifacts...
Reusing Declutter Output...

Executing: cat /home/ubuntu/Github/validating-binary-decompilation/tests/compositional_artifacts_single_instruction_decompilation//movq__rax__MINUS0x20__rbp_/test.mod.ll
Running artifacts...Done.

Multiple defintions of @seg_4003a0__text
Multiple defintions of @seg_400548__eh_frame
FuncCache skipped: _ZN12_GLOBAL__N_1L3MOVI3MnWImE2RnImEEEP6MemoryS6_R5StateT_T0_
FuncCache inserted: routine_movq__rax__MINUS0x20__rbp_
Decompiling instr:movq %rax, -0x20(%rbp) Done...


Decompiling instr:.L_40345a:...


Decompiling instr:movq -0x20(%rbp), %rax...
Instr: movq -0x20(%rbp), %rax
Workdir: /home/ubuntu/Github/validating-binary-decompilation/tests/compositional_artifacts_single_instruction_decompilation//movq_MINUS0x20__rbp____rax
Creating artifacts...
Already Exists
Creating artifacts... Done.
Running artifacts...
Reusing Declutter Output...

Executing: cat /home/ubuntu/Github/validating-binary-decompilation/tests/compositional_artifacts_single_instruction_decompilation//movq_MINUS0x20__rbp____rax/test.mod.ll
Running artifacts...Done.

Multiple defintions of @seg_4003a0__text
Multiple defintions of @seg_400548__eh_frame
FuncCache skipped: _ZN12_GLOBAL__N_1L3MOVI3RnWImE2MnImEEEP6MemoryS6_R5StateT_T0_
FuncCache inserted: routine_movq_MINUS0x20__rbp____rax
Decompiling instr:movq -0x20(%rbp), %rax Done...


Decompiling instr:movq -0x28(%rbp), %rcx...
Instr: movq -0x28(%rbp), %rcx
Workdir: /home/ubuntu/Github/validating-binary-decompilation/tests/compositional_artifacts_single_instruction_decompilation//movq_MINUS0x28__rbp____rcx
Creating artifacts...
Already Exists
Creating artifacts... Done.
Running artifacts...
Reusing Declutter Output...

Executing: cat /home/ubuntu/Github/validating-binary-decompilation/tests/compositional_artifacts_single_instruction_decompilation//movq_MINUS0x28__rbp____rcx/test.mod.ll
Running artifacts...Done.

Multiple defintions of @seg_4003a0__text
Multiple defintions of @seg_400548__eh_frame
FuncCache skipped: _ZN12_GLOBAL__N_1L3MOVI3RnWImE2MnImEEEP6MemoryS6_R5StateT_T0_
FuncCache inserted: routine_movq_MINUS0x28__rbp____rcx
Decompiling instr:movq -0x28(%rbp), %rcx Done...


Decompiling instr:cmpq %rcx, %rax...
Instr: cmpq %rcx, %rax
Workdir: /home/ubuntu/Github/validating-binary-decompilation/tests/compositional_artifacts_single_instruction_decompilation//cmpq__rcx___rax
Creating artifacts...
Already Exists
Creating artifacts... Done.
Running artifacts...
Reusing Declutter Output...

Executing: cat /home/ubuntu/Github/validating-binary-decompilation/tests/compositional_artifacts_single_instruction_decompilation//cmpq__rcx___rax/test.mod.ll
Running artifacts...Done.

Multiple defintions of @seg_4003a0__text
Multiple defintions of @seg_400548__eh_frame
FuncCache inserted: _ZN12_GLOBAL__N_1L3CMPI2RnImES2_EEP6MemoryS4_R5StateT_T0_
FuncCache inserted: routine_cmpq__rcx___rax
Decompiling instr:cmpq %rcx, %rax Done...


Decompiling instr:je .L_40349a...
Instr: je .L_40349a
Workdir: /home/ubuntu/Github/validating-binary-decompilation/tests/compositional_artifacts_single_instruction_decompilation//je_.L_40349a
Creating artifacts...
Already Exists
Creating artifacts... Done.
Running artifacts...
Reusing Declutter Output...

Executing: cat /home/ubuntu/Github/validating-binary-decompilation/tests/compositional_artifacts_single_instruction_decompilation//je_.L_40349a/test.mod.ll
Running artifacts...Done.

Multiple defintions of @seg_4003a0__text
Multiple defintions of @seg_400548__eh_frame
FuncCache inserted: _ZN12_GLOBAL__N_1L2JZEP6MemoryR5State3RnWIhE2InImES7_
FuncCache inserted: routine_je_.L_40349a
Decompiling instr:je .L_40349a Done...


Decompiling instr:movq -0x20(%rbp), %rax...
Instr: movq -0x20(%rbp), %rax
Workdir: /home/ubuntu/Github/validating-binary-decompilation/tests/compositional_artifacts_single_instruction_decompilation//movq_MINUS0x20__rbp____rax
Creating artifacts...
Already Exists
Creating artifacts... Done.
Running artifacts...
Reusing Declutter Output...

Executing: cat /home/ubuntu/Github/validating-binary-decompilation/tests/compositional_artifacts_single_instruction_decompilation//movq_MINUS0x20__rbp____rax/test.mod.ll
Running artifacts...Done.

Multiple defintions of @seg_4003a0__text
Multiple defintions of @seg_400548__eh_frame
FuncCache skipped: _ZN12_GLOBAL__N_1L3MOVI3RnWImE2MnImEEEP6MemoryS6_R5StateT_T0_
FuncCache skipped: routine_movq_MINUS0x20__rbp____rax
Decompiling instr:movq -0x20(%rbp), %rax Done...


Decompiling instr:cmpl $0xffffffff, 0x18(%rax)...
Instr: cmpl $0xffffffff, 0x18(%rax)
Workdir: /home/ubuntu/Github/validating-binary-decompilation/tests/compositional_artifacts_single_instruction_decompilation//cmpl__0xffffffff__0x18__rax_
Creating artifacts...
Already Exists
Creating artifacts... Done.
Running artifacts...
Reusing Declutter Output...

Executing: cat /home/ubuntu/Github/validating-binary-decompilation/tests/compositional_artifacts_single_instruction_decompilation//cmpl__0xffffffff__0x18__rax_/test.mod.ll
Running artifacts...Done.

Multiple defintions of @seg_4003a0__text
Multiple defintions of @seg_400548__eh_frame
FuncCache inserted: _ZN12_GLOBAL__N_1L3CMPI2MnIjE2InIjEEEP6MemoryS6_R5StateT_T0_
FuncCache inserted: routine_cmpl__0xffffffff__0x18__rax_
Decompiling instr:cmpl $0xffffffff, 0x18(%rax) Done...


Decompiling instr:je .L_403484...
Instr: je .L_403484
Workdir: /home/ubuntu/Github/validating-binary-decompilation/tests/compositional_artifacts_single_instruction_decompilation//je_.L_403484
Creating artifacts...
Already Exists
Creating artifacts... Done.
Running artifacts...
Reusing Declutter Output...

Executing: cat /home/ubuntu/Github/validating-binary-decompilation/tests/compositional_artifacts_single_instruction_decompilation//je_.L_403484/test.mod.ll
Running artifacts...Done.

Multiple defintions of @seg_4003a0__text
Multiple defintions of @seg_400548__eh_frame
FuncCache skipped: _ZN12_GLOBAL__N_1L2JZEP6MemoryR5State3RnWIhE2InImES7_
FuncCache inserted: routine_je_.L_403484
Decompiling instr:je .L_403484 Done...


Decompiling instr:movq -0x20(%rbp), %rax...
Instr: movq -0x20(%rbp), %rax
Workdir: /home/ubuntu/Github/validating-binary-decompilation/tests/compositional_artifacts_single_instruction_decompilation//movq_MINUS0x20__rbp____rax
Creating artifacts...
Already Exists
Creating artifacts... Done.
Running artifacts...
Reusing Declutter Output...

Executing: cat /home/ubuntu/Github/validating-binary-decompilation/tests/compositional_artifacts_single_instruction_decompilation//movq_MINUS0x20__rbp____rax/test.mod.ll
Running artifacts...Done.

Multiple defintions of @seg_4003a0__text
Multiple defintions of @seg_400548__eh_frame
FuncCache skipped: _ZN12_GLOBAL__N_1L3MOVI3RnWImE2MnImEEEP6MemoryS6_R5StateT_T0_
FuncCache skipped: routine_movq_MINUS0x20__rbp____rax
Decompiling instr:movq -0x20(%rbp), %rax Done...


Decompiling instr:movl $0x1, 0x18(%rax)...
Instr: movl $0x1, 0x18(%rax)
Workdir: /home/ubuntu/Github/validating-binary-decompilation/tests/compositional_artifacts_single_instruction_decompilation//movl__0x1__0x18__rax_
Creating artifacts...
Already Exists
Creating artifacts... Done.
Running artifacts...
Reusing Declutter Output...

Executing: cat /home/ubuntu/Github/validating-binary-decompilation/tests/compositional_artifacts_single_instruction_decompilation//movl__0x1__0x18__rax_/test.mod.ll
Running artifacts...Done.

Multiple defintions of @seg_4003a0__text
Multiple defintions of @seg_400548__eh_frame
FuncCache skipped: _ZN12_GLOBAL__N_1L3MOVI3MnWIjE2InIjEEEP6MemoryS6_R5StateT_T0_
FuncCache inserted: routine_movl__0x1__0x18__rax_
Decompiling instr:movl $0x1, 0x18(%rax) Done...


Decompiling instr:.L_403484:...


Decompiling instr:jmpq .L_403489...
Instr: jmpq .L_403489
Workdir: /home/ubuntu/Github/validating-binary-decompilation/tests/compositional_artifacts_single_instruction_decompilation//jmpq_.L_403489
Creating artifacts...
Already Exists
Creating artifacts... Done.
Running artifacts...
Reusing Declutter Output...

Executing: cat /home/ubuntu/Github/validating-binary-decompilation/tests/compositional_artifacts_single_instruction_decompilation//jmpq_.L_403489/test.mod.ll
Running artifacts...Done.

Multiple defintions of @seg_4003a0__text
Multiple defintions of @seg_400548__eh_frame
FuncCache inserted: _ZN12_GLOBAL__N_1L3JMPI2InImEEEP6MemoryS4_R5StateT_
FuncCache inserted: routine_jmpq_.L_403489
Decompiling instr:jmpq .L_403489 Done...


Decompiling instr:.L_403489:...


Decompiling instr:movq -0x20(%rbp), %rax...
Instr: movq -0x20(%rbp), %rax
Workdir: /home/ubuntu/Github/validating-binary-decompilation/tests/compositional_artifacts_single_instruction_decompilation//movq_MINUS0x20__rbp____rax
Creating artifacts...
Already Exists
Creating artifacts... Done.
Running artifacts...
Reusing Declutter Output...

Executing: cat /home/ubuntu/Github/validating-binary-decompilation/tests/compositional_artifacts_single_instruction_decompilation//movq_MINUS0x20__rbp____rax/test.mod.ll
Running artifacts...Done.

Multiple defintions of @seg_4003a0__text
Multiple defintions of @seg_400548__eh_frame
FuncCache skipped: _ZN12_GLOBAL__N_1L3MOVI3RnWImE2MnImEEEP6MemoryS6_R5StateT_T0_
FuncCache skipped: routine_movq_MINUS0x20__rbp____rax
Decompiling instr:movq -0x20(%rbp), %rax Done...


Decompiling instr:addq $0x40, %rax...
Instr: addq $0x40, %rax
Workdir: /home/ubuntu/Github/validating-binary-decompilation/tests/compositional_artifacts_single_instruction_decompilation//addq__0x40___rax
Creating artifacts...
Already Exists
Creating artifacts... Done.
Running artifacts...
Reusing Declutter Output...

Executing: cat /home/ubuntu/Github/validating-binary-decompilation/tests/compositional_artifacts_single_instruction_decompilation//addq__0x40___rax/test.mod.ll
Running artifacts...Done.

Multiple defintions of @seg_4003a0__text
Multiple defintions of @seg_400548__eh_frame
FuncCache skipped: _ZN12_GLOBAL__N_1L3ADDI3RnWImE2RnImE2InImEEEP6MemoryS8_R5StateT_T0_T1_
FuncCache inserted: routine_addq__0x40___rax

Executing: ${HOME}/Github/validating-binary-decompilation/tests/scripts//find_pc_in_relocinfo.pl --binary ../binary/test.reloc --pc 40348d --size 4
Decompiling instr:addq $0x40, %rax Done...


Decompiling instr:movq %rax, -0x20(%rbp)...
Instr: movq %rax, -0x20(%rbp)
Workdir: /home/ubuntu/Github/validating-binary-decompilation/tests/compositional_artifacts_single_instruction_decompilation//movq__rax__MINUS0x20__rbp_
Creating artifacts...
Already Exists
Creating artifacts... Done.
Running artifacts...
Reusing Declutter Output...

Executing: cat /home/ubuntu/Github/validating-binary-decompilation/tests/compositional_artifacts_single_instruction_decompilation//movq__rax__MINUS0x20__rbp_/test.mod.ll
Running artifacts...Done.

Multiple defintions of @seg_4003a0__text
Multiple defintions of @seg_400548__eh_frame
FuncCache skipped: _ZN12_GLOBAL__N_1L3MOVI3MnWImE2RnImEEEP6MemoryS6_R5StateT_T0_
FuncCache skipped: routine_movq__rax__MINUS0x20__rbp_
Decompiling instr:movq %rax, -0x20(%rbp) Done...


Decompiling instr:jmpq .L_40345a...
Instr: jmpq .L_40345a
Workdir: /home/ubuntu/Github/validating-binary-decompilation/tests/compositional_artifacts_single_instruction_decompilation//jmpq_.L_40345a
Creating artifacts...
Already Exists
Creating artifacts... Done.
Running artifacts...
Reusing Declutter Output...

Executing: cat /home/ubuntu/Github/validating-binary-decompilation/tests/compositional_artifacts_single_instruction_decompilation//jmpq_.L_40345a/test.mod.ll
Running artifacts...Done.

Multiple defintions of @seg_4003a0__text
Multiple defintions of @seg_400548__eh_frame
FuncCache skipped: _ZN12_GLOBAL__N_1L3JMPI2InImEEEP6MemoryS4_R5StateT_
FuncCache inserted: routine_jmpq_.L_40345a
Decompiling instr:jmpq .L_40345a Done...


Decompiling instr:.L_40349a:...


Decompiling instr:movq -0x8(%rbp), %rax...
Instr: movq -0x8(%rbp), %rax
Workdir: /home/ubuntu/Github/validating-binary-decompilation/tests/compositional_artifacts_single_instruction_decompilation//movq_MINUS0x8__rbp____rax
Creating artifacts...
Already Exists
Creating artifacts... Done.
Running artifacts...
Reusing Declutter Output...

Executing: cat /home/ubuntu/Github/validating-binary-decompilation/tests/compositional_artifacts_single_instruction_decompilation//movq_MINUS0x8__rbp____rax/test.mod.ll
Running artifacts...Done.

Multiple defintions of @seg_4003a0__text
Multiple defintions of @seg_400548__eh_frame
FuncCache skipped: _ZN12_GLOBAL__N_1L3MOVI3RnWImE2MnImEEEP6MemoryS6_R5StateT_T0_
FuncCache skipped: routine_movq_MINUS0x8__rbp____rax
Decompiling instr:movq -0x8(%rbp), %rax Done...


Decompiling instr:movq 0x248(%rax), %rax...
Instr: movq 0x248(%rax), %rax
Workdir: /home/ubuntu/Github/validating-binary-decompilation/tests/compositional_artifacts_single_instruction_decompilation//movq_0x248__rax____rax
Creating artifacts...
Already Exists
Creating artifacts... Done.
Running artifacts...
Reusing Declutter Output...

Executing: cat /home/ubuntu/Github/validating-binary-decompilation/tests/compositional_artifacts_single_instruction_decompilation//movq_0x248__rax____rax/test.mod.ll
Running artifacts...Done.

Multiple defintions of @seg_4003a0__text
Multiple defintions of @seg_400548__eh_frame
FuncCache skipped: _ZN12_GLOBAL__N_1L3MOVI3RnWImE2MnImEEEP6MemoryS6_R5StateT_T0_
FuncCache inserted: routine_movq_0x248__rax____rax
Decompiling instr:movq 0x248(%rax), %rax Done...


Decompiling instr:movq %rax, -0x20(%rbp)...
Instr: movq %rax, -0x20(%rbp)
Workdir: /home/ubuntu/Github/validating-binary-decompilation/tests/compositional_artifacts_single_instruction_decompilation//movq__rax__MINUS0x20__rbp_
Creating artifacts...
Already Exists
Creating artifacts... Done.
Running artifacts...
Reusing Declutter Output...

Executing: cat /home/ubuntu/Github/validating-binary-decompilation/tests/compositional_artifacts_single_instruction_decompilation//movq__rax__MINUS0x20__rbp_/test.mod.ll
Running artifacts...Done.

Multiple defintions of @seg_4003a0__text
Multiple defintions of @seg_400548__eh_frame
FuncCache skipped: _ZN12_GLOBAL__N_1L3MOVI3MnWImE2RnImEEEP6MemoryS6_R5StateT_T0_
FuncCache skipped: routine_movq__rax__MINUS0x20__rbp_
Decompiling instr:movq %rax, -0x20(%rbp) Done...


Decompiling instr:movq -0x8(%rbp), %rax...
Instr: movq -0x8(%rbp), %rax
Workdir: /home/ubuntu/Github/validating-binary-decompilation/tests/compositional_artifacts_single_instruction_decompilation//movq_MINUS0x8__rbp____rax
Creating artifacts...
Already Exists
Creating artifacts... Done.
Running artifacts...
Reusing Declutter Output...

Executing: cat /home/ubuntu/Github/validating-binary-decompilation/tests/compositional_artifacts_single_instruction_decompilation//movq_MINUS0x8__rbp____rax/test.mod.ll
Running artifacts...Done.

Multiple defintions of @seg_4003a0__text
Multiple defintions of @seg_400548__eh_frame
FuncCache skipped: _ZN12_GLOBAL__N_1L3MOVI3RnWImE2MnImEEEP6MemoryS6_R5StateT_T0_
FuncCache skipped: routine_movq_MINUS0x8__rbp____rax
Decompiling instr:movq -0x8(%rbp), %rax Done...


Decompiling instr:movq 0x230(%rax), %rax...
Instr: movq 0x230(%rax), %rax
Workdir: /home/ubuntu/Github/validating-binary-decompilation/tests/compositional_artifacts_single_instruction_decompilation//movq_0x230__rax____rax
Creating artifacts...
Already Exists
Creating artifacts... Done.
Running artifacts...
Reusing Declutter Output...

Executing: cat /home/ubuntu/Github/validating-binary-decompilation/tests/compositional_artifacts_single_instruction_decompilation//movq_0x230__rax____rax/test.mod.ll
Running artifacts...Done.

Multiple defintions of @seg_4003a0__text
Multiple defintions of @seg_400548__eh_frame
FuncCache skipped: _ZN12_GLOBAL__N_1L3MOVI3RnWImE2MnImEEEP6MemoryS6_R5StateT_T0_
FuncCache inserted: routine_movq_0x230__rax____rax
Decompiling instr:movq 0x230(%rax), %rax Done...


Decompiling instr:movq %rax, -0x28(%rbp)...
Instr: movq %rax, -0x28(%rbp)
Workdir: /home/ubuntu/Github/validating-binary-decompilation/tests/compositional_artifacts_single_instruction_decompilation//movq__rax__MINUS0x28__rbp_
Creating artifacts...
Already Exists
Creating artifacts... Done.
Running artifacts...
Reusing Declutter Output...

Executing: cat /home/ubuntu/Github/validating-binary-decompilation/tests/compositional_artifacts_single_instruction_decompilation//movq__rax__MINUS0x28__rbp_/test.mod.ll
Running artifacts...Done.

Multiple defintions of @seg_4003a0__text
Multiple defintions of @seg_400548__eh_frame
FuncCache skipped: _ZN12_GLOBAL__N_1L3MOVI3MnWImE2RnImEEEP6MemoryS6_R5StateT_T0_
FuncCache skipped: routine_movq__rax__MINUS0x28__rbp_
Decompiling instr:movq %rax, -0x28(%rbp) Done...


Decompiling instr:.L_4034b8:...


Decompiling instr:movq -0x10(%rbp), %rax...
Instr: movq -0x10(%rbp), %rax
Workdir: /home/ubuntu/Github/validating-binary-decompilation/tests/compositional_artifacts_single_instruction_decompilation//movq_MINUS0x10__rbp____rax
Creating artifacts...
Already Exists
Creating artifacts... Done.
Running artifacts...
Reusing Declutter Output...

Executing: cat /home/ubuntu/Github/validating-binary-decompilation/tests/compositional_artifacts_single_instruction_decompilation//movq_MINUS0x10__rbp____rax/test.mod.ll
Running artifacts...Done.

Multiple defintions of @seg_4003a0__text
Multiple defintions of @seg_400548__eh_frame
FuncCache skipped: _ZN12_GLOBAL__N_1L3MOVI3RnWImE2MnImEEEP6MemoryS6_R5StateT_T0_
FuncCache inserted: routine_movq_MINUS0x10__rbp____rax
Decompiling instr:movq -0x10(%rbp), %rax Done...


Decompiling instr:movq -0x28(%rbp), %rcx...
Instr: movq -0x28(%rbp), %rcx
Workdir: /home/ubuntu/Github/validating-binary-decompilation/tests/compositional_artifacts_single_instruction_decompilation//movq_MINUS0x28__rbp____rcx
Creating artifacts...
Already Exists
Creating artifacts... Done.
Running artifacts...
Reusing Declutter Output...

Executing: cat /home/ubuntu/Github/validating-binary-decompilation/tests/compositional_artifacts_single_instruction_decompilation//movq_MINUS0x28__rbp____rcx/test.mod.ll
Running artifacts...Done.

Multiple defintions of @seg_4003a0__text
Multiple defintions of @seg_400548__eh_frame
FuncCache skipped: _ZN12_GLOBAL__N_1L3MOVI3RnWImE2MnImEEEP6MemoryS6_R5StateT_T0_
FuncCache skipped: routine_movq_MINUS0x28__rbp____rcx
Decompiling instr:movq -0x28(%rbp), %rcx Done...


Decompiling instr:cmpq %rcx, %rax...
Instr: cmpq %rcx, %rax
Workdir: /home/ubuntu/Github/validating-binary-decompilation/tests/compositional_artifacts_single_instruction_decompilation//cmpq__rcx___rax
Creating artifacts...
Already Exists
Creating artifacts... Done.
Running artifacts...
Reusing Declutter Output...

Executing: cat /home/ubuntu/Github/validating-binary-decompilation/tests/compositional_artifacts_single_instruction_decompilation//cmpq__rcx___rax/test.mod.ll
Running artifacts...Done.

Multiple defintions of @seg_4003a0__text
Multiple defintions of @seg_400548__eh_frame
FuncCache skipped: _ZN12_GLOBAL__N_1L3CMPI2RnImES2_EEP6MemoryS4_R5StateT_T0_
FuncCache skipped: routine_cmpq__rcx___rax
Decompiling instr:cmpq %rcx, %rax Done...


Decompiling instr:je .L_403586...
Instr: je .L_403586
Workdir: /home/ubuntu/Github/validating-binary-decompilation/tests/compositional_artifacts_single_instruction_decompilation//je_.L_403586
Creating artifacts...
Already Exists
Creating artifacts... Done.
Running artifacts...
Reusing Declutter Output...

Executing: cat /home/ubuntu/Github/validating-binary-decompilation/tests/compositional_artifacts_single_instruction_decompilation//je_.L_403586/test.mod.ll
Running artifacts...Done.

Multiple defintions of @seg_4003a0__text
Multiple defintions of @seg_400548__eh_frame
FuncCache skipped: _ZN12_GLOBAL__N_1L2JZEP6MemoryR5State3RnWIhE2InImES7_
FuncCache inserted: routine_je_.L_403586
Decompiling instr:je .L_403586 Done...


Decompiling instr:movq -0x20(%rbp), %rax...
Instr: movq -0x20(%rbp), %rax
Workdir: /home/ubuntu/Github/validating-binary-decompilation/tests/compositional_artifacts_single_instruction_decompilation//movq_MINUS0x20__rbp____rax
Creating artifacts...
Already Exists
Creating artifacts... Done.
Running artifacts...
Reusing Declutter Output...

Executing: cat /home/ubuntu/Github/validating-binary-decompilation/tests/compositional_artifacts_single_instruction_decompilation//movq_MINUS0x20__rbp____rax/test.mod.ll
Running artifacts...Done.

Multiple defintions of @seg_4003a0__text
Multiple defintions of @seg_400548__eh_frame
FuncCache skipped: _ZN12_GLOBAL__N_1L3MOVI3RnWImE2MnImEEEP6MemoryS6_R5StateT_T0_
FuncCache skipped: routine_movq_MINUS0x20__rbp____rax
Decompiling instr:movq -0x20(%rbp), %rax Done...


Decompiling instr:movq -0x10(%rbp), %rcx...
Instr: movq -0x10(%rbp), %rcx
Workdir: /home/ubuntu/Github/validating-binary-decompilation/tests/compositional_artifacts_single_instruction_decompilation//movq_MINUS0x10__rbp____rcx
Creating artifacts...
Already Exists
Creating artifacts... Done.
Running artifacts...
Reusing Declutter Output...

Executing: cat /home/ubuntu/Github/validating-binary-decompilation/tests/compositional_artifacts_single_instruction_decompilation//movq_MINUS0x10__rbp____rcx/test.mod.ll
Running artifacts...Done.

Multiple defintions of @seg_4003a0__text
Multiple defintions of @seg_400548__eh_frame
FuncCache skipped: _ZN12_GLOBAL__N_1L3MOVI3RnWImE2MnImEEEP6MemoryS6_R5StateT_T0_
FuncCache inserted: routine_movq_MINUS0x10__rbp____rcx
Decompiling instr:movq -0x10(%rbp), %rcx Done...


Decompiling instr:movq %rax, 0x30(%rcx)...
Instr: movq %rax, 0x30(%rcx)
Workdir: /home/ubuntu/Github/validating-binary-decompilation/tests/compositional_artifacts_single_instruction_decompilation//movq__rax__0x30__rcx_
Creating artifacts...
Already Exists
Creating artifacts... Done.
Running artifacts...
Reusing Declutter Output...

Executing: cat /home/ubuntu/Github/validating-binary-decompilation/tests/compositional_artifacts_single_instruction_decompilation//movq__rax__0x30__rcx_/test.mod.ll
Running artifacts...Done.

Multiple defintions of @seg_4003a0__text
Multiple defintions of @seg_400548__eh_frame
FuncCache skipped: _ZN12_GLOBAL__N_1L3MOVI3MnWImE2RnImEEEP6MemoryS6_R5StateT_T0_
FuncCache inserted: routine_movq__rax__0x30__rcx_
Decompiling instr:movq %rax, 0x30(%rcx) Done...


Decompiling instr:movq -0x18(%rbp), %rax...
Instr: movq -0x18(%rbp), %rax
Workdir: /home/ubuntu/Github/validating-binary-decompilation/tests/compositional_artifacts_single_instruction_decompilation//movq_MINUS0x18__rbp____rax
Creating artifacts...
Already Exists
Creating artifacts... Done.
Running artifacts...
Reusing Declutter Output...

Executing: cat /home/ubuntu/Github/validating-binary-decompilation/tests/compositional_artifacts_single_instruction_decompilation//movq_MINUS0x18__rbp____rax/test.mod.ll
Running artifacts...Done.

Multiple defintions of @seg_4003a0__text
Multiple defintions of @seg_400548__eh_frame
FuncCache skipped: _ZN12_GLOBAL__N_1L3MOVI3RnWImE2MnImEEEP6MemoryS6_R5StateT_T0_
FuncCache skipped: routine_movq_MINUS0x18__rbp____rax
Decompiling instr:movq -0x18(%rbp), %rax Done...


Decompiling instr:movq -0x10(%rbp), %rcx...
Instr: movq -0x10(%rbp), %rcx
Workdir: /home/ubuntu/Github/validating-binary-decompilation/tests/compositional_artifacts_single_instruction_decompilation//movq_MINUS0x10__rbp____rcx
Creating artifacts...
Already Exists
Creating artifacts... Done.
Running artifacts...
Reusing Declutter Output...

Executing: cat /home/ubuntu/Github/validating-binary-decompilation/tests/compositional_artifacts_single_instruction_decompilation//movq_MINUS0x10__rbp____rcx/test.mod.ll
Running artifacts...Done.

Multiple defintions of @seg_4003a0__text
Multiple defintions of @seg_400548__eh_frame
FuncCache skipped: _ZN12_GLOBAL__N_1L3MOVI3RnWImE2MnImEEEP6MemoryS6_R5StateT_T0_
FuncCache skipped: routine_movq_MINUS0x10__rbp____rcx
Decompiling instr:movq -0x10(%rbp), %rcx Done...


Decompiling instr:movq %rax, 0x18(%rcx)...
Instr: movq %rax, 0x18(%rcx)
Workdir: /home/ubuntu/Github/validating-binary-decompilation/tests/compositional_artifacts_single_instruction_decompilation//movq__rax__0x18__rcx_
Creating artifacts...
Already Exists
Creating artifacts... Done.
Running artifacts...
Reusing Declutter Output...

Executing: cat /home/ubuntu/Github/validating-binary-decompilation/tests/compositional_artifacts_single_instruction_decompilation//movq__rax__0x18__rcx_/test.mod.ll
Running artifacts...Done.

Multiple defintions of @seg_4003a0__text
Multiple defintions of @seg_400548__eh_frame
FuncCache skipped: _ZN12_GLOBAL__N_1L3MOVI3MnWImE2RnImEEEP6MemoryS6_R5StateT_T0_
FuncCache inserted: routine_movq__rax__0x18__rcx_
Decompiling instr:movq %rax, 0x18(%rcx) Done...


Decompiling instr:movq -0x10(%rbp), %rax...
Instr: movq -0x10(%rbp), %rax
Workdir: /home/ubuntu/Github/validating-binary-decompilation/tests/compositional_artifacts_single_instruction_decompilation//movq_MINUS0x10__rbp____rax
Creating artifacts...
Already Exists
Creating artifacts... Done.
Running artifacts...
Reusing Declutter Output...

Executing: cat /home/ubuntu/Github/validating-binary-decompilation/tests/compositional_artifacts_single_instruction_decompilation//movq_MINUS0x10__rbp____rax/test.mod.ll
Running artifacts...Done.

Multiple defintions of @seg_4003a0__text
Multiple defintions of @seg_400548__eh_frame
FuncCache skipped: _ZN12_GLOBAL__N_1L3MOVI3RnWImE2MnImEEEP6MemoryS6_R5StateT_T0_
FuncCache skipped: routine_movq_MINUS0x10__rbp____rax
Decompiling instr:movq -0x10(%rbp), %rax Done...


Decompiling instr:movq $0x0, 0x10(%rax)...
Instr: movq $0x0, 0x10(%rax)
Workdir: /home/ubuntu/Github/validating-binary-decompilation/tests/compositional_artifacts_single_instruction_decompilation//movq__0x0__0x10__rax_
Creating artifacts...
Already Exists
Creating artifacts... Done.
Running artifacts...
Reusing Declutter Output...

Executing: cat /home/ubuntu/Github/validating-binary-decompilation/tests/compositional_artifacts_single_instruction_decompilation//movq__0x0__0x10__rax_/test.mod.ll
Running artifacts...Done.

Multiple defintions of %seg_4003a0__text_type
Multiple defintions of @seg_4003a0__text
FuncCache skipped: _ZN12_GLOBAL__N_1L3MOVI3MnWImE2InImEEEP6MemoryS6_R5StateT_T0_
FuncCache inserted: routine_movq__0x0__0x10__rax_
Decompiling instr:movq $0x0, 0x10(%rax) Done...


Decompiling instr:movq -0x10(%rbp), %rax...
Instr: movq -0x10(%rbp), %rax
Workdir: /home/ubuntu/Github/validating-binary-decompilation/tests/compositional_artifacts_single_instruction_decompilation//movq_MINUS0x10__rbp____rax
Creating artifacts...
Already Exists
Creating artifacts... Done.
Running artifacts...
Reusing Declutter Output...

Executing: cat /home/ubuntu/Github/validating-binary-decompilation/tests/compositional_artifacts_single_instruction_decompilation//movq_MINUS0x10__rbp____rax/test.mod.ll
Running artifacts...Done.

Multiple defintions of @seg_4003a0__text
Multiple defintions of @seg_400548__eh_frame
FuncCache skipped: _ZN12_GLOBAL__N_1L3MOVI3RnWImE2MnImEEEP6MemoryS6_R5StateT_T0_
FuncCache skipped: routine_movq_MINUS0x10__rbp____rax
Decompiling instr:movq -0x10(%rbp), %rax Done...


Decompiling instr:addq $0x68, %rax...
Instr: addq $0x68, %rax
Workdir: /home/ubuntu/Github/validating-binary-decompilation/tests/compositional_artifacts_single_instruction_decompilation//addq__0x68___rax
Creating artifacts...
Already Exists
Creating artifacts... Done.
Running artifacts...
Reusing Declutter Output...

Executing: cat /home/ubuntu/Github/validating-binary-decompilation/tests/compositional_artifacts_single_instruction_decompilation//addq__0x68___rax/test.mod.ll
Running artifacts...Done.

Multiple defintions of @seg_4003a0__text
Multiple defintions of @seg_400548__eh_frame
FuncCache skipped: _ZN12_GLOBAL__N_1L3ADDI3RnWImE2RnImE2InImEEEP6MemoryS8_R5StateT_T0_T1_
FuncCache inserted: routine_addq__0x68___rax

Executing: ${HOME}/Github/validating-binary-decompilation/tests/scripts//find_pc_in_relocinfo.pl --binary ../binary/test.reloc --pc 4034f1 --size 4
Decompiling instr:addq $0x68, %rax Done...


Decompiling instr:movq -0x10(%rbp), %rcx...
Instr: movq -0x10(%rbp), %rcx
Workdir: /home/ubuntu/Github/validating-binary-decompilation/tests/compositional_artifacts_single_instruction_decompilation//movq_MINUS0x10__rbp____rcx
Creating artifacts...
Already Exists
Creating artifacts... Done.
Running artifacts...
Reusing Declutter Output...

Executing: cat /home/ubuntu/Github/validating-binary-decompilation/tests/compositional_artifacts_single_instruction_decompilation//movq_MINUS0x10__rbp____rcx/test.mod.ll
Running artifacts...Done.

Multiple defintions of @seg_4003a0__text
Multiple defintions of @seg_400548__eh_frame
FuncCache skipped: _ZN12_GLOBAL__N_1L3MOVI3RnWImE2MnImEEEP6MemoryS6_R5StateT_T0_
FuncCache skipped: routine_movq_MINUS0x10__rbp____rcx
Decompiling instr:movq -0x10(%rbp), %rcx Done...


Decompiling instr:movq %rax, 0x20(%rcx)...
Instr: movq %rax, 0x20(%rcx)
Workdir: /home/ubuntu/Github/validating-binary-decompilation/tests/compositional_artifacts_single_instruction_decompilation//movq__rax__0x20__rcx_
Creating artifacts...
Already Exists
Creating artifacts... Done.
Running artifacts...
Reusing Declutter Output...

Executing: cat /home/ubuntu/Github/validating-binary-decompilation/tests/compositional_artifacts_single_instruction_decompilation//movq__rax__0x20__rcx_/test.mod.ll
Running artifacts...Done.

Multiple defintions of @seg_4003a0__text
Multiple defintions of @seg_400548__eh_frame
FuncCache skipped: _ZN12_GLOBAL__N_1L3MOVI3MnWImE2RnImEEEP6MemoryS6_R5StateT_T0_
FuncCache inserted: routine_movq__rax__0x20__rcx_
Decompiling instr:movq %rax, 0x20(%rcx) Done...


Decompiling instr:movq -0x10(%rbp), %rax...
Instr: movq -0x10(%rbp), %rax
Workdir: /home/ubuntu/Github/validating-binary-decompilation/tests/compositional_artifacts_single_instruction_decompilation//movq_MINUS0x10__rbp____rax
Creating artifacts...
Already Exists
Creating artifacts... Done.
Running artifacts...
Reusing Declutter Output...

Executing: cat /home/ubuntu/Github/validating-binary-decompilation/tests/compositional_artifacts_single_instruction_decompilation//movq_MINUS0x10__rbp____rax/test.mod.ll
Running artifacts...Done.

Multiple defintions of @seg_4003a0__text
Multiple defintions of @seg_400548__eh_frame
FuncCache skipped: _ZN12_GLOBAL__N_1L3MOVI3RnWImE2MnImEEEP6MemoryS6_R5StateT_T0_
FuncCache skipped: routine_movq_MINUS0x10__rbp____rax
Decompiling instr:movq -0x10(%rbp), %rax Done...


Decompiling instr:addq $0xffffff98, %rax...
Instr: addq $0xffffff98, %rax
Workdir: /home/ubuntu/Github/validating-binary-decompilation/tests/compositional_artifacts_single_instruction_decompilation//addq__0xffffff98___rax
Creating artifacts...
Already Exists
Creating artifacts... Done.
Running artifacts...
Generating Binary -> McSema -> Declutter -> Cat: /home/ubuntu/Github/validating-binary-decompilation/tests/compositional_artifacts_single_instruction_decompilation//addq__0xffffff98___rax/test.mod.ll

test.c:1:1: warning: return type of 'main' is not 'int' [-Wmain-return-type]
void main() {
^
test.c:1:1: note: change return type to 'int'
void main() {
^~~~
int
test.c:2:11: error: invalid operand for instruction
  __asm__("addq $0xffffff98, %rax");
          ^
<inline asm>:1:7: note: instantiated into assembly here
        addq $0xffffff98, %rax
             ^~~~~~~~~~~~
1 warning and 1 error generated.
make[1]: *** [binary] Error 1
test.c: Assembler messages:
test.c:2: Error: operand type mismatch for `add'
make[1]: *** [test] Error 1
make[1]: *** No rule to make target 'test.ll', needed by 'declutter'.  Stop.
cat: /home/ubuntu/Github/validating-binary-decompilation/tests/compositional_artifacts_single_instruction_decompilation//addq__0xffffff98___rax/test.mod.ll: No such file or directory

Executing: make -C /home/ubuntu/Github/validating-binary-decompilation/tests/compositional_artifacts_single_instruction_decompilation//addq__0xffffff98___rax binary
make[1]: Entering directory '/home/ubuntu/Github/validating-binary-decompilation/tests/compositional_artifacts_single_instruction_decompilation/addq__0xffffff98___rax'
clang -Os test.c -o test
Makefile:21: recipe for target 'binary' failed
make[1]: Leaving directory '/home/ubuntu/Github/validating-binary-decompilation/tests/compositional_artifacts_single_instruction_decompilation/addq__0xffffff98___rax'

Executing: make -C /home/ubuntu/Github/validating-binary-decompilation/tests/compositional_artifacts_single_instruction_decompilation//addq__0xffffff98___rax mcsema
make[1]: Entering directory '/home/ubuntu/Github/validating-binary-decompilation/tests/compositional_artifacts_single_instruction_decompilation/addq__0xffffff98___rax'
cc     test.c   -o test
<builtin>: recipe for target 'test' failed
make[1]: Leaving directory '/home/ubuntu/Github/validating-binary-decompilation/tests/compositional_artifacts_single_instruction_decompilation/addq__0xffffff98___rax'

Executing: make -C /home/ubuntu/Github/validating-binary-decompilation/tests/compositional_artifacts_single_instruction_decompilation//addq__0xffffff98___rax declutter
make[1]: Entering directory '/home/ubuntu/Github/validating-binary-decompilation/tests/compositional_artifacts_single_instruction_decompilation/addq__0xffffff98___rax'
make[1]: Leaving directory '/home/ubuntu/Github/validating-binary-decompilation/tests/compositional_artifacts_single_instruction_decompilation/addq__0xffffff98___rax'

Executing: cat /home/ubuntu/Github/validating-binary-decompilation/tests/compositional_artifacts_single_instruction_decompilation//addq__0xffffff98___rax/test.mod.ll
Running artifacts...Done.


Executing: ${HOME}/Github/validating-binary-decompilation/tests/scripts//find_pc_in_relocinfo.pl --binary ../binary/test.reloc --pc 403501 --size 4
Decompiling instr:addq $0xffffff98, %rax Done...


Decompiling instr:movq -0x10(%rbp), %rcx...
Instr: movq -0x10(%rbp), %rcx
Workdir: /home/ubuntu/Github/validating-binary-decompilation/tests/compositional_artifacts_single_instruction_decompilation//movq_MINUS0x10__rbp____rcx
Creating artifacts...
Already Exists
Creating artifacts... Done.
Running artifacts...
Reusing Declutter Output...

Executing: cat /home/ubuntu/Github/validating-binary-decompilation/tests/compositional_artifacts_single_instruction_decompilation//movq_MINUS0x10__rbp____rcx/test.mod.ll
Running artifacts...Done.

Multiple defintions of @seg_4003a0__text
Multiple defintions of @seg_400548__eh_frame
FuncCache skipped: _ZN12_GLOBAL__N_1L3MOVI3RnWImE2MnImEEEP6MemoryS6_R5StateT_T0_
FuncCache skipped: routine_movq_MINUS0x10__rbp____rcx
Decompiling instr:movq -0x10(%rbp), %rcx Done...


Decompiling instr:movq %rax, 0x28(%rcx)...
Instr: movq %rax, 0x28(%rcx)
Workdir: /home/ubuntu/Github/validating-binary-decompilation/tests/compositional_artifacts_single_instruction_decompilation//movq__rax__0x28__rcx_
Creating artifacts...
Already Exists
Creating artifacts... Done.
Running artifacts...
Reusing Declutter Output...

Executing: cat /home/ubuntu/Github/validating-binary-decompilation/tests/compositional_artifacts_single_instruction_decompilation//movq__rax__0x28__rcx_/test.mod.ll
Running artifacts...Done.

Multiple defintions of @seg_4003a0__text
Multiple defintions of @seg_400548__eh_frame
FuncCache skipped: _ZN12_GLOBAL__N_1L3MOVI3MnWImE2RnImEEEP6MemoryS6_R5StateT_T0_
FuncCache inserted: routine_movq__rax__0x28__rcx_
Decompiling instr:movq %rax, 0x28(%rcx) Done...


Decompiling instr:movq -0x10(%rbp), %rax...
Instr: movq -0x10(%rbp), %rax
Workdir: /home/ubuntu/Github/validating-binary-decompilation/tests/compositional_artifacts_single_instruction_decompilation//movq_MINUS0x10__rbp____rax
Creating artifacts...
Already Exists
Creating artifacts... Done.
Running artifacts...
Reusing Declutter Output...

Executing: cat /home/ubuntu/Github/validating-binary-decompilation/tests/compositional_artifacts_single_instruction_decompilation//movq_MINUS0x10__rbp____rax/test.mod.ll
Running artifacts...Done.

Multiple defintions of @seg_4003a0__text
Multiple defintions of @seg_400548__eh_frame
FuncCache skipped: _ZN12_GLOBAL__N_1L3MOVI3RnWImE2MnImEEEP6MemoryS6_R5StateT_T0_
FuncCache skipped: routine_movq_MINUS0x10__rbp____rax
Decompiling instr:movq -0x10(%rbp), %rax Done...


Decompiling instr:movq $0x1, 0x58(%rax)...
Instr: movq $0x1, 0x58(%rax)
Workdir: /home/ubuntu/Github/validating-binary-decompilation/tests/compositional_artifacts_single_instruction_decompilation//movq__0x1__0x58__rax_
Creating artifacts...
Already Exists
Creating artifacts... Done.
Running artifacts...
Reusing Declutter Output...

Executing: cat /home/ubuntu/Github/validating-binary-decompilation/tests/compositional_artifacts_single_instruction_decompilation//movq__0x1__0x58__rax_/test.mod.ll
Running artifacts...Done.

Multiple defintions of %seg_4003a0__text_type
Multiple defintions of @seg_4003a0__text
FuncCache skipped: _ZN12_GLOBAL__N_1L3MOVI3MnWImE2InImEEEP6MemoryS6_R5StateT_T0_
FuncCache inserted: routine_movq__0x1__0x58__rax_
Decompiling instr:movq $0x1, 0x58(%rax) Done...


Decompiling instr:movq -0x20(%rbp), %rax...
Instr: movq -0x20(%rbp), %rax
Workdir: /home/ubuntu/Github/validating-binary-decompilation/tests/compositional_artifacts_single_instruction_decompilation//movq_MINUS0x20__rbp____rax
Creating artifacts...
Already Exists
Creating artifacts... Done.
Running artifacts...
Reusing Declutter Output...

Executing: cat /home/ubuntu/Github/validating-binary-decompilation/tests/compositional_artifacts_single_instruction_decompilation//movq_MINUS0x20__rbp____rax/test.mod.ll
Running artifacts...Done.

Multiple defintions of @seg_4003a0__text
Multiple defintions of @seg_400548__eh_frame
FuncCache skipped: _ZN12_GLOBAL__N_1L3MOVI3RnWImE2MnImEEEP6MemoryS6_R5StateT_T0_
FuncCache skipped: routine_movq_MINUS0x20__rbp____rax
Decompiling instr:movq -0x20(%rbp), %rax Done...


Decompiling instr:movq $0x5f5e100, (%rax)...
Instr: movq $0x5f5e100, (%rax)
Workdir: /home/ubuntu/Github/validating-binary-decompilation/tests/compositional_artifacts_single_instruction_decompilation//movq__0x5f5e100____rax_
Creating artifacts...
Already Exists
Creating artifacts... Done.
Running artifacts...
Reusing Declutter Output...

Executing: cat /home/ubuntu/Github/validating-binary-decompilation/tests/compositional_artifacts_single_instruction_decompilation//movq__0x5f5e100____rax_/test.mod.ll
Running artifacts...Done.

Multiple defintions of @seg_4003a0__text
Multiple defintions of @seg_400548__eh_frame
FuncCache skipped: _ZN12_GLOBAL__N_1L3MOVI3MnWImE2InImEEEP6MemoryS6_R5StateT_T0_
FuncCache inserted: routine_movq__0x5f5e100____rax_
Decompiling instr:movq $0x5f5e100, (%rax) Done...


Decompiling instr:movq -0x20(%rbp), %rax...
Instr: movq -0x20(%rbp), %rax
Workdir: /home/ubuntu/Github/validating-binary-decompilation/tests/compositional_artifacts_single_instruction_decompilation//movq_MINUS0x20__rbp____rax
Creating artifacts...
Already Exists
Creating artifacts... Done.
Running artifacts...
Reusing Declutter Output...

Executing: cat /home/ubuntu/Github/validating-binary-decompilation/tests/compositional_artifacts_single_instruction_decompilation//movq_MINUS0x20__rbp____rax/test.mod.ll
Running artifacts...Done.

Multiple defintions of @seg_4003a0__text
Multiple defintions of @seg_400548__eh_frame
FuncCache skipped: _ZN12_GLOBAL__N_1L3MOVI3RnWImE2MnImEEEP6MemoryS6_R5StateT_T0_
FuncCache skipped: routine_movq_MINUS0x20__rbp____rax
Decompiling instr:movq -0x20(%rbp), %rax Done...


Decompiling instr:movl $0x0, 0x18(%rax)...
Instr: movl $0x0, 0x18(%rax)
Workdir: /home/ubuntu/Github/validating-binary-decompilation/tests/compositional_artifacts_single_instruction_decompilation//movl__0x0__0x18__rax_
Creating artifacts...
Already Exists
Creating artifacts... Done.
Running artifacts...
Reusing Declutter Output...

Executing: cat /home/ubuntu/Github/validating-binary-decompilation/tests/compositional_artifacts_single_instruction_decompilation//movl__0x0__0x18__rax_/test.mod.ll
Running artifacts...Done.

Multiple defintions of @seg_4003a0__text
Multiple defintions of @seg_400548__eh_frame
FuncCache skipped: _ZN12_GLOBAL__N_1L3MOVI3MnWIjE2InIjEEEP6MemoryS6_R5StateT_T0_
FuncCache inserted: routine_movl__0x0__0x18__rax_
Decompiling instr:movl $0x0, 0x18(%rax) Done...


Decompiling instr:movq -0x10(%rbp), %rax...
Instr: movq -0x10(%rbp), %rax
Workdir: /home/ubuntu/Github/validating-binary-decompilation/tests/compositional_artifacts_single_instruction_decompilation//movq_MINUS0x10__rbp____rax
Creating artifacts...
Already Exists
Creating artifacts... Done.
Running artifacts...
Reusing Declutter Output...

Executing: cat /home/ubuntu/Github/validating-binary-decompilation/tests/compositional_artifacts_single_instruction_decompilation//movq_MINUS0x10__rbp____rax/test.mod.ll
Running artifacts...Done.

Multiple defintions of @seg_4003a0__text
Multiple defintions of @seg_400548__eh_frame
FuncCache skipped: _ZN12_GLOBAL__N_1L3MOVI3RnWImE2MnImEEEP6MemoryS6_R5StateT_T0_
FuncCache skipped: routine_movq_MINUS0x10__rbp____rax
Decompiling instr:movq -0x10(%rbp), %rax Done...


Decompiling instr:movl $0x1, 0x8(%rax)...
Instr: movl $0x1, 0x8(%rax)
Workdir: /home/ubuntu/Github/validating-binary-decompilation/tests/compositional_artifacts_single_instruction_decompilation//movl__0x1__0x8__rax_
Creating artifacts...
Already Exists
Creating artifacts... Done.
Running artifacts...
Reusing Declutter Output...

Executing: cat /home/ubuntu/Github/validating-binary-decompilation/tests/compositional_artifacts_single_instruction_decompilation//movl__0x1__0x8__rax_/test.mod.ll
Running artifacts...Done.

Multiple defintions of @seg_4003a0__text
Multiple defintions of @seg_400548__eh_frame
FuncCache skipped: _ZN12_GLOBAL__N_1L3MOVI3MnWIjE2InIjEEEP6MemoryS6_R5StateT_T0_
FuncCache inserted: routine_movl__0x1__0x8__rax_
Decompiling instr:movl $0x1, 0x8(%rax) Done...


Decompiling instr:movq -0x10(%rbp), %rax...
Instr: movq -0x10(%rbp), %rax
Workdir: /home/ubuntu/Github/validating-binary-decompilation/tests/compositional_artifacts_single_instruction_decompilation//movq_MINUS0x10__rbp____rax
Creating artifacts...
Already Exists
Creating artifacts... Done.
Running artifacts...
Reusing Declutter Output...

Executing: cat /home/ubuntu/Github/validating-binary-decompilation/tests/compositional_artifacts_single_instruction_decompilation//movq_MINUS0x10__rbp____rax/test.mod.ll
Running artifacts...Done.

Multiple defintions of @seg_4003a0__text
Multiple defintions of @seg_400548__eh_frame
FuncCache skipped: _ZN12_GLOBAL__N_1L3MOVI3RnWImE2MnImEEEP6MemoryS6_R5StateT_T0_
FuncCache skipped: routine_movq_MINUS0x10__rbp____rax
Decompiling instr:movq -0x10(%rbp), %rax Done...


Decompiling instr:movq $0x0, (%rax)...
Instr: movq $0x0, (%rax)
Workdir: /home/ubuntu/Github/validating-binary-decompilation/tests/compositional_artifacts_single_instruction_decompilation//movq__0x0____rax_
Creating artifacts...
Already Exists
Creating artifacts... Done.
Running artifacts...
Reusing Declutter Output...

Executing: cat /home/ubuntu/Github/validating-binary-decompilation/tests/compositional_artifacts_single_instruction_decompilation//movq__0x0____rax_/test.mod.ll
Running artifacts...Done.

Multiple defintions of @seg_4003a0__text
Multiple defintions of @seg_400548__eh_frame
FuncCache skipped: _ZN12_GLOBAL__N_1L3MOVI3MnWImE2InImEEEP6MemoryS6_R5StateT_T0_
FuncCache inserted: routine_movq__0x0____rax_
Decompiling instr:movq $0x0, (%rax) Done...


Decompiling instr:movq -0x10(%rbp), %rax...
Instr: movq -0x10(%rbp), %rax
Workdir: /home/ubuntu/Github/validating-binary-decompilation/tests/compositional_artifacts_single_instruction_decompilation//movq_MINUS0x10__rbp____rax
Creating artifacts...
Already Exists
Creating artifacts... Done.
Running artifacts...
Reusing Declutter Output...

Executing: cat /home/ubuntu/Github/validating-binary-decompilation/tests/compositional_artifacts_single_instruction_decompilation//movq_MINUS0x10__rbp____rax/test.mod.ll
Running artifacts...Done.

Multiple defintions of @seg_4003a0__text
Multiple defintions of @seg_400548__eh_frame
FuncCache skipped: _ZN12_GLOBAL__N_1L3MOVI3RnWImE2MnImEEEP6MemoryS6_R5StateT_T0_
FuncCache skipped: routine_movq_MINUS0x10__rbp____rax
Decompiling instr:movq -0x10(%rbp), %rax Done...


Decompiling instr:movq -0x20(%rbp), %rcx...
Instr: movq -0x20(%rbp), %rcx
Workdir: /home/ubuntu/Github/validating-binary-decompilation/tests/compositional_artifacts_single_instruction_decompilation//movq_MINUS0x20__rbp____rcx
Creating artifacts...
Already Exists
Creating artifacts... Done.
Running artifacts...
Reusing Declutter Output...

Executing: cat /home/ubuntu/Github/validating-binary-decompilation/tests/compositional_artifacts_single_instruction_decompilation//movq_MINUS0x20__rbp____rcx/test.mod.ll
Running artifacts...Done.

Multiple defintions of @seg_4003a0__text
Multiple defintions of @seg_400548__eh_frame
FuncCache skipped: _ZN12_GLOBAL__N_1L3MOVI3RnWImE2MnImEEEP6MemoryS6_R5StateT_T0_
FuncCache inserted: routine_movq_MINUS0x20__rbp____rcx
Decompiling instr:movq -0x20(%rbp), %rcx Done...


Decompiling instr:movq %rax, 0x8(%rcx)...
Instr: movq %rax, 0x8(%rcx)
Workdir: /home/ubuntu/Github/validating-binary-decompilation/tests/compositional_artifacts_single_instruction_decompilation//movq__rax__0x8__rcx_
Creating artifacts...
Already Exists
Creating artifacts... Done.
Running artifacts...
Reusing Declutter Output...

Executing: cat /home/ubuntu/Github/validating-binary-decompilation/tests/compositional_artifacts_single_instruction_decompilation//movq__rax__0x8__rcx_/test.mod.ll
Running artifacts...Done.

Multiple defintions of @seg_4003a0__text
Multiple defintions of @seg_400548__eh_frame
FuncCache skipped: _ZN12_GLOBAL__N_1L3MOVI3MnWImE2RnImEEEP6MemoryS6_R5StateT_T0_
FuncCache inserted: routine_movq__rax__0x8__rcx_
Decompiling instr:movq %rax, 0x8(%rcx) Done...


Decompiling instr:movq -0x18(%rbp), %rax...
Instr: movq -0x18(%rbp), %rax
Workdir: /home/ubuntu/Github/validating-binary-decompilation/tests/compositional_artifacts_single_instruction_decompilation//movq_MINUS0x18__rbp____rax
Creating artifacts...
Already Exists
Creating artifacts... Done.
Running artifacts...
Reusing Declutter Output...

Executing: cat /home/ubuntu/Github/validating-binary-decompilation/tests/compositional_artifacts_single_instruction_decompilation//movq_MINUS0x18__rbp____rax/test.mod.ll
Running artifacts...Done.

Multiple defintions of @seg_4003a0__text
Multiple defintions of @seg_400548__eh_frame
FuncCache skipped: _ZN12_GLOBAL__N_1L3MOVI3RnWImE2MnImEEEP6MemoryS6_R5StateT_T0_
FuncCache skipped: routine_movq_MINUS0x18__rbp____rax
Decompiling instr:movq -0x18(%rbp), %rax Done...


Decompiling instr:movq -0x20(%rbp), %rcx...
Instr: movq -0x20(%rbp), %rcx
Workdir: /home/ubuntu/Github/validating-binary-decompilation/tests/compositional_artifacts_single_instruction_decompilation//movq_MINUS0x20__rbp____rcx
Creating artifacts...
Already Exists
Creating artifacts... Done.
Running artifacts...
Reusing Declutter Output...

Executing: cat /home/ubuntu/Github/validating-binary-decompilation/tests/compositional_artifacts_single_instruction_decompilation//movq_MINUS0x20__rbp____rcx/test.mod.ll
Running artifacts...Done.

Multiple defintions of @seg_4003a0__text
Multiple defintions of @seg_400548__eh_frame
FuncCache skipped: _ZN12_GLOBAL__N_1L3MOVI3RnWImE2MnImEEEP6MemoryS6_R5StateT_T0_
FuncCache skipped: routine_movq_MINUS0x20__rbp____rcx
Decompiling instr:movq -0x20(%rbp), %rcx Done...


Decompiling instr:movq %rax, 0x10(%rcx)...
Instr: movq %rax, 0x10(%rcx)
Workdir: /home/ubuntu/Github/validating-binary-decompilation/tests/compositional_artifacts_single_instruction_decompilation//movq__rax__0x10__rcx_
Creating artifacts...
Already Exists
Creating artifacts... Done.
Running artifacts...
Reusing Declutter Output...

Executing: cat /home/ubuntu/Github/validating-binary-decompilation/tests/compositional_artifacts_single_instruction_decompilation//movq__rax__0x10__rcx_/test.mod.ll
Running artifacts...Done.

Multiple defintions of @seg_4003a0__text
Multiple defintions of @seg_400548__eh_frame
FuncCache skipped: _ZN12_GLOBAL__N_1L3MOVI3MnWImE2RnImEEEP6MemoryS6_R5StateT_T0_
FuncCache inserted: routine_movq__rax__0x10__rcx_
Decompiling instr:movq %rax, 0x10(%rcx) Done...


Decompiling instr:movq -0x10(%rbp), %rax...
Instr: movq -0x10(%rbp), %rax
Workdir: /home/ubuntu/Github/validating-binary-decompilation/tests/compositional_artifacts_single_instruction_decompilation//movq_MINUS0x10__rbp____rax
Creating artifacts...
Already Exists
Creating artifacts... Done.
Running artifacts...
Reusing Declutter Output...

Executing: cat /home/ubuntu/Github/validating-binary-decompilation/tests/compositional_artifacts_single_instruction_decompilation//movq_MINUS0x10__rbp____rax/test.mod.ll
Running artifacts...Done.

Multiple defintions of @seg_4003a0__text
Multiple defintions of @seg_400548__eh_frame
FuncCache skipped: _ZN12_GLOBAL__N_1L3MOVI3RnWImE2MnImEEEP6MemoryS6_R5StateT_T0_
FuncCache skipped: routine_movq_MINUS0x10__rbp____rax
Decompiling instr:movq -0x10(%rbp), %rax Done...


Decompiling instr:movq $0x0, 0x50(%rax)...
Instr: movq $0x0, 0x50(%rax)
Workdir: /home/ubuntu/Github/validating-binary-decompilation/tests/compositional_artifacts_single_instruction_decompilation//movq__0x0__0x50__rax_
Creating artifacts...
Already Exists
Creating artifacts... Done.
Running artifacts...
Reusing Declutter Output...

Executing: cat /home/ubuntu/Github/validating-binary-decompilation/tests/compositional_artifacts_single_instruction_decompilation//movq__0x0__0x50__rax_/test.mod.ll
Running artifacts...Done.

Multiple defintions of %seg_4003a0__text_type
Multiple defintions of @seg_4003a0__text
FuncCache skipped: _ZN12_GLOBAL__N_1L3MOVI3MnWImE2InImEEEP6MemoryS6_R5StateT_T0_
FuncCache skipped: routine_movq__0x0__0x50__rax_
Decompiling instr:movq $0x0, 0x50(%rax) Done...


Decompiling instr:movq -0x20(%rbp), %rax...
Instr: movq -0x20(%rbp), %rax
Workdir: /home/ubuntu/Github/validating-binary-decompilation/tests/compositional_artifacts_single_instruction_decompilation//movq_MINUS0x20__rbp____rax
Creating artifacts...
Already Exists
Creating artifacts... Done.
Running artifacts...
Reusing Declutter Output...

Executing: cat /home/ubuntu/Github/validating-binary-decompilation/tests/compositional_artifacts_single_instruction_decompilation//movq_MINUS0x20__rbp____rax/test.mod.ll
Running artifacts...Done.

Multiple defintions of @seg_4003a0__text
Multiple defintions of @seg_400548__eh_frame
FuncCache skipped: _ZN12_GLOBAL__N_1L3MOVI3RnWImE2MnImEEEP6MemoryS6_R5StateT_T0_
FuncCache skipped: routine_movq_MINUS0x20__rbp____rax
Decompiling instr:movq -0x20(%rbp), %rax Done...


Decompiling instr:addq $0x40, %rax...
Instr: addq $0x40, %rax
Workdir: /home/ubuntu/Github/validating-binary-decompilation/tests/compositional_artifacts_single_instruction_decompilation//addq__0x40___rax
Creating artifacts...
Already Exists
Creating artifacts... Done.
Running artifacts...
Reusing Declutter Output...

Executing: cat /home/ubuntu/Github/validating-binary-decompilation/tests/compositional_artifacts_single_instruction_decompilation//addq__0x40___rax/test.mod.ll
Running artifacts...Done.

Multiple defintions of @seg_4003a0__text
Multiple defintions of @seg_400548__eh_frame
FuncCache skipped: _ZN12_GLOBAL__N_1L3ADDI3RnWImE2RnImE2InImEEEP6MemoryS8_R5StateT_T0_T1_
FuncCache skipped: routine_addq__0x40___rax

Executing: ${HOME}/Github/validating-binary-decompilation/tests/scripts//find_pc_in_relocinfo.pl --binary ../binary/test.reloc --pc 40356d --size 4
Decompiling instr:addq $0x40, %rax Done...


Decompiling instr:movq %rax, -0x20(%rbp)...
Instr: movq %rax, -0x20(%rbp)
Workdir: /home/ubuntu/Github/validating-binary-decompilation/tests/compositional_artifacts_single_instruction_decompilation//movq__rax__MINUS0x20__rbp_
Creating artifacts...
Already Exists
Creating artifacts... Done.
Running artifacts...
Reusing Declutter Output...

Executing: cat /home/ubuntu/Github/validating-binary-decompilation/tests/compositional_artifacts_single_instruction_decompilation//movq__rax__MINUS0x20__rbp_/test.mod.ll
Running artifacts...Done.

Multiple defintions of @seg_4003a0__text
Multiple defintions of @seg_400548__eh_frame
FuncCache skipped: _ZN12_GLOBAL__N_1L3MOVI3MnWImE2RnImEEEP6MemoryS6_R5StateT_T0_
FuncCache skipped: routine_movq__rax__MINUS0x20__rbp_
Decompiling instr:movq %rax, -0x20(%rbp) Done...


Decompiling instr:movq -0x10(%rbp), %rax...
Instr: movq -0x10(%rbp), %rax
Workdir: /home/ubuntu/Github/validating-binary-decompilation/tests/compositional_artifacts_single_instruction_decompilation//movq_MINUS0x10__rbp____rax
Creating artifacts...
Already Exists
Creating artifacts... Done.
Running artifacts...
Reusing Declutter Output...

Executing: cat /home/ubuntu/Github/validating-binary-decompilation/tests/compositional_artifacts_single_instruction_decompilation//movq_MINUS0x10__rbp____rax/test.mod.ll
Running artifacts...Done.

Multiple defintions of @seg_4003a0__text
Multiple defintions of @seg_400548__eh_frame
FuncCache skipped: _ZN12_GLOBAL__N_1L3MOVI3RnWImE2MnImEEEP6MemoryS6_R5StateT_T0_
FuncCache skipped: routine_movq_MINUS0x10__rbp____rax
Decompiling instr:movq -0x10(%rbp), %rax Done...


Decompiling instr:addq $0x68, %rax...
Instr: addq $0x68, %rax
Workdir: /home/ubuntu/Github/validating-binary-decompilation/tests/compositional_artifacts_single_instruction_decompilation//addq__0x68___rax
Creating artifacts...
Already Exists
Creating artifacts... Done.
Running artifacts...
Reusing Declutter Output...

Executing: cat /home/ubuntu/Github/validating-binary-decompilation/tests/compositional_artifacts_single_instruction_decompilation//addq__0x68___rax/test.mod.ll
Running artifacts...Done.

Multiple defintions of @seg_4003a0__text
Multiple defintions of @seg_400548__eh_frame
FuncCache skipped: _ZN12_GLOBAL__N_1L3ADDI3RnWImE2RnImE2InImEEEP6MemoryS8_R5StateT_T0_T1_
FuncCache skipped: routine_addq__0x68___rax

Executing: ${HOME}/Github/validating-binary-decompilation/tests/scripts//find_pc_in_relocinfo.pl --binary ../binary/test.reloc --pc 403579 --size 4
Decompiling instr:addq $0x68, %rax Done...


Decompiling instr:movq %rax, -0x10(%rbp)...
Instr: movq %rax, -0x10(%rbp)
Workdir: /home/ubuntu/Github/validating-binary-decompilation/tests/compositional_artifacts_single_instruction_decompilation//movq__rax__MINUS0x10__rbp_
Creating artifacts...
Already Exists
Creating artifacts... Done.
Running artifacts...
Reusing Declutter Output...

Executing: cat /home/ubuntu/Github/validating-binary-decompilation/tests/compositional_artifacts_single_instruction_decompilation//movq__rax__MINUS0x10__rbp_/test.mod.ll
Running artifacts...Done.

Multiple defintions of @seg_4003a0__text
Multiple defintions of @seg_400548__eh_frame
FuncCache skipped: _ZN12_GLOBAL__N_1L3MOVI3MnWImE2RnImEEEP6MemoryS6_R5StateT_T0_
FuncCache inserted: routine_movq__rax__MINUS0x10__rbp_
Decompiling instr:movq %rax, -0x10(%rbp) Done...


Decompiling instr:jmpq .L_4034b8...
Instr: jmpq .L_4034b8
Workdir: /home/ubuntu/Github/validating-binary-decompilation/tests/compositional_artifacts_single_instruction_decompilation//jmpq_.L_4034b8
Creating artifacts...
Already Exists
Creating artifacts... Done.
Running artifacts...
Reusing Declutter Output...

Executing: cat /home/ubuntu/Github/validating-binary-decompilation/tests/compositional_artifacts_single_instruction_decompilation//jmpq_.L_4034b8/test.mod.ll
Running artifacts...Done.

Multiple defintions of @seg_4003a0__text
Multiple defintions of @seg_400548__eh_frame
FuncCache skipped: _ZN12_GLOBAL__N_1L3JMPI2InImEEEP6MemoryS4_R5StateT_
FuncCache inserted: routine_jmpq_.L_4034b8
Decompiling instr:jmpq .L_4034b8 Done...


Decompiling instr:.L_403586:...


Decompiling instr:xorl %eax, %eax...
Instr: xorl %eax, %eax
Workdir: /home/ubuntu/Github/validating-binary-decompilation/tests/compositional_artifacts_single_instruction_decompilation//xorl__eax___eax
Creating artifacts...
Already Exists
Creating artifacts... Done.
Running artifacts...
Reusing Declutter Output...

Executing: cat /home/ubuntu/Github/validating-binary-decompilation/tests/compositional_artifacts_single_instruction_decompilation//xorl__eax___eax/test.mod.ll
Running artifacts...Done.

Multiple defintions of @seg_4003a0__text
Multiple defintions of @seg_400548__eh_frame
FuncCache inserted: _ZN12_GLOBAL__N_1L3XORI3RnWImE2RnIjES4_EEP6MemoryS6_R5StateT_T0_T1_
FuncCache inserted: routine_xorl__eax___eax
Decompiling instr:xorl %eax, %eax Done...


Decompiling instr:movq -0x10(%rbp), %rcx...
Instr: movq -0x10(%rbp), %rcx
Workdir: /home/ubuntu/Github/validating-binary-decompilation/tests/compositional_artifacts_single_instruction_decompilation//movq_MINUS0x10__rbp____rcx
Creating artifacts...
Already Exists
Creating artifacts... Done.
Running artifacts...
Reusing Declutter Output...

Executing: cat /home/ubuntu/Github/validating-binary-decompilation/tests/compositional_artifacts_single_instruction_decompilation//movq_MINUS0x10__rbp____rcx/test.mod.ll
Running artifacts...Done.

Multiple defintions of @seg_4003a0__text
Multiple defintions of @seg_400548__eh_frame
FuncCache skipped: _ZN12_GLOBAL__N_1L3MOVI3RnWImE2MnImEEEP6MemoryS6_R5StateT_T0_
FuncCache skipped: routine_movq_MINUS0x10__rbp____rcx
Decompiling instr:movq -0x10(%rbp), %rcx Done...


Decompiling instr:addq $0xffffff98, %rcx...
Instr: addq $0xffffff98, %rcx
Workdir: /home/ubuntu/Github/validating-binary-decompilation/tests/compositional_artifacts_single_instruction_decompilation//addq__0xffffff98___rcx
Creating artifacts...
Already Exists
Creating artifacts... Done.
Running artifacts...
Generating Binary -> McSema -> Declutter -> Cat: /home/ubuntu/Github/validating-binary-decompilation/tests/compositional_artifacts_single_instruction_decompilation//addq__0xffffff98___rcx/test.mod.ll

test.c:1:1: warning: return type of 'main' is not 'int' [-Wmain-return-type]
void main() {
^
test.c:1:1: note: change return type to 'int'
void main() {
^~~~
int
test.c:2:11: error: invalid operand for instruction
  __asm__("addq $0xffffff98, %rcx");
          ^
<inline asm>:1:7: note: instantiated into assembly here
        addq $0xffffff98, %rcx
             ^~~~~~~~~~~~
1 warning and 1 error generated.
make[1]: *** [binary] Error 1
test.c: Assembler messages:
test.c:2: Error: operand type mismatch for `add'
make[1]: *** [test] Error 1
make[1]: *** No rule to make target 'test.ll', needed by 'declutter'.  Stop.
cat: /home/ubuntu/Github/validating-binary-decompilation/tests/compositional_artifacts_single_instruction_decompilation//addq__0xffffff98___rcx/test.mod.ll: No such file or directory

Executing: make -C /home/ubuntu/Github/validating-binary-decompilation/tests/compositional_artifacts_single_instruction_decompilation//addq__0xffffff98___rcx binary
make[1]: Entering directory '/home/ubuntu/Github/validating-binary-decompilation/tests/compositional_artifacts_single_instruction_decompilation/addq__0xffffff98___rcx'
clang -Os test.c -o test
Makefile:21: recipe for target 'binary' failed
make[1]: Leaving directory '/home/ubuntu/Github/validating-binary-decompilation/tests/compositional_artifacts_single_instruction_decompilation/addq__0xffffff98___rcx'

Executing: make -C /home/ubuntu/Github/validating-binary-decompilation/tests/compositional_artifacts_single_instruction_decompilation//addq__0xffffff98___rcx mcsema
make[1]: Entering directory '/home/ubuntu/Github/validating-binary-decompilation/tests/compositional_artifacts_single_instruction_decompilation/addq__0xffffff98___rcx'
cc     test.c   -o test
<builtin>: recipe for target 'test' failed
make[1]: Leaving directory '/home/ubuntu/Github/validating-binary-decompilation/tests/compositional_artifacts_single_instruction_decompilation/addq__0xffffff98___rcx'

Executing: make -C /home/ubuntu/Github/validating-binary-decompilation/tests/compositional_artifacts_single_instruction_decompilation//addq__0xffffff98___rcx declutter
make[1]: Entering directory '/home/ubuntu/Github/validating-binary-decompilation/tests/compositional_artifacts_single_instruction_decompilation/addq__0xffffff98___rcx'
make[1]: Leaving directory '/home/ubuntu/Github/validating-binary-decompilation/tests/compositional_artifacts_single_instruction_decompilation/addq__0xffffff98___rcx'

Executing: cat /home/ubuntu/Github/validating-binary-decompilation/tests/compositional_artifacts_single_instruction_decompilation//addq__0xffffff98___rcx/test.mod.ll
Running artifacts...Done.


Executing: ${HOME}/Github/validating-binary-decompilation/tests/scripts//find_pc_in_relocinfo.pl --binary ../binary/test.reloc --pc 40358c --size 4
Decompiling instr:addq $0xffffff98, %rcx Done...


Decompiling instr:movq %rcx, -0x10(%rbp)...
Instr: movq %rcx, -0x10(%rbp)
Workdir: /home/ubuntu/Github/validating-binary-decompilation/tests/compositional_artifacts_single_instruction_decompilation//movq__rcx__MINUS0x10__rbp_
Creating artifacts...
Already Exists
Creating artifacts... Done.
Running artifacts...
Reusing Declutter Output...

Executing: cat /home/ubuntu/Github/validating-binary-decompilation/tests/compositional_artifacts_single_instruction_decompilation//movq__rcx__MINUS0x10__rbp_/test.mod.ll
Running artifacts...Done.

Multiple defintions of @seg_4003a0__text
Multiple defintions of @seg_400548__eh_frame
FuncCache skipped: _ZN12_GLOBAL__N_1L3MOVI3MnWImE2RnImEEEP6MemoryS6_R5StateT_T0_
FuncCache inserted: routine_movq__rcx__MINUS0x10__rbp_
Decompiling instr:movq %rcx, -0x10(%rbp) Done...


Decompiling instr:movq -0x18(%rbp), %rcx...
Instr: movq -0x18(%rbp), %rcx
Workdir: /home/ubuntu/Github/validating-binary-decompilation/tests/compositional_artifacts_single_instruction_decompilation//movq_MINUS0x18__rbp____rcx
Creating artifacts...
Already Exists
Creating artifacts... Done.
Running artifacts...
Reusing Declutter Output...

Executing: cat /home/ubuntu/Github/validating-binary-decompilation/tests/compositional_artifacts_single_instruction_decompilation//movq_MINUS0x18__rbp____rcx/test.mod.ll
Running artifacts...Done.

Multiple defintions of @seg_4003a0__text
Multiple defintions of @seg_400548__eh_frame
FuncCache skipped: _ZN12_GLOBAL__N_1L3MOVI3RnWImE2MnImEEEP6MemoryS6_R5StateT_T0_
FuncCache inserted: routine_movq_MINUS0x18__rbp____rcx
Decompiling instr:movq -0x18(%rbp), %rcx Done...


Decompiling instr:addq $0x68, %rcx...
Instr: addq $0x68, %rcx
Workdir: /home/ubuntu/Github/validating-binary-decompilation/tests/compositional_artifacts_single_instruction_decompilation//addq__0x68___rcx
Creating artifacts...
Already Exists
Creating artifacts... Done.
Running artifacts...
Reusing Declutter Output...

Executing: cat /home/ubuntu/Github/validating-binary-decompilation/tests/compositional_artifacts_single_instruction_decompilation//addq__0x68___rcx/test.mod.ll
Running artifacts...Done.

Multiple defintions of @seg_4003a0__text
Multiple defintions of @seg_400548__eh_frame
FuncCache skipped: _ZN12_GLOBAL__N_1L3ADDI3RnWImE2RnImE2InImEEEP6MemoryS8_R5StateT_T0_T1_
FuncCache inserted: routine_addq__0x68___rcx

Executing: ${HOME}/Github/validating-binary-decompilation/tests/scripts//find_pc_in_relocinfo.pl --binary ../binary/test.reloc --pc 403598 --size 4
Decompiling instr:addq $0x68, %rcx Done...


Decompiling instr:movq %rcx, -0x18(%rbp)...
Instr: movq %rcx, -0x18(%rbp)
Workdir: /home/ubuntu/Github/validating-binary-decompilation/tests/compositional_artifacts_single_instruction_decompilation//movq__rcx__MINUS0x18__rbp_
Creating artifacts...
Already Exists
Creating artifacts... Done.
Running artifacts...
Reusing Declutter Output...

Executing: cat /home/ubuntu/Github/validating-binary-decompilation/tests/compositional_artifacts_single_instruction_decompilation//movq__rcx__MINUS0x18__rbp_/test.mod.ll
Running artifacts...Done.

Multiple defintions of @seg_4003a0__text
Multiple defintions of @seg_400548__eh_frame
FuncCache skipped: _ZN12_GLOBAL__N_1L3MOVI3MnWImE2RnImEEEP6MemoryS6_R5StateT_T0_
FuncCache inserted: routine_movq__rcx__MINUS0x18__rbp_
Decompiling instr:movq %rcx, -0x18(%rbp) Done...


Decompiling instr:movq -0x10(%rbp), %rcx...
Instr: movq -0x10(%rbp), %rcx
Workdir: /home/ubuntu/Github/validating-binary-decompilation/tests/compositional_artifacts_single_instruction_decompilation//movq_MINUS0x10__rbp____rcx
Creating artifacts...
Already Exists
Creating artifacts... Done.
Running artifacts...
Reusing Declutter Output...

Executing: cat /home/ubuntu/Github/validating-binary-decompilation/tests/compositional_artifacts_single_instruction_decompilation//movq_MINUS0x10__rbp____rcx/test.mod.ll
Running artifacts...Done.

Multiple defintions of @seg_4003a0__text
Multiple defintions of @seg_400548__eh_frame
FuncCache skipped: _ZN12_GLOBAL__N_1L3MOVI3RnWImE2MnImEEEP6MemoryS6_R5StateT_T0_
FuncCache skipped: routine_movq_MINUS0x10__rbp____rcx
Decompiling instr:movq -0x10(%rbp), %rcx Done...


Decompiling instr:movq $0x0, 0x20(%rcx)...
Instr: movq $0x0, 0x20(%rcx)
Workdir: /home/ubuntu/Github/validating-binary-decompilation/tests/compositional_artifacts_single_instruction_decompilation//movq__0x0__0x20__rcx_
Creating artifacts...
Already Exists
Creating artifacts... Done.
Running artifacts...
Reusing Declutter Output...

Executing: cat /home/ubuntu/Github/validating-binary-decompilation/tests/compositional_artifacts_single_instruction_decompilation//movq__0x0__0x20__rcx_/test.mod.ll
Running artifacts...Done.

Multiple defintions of %seg_4003a0__text_type
Multiple defintions of @seg_4003a0__text
FuncCache skipped: _ZN12_GLOBAL__N_1L3MOVI3MnWImE2InImEEEP6MemoryS6_R5StateT_T0_
FuncCache inserted: routine_movq__0x0__0x20__rcx_
Decompiling instr:movq $0x0, 0x20(%rcx) Done...


Decompiling instr:movq -0x18(%rbp), %rcx...
Instr: movq -0x18(%rbp), %rcx
Workdir: /home/ubuntu/Github/validating-binary-decompilation/tests/compositional_artifacts_single_instruction_decompilation//movq_MINUS0x18__rbp____rcx
Creating artifacts...
Already Exists
Creating artifacts... Done.
Running artifacts...
Reusing Declutter Output...

Executing: cat /home/ubuntu/Github/validating-binary-decompilation/tests/compositional_artifacts_single_instruction_decompilation//movq_MINUS0x18__rbp____rcx/test.mod.ll
Running artifacts...Done.

Multiple defintions of @seg_4003a0__text
Multiple defintions of @seg_400548__eh_frame
FuncCache skipped: _ZN12_GLOBAL__N_1L3MOVI3RnWImE2MnImEEEP6MemoryS6_R5StateT_T0_
FuncCache skipped: routine_movq_MINUS0x18__rbp____rcx
Decompiling instr:movq -0x18(%rbp), %rcx Done...


Decompiling instr:movq $0x0, 0x28(%rcx)...
Instr: movq $0x0, 0x28(%rcx)
Workdir: /home/ubuntu/Github/validating-binary-decompilation/tests/compositional_artifacts_single_instruction_decompilation//movq__0x0__0x28__rcx_
Creating artifacts...
Already Exists
Creating artifacts... Done.
Running artifacts...
Reusing Declutter Output...

Executing: cat /home/ubuntu/Github/validating-binary-decompilation/tests/compositional_artifacts_single_instruction_decompilation//movq__0x0__0x28__rcx_/test.mod.ll
Running artifacts...Done.

Multiple defintions of %seg_4003a0__text_type
Multiple defintions of @seg_4003a0__text
FuncCache skipped: _ZN12_GLOBAL__N_1L3MOVI3MnWImE2InImEEEP6MemoryS6_R5StateT_T0_
FuncCache inserted: routine_movq__0x0__0x28__rcx_
Decompiling instr:movq $0x0, 0x28(%rcx) Done...


Decompiling instr:popq %rbp...
Instr: popq %rbp
Workdir: /home/ubuntu/Github/validating-binary-decompilation/tests/compositional_artifacts_single_instruction_decompilation//popq__rbp
Creating artifacts...
Already Exists
Creating artifacts... Done.
Running artifacts...
Reusing Declutter Output...

Executing: cat /home/ubuntu/Github/validating-binary-decompilation/tests/compositional_artifacts_single_instruction_decompilation//popq__rbp/test.mod.ll
Running artifacts...Done.

Multiple defintions of @seg_4003a0__text
FuncCache inserted: _ZN12_GLOBAL__N_1L3POPI3RnWImEEEP6MemoryS4_R5StateT_
FuncCache inserted: routine_popq__rbp
Decompiling instr:popq %rbp Done...


Decompiling instr:retq...
Instr: retq
Workdir: /home/ubuntu/Github/validating-binary-decompilation/tests/compositional_artifacts_single_instruction_decompilation//retq
Creating artifacts...
Already Exists
Creating artifacts... Done.
Running artifacts...
Reusing Declutter Output...

Executing: cat /home/ubuntu/Github/validating-binary-decompilation/tests/compositional_artifacts_single_instruction_decompilation//retq/test.mod.ll
Running artifacts...Done.

Multiple defintions of @seg_4003a0__text
FuncCache inserted: _ZN12_GLOBAL__N_1L3RETEP6MemoryR5State
FuncCache inserted: routine_retq
Decompiling instr:retq Done...
Decompiling Function: primal_start_artificial Done.



Writing to mcsema/test.proposed.ll ...
Decompiling: Done.

1.64user 0.29system 0:05.68elapsed 34%CPU (0avgtext+0avgdata 48028maxresident)k
0inputs+592outputs (0major+55109minor)pagefaults 0swaps
