Disassembling ../binary/test
Disassembled output
  .text
  .globl _ZN9benchmark8heapsortI14PointerWrapperI12ValueWrapperIS2_IS2_IS2_IS2_IS2_IS2_IS2_IS2_IS2_IdEEEEEEEEEEESC_EEvT_SE_
  .type _ZN9benchmark8heapsortI14PointerWrapperI12ValueWrapperIS2_IS2_IS2_IS2_IS2_IS2_IS2_IS2_IS2_IdEEEEEEEEEEESC_EEvT_SE_, @function

#! file-offset 0x2da0
#! rip-offset  0x402da0
#! capacity    328 bytes

# Text                                                                                                                        #  Line  RIP       Bytes  Opcode              Target                
._ZN9benchmark8heapsortI14PointerWrapperI12ValueWrapperIS2_IS2_IS2_IS2_IS2_IS2_IS2_IS2_IS2_IdEEEEEEEEEEESC_EEvT_SE_:          #        0x402da0  0      OPC=<label>         18446744073709551615  
  pushq %rbp                                                                                                                  #  1     0x402da0  1      OPC=pushq_r64_1     18446744073709551615  
  movq %rsp, %rbp                                                                                                             #  2     0x402da1  3      OPC=movq_r64_r64    18446744073709551615  
  subq $0x70, %rsp                                                                                                            #  3     0x402da4  4      OPC=subq_r64_imm8   18446744073709551615  
  leaq -0x10(%rbp), %rax                                                                                                      #  4     0x402da8  4      OPC=leaq_r64_m16    18446744073709551615  
  leaq -0x8(%rbp), %rcx                                                                                                       #  5     0x402dac  4      OPC=leaq_r64_m16    18446744073709551615  
  movq %rdi, -0x8(%rbp)                                                                                                       #  6     0x402db0  4      OPC=movq_m64_r64    18446744073709551615  
  movq %rsi, -0x10(%rbp)                                                                                                      #  7     0x402db4  4      OPC=movq_m64_r64    18446744073709551615  
  movq %rax, %rdi                                                                                                             #  8     0x402db8  3      OPC=movq_r64_r64    18446744073709551615  
  movq %rcx, %rsi                                                                                                             #  9     0x402dbb  3      OPC=movq_r64_r64    18446744073709551615  
  callq ._ZmiI12ValueWrapperIS0_IS0_IS0_IS0_IS0_IS0_IS0_IS0_IS0_IdEEEEEEEEEEElR14PointerWrapperIT_ESE_                        #  10    0x402dbe  5      OPC=callq_label     4207264               
  movl $0x2, %edx                                                                                                             #  11    0x402dc3  5      OPC=movl_r32_imm32  18446744073709551615  
  movl %edx, %ecx                                                                                                             #  12    0x402dc8  2      OPC=movl_r32_r32    18446744073709551615  
  movq %rax, -0x20(%rbp)                                                                                                      #  13    0x402dca  4      OPC=movq_m64_r64    18446744073709551615  
  movq -0x20(%rbp), %rax                                                                                                      #  14    0x402dce  4      OPC=movq_r64_m64    18446744073709551615  
  cqto                                                                                                                        #  15    0x402dd2  2      OPC=cqto            18446744073709551615  
  idivq %rcx                                                                                                                  #  16    0x402dd4  3      OPC=idivq_r64       18446744073709551615  
  subq $0x1, %rax                                                                                                             #  17    0x402dd7  4      OPC=subq_r64_imm8   18446744073709551615  
  movq %rax, -0x18(%rbp)                                                                                                      #  18    0x402ddb  4      OPC=movq_m64_r64    18446744073709551615  
.L_402ddf:                                                                                                                    #        0x402ddf  0      OPC=<label>         18446744073709551615  
  cmpq $0x0, -0x18(%rbp)                                                                                                      #  19    0x402ddf  5      OPC=cmpq_m64_imm8   18446744073709551615  
  jl .L_402e42                                                                                                                #  20    0x402de4  6      OPC=jl_label_1      4206146               
  leaq -0x8(%rbp), %rdi                                                                                                       #  21    0x402dea  4      OPC=leaq_r64_m16    18446744073709551615  
  movq -0x18(%rbp), %rsi                                                                                                      #  22    0x402dee  4      OPC=movq_r64_m64    18446744073709551615  
  callq ._ZplI12ValueWrapperIS0_IS0_IS0_IS0_IS0_IS0_IS0_IS0_IS0_IdEEEEEEEEEEE14PointerWrapperIT_ERSD_l                        #  23    0x402df2  5      OPC=callq_label     4207312               
  leaq -0x30(%rbp), %rdi                                                                                                      #  24    0x402df7  4      OPC=leaq_r64_m16    18446744073709551615  
  movq %rax, -0x30(%rbp)                                                                                                      #  25    0x402dfb  4      OPC=movq_m64_r64    18446744073709551615  
  callq ._ZNK14PointerWrapperI12ValueWrapperIS0_IS0_IS0_IS0_IS0_IS0_IS0_IS0_IS0_IdEEEEEEEEEEEdeEv                             #  26    0x402dff  5      OPC=callq_label     4206720               
  movq (%rax), %rax                                                                                                           #  27    0x402e04  3      OPC=movq_r64_m64    18446744073709551615  
  movq %rax, -0x28(%rbp)                                                                                                      #  28    0x402e07  4      OPC=movq_m64_r64    18446744073709551615  
  movq -0x20(%rbp), %rdi                                                                                                      #  29    0x402e0b  4      OPC=movq_r64_m64    18446744073709551615  
  movq -0x8(%rbp), %rax                                                                                                       #  30    0x402e0f  4      OPC=movq_r64_m64    18446744073709551615  
  movq %rax, -0x38(%rbp)                                                                                                      #  31    0x402e13  4      OPC=movq_m64_r64    18446744073709551615  
  movq -0x18(%rbp), %rdx                                                                                                      #  32    0x402e17  4      OPC=movq_r64_m64    18446744073709551615  
  movq -0x28(%rbp), %rax                                                                                                      #  33    0x402e1b  4      OPC=movq_r64_m64    18446744073709551615  
  movq %rax, -0x40(%rbp)                                                                                                      #  34    0x402e1f  4      OPC=movq_m64_r64    18446744073709551615  
  movq -0x38(%rbp), %rsi                                                                                                      #  35    0x402e23  4      OPC=movq_r64_m64    18446744073709551615  
  movsd -0x40(%rbp), %xmm0                                                                                                    #  36    0x402e27  5      OPC=movsd_xmm_m64   18446744073709551615  
  callq ._ZN9benchmark7sift_inI14PointerWrapperI12ValueWrapperIS2_IS2_IS2_IS2_IS2_IS2_IS2_IS2_IS2_IdEEEEEEEEEEESC_EEvlT_lT0_  #  37    0x402e2c  5      OPC=callq_label     4207360               
  movq -0x18(%rbp), %rax                                                                                                      #  38    0x402e31  4      OPC=movq_r64_m64    18446744073709551615  
  addq $0xffffffff, %rax                                                                                                      #  39    0x402e35  4      OPC=addq_r64_imm8   18446744073709551615  
  movq %rax, -0x18(%rbp)                                                                                                      #  40    0x402e39  4      OPC=movq_m64_r64    18446744073709551615  
  jmpq .L_402ddf                                                                                                              #  41    0x402e3d  5      OPC=jmpq_label_1    4206047               
.L_402e42:                                                                                                                    #        0x402e42  0      OPC=<label>         18446744073709551615  
  movq -0x20(%rbp), %rax                                                                                                      #  42    0x402e42  4      OPC=movq_r64_m64    18446744073709551615  
  subq $0x1, %rax                                                                                                             #  43    0x402e46  4      OPC=subq_r64_imm8   18446744073709551615  
  movq %rax, -0x18(%rbp)                                                                                                      #  44    0x402e4a  4      OPC=movq_m64_r64    18446744073709551615  
.L_402e4e:                                                                                                                    #        0x402e4e  0      OPC=<label>         18446744073709551615  
  cmpq $0x1, -0x18(%rbp)                                                                                                      #  45    0x402e4e  5      OPC=cmpq_m64_imm8   18446744073709551615  
  jl .L_402ee2                                                                                                                #  46    0x402e53  6      OPC=jl_label_1      4206306               
  leaq -0x8(%rbp), %rdi                                                                                                       #  47    0x402e59  4      OPC=leaq_r64_m16    18446744073709551615  
  movq -0x18(%rbp), %rsi                                                                                                      #  48    0x402e5d  4      OPC=movq_r64_m64    18446744073709551615  
  callq ._ZplI12ValueWrapperIS0_IS0_IS0_IS0_IS0_IS0_IS0_IS0_IS0_IdEEEEEEEEEEE14PointerWrapperIT_ERSD_l                        #  49    0x402e61  5      OPC=callq_label     4207312               
  leaq -0x50(%rbp), %rdi                                                                                                      #  50    0x402e66  4      OPC=leaq_r64_m16    18446744073709551615  
  movq %rax, -0x50(%rbp)                                                                                                      #  51    0x402e6a  4      OPC=movq_m64_r64    18446744073709551615  
  callq ._ZNK14PointerWrapperI12ValueWrapperIS0_IS0_IS0_IS0_IS0_IS0_IS0_IS0_IS0_IdEEEEEEEEEEEdeEv                             #  52    0x402e6e  5      OPC=callq_label     4206720               
  leaq -0x8(%rbp), %rdi                                                                                                       #  53    0x402e73  4      OPC=leaq_r64_m16    18446744073709551615  
  movq (%rax), %rax                                                                                                           #  54    0x402e77  3      OPC=movq_r64_m64    18446744073709551615  
  movq %rax, -0x48(%rbp)                                                                                                      #  55    0x402e7a  4      OPC=movq_m64_r64    18446744073709551615  
  callq ._ZNK14PointerWrapperI12ValueWrapperIS0_IS0_IS0_IS0_IS0_IS0_IS0_IS0_IS0_IdEEEEEEEEEEEdeEv                             #  56    0x402e7e  5      OPC=callq_label     4206720               
  leaq -0x8(%rbp), %rdi                                                                                                       #  57    0x402e83  4      OPC=leaq_r64_m16    18446744073709551615  
  movq -0x18(%rbp), %rsi                                                                                                      #  58    0x402e87  4      OPC=movq_r64_m64    18446744073709551615  
  movq %rax, -0x70(%rbp)                                                                                                      #  59    0x402e8b  4      OPC=movq_m64_r64    18446744073709551615  
  callq ._ZplI12ValueWrapperIS0_IS0_IS0_IS0_IS0_IS0_IS0_IS0_IS0_IdEEEEEEEEEEE14PointerWrapperIT_ERSD_l                        #  60    0x402e8f  5      OPC=callq_label     4207312               
  leaq -0x58(%rbp), %rdi                                                                                                      #  61    0x402e94  4      OPC=leaq_r64_m16    18446744073709551615  
  movq %rax, -0x58(%rbp)                                                                                                      #  62    0x402e98  4      OPC=movq_m64_r64    18446744073709551615  
  callq ._ZNK14PointerWrapperI12ValueWrapperIS0_IS0_IS0_IS0_IS0_IS0_IS0_IS0_IS0_IdEEEEEEEEEEEdeEv                             #  63    0x402e9c  5      OPC=callq_label     4206720               
  xorl %ecx, %ecx                                                                                                             #  64    0x402ea1  2      OPC=xorl_r32_r32    18446744073709551615  
  movl %ecx, %edx                                                                                                             #  65    0x402ea3  2      OPC=movl_r32_r32    18446744073709551615  
  movq -0x70(%rbp), %rsi                                                                                                      #  66    0x402ea5  4      OPC=movq_r64_m64    18446744073709551615  
  movq (%rsi), %rdi                                                                                                           #  67    0x402ea9  3      OPC=movq_r64_m64    18446744073709551615  
  movq %rdi, (%rax)                                                                                                           #  68    0x402eac  3      OPC=movq_m64_r64    18446744073709551615  
  movq -0x18(%rbp), %rdi                                                                                                      #  69    0x402eaf  4      OPC=movq_r64_m64    18446744073709551615  
  movq -0x8(%rbp), %rax                                                                                                       #  70    0x402eb3  4      OPC=movq_r64_m64    18446744073709551615  
  movq %rax, -0x60(%rbp)                                                                                                      #  71    0x402eb7  4      OPC=movq_m64_r64    18446744073709551615  
  movq -0x48(%rbp), %rax                                                                                                      #  72    0x402ebb  4      OPC=movq_r64_m64    18446744073709551615  
  movq %rax, -0x68(%rbp)                                                                                                      #  73    0x402ebf  4      OPC=movq_m64_r64    18446744073709551615  
  movq -0x60(%rbp), %rsi                                                                                                      #  74    0x402ec3  4      OPC=movq_r64_m64    18446744073709551615  
  movsd -0x68(%rbp), %xmm0                                                                                                    #  75    0x402ec7  5      OPC=movsd_xmm_m64   18446744073709551615  
  callq ._ZN9benchmark7sift_inI14PointerWrapperI12ValueWrapperIS2_IS2_IS2_IS2_IS2_IS2_IS2_IS2_IS2_IdEEEEEEEEEEESC_EEvlT_lT0_  #  76    0x402ecc  5      OPC=callq_label     4207360               
  movq -0x18(%rbp), %rax                                                                                                      #  77    0x402ed1  4      OPC=movq_r64_m64    18446744073709551615  
  addq $0xffffffff, %rax                                                                                                      #  78    0x402ed5  4      OPC=addq_r64_imm8   18446744073709551615  
  movq %rax, -0x18(%rbp)                                                                                                      #  79    0x402ed9  4      OPC=movq_m64_r64    18446744073709551615  
  jmpq .L_402e4e                                                                                                              #  80    0x402edd  5      OPC=jmpq_label_1    4206158               
.L_402ee2:                                                                                                                    #        0x402ee2  0      OPC=<label>         18446744073709551615  
  addq $0x70, %rsp                                                                                                            #  81    0x402ee2  4      OPC=addq_r64_imm8   18446744073709551615  
  popq %rbp                                                                                                                   #  82    0x402ee6  1      OPC=popq_r64_1      18446744073709551615  
  retq                                                                                                                        #  83    0x402ee7  1      OPC=retq            18446744073709551615  
                                                                                                                                                                                                  
.size _ZN9benchmark8heapsortI14PointerWrapperI12ValueWrapperIS2_IS2_IS2_IS2_IS2_IS2_IS2_IS2_IS2_IdEEEEEEEEEEESC_EEvT_SE_, .-_ZN9benchmark8heapsortI14PointerWrapperI12ValueWrapperIS2_IS2_IS2_IS2_IS2_IS2_IS2_IS2_IS2_IdEEEEEEEEEEESC_EEvT_SE_
Disassembling Done.


Decompiling mcsema/test.proposed.ll
Computing Label PC values ...
.L_402ee2->4206306
.L_402e4e->4206158
.L_402e42->4206146
._ZN9benchmark8heapsortI14PointerWrapperI12ValueWrapperIS2_IS2_IS2_IS2_IS2_IS2_IS2_IS2_IS2_IdEEEEEEEEEEESC_EEvT_SE_->4205984
.L_402ddf->4206047

Computing Label PC values: Done.


Executing: cat ${HOME}/Github/validating-binary-decompilation/source/libs/compositional-decompiler/data/mcsema_template.txt
declare i32 @llvm.ctpop.i32(i32) #2
declare %struct.Memory* @__remill_error(%struct.State* dereferenceable(3376), i64, %struct.Memory*)

Decompiling Function: _ZN9benchmark8heapsortI14PointerWrapperI12ValueWrapperIS2_IS2_IS2_IS2_IS2_IS2_IS2_IS2_IS2_IdEEEEEEEEEEESC_EEvT_SE_...


Decompiling instr:._ZN9benchmark8heapsortI14PointerWrapperI12ValueWrapperIS2_IS2_IS2_IS2_IS2_IS2_IS2_IS2_IS2_IdEEEEEEEEEEESC_EEvT_SE_:...


Decompiling instr:pushq %rbp...
Instr: pushq %rbp
Workdir: /home/ubuntu/Github/validating-binary-decompilation/tests/compositional_artifacts_single_instruction_decompilation//pushq__rbp
Generating artifacts...
Already Exists
Running artifacts...
Skip McSema run ...
Skip Declutter ...

Executing: cat /home/ubuntu/Github/validating-binary-decompilation/tests/compositional_artifacts_single_instruction_decompilation//pushq__rbp/test.mod.ll
Running artifacts...Done.
FuncCache inserted: _ZN12_GLOBAL__N_1L4PUSHI2InImEEEP6MemoryS4_R5StateT_
FuncCache inserted: routine_pushq__rbp


Decompiling instr:movq %rsp, %rbp...
Instr: movq %rsp, %rbp
Workdir: /home/ubuntu/Github/validating-binary-decompilation/tests/compositional_artifacts_single_instruction_decompilation//movq__rsp___rbp
Generating artifacts...
Already Exists
Running artifacts...
Skip McSema run ...
Skip Declutter ...

Executing: cat /home/ubuntu/Github/validating-binary-decompilation/tests/compositional_artifacts_single_instruction_decompilation//movq__rsp___rbp/test.mod.ll
Running artifacts...Done.
Multiple defintions of @seg_4003a0__text
Multiple defintions of @seg_400548__eh_frame
FuncCache inserted: _ZN12_GLOBAL__N_1L3MOVI3RnWImE2RnImEEEP6MemoryS6_R5StateT_T0_
FuncCache inserted: routine_movq__rsp___rbp


Decompiling instr:subq $0x70, %rsp...
Instr: subq $0x70, %rsp
Workdir: /home/ubuntu/Github/validating-binary-decompilation/tests/compositional_artifacts_single_instruction_decompilation//subq__0x70___rsp
Generating artifacts...
Already Exists
Running artifacts...
Skip McSema run ...
Skip Declutter ...

Executing: cat /home/ubuntu/Github/validating-binary-decompilation/tests/compositional_artifacts_single_instruction_decompilation//subq__0x70___rsp/test.mod.ll
Running artifacts...Done.
Multiple defintions of @seg_4003a0__text
Multiple defintions of @seg_400548__eh_frame
FuncCache inserted: _ZN12_GLOBAL__N_1L3SUBI3RnWImE2RnImE2InImEEEP6MemoryS8_R5StateT_T0_T1_
FuncCache inserted: routine_subq__0x70___rsp


Decompiling instr:leaq -0x10(%rbp), %rax...
Instr: leaq -0x10(%rbp), %rax
Workdir: /home/ubuntu/Github/validating-binary-decompilation/tests/compositional_artifacts_single_instruction_decompilation//leaq_MINUS0x10__rbp____rax
Generating artifacts...
Already Exists
Running artifacts...
Skip McSema run ...
Skip Declutter ...

Executing: cat /home/ubuntu/Github/validating-binary-decompilation/tests/compositional_artifacts_single_instruction_decompilation//leaq_MINUS0x10__rbp____rax/test.mod.ll
Running artifacts...Done.
Multiple defintions of @seg_4003a0__text
Multiple defintions of @seg_400548__eh_frame
FuncCache inserted: _ZN12_GLOBAL__N_1L3LEAI3RnWImE2MnIhEmEEP6MemoryS6_R5StateT_T0_
FuncCache inserted: routine_leaq_MINUS0x10__rbp____rax


Decompiling instr:leaq -0x8(%rbp), %rcx...
Instr: leaq -0x8(%rbp), %rcx
Workdir: /home/ubuntu/Github/validating-binary-decompilation/tests/compositional_artifacts_single_instruction_decompilation//leaq_MINUS0x8__rbp____rcx
Generating artifacts...
Generating artifacts... Done.
Running artifacts...
test.c:1:1: warning: return type of 'main' is not 'int' [-Wmain-return-type]
void main() {
^
test.c:1:1: note: change return type to 'int'
void main() {
^~~~
int
1 warning generated.

Executing: make -C /home/ubuntu/Github/validating-binary-decompilation/tests/compositional_artifacts_single_instruction_decompilation//leaq_MINUS0x8__rbp____rcx binary
make[1]: Entering directory '/home/ubuntu/Github/validating-binary-decompilation/tests/compositional_artifacts_single_instruction_decompilation/leaq_MINUS0x8__rbp____rcx'
clang -Os test.c -o test
make[1]: Leaving directory '/home/ubuntu/Github/validating-binary-decompilation/tests/compositional_artifacts_single_instruction_decompilation/leaq_MINUS0x8__rbp____rcx'

Executing: make -C /home/ubuntu/Github/validating-binary-decompilation/tests/compositional_artifacts_single_instruction_decompilation//leaq_MINUS0x8__rbp____rcx mcsema
make[1]: Entering directory '/home/ubuntu/Github/validating-binary-decompilation/tests/compositional_artifacts_single_instruction_decompilation/leaq_MINUS0x8__rbp____rcx'
mcsema-disass --disassembler /home/ubuntu/ida-6.95/idal64 --os linux --arch amd64_avx --output test.cfg --binary test --entrypoint main
mcsema-lift-4.0 --os linux --arch amd64_avx --cfg test.cfg --output test.bc -disable_dead_store_elimination -disable_optimizer
llvm-dis test.bc -o test.ll
make[1]: Leaving directory '/home/ubuntu/Github/validating-binary-decompilation/tests/compositional_artifacts_single_instruction_decompilation/leaq_MINUS0x8__rbp____rcx'

Executing: make -C /home/ubuntu/Github/validating-binary-decompilation/tests/compositional_artifacts_single_instruction_decompilation//leaq_MINUS0x8__rbp____rcx declutter
make[1]: Entering directory '/home/ubuntu/Github/validating-binary-decompilation/tests/compositional_artifacts_single_instruction_decompilation/leaq_MINUS0x8__rbp____rcx'
/home/ubuntu/Github/validating-binary-decompilation/tests/scripts//declutter.pl --file test.ll --norenameintrinsics --opc leaq_MINUS0x8__rbp____rcx
Expanding _ZN12_GLOBAL__N_1L3LEAI3RnWImE2MnIhEmEEP6MemoryS6_R5StateT_T0_...
Generatin test.mod.ll for opcode leaq_MINUS0x8__rbp____rcx ...
make[1]: Leaving directory '/home/ubuntu/Github/validating-binary-decompilation/tests/compositional_artifacts_single_instruction_decompilation/leaq_MINUS0x8__rbp____rcx'

Executing: cat /home/ubuntu/Github/validating-binary-decompilation/tests/compositional_artifacts_single_instruction_decompilation//leaq_MINUS0x8__rbp____rcx/test.mod.ll
Running artifacts...Done.
Multiple defintions of @seg_4003a0__text
Multiple defintions of @seg_400548__eh_frame
FuncCache skipped: _ZN12_GLOBAL__N_1L3LEAI3RnWImE2MnIhEmEEP6MemoryS6_R5StateT_T0_
FuncCache inserted: routine_leaq_MINUS0x8__rbp____rcx


Decompiling instr:movq %rdi, -0x8(%rbp)...
Instr: movq %rdi, -0x8(%rbp)
Workdir: /home/ubuntu/Github/validating-binary-decompilation/tests/compositional_artifacts_single_instruction_decompilation//movq__rdi__MINUS0x8__rbp_
Generating artifacts...
Already Exists
Running artifacts...
Skip McSema run ...
Skip Declutter ...

Executing: cat /home/ubuntu/Github/validating-binary-decompilation/tests/compositional_artifacts_single_instruction_decompilation//movq__rdi__MINUS0x8__rbp_/test.mod.ll
Running artifacts...Done.
Multiple defintions of @seg_4003a0__text
Multiple defintions of @seg_400548__eh_frame
FuncCache inserted: _ZN12_GLOBAL__N_1L3MOVI3MnWImE2RnImEEEP6MemoryS6_R5StateT_T0_
FuncCache inserted: routine_movq__rdi__MINUS0x8__rbp_


Decompiling instr:movq %rsi, -0x10(%rbp)...
Instr: movq %rsi, -0x10(%rbp)
Workdir: /home/ubuntu/Github/validating-binary-decompilation/tests/compositional_artifacts_single_instruction_decompilation//movq__rsi__MINUS0x10__rbp_
Generating artifacts...
Already Exists
Running artifacts...
Skip McSema run ...
Skip Declutter ...

Executing: cat /home/ubuntu/Github/validating-binary-decompilation/tests/compositional_artifacts_single_instruction_decompilation//movq__rsi__MINUS0x10__rbp_/test.mod.ll
Running artifacts...Done.
Multiple defintions of @seg_4003a0__text
Multiple defintions of @seg_400548__eh_frame
FuncCache skipped: _ZN12_GLOBAL__N_1L3MOVI3MnWImE2RnImEEEP6MemoryS6_R5StateT_T0_
FuncCache inserted: routine_movq__rsi__MINUS0x10__rbp_


Decompiling instr:movq %rax, %rdi...
Instr: movq %rax, %rdi
Workdir: /home/ubuntu/Github/validating-binary-decompilation/tests/compositional_artifacts_single_instruction_decompilation//movq__rax___rdi
Generating artifacts...
Already Exists
Running artifacts...
Skip McSema run ...
Skip Declutter ...

Executing: cat /home/ubuntu/Github/validating-binary-decompilation/tests/compositional_artifacts_single_instruction_decompilation//movq__rax___rdi/test.mod.ll
Running artifacts...Done.
Multiple defintions of @seg_4003a0__text
Multiple defintions of @seg_400548__eh_frame
FuncCache skipped: _ZN12_GLOBAL__N_1L3MOVI3RnWImE2RnImEEEP6MemoryS6_R5StateT_T0_
FuncCache inserted: routine_movq__rax___rdi


Decompiling instr:movq %rcx, %rsi...
Instr: movq %rcx, %rsi
Workdir: /home/ubuntu/Github/validating-binary-decompilation/tests/compositional_artifacts_single_instruction_decompilation//movq__rcx___rsi
Generating artifacts...
Already Exists
Running artifacts...
Skip McSema run ...
Skip Declutter ...

Executing: cat /home/ubuntu/Github/validating-binary-decompilation/tests/compositional_artifacts_single_instruction_decompilation//movq__rcx___rsi/test.mod.ll
Running artifacts...Done.
Multiple defintions of @seg_4003a0__text
Multiple defintions of @seg_400548__eh_frame
FuncCache skipped: _ZN12_GLOBAL__N_1L3MOVI3RnWImE2RnImEEEP6MemoryS6_R5StateT_T0_
FuncCache inserted: routine_movq__rcx___rsi


Decompiling instr:callq ._ZmiI12ValueWrapperIS0_IS0_IS0_IS0_IS0_IS0_IS0_IS0_IS0_IdEEEEEEEEEEElR14PointerWrapperIT_ESE_...
Instr: callq ._ZmiI12ValueWrapperIS0_IS0_IS0_IS0_IS0_IS0_IS0_IS0_IS0_IdEEEEEEEEEEElR14PointerWrapperIT_ESE_
Workdir: /home/ubuntu/Github/validating-binary-decompilation/tests/compositional_artifacts_single_instruction_decompilation//callq_._ZmiI12ValueWrapperIS0_IS0_IS0_IS0_IS0_IS0_IS0_IS0_IS0_IdEEEEEEEEEEElR14PointerWrapperIT_ESE_
Generating artifacts...
Generating artifacts... Done.
Running artifacts...
test.c:1:1: warning: return type of 'main' is not 'int' [-Wmain-return-type]
void main() {
^
test.c:1:1: note: change return type to 'int'
void main() {
^~~~
int
1 warning generated.
[libprotobuf ERROR /root/cxx-common/sources/protobuf-2.6.1/src/google/protobuf/message_lite.cc:123] Can't parse message of type "mcsema.Module" because it is missing required fields: name
F1016 10:37:00.990614  7573 CFG.cpp:446] Check failed: cfg.ParseFromCodedStream(&cstream) Unable to read module from CFG file test.cfg
*** Check failure stack trace: ***
    @           0x9902cd  google::LogMessage::Fail()
    @           0x99275a  google::LogMessage::SendToLog()
    @           0x98fcdd  google::LogMessage::Flush()
    @           0x9936e9  google::LogMessageFatal::~LogMessageFatal()
    @           0x5beb56  mcsema::ReadProtoBuf()
make[1]: *** [mcsema] Aborted (core dumped)
make[1]: *** No rule to make target 'test.ll', needed by 'declutter'.  Stop.
cat: /home/ubuntu/Github/validating-binary-decompilation/tests/compositional_artifacts_single_instruction_decompilation//callq_._ZmiI12ValueWrapperIS0_IS0_IS0_IS0_IS0_IS0_IS0_IS0_IS0_IdEEEEEEEEEEElR14PointerWrapperIT_ESE_/test.mod.ll: No such file or directory

Executing: make -C /home/ubuntu/Github/validating-binary-decompilation/tests/compositional_artifacts_single_instruction_decompilation//callq_._ZmiI12ValueWrapperIS0_IS0_IS0_IS0_IS0_IS0_IS0_IS0_IS0_IdEEEEEEEEEEElR14PointerWrapperIT_ESE_ binary
make[1]: Entering directory '/home/ubuntu/Github/validating-binary-decompilation/tests/compositional_artifacts_single_instruction_decompilation/callq_._ZmiI12ValueWrapperIS0_IS0_IS0_IS0_IS0_IS0_IS0_IS0_IS0_IdEEEEEEEEEEElR14PointerWrapperIT_ESE_'
clang -Os test.c -o test
make[1]: Leaving directory '/home/ubuntu/Github/validating-binary-decompilation/tests/compositional_artifacts_single_instruction_decompilation/callq_._ZmiI12ValueWrapperIS0_IS0_IS0_IS0_IS0_IS0_IS0_IS0_IS0_IdEEEEEEEEEEElR14PointerWrapperIT_ESE_'

Executing: make -C /home/ubuntu/Github/validating-binary-decompilation/tests/compositional_artifacts_single_instruction_decompilation//callq_._ZmiI12ValueWrapperIS0_IS0_IS0_IS0_IS0_IS0_IS0_IS0_IS0_IdEEEEEEEEEEElR14PointerWrapperIT_ESE_ mcsema
make[1]: Entering directory '/home/ubuntu/Github/validating-binary-decompilation/tests/compositional_artifacts_single_instruction_decompilation/callq_._ZmiI12ValueWrapperIS0_IS0_IS0_IS0_IS0_IS0_IS0_IS0_IS0_IdEEEEEEEEEEElR14PointerWrapperIT_ESE_'
mcsema-disass --disassembler /home/ubuntu/ida-6.95/idal64 --os linux --arch amd64_avx --output test.cfg --binary test --entrypoint main
mcsema-lift-4.0 --os linux --arch amd64_avx --cfg test.cfg --output test.bc -disable_dead_store_elimination -disable_optimizer
Makefile:9: recipe for target 'mcsema' failed
make[1]: Leaving directory '/home/ubuntu/Github/validating-binary-decompilation/tests/compositional_artifacts_single_instruction_decompilation/callq_._ZmiI12ValueWrapperIS0_IS0_IS0_IS0_IS0_IS0_IS0_IS0_IS0_IdEEEEEEEEEEElR14PointerWrapperIT_ESE_'

Executing: make -C /home/ubuntu/Github/validating-binary-decompilation/tests/compositional_artifacts_single_instruction_decompilation//callq_._ZmiI12ValueWrapperIS0_IS0_IS0_IS0_IS0_IS0_IS0_IS0_IS0_IdEEEEEEEEEEElR14PointerWrapperIT_ESE_ declutter
make[1]: Entering directory '/home/ubuntu/Github/validating-binary-decompilation/tests/compositional_artifacts_single_instruction_decompilation/callq_._ZmiI12ValueWrapperIS0_IS0_IS0_IS0_IS0_IS0_IS0_IS0_IS0_IdEEEEEEEEEEElR14PointerWrapperIT_ESE_'
make[1]: Leaving directory '/home/ubuntu/Github/validating-binary-decompilation/tests/compositional_artifacts_single_instruction_decompilation/callq_._ZmiI12ValueWrapperIS0_IS0_IS0_IS0_IS0_IS0_IS0_IS0_IS0_IdEEEEEEEEEEElR14PointerWrapperIT_ESE_'

Executing: cat /home/ubuntu/Github/validating-binary-decompilation/tests/compositional_artifacts_single_instruction_decompilation//callq_._ZmiI12ValueWrapperIS0_IS0_IS0_IS0_IS0_IS0_IS0_IS0_IS0_IdEEEEEEEEEEElR14PointerWrapperIT_ESE_/test.mod.ll
Running artifacts...Done.


Decompiling instr:movl $0x2, %edx...
Instr: movl $0x2, %edx
Workdir: /home/ubuntu/Github/validating-binary-decompilation/tests/compositional_artifacts_single_instruction_decompilation//movl__0x2___edx
Generating artifacts...
Generating artifacts... Done.
Running artifacts...
test.c:1:1: warning: return type of 'main' is not 'int' [-Wmain-return-type]
void main() {
^
test.c:1:1: note: change return type to 'int'
void main() {
^~~~
int
1 warning generated.

Executing: make -C /home/ubuntu/Github/validating-binary-decompilation/tests/compositional_artifacts_single_instruction_decompilation//movl__0x2___edx binary
make[1]: Entering directory '/home/ubuntu/Github/validating-binary-decompilation/tests/compositional_artifacts_single_instruction_decompilation/movl__0x2___edx'
clang -Os test.c -o test
make[1]: Leaving directory '/home/ubuntu/Github/validating-binary-decompilation/tests/compositional_artifacts_single_instruction_decompilation/movl__0x2___edx'

Executing: make -C /home/ubuntu/Github/validating-binary-decompilation/tests/compositional_artifacts_single_instruction_decompilation//movl__0x2___edx mcsema
make[1]: Entering directory '/home/ubuntu/Github/validating-binary-decompilation/tests/compositional_artifacts_single_instruction_decompilation/movl__0x2___edx'
mcsema-disass --disassembler /home/ubuntu/ida-6.95/idal64 --os linux --arch amd64_avx --output test.cfg --binary test --entrypoint main
mcsema-lift-4.0 --os linux --arch amd64_avx --cfg test.cfg --output test.bc -disable_dead_store_elimination -disable_optimizer
llvm-dis test.bc -o test.ll
make[1]: Leaving directory '/home/ubuntu/Github/validating-binary-decompilation/tests/compositional_artifacts_single_instruction_decompilation/movl__0x2___edx'

Executing: make -C /home/ubuntu/Github/validating-binary-decompilation/tests/compositional_artifacts_single_instruction_decompilation//movl__0x2___edx declutter
make[1]: Entering directory '/home/ubuntu/Github/validating-binary-decompilation/tests/compositional_artifacts_single_instruction_decompilation/movl__0x2___edx'
/home/ubuntu/Github/validating-binary-decompilation/tests/scripts//declutter.pl --file test.ll --norenameintrinsics --opc movl__0x2___edx
Expanding _ZN12_GLOBAL__N_1L3MOVI3RnWImE2InIjEEEP6MemoryS6_R5StateT_T0_...
Generatin test.mod.ll for opcode movl__0x2___edx ...
make[1]: Leaving directory '/home/ubuntu/Github/validating-binary-decompilation/tests/compositional_artifacts_single_instruction_decompilation/movl__0x2___edx'

Executing: cat /home/ubuntu/Github/validating-binary-decompilation/tests/compositional_artifacts_single_instruction_decompilation//movl__0x2___edx/test.mod.ll
Running artifacts...Done.
Multiple defintions of @seg_4003a0__text
Multiple defintions of @seg_400548__eh_frame
FuncCache inserted: _ZN12_GLOBAL__N_1L3MOVI3RnWImE2InIjEEEP6MemoryS6_R5StateT_T0_
FuncCache inserted: routine_movl__0x2___edx


Decompiling instr:movl %edx, %ecx...
Instr: movl %edx, %ecx
Workdir: /home/ubuntu/Github/validating-binary-decompilation/tests/compositional_artifacts_single_instruction_decompilation//movl__edx___ecx
Generating artifacts...
Already Exists
Running artifacts...
Skip McSema run ...
Skip Declutter ...

Executing: cat /home/ubuntu/Github/validating-binary-decompilation/tests/compositional_artifacts_single_instruction_decompilation//movl__edx___ecx/test.mod.ll
Running artifacts...Done.
Multiple defintions of @seg_4003a0__text
Multiple defintions of @seg_400548__eh_frame
FuncCache inserted: _ZN12_GLOBAL__N_1L3MOVI3RnWImE2RnIjEEEP6MemoryS6_R5StateT_T0_
FuncCache inserted: routine_movl__edx___ecx


Decompiling instr:movq %rax, -0x20(%rbp)...
Instr: movq %rax, -0x20(%rbp)
Workdir: /home/ubuntu/Github/validating-binary-decompilation/tests/compositional_artifacts_single_instruction_decompilation//movq__rax__MINUS0x20__rbp_
Generating artifacts...
Already Exists
Running artifacts...
Skip McSema run ...
Skip Declutter ...

Executing: cat /home/ubuntu/Github/validating-binary-decompilation/tests/compositional_artifacts_single_instruction_decompilation//movq__rax__MINUS0x20__rbp_/test.mod.ll
Running artifacts...Done.
Multiple defintions of @seg_4003a0__text
Multiple defintions of @seg_400548__eh_frame
FuncCache skipped: _ZN12_GLOBAL__N_1L3MOVI3MnWImE2RnImEEEP6MemoryS6_R5StateT_T0_
FuncCache inserted: routine_movq__rax__MINUS0x20__rbp_


Decompiling instr:movq -0x20(%rbp), %rax...
Instr: movq -0x20(%rbp), %rax
Workdir: /home/ubuntu/Github/validating-binary-decompilation/tests/compositional_artifacts_single_instruction_decompilation//movq_MINUS0x20__rbp____rax
Generating artifacts...
Already Exists
Running artifacts...
Skip McSema run ...
Skip Declutter ...

Executing: cat /home/ubuntu/Github/validating-binary-decompilation/tests/compositional_artifacts_single_instruction_decompilation//movq_MINUS0x20__rbp____rax/test.mod.ll
Running artifacts...Done.
Multiple defintions of @seg_4003a0__text
Multiple defintions of @seg_400548__eh_frame
FuncCache inserted: _ZN12_GLOBAL__N_1L3MOVI3RnWImE2MnImEEEP6MemoryS6_R5StateT_T0_
FuncCache inserted: routine_movq_MINUS0x20__rbp____rax


Decompiling instr:cqto...
Instr: cqto
Workdir: /home/ubuntu/Github/validating-binary-decompilation/tests/compositional_artifacts_single_instruction_decompilation//cqto
Generating artifacts...
Already Exists
Running artifacts...
Skip McSema run ...
Skip Declutter ...

Executing: cat /home/ubuntu/Github/validating-binary-decompilation/tests/compositional_artifacts_single_instruction_decompilation//cqto/test.mod.ll
Running artifacts...Done.
Multiple defintions of @seg_4003a0__text
Multiple defintions of @seg_400548__eh_frame
FuncCache inserted: _ZN12_GLOBAL__N_1L7CQO_RAXEP6MemoryR5State
FuncCache inserted: routine_cqto


Decompiling instr:idivq %rcx...
Instr: idivq %rcx
Workdir: /home/ubuntu/Github/validating-binary-decompilation/tests/compositional_artifacts_single_instruction_decompilation//idivq__rcx
Generating artifacts...
Already Exists
Running artifacts...
Skip McSema run ...
Skip Declutter ...

Executing: cat /home/ubuntu/Github/validating-binary-decompilation/tests/compositional_artifacts_single_instruction_decompilation//idivq__rcx/test.mod.ll
Running artifacts...Done.
Multiple defintions of @seg_4003a0__text
Multiple defintions of @seg_400548__eh_frame
FuncCache inserted: _ZN12_GLOBAL__N_1L10IDIVrdxraxI2RnImEEEP6MemoryS4_R5StateT_
FuncCache inserted: routine_idivq__rcx


Decompiling instr:subq $0x1, %rax...
Instr: subq $0x1, %rax
Workdir: /home/ubuntu/Github/validating-binary-decompilation/tests/compositional_artifacts_single_instruction_decompilation//subq__0x1___rax
Generating artifacts...
Generating artifacts... Done.
Running artifacts...
test.c:1:1: warning: return type of 'main' is not 'int' [-Wmain-return-type]
void main() {
^
test.c:1:1: note: change return type to 'int'
void main() {
^~~~
int
1 warning generated.

Executing: make -C /home/ubuntu/Github/validating-binary-decompilation/tests/compositional_artifacts_single_instruction_decompilation//subq__0x1___rax binary
make[1]: Entering directory '/home/ubuntu/Github/validating-binary-decompilation/tests/compositional_artifacts_single_instruction_decompilation/subq__0x1___rax'
clang -Os test.c -o test
make[1]: Leaving directory '/home/ubuntu/Github/validating-binary-decompilation/tests/compositional_artifacts_single_instruction_decompilation/subq__0x1___rax'

Executing: make -C /home/ubuntu/Github/validating-binary-decompilation/tests/compositional_artifacts_single_instruction_decompilation//subq__0x1___rax mcsema
make[1]: Entering directory '/home/ubuntu/Github/validating-binary-decompilation/tests/compositional_artifacts_single_instruction_decompilation/subq__0x1___rax'
mcsema-disass --disassembler /home/ubuntu/ida-6.95/idal64 --os linux --arch amd64_avx --output test.cfg --binary test --entrypoint main
mcsema-lift-4.0 --os linux --arch amd64_avx --cfg test.cfg --output test.bc -disable_dead_store_elimination -disable_optimizer
llvm-dis test.bc -o test.ll
make[1]: Leaving directory '/home/ubuntu/Github/validating-binary-decompilation/tests/compositional_artifacts_single_instruction_decompilation/subq__0x1___rax'

Executing: make -C /home/ubuntu/Github/validating-binary-decompilation/tests/compositional_artifacts_single_instruction_decompilation//subq__0x1___rax declutter
make[1]: Entering directory '/home/ubuntu/Github/validating-binary-decompilation/tests/compositional_artifacts_single_instruction_decompilation/subq__0x1___rax'
/home/ubuntu/Github/validating-binary-decompilation/tests/scripts//declutter.pl --file test.ll --norenameintrinsics --opc subq__0x1___rax
Expanding _ZN12_GLOBAL__N_1L3SUBI3RnWImE2RnImE2InImEEEP6MemoryS8_R5StateT_T0_T1_...
Generatin test.mod.ll for opcode subq__0x1___rax ...
make[1]: Leaving directory '/home/ubuntu/Github/validating-binary-decompilation/tests/compositional_artifacts_single_instruction_decompilation/subq__0x1___rax'

Executing: cat /home/ubuntu/Github/validating-binary-decompilation/tests/compositional_artifacts_single_instruction_decompilation//subq__0x1___rax/test.mod.ll
Running artifacts...Done.
Multiple defintions of @seg_4003a0__text
Multiple defintions of @seg_400548__eh_frame
FuncCache skipped: _ZN12_GLOBAL__N_1L3SUBI3RnWImE2RnImE2InImEEEP6MemoryS8_R5StateT_T0_T1_
FuncCache inserted: routine_subq__0x1___rax


Decompiling instr:movq %rax, -0x18(%rbp)...
Instr: movq %rax, -0x18(%rbp)
Workdir: /home/ubuntu/Github/validating-binary-decompilation/tests/compositional_artifacts_single_instruction_decompilation//movq__rax__MINUS0x18__rbp_
Generating artifacts...
Already Exists
Running artifacts...
Skip McSema run ...
Skip Declutter ...

Executing: cat /home/ubuntu/Github/validating-binary-decompilation/tests/compositional_artifacts_single_instruction_decompilation//movq__rax__MINUS0x18__rbp_/test.mod.ll
Running artifacts...Done.
Multiple defintions of @seg_4003a0__text
Multiple defintions of @seg_400548__eh_frame
FuncCache skipped: _ZN12_GLOBAL__N_1L3MOVI3MnWImE2RnImEEEP6MemoryS6_R5StateT_T0_
FuncCache inserted: routine_movq__rax__MINUS0x18__rbp_


Decompiling instr:.L_402ddf:...


Decompiling instr:cmpq $0x0, -0x18(%rbp)...
Instr: cmpq $0x0, -0x18(%rbp)
Workdir: /home/ubuntu/Github/validating-binary-decompilation/tests/compositional_artifacts_single_instruction_decompilation//cmpq__0x0__MINUS0x18__rbp_
Generating artifacts...
Already Exists
Running artifacts...
test.c:1:1: warning: return type of 'main' is not 'int' [-Wmain-return-type]
void main() {
^
test.c:1:1: note: change return type to 'int'
void main() {
^~~~
int
1 warning generated.

Executing: make -C /home/ubuntu/Github/validating-binary-decompilation/tests/compositional_artifacts_single_instruction_decompilation//cmpq__0x0__MINUS0x18__rbp_ binary
make[1]: Entering directory '/home/ubuntu/Github/validating-binary-decompilation/tests/compositional_artifacts_single_instruction_decompilation/cmpq__0x0__MINUS0x18__rbp_'
clang -Os test.c -o test
make[1]: Leaving directory '/home/ubuntu/Github/validating-binary-decompilation/tests/compositional_artifacts_single_instruction_decompilation/cmpq__0x0__MINUS0x18__rbp_'

Executing: make -C /home/ubuntu/Github/validating-binary-decompilation/tests/compositional_artifacts_single_instruction_decompilation//cmpq__0x0__MINUS0x18__rbp_ mcsema
make[1]: Entering directory '/home/ubuntu/Github/validating-binary-decompilation/tests/compositional_artifacts_single_instruction_decompilation/cmpq__0x0__MINUS0x18__rbp_'
mcsema-disass --disassembler /home/ubuntu/ida-6.95/idal64 --os linux --arch amd64_avx --output test.cfg --binary test --entrypoint main
mcsema-lift-4.0 --os linux --arch amd64_avx --cfg test.cfg --output test.bc -disable_dead_store_elimination -disable_optimizer
llvm-dis test.bc -o test.ll
make[1]: Leaving directory '/home/ubuntu/Github/validating-binary-decompilation/tests/compositional_artifacts_single_instruction_decompilation/cmpq__0x0__MINUS0x18__rbp_'

Executing: make -C /home/ubuntu/Github/validating-binary-decompilation/tests/compositional_artifacts_single_instruction_decompilation//cmpq__0x0__MINUS0x18__rbp_ declutter
make[1]: Entering directory '/home/ubuntu/Github/validating-binary-decompilation/tests/compositional_artifacts_single_instruction_decompilation/cmpq__0x0__MINUS0x18__rbp_'
/home/ubuntu/Github/validating-binary-decompilation/tests/scripts//declutter.pl --file test.ll --norenameintrinsics --opc cmpq__0x0__MINUS0x18__rbp_
Expanding _ZN12_GLOBAL__N_1L3CMPI2MnImE2InImEEEP6MemoryS6_R5StateT_T0_...
Generatin test.mod.ll for opcode cmpq__0x0__MINUS0x18__rbp_ ...
make[1]: Leaving directory '/home/ubuntu/Github/validating-binary-decompilation/tests/compositional_artifacts_single_instruction_decompilation/cmpq__0x0__MINUS0x18__rbp_'

Executing: cat /home/ubuntu/Github/validating-binary-decompilation/tests/compositional_artifacts_single_instruction_decompilation//cmpq__0x0__MINUS0x18__rbp_/test.mod.ll
Running artifacts...Done.
Multiple defintions of @seg_4003a0__text
Multiple defintions of @seg_400548__eh_frame
FuncCache inserted: _ZN12_GLOBAL__N_1L3CMPI2MnImE2InImEEEP6MemoryS6_R5StateT_T0_
FuncCache inserted: routine_cmpq__0x0__MINUS0x18__rbp_


Decompiling instr:jl .L_402e42...
Instr: jl .L_402e42
Workdir: /home/ubuntu/Github/validating-binary-decompilation/tests/compositional_artifacts_single_instruction_decompilation//jl_.L_402e42
Generating artifacts...
Generating artifacts... Done.
Running artifacts...
test.c:1:1: warning: return type of 'main' is not 'int' [-Wmain-return-type]
void main() {
^
test.c:1:1: note: change return type to 'int'
void main() {
^~~~
int
1 warning generated.

Executing: make -C /home/ubuntu/Github/validating-binary-decompilation/tests/compositional_artifacts_single_instruction_decompilation//jl_.L_402e42 binary
make[1]: Entering directory '/home/ubuntu/Github/validating-binary-decompilation/tests/compositional_artifacts_single_instruction_decompilation/jl_.L_402e42'
clang -Os test.c -o test
make[1]: Leaving directory '/home/ubuntu/Github/validating-binary-decompilation/tests/compositional_artifacts_single_instruction_decompilation/jl_.L_402e42'

Executing: make -C /home/ubuntu/Github/validating-binary-decompilation/tests/compositional_artifacts_single_instruction_decompilation//jl_.L_402e42 mcsema
make[1]: Entering directory '/home/ubuntu/Github/validating-binary-decompilation/tests/compositional_artifacts_single_instruction_decompilation/jl_.L_402e42'
mcsema-disass --disassembler /home/ubuntu/ida-6.95/idal64 --os linux --arch amd64_avx --output test.cfg --binary test --entrypoint main
mcsema-lift-4.0 --os linux --arch amd64_avx --cfg test.cfg --output test.bc -disable_dead_store_elimination -disable_optimizer
llvm-dis test.bc -o test.ll
make[1]: Leaving directory '/home/ubuntu/Github/validating-binary-decompilation/tests/compositional_artifacts_single_instruction_decompilation/jl_.L_402e42'

Executing: make -C /home/ubuntu/Github/validating-binary-decompilation/tests/compositional_artifacts_single_instruction_decompilation//jl_.L_402e42 declutter
make[1]: Entering directory '/home/ubuntu/Github/validating-binary-decompilation/tests/compositional_artifacts_single_instruction_decompilation/jl_.L_402e42'
/home/ubuntu/Github/validating-binary-decompilation/tests/scripts//declutter.pl --file test.ll --norenameintrinsics --opc jl_.L_402e42
Expanding _ZN12_GLOBAL__N_1L2JLEP6MemoryR5State3RnWIhE2InImES7_...
Generatin test.mod.ll for opcode jl_.L_402e42 ...
make[1]: Leaving directory '/home/ubuntu/Github/validating-binary-decompilation/tests/compositional_artifacts_single_instruction_decompilation/jl_.L_402e42'

Executing: cat /home/ubuntu/Github/validating-binary-decompilation/tests/compositional_artifacts_single_instruction_decompilation//jl_.L_402e42/test.mod.ll
Running artifacts...Done.
Multiple defintions of @seg_4003a0__text
Multiple defintions of @seg_400548__eh_frame
FuncCache inserted: _ZN12_GLOBAL__N_1L2JLEP6MemoryR5State3RnWIhE2InImES7_
FuncCache inserted: routine_jl_.L_402e42


Decompiling instr:leaq -0x8(%rbp), %rdi...
Instr: leaq -0x8(%rbp), %rdi
Workdir: /home/ubuntu/Github/validating-binary-decompilation/tests/compositional_artifacts_single_instruction_decompilation//leaq_MINUS0x8__rbp____rdi
Generating artifacts...
Already Exists
Running artifacts...
Skip McSema run ...
Skip Declutter ...

Executing: cat /home/ubuntu/Github/validating-binary-decompilation/tests/compositional_artifacts_single_instruction_decompilation//leaq_MINUS0x8__rbp____rdi/test.mod.ll
Running artifacts...Done.
Multiple defintions of @seg_4003a0__text
Multiple defintions of @seg_400548__eh_frame
FuncCache skipped: _ZN12_GLOBAL__N_1L3LEAI3RnWImE2MnIhEmEEP6MemoryS6_R5StateT_T0_
FuncCache inserted: routine_leaq_MINUS0x8__rbp____rdi


Decompiling instr:movq -0x18(%rbp), %rsi...
Instr: movq -0x18(%rbp), %rsi
Workdir: /home/ubuntu/Github/validating-binary-decompilation/tests/compositional_artifacts_single_instruction_decompilation//movq_MINUS0x18__rbp____rsi
Generating artifacts...
Already Exists
Running artifacts...
Skip McSema run ...
Skip Declutter ...

Executing: cat /home/ubuntu/Github/validating-binary-decompilation/tests/compositional_artifacts_single_instruction_decompilation//movq_MINUS0x18__rbp____rsi/test.mod.ll
Running artifacts...Done.
Multiple defintions of @seg_4003a0__text
Multiple defintions of @seg_400548__eh_frame
FuncCache skipped: _ZN12_GLOBAL__N_1L3MOVI3RnWImE2MnImEEEP6MemoryS6_R5StateT_T0_
FuncCache inserted: routine_movq_MINUS0x18__rbp____rsi


Decompiling instr:callq ._ZplI12ValueWrapperIS0_IS0_IS0_IS0_IS0_IS0_IS0_IS0_IS0_IdEEEEEEEEEEE14PointerWrapperIT_ERSD_l...
Instr: callq ._ZplI12ValueWrapperIS0_IS0_IS0_IS0_IS0_IS0_IS0_IS0_IS0_IdEEEEEEEEEEE14PointerWrapperIT_ERSD_l
Workdir: /home/ubuntu/Github/validating-binary-decompilation/tests/compositional_artifacts_single_instruction_decompilation//callq_._ZplI12ValueWrapperIS0_IS0_IS0_IS0_IS0_IS0_IS0_IS0_IS0_IdEEEEEEEEEEE14PointerWrapperIT_ERSD_l
Generating artifacts...
Already Exists
Running artifacts...
Skip McSema run ...
Skip Declutter ...

Executing: cat /home/ubuntu/Github/validating-binary-decompilation/tests/compositional_artifacts_single_instruction_decompilation//callq_._ZplI12ValueWrapperIS0_IS0_IS0_IS0_IS0_IS0_IS0_IS0_IS0_IdEEEEEEEEEEE14PointerWrapperIT_ERSD_l/test.mod.ll
Running artifacts...Done.
Multiple defintions of @seg_4003a0__text
Multiple defintions of @seg_400548__eh_frame
FuncCache inserted: _ZN12_GLOBAL__N_1L4CALLI2InImEEEP6MemoryS4_R5StateT_S2_
FuncCache inserted: routine_callq_._ZplI12ValueWrapperIS0_IS0_IS0_IS0_IS0_IS0_IS0_IS0_IS0_IdEEEEEEEEEEE14PointerWrapperIT_ERSD_l


Decompiling instr:leaq -0x30(%rbp), %rdi...
Instr: leaq -0x30(%rbp), %rdi
Workdir: /home/ubuntu/Github/validating-binary-decompilation/tests/compositional_artifacts_single_instruction_decompilation//leaq_MINUS0x30__rbp____rdi
Generating artifacts...
Already Exists
Running artifacts...
Skip McSema run ...
Skip Declutter ...

Executing: cat /home/ubuntu/Github/validating-binary-decompilation/tests/compositional_artifacts_single_instruction_decompilation//leaq_MINUS0x30__rbp____rdi/test.mod.ll
Running artifacts...Done.
Multiple defintions of @seg_4003a0__text
Multiple defintions of @seg_400548__eh_frame
FuncCache skipped: _ZN12_GLOBAL__N_1L3LEAI3RnWImE2MnIhEmEEP6MemoryS6_R5StateT_T0_
FuncCache inserted: routine_leaq_MINUS0x30__rbp____rdi


Decompiling instr:movq %rax, -0x30(%rbp)...
Instr: movq %rax, -0x30(%rbp)
Workdir: /home/ubuntu/Github/validating-binary-decompilation/tests/compositional_artifacts_single_instruction_decompilation//movq__rax__MINUS0x30__rbp_
Generating artifacts...
Already Exists
Running artifacts...
Skip McSema run ...
Skip Declutter ...

Executing: cat /home/ubuntu/Github/validating-binary-decompilation/tests/compositional_artifacts_single_instruction_decompilation//movq__rax__MINUS0x30__rbp_/test.mod.ll
Running artifacts...Done.
Multiple defintions of @seg_4003a0__text
Multiple defintions of @seg_400548__eh_frame
FuncCache skipped: _ZN12_GLOBAL__N_1L3MOVI3MnWImE2RnImEEEP6MemoryS6_R5StateT_T0_
FuncCache inserted: routine_movq__rax__MINUS0x30__rbp_


Decompiling instr:callq ._ZNK14PointerWrapperI12ValueWrapperIS0_IS0_IS0_IS0_IS0_IS0_IS0_IS0_IS0_IdEEEEEEEEEEEdeEv...
Instr: callq ._ZNK14PointerWrapperI12ValueWrapperIS0_IS0_IS0_IS0_IS0_IS0_IS0_IS0_IS0_IdEEEEEEEEEEEdeEv
Workdir: /home/ubuntu/Github/validating-binary-decompilation/tests/compositional_artifacts_single_instruction_decompilation//callq_._ZNK14PointerWrapperI12ValueWrapperIS0_IS0_IS0_IS0_IS0_IS0_IS0_IS0_IS0_IdEEEEEEEEEEEdeEv
Generating artifacts...
Already Exists
Running artifacts...
Skip McSema run ...
Skip Declutter ...

Executing: cat /home/ubuntu/Github/validating-binary-decompilation/tests/compositional_artifacts_single_instruction_decompilation//callq_._ZNK14PointerWrapperI12ValueWrapperIS0_IS0_IS0_IS0_IS0_IS0_IS0_IS0_IS0_IdEEEEEEEEEEEdeEv/test.mod.ll
Running artifacts...Done.
Multiple defintions of @seg_4003a0__text
Multiple defintions of @seg_400548__eh_frame
FuncCache skipped: _ZN12_GLOBAL__N_1L4CALLI2InImEEEP6MemoryS4_R5StateT_S2_
FuncCache inserted: routine_callq_._ZNK14PointerWrapperI12ValueWrapperIS0_IS0_IS0_IS0_IS0_IS0_IS0_IS0_IS0_IdEEEEEEEEEEEdeEv


Decompiling instr:movq (%rax), %rax...
Instr: movq (%rax), %rax
Workdir: /home/ubuntu/Github/validating-binary-decompilation/tests/compositional_artifacts_single_instruction_decompilation//movq___rax____rax
Generating artifacts...
Already Exists
Running artifacts...
Skip McSema run ...
Skip Declutter ...

Executing: cat /home/ubuntu/Github/validating-binary-decompilation/tests/compositional_artifacts_single_instruction_decompilation//movq___rax____rax/test.mod.ll
Running artifacts...Done.
Multiple defintions of @seg_4003a0__text
Multiple defintions of @seg_400548__eh_frame
FuncCache skipped: _ZN12_GLOBAL__N_1L3MOVI3RnWImE2MnImEEEP6MemoryS6_R5StateT_T0_
FuncCache inserted: routine_movq___rax____rax


Decompiling instr:movq %rax, -0x28(%rbp)...
Instr: movq %rax, -0x28(%rbp)
Workdir: /home/ubuntu/Github/validating-binary-decompilation/tests/compositional_artifacts_single_instruction_decompilation//movq__rax__MINUS0x28__rbp_
Generating artifacts...
Already Exists
Running artifacts...
Skip McSema run ...
Skip Declutter ...

Executing: cat /home/ubuntu/Github/validating-binary-decompilation/tests/compositional_artifacts_single_instruction_decompilation//movq__rax__MINUS0x28__rbp_/test.mod.ll
Running artifacts...Done.
Multiple defintions of @seg_4003a0__text
Multiple defintions of @seg_400548__eh_frame
FuncCache skipped: _ZN12_GLOBAL__N_1L3MOVI3MnWImE2RnImEEEP6MemoryS6_R5StateT_T0_
FuncCache inserted: routine_movq__rax__MINUS0x28__rbp_


Decompiling instr:movq -0x20(%rbp), %rdi...
Instr: movq -0x20(%rbp), %rdi
Workdir: /home/ubuntu/Github/validating-binary-decompilation/tests/compositional_artifacts_single_instruction_decompilation//movq_MINUS0x20__rbp____rdi
Generating artifacts...
Already Exists
Running artifacts...
Skip McSema run ...
Skip Declutter ...

Executing: cat /home/ubuntu/Github/validating-binary-decompilation/tests/compositional_artifacts_single_instruction_decompilation//movq_MINUS0x20__rbp____rdi/test.mod.ll
Running artifacts...Done.
Multiple defintions of @seg_4003a0__text
Multiple defintions of @seg_400548__eh_frame
FuncCache skipped: _ZN12_GLOBAL__N_1L3MOVI3RnWImE2MnImEEEP6MemoryS6_R5StateT_T0_
FuncCache inserted: routine_movq_MINUS0x20__rbp____rdi


Decompiling instr:movq -0x8(%rbp), %rax...
Instr: movq -0x8(%rbp), %rax
Workdir: /home/ubuntu/Github/validating-binary-decompilation/tests/compositional_artifacts_single_instruction_decompilation//movq_MINUS0x8__rbp____rax
Generating artifacts...
Already Exists
Running artifacts...
Skip McSema run ...
Skip Declutter ...

Executing: cat /home/ubuntu/Github/validating-binary-decompilation/tests/compositional_artifacts_single_instruction_decompilation//movq_MINUS0x8__rbp____rax/test.mod.ll
Running artifacts...Done.
Multiple defintions of @seg_4003a0__text
Multiple defintions of @seg_400548__eh_frame
FuncCache skipped: _ZN12_GLOBAL__N_1L3MOVI3RnWImE2MnImEEEP6MemoryS6_R5StateT_T0_
FuncCache inserted: routine_movq_MINUS0x8__rbp____rax


Decompiling instr:movq %rax, -0x38(%rbp)...
Instr: movq %rax, -0x38(%rbp)
Workdir: /home/ubuntu/Github/validating-binary-decompilation/tests/compositional_artifacts_single_instruction_decompilation//movq__rax__MINUS0x38__rbp_
Generating artifacts...
Already Exists
Running artifacts...
Skip McSema run ...
Skip Declutter ...

Executing: cat /home/ubuntu/Github/validating-binary-decompilation/tests/compositional_artifacts_single_instruction_decompilation//movq__rax__MINUS0x38__rbp_/test.mod.ll
Running artifacts...Done.
Multiple defintions of @seg_4003a0__text
Multiple defintions of @seg_400548__eh_frame
FuncCache skipped: _ZN12_GLOBAL__N_1L3MOVI3MnWImE2RnImEEEP6MemoryS6_R5StateT_T0_
FuncCache inserted: routine_movq__rax__MINUS0x38__rbp_


Decompiling instr:movq -0x18(%rbp), %rdx...
Instr: movq -0x18(%rbp), %rdx
Workdir: /home/ubuntu/Github/validating-binary-decompilation/tests/compositional_artifacts_single_instruction_decompilation//movq_MINUS0x18__rbp____rdx
Generating artifacts...
Already Exists
Running artifacts...
Skip McSema run ...
Skip Declutter ...

Executing: cat /home/ubuntu/Github/validating-binary-decompilation/tests/compositional_artifacts_single_instruction_decompilation//movq_MINUS0x18__rbp____rdx/test.mod.ll
Running artifacts...Done.
Multiple defintions of @seg_4003a0__text
Multiple defintions of @seg_400548__eh_frame
FuncCache skipped: _ZN12_GLOBAL__N_1L3MOVI3RnWImE2MnImEEEP6MemoryS6_R5StateT_T0_
FuncCache inserted: routine_movq_MINUS0x18__rbp____rdx


Decompiling instr:movq -0x28(%rbp), %rax...
Instr: movq -0x28(%rbp), %rax
Workdir: /home/ubuntu/Github/validating-binary-decompilation/tests/compositional_artifacts_single_instruction_decompilation//movq_MINUS0x28__rbp____rax
Generating artifacts...
Already Exists
Running artifacts...
Skip McSema run ...
Skip Declutter ...

Executing: cat /home/ubuntu/Github/validating-binary-decompilation/tests/compositional_artifacts_single_instruction_decompilation//movq_MINUS0x28__rbp____rax/test.mod.ll
Running artifacts...Done.
Multiple defintions of @seg_4003a0__text
Multiple defintions of @seg_400548__eh_frame
FuncCache skipped: _ZN12_GLOBAL__N_1L3MOVI3RnWImE2MnImEEEP6MemoryS6_R5StateT_T0_
FuncCache inserted: routine_movq_MINUS0x28__rbp____rax


Decompiling instr:movq %rax, -0x40(%rbp)...
Instr: movq %rax, -0x40(%rbp)
Workdir: /home/ubuntu/Github/validating-binary-decompilation/tests/compositional_artifacts_single_instruction_decompilation//movq__rax__MINUS0x40__rbp_
Generating artifacts...
Already Exists
Running artifacts...
Skip McSema run ...
Skip Declutter ...

Executing: cat /home/ubuntu/Github/validating-binary-decompilation/tests/compositional_artifacts_single_instruction_decompilation//movq__rax__MINUS0x40__rbp_/test.mod.ll
Running artifacts...Done.
Multiple defintions of @seg_4003a0__text
Multiple defintions of @seg_400548__eh_frame
FuncCache skipped: _ZN12_GLOBAL__N_1L3MOVI3MnWImE2RnImEEEP6MemoryS6_R5StateT_T0_
FuncCache inserted: routine_movq__rax__MINUS0x40__rbp_


Decompiling instr:movq -0x38(%rbp), %rsi...
Instr: movq -0x38(%rbp), %rsi
Workdir: /home/ubuntu/Github/validating-binary-decompilation/tests/compositional_artifacts_single_instruction_decompilation//movq_MINUS0x38__rbp____rsi
Generating artifacts...
Already Exists
Running artifacts...
Skip McSema run ...
Skip Declutter ...

Executing: cat /home/ubuntu/Github/validating-binary-decompilation/tests/compositional_artifacts_single_instruction_decompilation//movq_MINUS0x38__rbp____rsi/test.mod.ll
Running artifacts...Done.
Multiple defintions of @seg_4003a0__text
Multiple defintions of @seg_400548__eh_frame
FuncCache skipped: _ZN12_GLOBAL__N_1L3MOVI3RnWImE2MnImEEEP6MemoryS6_R5StateT_T0_
FuncCache inserted: routine_movq_MINUS0x38__rbp____rsi


Decompiling instr:movsd -0x40(%rbp), %xmm0...
Instr: movsd -0x40(%rbp), %xmm0
Workdir: /home/ubuntu/Github/validating-binary-decompilation/tests/compositional_artifacts_single_instruction_decompilation//movsd_MINUS0x40__rbp____xmm0
Generating artifacts...
Already Exists
Running artifacts...
Skip McSema run ...
Skip Declutter ...

Executing: cat /home/ubuntu/Github/validating-binary-decompilation/tests/compositional_artifacts_single_instruction_decompilation//movsd_MINUS0x40__rbp____xmm0/test.mod.ll
Running artifacts...Done.
Multiple defintions of @seg_4003a0__text
Multiple defintions of @seg_400548__eh_frame
FuncCache inserted: _ZN12_GLOBAL__N_1L9MOVSD_MEMI3VnWI8vec128_tE3MVnI7vec64_tEEEP6MemoryS8_R5StateT_T0_
FuncCache inserted: routine_movsd_MINUS0x40__rbp____xmm0


Decompiling instr:callq ._ZN9benchmark7sift_inI14PointerWrapperI12ValueWrapperIS2_IS2_IS2_IS2_IS2_IS2_IS2_IS2_IS2_IdEEEEEEEEEEESC_EEvlT_lT0_...
Instr: callq ._ZN9benchmark7sift_inI14PointerWrapperI12ValueWrapperIS2_IS2_IS2_IS2_IS2_IS2_IS2_IS2_IS2_IdEEEEEEEEEEESC_EEvlT_lT0_
Workdir: /home/ubuntu/Github/validating-binary-decompilation/tests/compositional_artifacts_single_instruction_decompilation//callq_._ZN9benchmark7sift_inI14PointerWrapperI12ValueWrapperIS2_IS2_IS2_IS2_IS2_IS2_IS2_IS2_IS2_IdEEEEEEEEEEESC_EEvlT_lT0_
Generating artifacts...
Generating artifacts... Done.
Running artifacts...
test.c:1:1: warning: return type of 'main' is not 'int' [-Wmain-return-type]
void main() {
^
test.c:1:1: note: change return type to 'int'
void main() {
^~~~
int
1 warning generated.

Executing: make -C /home/ubuntu/Github/validating-binary-decompilation/tests/compositional_artifacts_single_instruction_decompilation//callq_._ZN9benchmark7sift_inI14PointerWrapperI12ValueWrapperIS2_IS2_IS2_IS2_IS2_IS2_IS2_IS2_IS2_IdEEEEEEEEEEESC_EEvlT_lT0_ binary
make[1]: Entering directory '/home/ubuntu/Github/validating-binary-decompilation/tests/compositional_artifacts_single_instruction_decompilation/callq_._ZN9benchmark7sift_inI14PointerWrapperI12ValueWrapperIS2_IS2_IS2_IS2_IS2_IS2_IS2_IS2_IS2_IdEEEEEEEEEEESC_EEvlT_lT0_'
clang -Os test.c -o test
make[1]: Leaving directory '/home/ubuntu/Github/validating-binary-decompilation/tests/compositional_artifacts_single_instruction_decompilation/callq_._ZN9benchmark7sift_inI14PointerWrapperI12ValueWrapperIS2_IS2_IS2_IS2_IS2_IS2_IS2_IS2_IS2_IdEEEEEEEEEEESC_EEvlT_lT0_'

Executing: make -C /home/ubuntu/Github/validating-binary-decompilation/tests/compositional_artifacts_single_instruction_decompilation//callq_._ZN9benchmark7sift_inI14PointerWrapperI12ValueWrapperIS2_IS2_IS2_IS2_IS2_IS2_IS2_IS2_IS2_IdEEEEEEEEEEESC_EEvlT_lT0_ mcsema
make[1]: Entering directory '/home/ubuntu/Github/validating-binary-decompilation/tests/compositional_artifacts_single_instruction_decompilation/callq_._ZN9benchmark7sift_inI14PointerWrapperI12ValueWrapperIS2_IS2_IS2_IS2_IS2_IS2_IS2_IS2_IS2_IdEEEEEEEEEEESC_EEvlT_lT0_'
mcsema-disass --disassembler /home/ubuntu/ida-6.95/idal64 --os linux --arch amd64_avx --output test.cfg --binary test --entrypoint main
mcsema-lift-4.0 --os linux --arch amd64_avx --cfg test.cfg --output test.bc -disable_dead_store_elimination -disable_optimizer
llvm-dis test.bc -o test.ll
make[1]: Leaving directory '/home/ubuntu/Github/validating-binary-decompilation/tests/compositional_artifacts_single_instruction_decompilation/callq_._ZN9benchmark7sift_inI14PointerWrapperI12ValueWrapperIS2_IS2_IS2_IS2_IS2_IS2_IS2_IS2_IS2_IdEEEEEEEEEEESC_EEvlT_lT0_'

Executing: make -C /home/ubuntu/Github/validating-binary-decompilation/tests/compositional_artifacts_single_instruction_decompilation//callq_._ZN9benchmark7sift_inI14PointerWrapperI12ValueWrapperIS2_IS2_IS2_IS2_IS2_IS2_IS2_IS2_IS2_IdEEEEEEEEEEESC_EEvlT_lT0_ declutter
make[1]: Entering directory '/home/ubuntu/Github/validating-binary-decompilation/tests/compositional_artifacts_single_instruction_decompilation/callq_._ZN9benchmark7sift_inI14PointerWrapperI12ValueWrapperIS2_IS2_IS2_IS2_IS2_IS2_IS2_IS2_IS2_IdEEEEEEEEEEESC_EEvlT_lT0_'
/home/ubuntu/Github/validating-binary-decompilation/tests/scripts//declutter.pl --file test.ll --norenameintrinsics --opc callq_._ZN9benchmark7sift_inI14PointerWrapperI12ValueWrapperIS2_IS2_IS2_IS2_IS2_IS2_IS2_IS2_IS2_IdEEEEEEEEEEESC_EEvlT_lT0_
Expanding _ZN12_GLOBAL__N_1L4CALLI2InImEEEP6MemoryS4_R5StateT_S2_...
Generatin test.mod.ll for opcode callq_._ZN9benchmark7sift_inI14PointerWrapperI12ValueWrapperIS2_IS2_IS2_IS2_IS2_IS2_IS2_IS2_IS2_IdEEEEEEEEEEESC_EEvlT_lT0_ ...
make[1]: Leaving directory '/home/ubuntu/Github/validating-binary-decompilation/tests/compositional_artifacts_single_instruction_decompilation/callq_._ZN9benchmark7sift_inI14PointerWrapperI12ValueWrapperIS2_IS2_IS2_IS2_IS2_IS2_IS2_IS2_IS2_IdEEEEEEEEEEESC_EEvlT_lT0_'

Executing: cat /home/ubuntu/Github/validating-binary-decompilation/tests/compositional_artifacts_single_instruction_decompilation//callq_._ZN9benchmark7sift_inI14PointerWrapperI12ValueWrapperIS2_IS2_IS2_IS2_IS2_IS2_IS2_IS2_IS2_IdEEEEEEEEEEESC_EEvlT_lT0_/test.mod.ll
Running artifacts...Done.
Multiple defintions of @seg_4003a0__text
Multiple defintions of @seg_400548__eh_frame
FuncCache skipped: _ZN12_GLOBAL__N_1L4CALLI2InImEEEP6MemoryS4_R5StateT_S2_
FuncCache inserted: routine_callq_._ZN9benchmark7sift_inI14PointerWrapperI12ValueWrapperIS2_IS2_IS2_IS2_IS2_IS2_IS2_IS2_IS2_IdEEEEEEEEEEESC_EEvlT_lT0_


Decompiling instr:movq -0x18(%rbp), %rax...
Instr: movq -0x18(%rbp), %rax
Workdir: /home/ubuntu/Github/validating-binary-decompilation/tests/compositional_artifacts_single_instruction_decompilation//movq_MINUS0x18__rbp____rax
Generating artifacts...
Already Exists
Running artifacts...
Skip McSema run ...
Skip Declutter ...

Executing: cat /home/ubuntu/Github/validating-binary-decompilation/tests/compositional_artifacts_single_instruction_decompilation//movq_MINUS0x18__rbp____rax/test.mod.ll
Running artifacts...Done.
Multiple defintions of @seg_4003a0__text
Multiple defintions of @seg_400548__eh_frame
FuncCache skipped: _ZN12_GLOBAL__N_1L3MOVI3RnWImE2MnImEEEP6MemoryS6_R5StateT_T0_
FuncCache inserted: routine_movq_MINUS0x18__rbp____rax


Decompiling instr:addq $0xffffffff, %rax...
Instr: addq $0xffffffff, %rax
Workdir: /home/ubuntu/Github/validating-binary-decompilation/tests/compositional_artifacts_single_instruction_decompilation//addq__0xffffffff___rax
Generating artifacts...
Already Exists
Running artifacts...
test.c:1:1: warning: return type of 'main' is not 'int' [-Wmain-return-type]
void main() {
^
test.c:1:1: note: change return type to 'int'
void main() {
^~~~
int
test.c:2:11: error: invalid operand for instruction
  __asm__("addq $0xffffffff, %rax");
          ^
<inline asm>:1:7: note: instantiated into assembly here
        addq $0xffffffff, %rax
             ^~~~~~~~~~~~
1 warning and 1 error generated.
make[1]: *** [binary] Error 1
test.c: Assembler messages:
test.c:2: Error: operand type mismatch for `add'
make[1]: *** [test] Error 1
make[1]: *** No rule to make target 'test.ll', needed by 'declutter'.  Stop.
cat: /home/ubuntu/Github/validating-binary-decompilation/tests/compositional_artifacts_single_instruction_decompilation//addq__0xffffffff___rax/test.mod.ll: No such file or directory

Executing: make -C /home/ubuntu/Github/validating-binary-decompilation/tests/compositional_artifacts_single_instruction_decompilation//addq__0xffffffff___rax binary
make[1]: Entering directory '/home/ubuntu/Github/validating-binary-decompilation/tests/compositional_artifacts_single_instruction_decompilation/addq__0xffffffff___rax'
clang -Os test.c -o test
Makefile:21: recipe for target 'binary' failed
make[1]: Leaving directory '/home/ubuntu/Github/validating-binary-decompilation/tests/compositional_artifacts_single_instruction_decompilation/addq__0xffffffff___rax'

Executing: make -C /home/ubuntu/Github/validating-binary-decompilation/tests/compositional_artifacts_single_instruction_decompilation//addq__0xffffffff___rax mcsema
make[1]: Entering directory '/home/ubuntu/Github/validating-binary-decompilation/tests/compositional_artifacts_single_instruction_decompilation/addq__0xffffffff___rax'
cc     test.c   -o test
<builtin>: recipe for target 'test' failed
make[1]: Leaving directory '/home/ubuntu/Github/validating-binary-decompilation/tests/compositional_artifacts_single_instruction_decompilation/addq__0xffffffff___rax'

Executing: make -C /home/ubuntu/Github/validating-binary-decompilation/tests/compositional_artifacts_single_instruction_decompilation//addq__0xffffffff___rax declutter
make[1]: Entering directory '/home/ubuntu/Github/validating-binary-decompilation/tests/compositional_artifacts_single_instruction_decompilation/addq__0xffffffff___rax'
make[1]: Leaving directory '/home/ubuntu/Github/validating-binary-decompilation/tests/compositional_artifacts_single_instruction_decompilation/addq__0xffffffff___rax'

Executing: cat /home/ubuntu/Github/validating-binary-decompilation/tests/compositional_artifacts_single_instruction_decompilation//addq__0xffffffff___rax/test.mod.ll
Running artifacts...Done.


Decompiling instr:movq %rax, -0x18(%rbp)...
Instr: movq %rax, -0x18(%rbp)
Workdir: /home/ubuntu/Github/validating-binary-decompilation/tests/compositional_artifacts_single_instruction_decompilation//movq__rax__MINUS0x18__rbp_
Generating artifacts...
Already Exists
Running artifacts...
Skip McSema run ...
Skip Declutter ...

Executing: cat /home/ubuntu/Github/validating-binary-decompilation/tests/compositional_artifacts_single_instruction_decompilation//movq__rax__MINUS0x18__rbp_/test.mod.ll
Running artifacts...Done.
Multiple defintions of @seg_4003a0__text
Multiple defintions of @seg_400548__eh_frame
FuncCache skipped: _ZN12_GLOBAL__N_1L3MOVI3MnWImE2RnImEEEP6MemoryS6_R5StateT_T0_
FuncCache skipped: routine_movq__rax__MINUS0x18__rbp_


Decompiling instr:jmpq .L_402ddf...
Instr: jmpq .L_402ddf
Workdir: /home/ubuntu/Github/validating-binary-decompilation/tests/compositional_artifacts_single_instruction_decompilation//jmpq_.L_402ddf
Generating artifacts...
Generating artifacts... Done.
Running artifacts...
test.c:1:1: warning: return type of 'main' is not 'int' [-Wmain-return-type]
void main() {
^
test.c:1:1: note: change return type to 'int'
void main() {
^~~~
int
1 warning generated.

Executing: make -C /home/ubuntu/Github/validating-binary-decompilation/tests/compositional_artifacts_single_instruction_decompilation//jmpq_.L_402ddf binary
make[1]: Entering directory '/home/ubuntu/Github/validating-binary-decompilation/tests/compositional_artifacts_single_instruction_decompilation/jmpq_.L_402ddf'
clang -Os test.c -o test
make[1]: Leaving directory '/home/ubuntu/Github/validating-binary-decompilation/tests/compositional_artifacts_single_instruction_decompilation/jmpq_.L_402ddf'

Executing: make -C /home/ubuntu/Github/validating-binary-decompilation/tests/compositional_artifacts_single_instruction_decompilation//jmpq_.L_402ddf mcsema
make[1]: Entering directory '/home/ubuntu/Github/validating-binary-decompilation/tests/compositional_artifacts_single_instruction_decompilation/jmpq_.L_402ddf'
mcsema-disass --disassembler /home/ubuntu/ida-6.95/idal64 --os linux --arch amd64_avx --output test.cfg --binary test --entrypoint main
mcsema-lift-4.0 --os linux --arch amd64_avx --cfg test.cfg --output test.bc -disable_dead_store_elimination -disable_optimizer
llvm-dis test.bc -o test.ll
make[1]: Leaving directory '/home/ubuntu/Github/validating-binary-decompilation/tests/compositional_artifacts_single_instruction_decompilation/jmpq_.L_402ddf'

Executing: make -C /home/ubuntu/Github/validating-binary-decompilation/tests/compositional_artifacts_single_instruction_decompilation//jmpq_.L_402ddf declutter
make[1]: Entering directory '/home/ubuntu/Github/validating-binary-decompilation/tests/compositional_artifacts_single_instruction_decompilation/jmpq_.L_402ddf'
/home/ubuntu/Github/validating-binary-decompilation/tests/scripts//declutter.pl --file test.ll --norenameintrinsics --opc jmpq_.L_402ddf
Expanding _ZN12_GLOBAL__N_1L3JMPI2InImEEEP6MemoryS4_R5StateT_...
Generatin test.mod.ll for opcode jmpq_.L_402ddf ...
make[1]: Leaving directory '/home/ubuntu/Github/validating-binary-decompilation/tests/compositional_artifacts_single_instruction_decompilation/jmpq_.L_402ddf'

Executing: cat /home/ubuntu/Github/validating-binary-decompilation/tests/compositional_artifacts_single_instruction_decompilation//jmpq_.L_402ddf/test.mod.ll
Running artifacts...Done.
Multiple defintions of @seg_4003a0__text
Multiple defintions of @seg_400548__eh_frame
FuncCache inserted: _ZN12_GLOBAL__N_1L3JMPI2InImEEEP6MemoryS4_R5StateT_
FuncCache inserted: routine_jmpq_.L_402ddf


Decompiling instr:.L_402e42:...


Decompiling instr:movq -0x20(%rbp), %rax...
Instr: movq -0x20(%rbp), %rax
Workdir: /home/ubuntu/Github/validating-binary-decompilation/tests/compositional_artifacts_single_instruction_decompilation//movq_MINUS0x20__rbp____rax
Generating artifacts...
Already Exists
Running artifacts...
Skip McSema run ...
Skip Declutter ...

Executing: cat /home/ubuntu/Github/validating-binary-decompilation/tests/compositional_artifacts_single_instruction_decompilation//movq_MINUS0x20__rbp____rax/test.mod.ll
Running artifacts...Done.
Multiple defintions of @seg_4003a0__text
Multiple defintions of @seg_400548__eh_frame
FuncCache skipped: _ZN12_GLOBAL__N_1L3MOVI3RnWImE2MnImEEEP6MemoryS6_R5StateT_T0_
FuncCache skipped: routine_movq_MINUS0x20__rbp____rax


Decompiling instr:subq $0x1, %rax...
Instr: subq $0x1, %rax
Workdir: /home/ubuntu/Github/validating-binary-decompilation/tests/compositional_artifacts_single_instruction_decompilation//subq__0x1___rax
Generating artifacts...
Already Exists
Running artifacts...
Skip McSema run ...
Skip Declutter ...

Executing: cat /home/ubuntu/Github/validating-binary-decompilation/tests/compositional_artifacts_single_instruction_decompilation//subq__0x1___rax/test.mod.ll
Running artifacts...Done.
Multiple defintions of @seg_4003a0__text
Multiple defintions of @seg_400548__eh_frame
FuncCache skipped: _ZN12_GLOBAL__N_1L3SUBI3RnWImE2RnImE2InImEEEP6MemoryS8_R5StateT_T0_T1_
FuncCache skipped: routine_subq__0x1___rax


Decompiling instr:movq %rax, -0x18(%rbp)...
Instr: movq %rax, -0x18(%rbp)
Workdir: /home/ubuntu/Github/validating-binary-decompilation/tests/compositional_artifacts_single_instruction_decompilation//movq__rax__MINUS0x18__rbp_
Generating artifacts...
Already Exists
Running artifacts...
Skip McSema run ...
Skip Declutter ...

Executing: cat /home/ubuntu/Github/validating-binary-decompilation/tests/compositional_artifacts_single_instruction_decompilation//movq__rax__MINUS0x18__rbp_/test.mod.ll
Running artifacts...Done.
Multiple defintions of @seg_4003a0__text
Multiple defintions of @seg_400548__eh_frame
FuncCache skipped: _ZN12_GLOBAL__N_1L3MOVI3MnWImE2RnImEEEP6MemoryS6_R5StateT_T0_
FuncCache skipped: routine_movq__rax__MINUS0x18__rbp_


Decompiling instr:.L_402e4e:...


Decompiling instr:cmpq $0x1, -0x18(%rbp)...
Instr: cmpq $0x1, -0x18(%rbp)
Workdir: /home/ubuntu/Github/validating-binary-decompilation/tests/compositional_artifacts_single_instruction_decompilation//cmpq__0x1__MINUS0x18__rbp_
Generating artifacts...
Already Exists
Running artifacts...
Skip McSema run ...

Executing: make -C /home/ubuntu/Github/validating-binary-decompilation/tests/compositional_artifacts_single_instruction_decompilation//cmpq__0x1__MINUS0x18__rbp_ declutter
make[1]: Entering directory '/home/ubuntu/Github/validating-binary-decompilation/tests/compositional_artifacts_single_instruction_decompilation/cmpq__0x1__MINUS0x18__rbp_'
/home/ubuntu/Github/validating-binary-decompilation/tests/scripts//declutter.pl --file test.ll --norenameintrinsics --opc cmpq__0x1__MINUS0x18__rbp_
Expanding _ZN12_GLOBAL__N_1L3CMPI2MnImE2InImEEEP6MemoryS6_R5StateT_T0_...
Generatin test.mod.ll for opcode cmpq__0x1__MINUS0x18__rbp_ ...
make[1]: Leaving directory '/home/ubuntu/Github/validating-binary-decompilation/tests/compositional_artifacts_single_instruction_decompilation/cmpq__0x1__MINUS0x18__rbp_'

Executing: cat /home/ubuntu/Github/validating-binary-decompilation/tests/compositional_artifacts_single_instruction_decompilation//cmpq__0x1__MINUS0x18__rbp_/test.mod.ll
Running artifacts...Done.
Multiple defintions of @seg_4003a0__text
Multiple defintions of @seg_400548__eh_frame
FuncCache skipped: _ZN12_GLOBAL__N_1L3CMPI2MnImE2InImEEEP6MemoryS6_R5StateT_T0_
FuncCache inserted: routine_cmpq__0x1__MINUS0x18__rbp_


Decompiling instr:jl .L_402ee2...
Instr: jl .L_402ee2
Workdir: /home/ubuntu/Github/validating-binary-decompilation/tests/compositional_artifacts_single_instruction_decompilation//jl_.L_402ee2
Generating artifacts...
Generating artifacts... Done.
Running artifacts...
test.c:1:1: warning: return type of 'main' is not 'int' [-Wmain-return-type]
void main() {
^
test.c:1:1: note: change return type to 'int'
void main() {
^~~~
int
1 warning generated.

Executing: make -C /home/ubuntu/Github/validating-binary-decompilation/tests/compositional_artifacts_single_instruction_decompilation//jl_.L_402ee2 binary
make[1]: Entering directory '/home/ubuntu/Github/validating-binary-decompilation/tests/compositional_artifacts_single_instruction_decompilation/jl_.L_402ee2'
clang -Os test.c -o test
make[1]: Leaving directory '/home/ubuntu/Github/validating-binary-decompilation/tests/compositional_artifacts_single_instruction_decompilation/jl_.L_402ee2'

Executing: make -C /home/ubuntu/Github/validating-binary-decompilation/tests/compositional_artifacts_single_instruction_decompilation//jl_.L_402ee2 mcsema
make[1]: Entering directory '/home/ubuntu/Github/validating-binary-decompilation/tests/compositional_artifacts_single_instruction_decompilation/jl_.L_402ee2'
mcsema-disass --disassembler /home/ubuntu/ida-6.95/idal64 --os linux --arch amd64_avx --output test.cfg --binary test --entrypoint main
mcsema-lift-4.0 --os linux --arch amd64_avx --cfg test.cfg --output test.bc -disable_dead_store_elimination -disable_optimizer
llvm-dis test.bc -o test.ll
make[1]: Leaving directory '/home/ubuntu/Github/validating-binary-decompilation/tests/compositional_artifacts_single_instruction_decompilation/jl_.L_402ee2'

Executing: make -C /home/ubuntu/Github/validating-binary-decompilation/tests/compositional_artifacts_single_instruction_decompilation//jl_.L_402ee2 declutter
make[1]: Entering directory '/home/ubuntu/Github/validating-binary-decompilation/tests/compositional_artifacts_single_instruction_decompilation/jl_.L_402ee2'
/home/ubuntu/Github/validating-binary-decompilation/tests/scripts//declutter.pl --file test.ll --norenameintrinsics --opc jl_.L_402ee2
Expanding _ZN12_GLOBAL__N_1L2JLEP6MemoryR5State3RnWIhE2InImES7_...
Generatin test.mod.ll for opcode jl_.L_402ee2 ...
make[1]: Leaving directory '/home/ubuntu/Github/validating-binary-decompilation/tests/compositional_artifacts_single_instruction_decompilation/jl_.L_402ee2'

Executing: cat /home/ubuntu/Github/validating-binary-decompilation/tests/compositional_artifacts_single_instruction_decompilation//jl_.L_402ee2/test.mod.ll
Running artifacts...Done.
Multiple defintions of @seg_4003a0__text
Multiple defintions of @seg_400548__eh_frame
FuncCache skipped: _ZN12_GLOBAL__N_1L2JLEP6MemoryR5State3RnWIhE2InImES7_
FuncCache inserted: routine_jl_.L_402ee2


Decompiling instr:leaq -0x8(%rbp), %rdi...
Instr: leaq -0x8(%rbp), %rdi
Workdir: /home/ubuntu/Github/validating-binary-decompilation/tests/compositional_artifacts_single_instruction_decompilation//leaq_MINUS0x8__rbp____rdi
Generating artifacts...
Already Exists
Running artifacts...
Skip McSema run ...
Skip Declutter ...

Executing: cat /home/ubuntu/Github/validating-binary-decompilation/tests/compositional_artifacts_single_instruction_decompilation//leaq_MINUS0x8__rbp____rdi/test.mod.ll
Running artifacts...Done.
Multiple defintions of @seg_4003a0__text
Multiple defintions of @seg_400548__eh_frame
FuncCache skipped: _ZN12_GLOBAL__N_1L3LEAI3RnWImE2MnIhEmEEP6MemoryS6_R5StateT_T0_
FuncCache skipped: routine_leaq_MINUS0x8__rbp____rdi


Decompiling instr:movq -0x18(%rbp), %rsi...
Instr: movq -0x18(%rbp), %rsi
Workdir: /home/ubuntu/Github/validating-binary-decompilation/tests/compositional_artifacts_single_instruction_decompilation//movq_MINUS0x18__rbp____rsi
Generating artifacts...
Already Exists
Running artifacts...
Skip McSema run ...
Skip Declutter ...

Executing: cat /home/ubuntu/Github/validating-binary-decompilation/tests/compositional_artifacts_single_instruction_decompilation//movq_MINUS0x18__rbp____rsi/test.mod.ll
Running artifacts...Done.
Multiple defintions of @seg_4003a0__text
Multiple defintions of @seg_400548__eh_frame
FuncCache skipped: _ZN12_GLOBAL__N_1L3MOVI3RnWImE2MnImEEEP6MemoryS6_R5StateT_T0_
FuncCache skipped: routine_movq_MINUS0x18__rbp____rsi


Decompiling instr:callq ._ZplI12ValueWrapperIS0_IS0_IS0_IS0_IS0_IS0_IS0_IS0_IS0_IdEEEEEEEEEEE14PointerWrapperIT_ERSD_l...
Instr: callq ._ZplI12ValueWrapperIS0_IS0_IS0_IS0_IS0_IS0_IS0_IS0_IS0_IdEEEEEEEEEEE14PointerWrapperIT_ERSD_l
Workdir: /home/ubuntu/Github/validating-binary-decompilation/tests/compositional_artifacts_single_instruction_decompilation//callq_._ZplI12ValueWrapperIS0_IS0_IS0_IS0_IS0_IS0_IS0_IS0_IS0_IdEEEEEEEEEEE14PointerWrapperIT_ERSD_l
Generating artifacts...
Already Exists
Running artifacts...
Skip McSema run ...
Skip Declutter ...

Executing: cat /home/ubuntu/Github/validating-binary-decompilation/tests/compositional_artifacts_single_instruction_decompilation//callq_._ZplI12ValueWrapperIS0_IS0_IS0_IS0_IS0_IS0_IS0_IS0_IS0_IdEEEEEEEEEEE14PointerWrapperIT_ERSD_l/test.mod.ll
Running artifacts...Done.
Multiple defintions of @seg_4003a0__text
Multiple defintions of @seg_400548__eh_frame
FuncCache skipped: _ZN12_GLOBAL__N_1L4CALLI2InImEEEP6MemoryS4_R5StateT_S2_
FuncCache skipped: routine_callq_._ZplI12ValueWrapperIS0_IS0_IS0_IS0_IS0_IS0_IS0_IS0_IS0_IdEEEEEEEEEEE14PointerWrapperIT_ERSD_l


Decompiling instr:leaq -0x50(%rbp), %rdi...
Instr: leaq -0x50(%rbp), %rdi
Workdir: /home/ubuntu/Github/validating-binary-decompilation/tests/compositional_artifacts_single_instruction_decompilation//leaq_MINUS0x50__rbp____rdi
Generating artifacts...
Already Exists
Running artifacts...
Skip McSema run ...
Skip Declutter ...

Executing: cat /home/ubuntu/Github/validating-binary-decompilation/tests/compositional_artifacts_single_instruction_decompilation//leaq_MINUS0x50__rbp____rdi/test.mod.ll
Running artifacts...Done.
Multiple defintions of @seg_4003a0__text
Multiple defintions of @seg_400548__eh_frame
FuncCache skipped: _ZN12_GLOBAL__N_1L3LEAI3RnWImE2MnIhEmEEP6MemoryS6_R5StateT_T0_
FuncCache inserted: routine_leaq_MINUS0x50__rbp____rdi


Decompiling instr:movq %rax, -0x50(%rbp)...
Instr: movq %rax, -0x50(%rbp)
Workdir: /home/ubuntu/Github/validating-binary-decompilation/tests/compositional_artifacts_single_instruction_decompilation//movq__rax__MINUS0x50__rbp_
Generating artifacts...
Already Exists
Running artifacts...
Skip McSema run ...
Skip Declutter ...

Executing: cat /home/ubuntu/Github/validating-binary-decompilation/tests/compositional_artifacts_single_instruction_decompilation//movq__rax__MINUS0x50__rbp_/test.mod.ll
Running artifacts...Done.
Multiple defintions of @seg_4003a0__text
Multiple defintions of @seg_400548__eh_frame
FuncCache skipped: _ZN12_GLOBAL__N_1L3MOVI3MnWImE2RnImEEEP6MemoryS6_R5StateT_T0_
FuncCache inserted: routine_movq__rax__MINUS0x50__rbp_


Decompiling instr:callq ._ZNK14PointerWrapperI12ValueWrapperIS0_IS0_IS0_IS0_IS0_IS0_IS0_IS0_IS0_IdEEEEEEEEEEEdeEv...
Instr: callq ._ZNK14PointerWrapperI12ValueWrapperIS0_IS0_IS0_IS0_IS0_IS0_IS0_IS0_IS0_IdEEEEEEEEEEEdeEv
Workdir: /home/ubuntu/Github/validating-binary-decompilation/tests/compositional_artifacts_single_instruction_decompilation//callq_._ZNK14PointerWrapperI12ValueWrapperIS0_IS0_IS0_IS0_IS0_IS0_IS0_IS0_IS0_IdEEEEEEEEEEEdeEv
Generating artifacts...
Already Exists
Running artifacts...
Skip McSema run ...
Skip Declutter ...

Executing: cat /home/ubuntu/Github/validating-binary-decompilation/tests/compositional_artifacts_single_instruction_decompilation//callq_._ZNK14PointerWrapperI12ValueWrapperIS0_IS0_IS0_IS0_IS0_IS0_IS0_IS0_IS0_IdEEEEEEEEEEEdeEv/test.mod.ll
Running artifacts...Done.
Multiple defintions of @seg_4003a0__text
Multiple defintions of @seg_400548__eh_frame
FuncCache skipped: _ZN12_GLOBAL__N_1L4CALLI2InImEEEP6MemoryS4_R5StateT_S2_
FuncCache skipped: routine_callq_._ZNK14PointerWrapperI12ValueWrapperIS0_IS0_IS0_IS0_IS0_IS0_IS0_IS0_IS0_IdEEEEEEEEEEEdeEv


Decompiling instr:leaq -0x8(%rbp), %rdi...
Instr: leaq -0x8(%rbp), %rdi
Workdir: /home/ubuntu/Github/validating-binary-decompilation/tests/compositional_artifacts_single_instruction_decompilation//leaq_MINUS0x8__rbp____rdi
Generating artifacts...
Already Exists
Running artifacts...
Skip McSema run ...
Skip Declutter ...

Executing: cat /home/ubuntu/Github/validating-binary-decompilation/tests/compositional_artifacts_single_instruction_decompilation//leaq_MINUS0x8__rbp____rdi/test.mod.ll
Running artifacts...Done.
Multiple defintions of @seg_4003a0__text
Multiple defintions of @seg_400548__eh_frame
FuncCache skipped: _ZN12_GLOBAL__N_1L3LEAI3RnWImE2MnIhEmEEP6MemoryS6_R5StateT_T0_
FuncCache skipped: routine_leaq_MINUS0x8__rbp____rdi


Decompiling instr:movq (%rax), %rax...
Instr: movq (%rax), %rax
Workdir: /home/ubuntu/Github/validating-binary-decompilation/tests/compositional_artifacts_single_instruction_decompilation//movq___rax____rax
Generating artifacts...
Already Exists
Running artifacts...
Skip McSema run ...
Skip Declutter ...

Executing: cat /home/ubuntu/Github/validating-binary-decompilation/tests/compositional_artifacts_single_instruction_decompilation//movq___rax____rax/test.mod.ll
Running artifacts...Done.
Multiple defintions of @seg_4003a0__text
Multiple defintions of @seg_400548__eh_frame
FuncCache skipped: _ZN12_GLOBAL__N_1L3MOVI3RnWImE2MnImEEEP6MemoryS6_R5StateT_T0_
FuncCache skipped: routine_movq___rax____rax


Decompiling instr:movq %rax, -0x48(%rbp)...
Instr: movq %rax, -0x48(%rbp)
Workdir: /home/ubuntu/Github/validating-binary-decompilation/tests/compositional_artifacts_single_instruction_decompilation//movq__rax__MINUS0x48__rbp_
Generating artifacts...
Already Exists
Running artifacts...
Skip McSema run ...
Skip Declutter ...

Executing: cat /home/ubuntu/Github/validating-binary-decompilation/tests/compositional_artifacts_single_instruction_decompilation//movq__rax__MINUS0x48__rbp_/test.mod.ll
Running artifacts...Done.
Multiple defintions of @seg_4003a0__text
Multiple defintions of @seg_400548__eh_frame
FuncCache skipped: _ZN12_GLOBAL__N_1L3MOVI3MnWImE2RnImEEEP6MemoryS6_R5StateT_T0_
FuncCache inserted: routine_movq__rax__MINUS0x48__rbp_


Decompiling instr:callq ._ZNK14PointerWrapperI12ValueWrapperIS0_IS0_IS0_IS0_IS0_IS0_IS0_IS0_IS0_IdEEEEEEEEEEEdeEv...
Instr: callq ._ZNK14PointerWrapperI12ValueWrapperIS0_IS0_IS0_IS0_IS0_IS0_IS0_IS0_IS0_IdEEEEEEEEEEEdeEv
Workdir: /home/ubuntu/Github/validating-binary-decompilation/tests/compositional_artifacts_single_instruction_decompilation//callq_._ZNK14PointerWrapperI12ValueWrapperIS0_IS0_IS0_IS0_IS0_IS0_IS0_IS0_IS0_IdEEEEEEEEEEEdeEv
Generating artifacts...
Already Exists
Running artifacts...
Skip McSema run ...
Skip Declutter ...

Executing: cat /home/ubuntu/Github/validating-binary-decompilation/tests/compositional_artifacts_single_instruction_decompilation//callq_._ZNK14PointerWrapperI12ValueWrapperIS0_IS0_IS0_IS0_IS0_IS0_IS0_IS0_IS0_IdEEEEEEEEEEEdeEv/test.mod.ll
Running artifacts...Done.
Multiple defintions of @seg_4003a0__text
Multiple defintions of @seg_400548__eh_frame
FuncCache skipped: _ZN12_GLOBAL__N_1L4CALLI2InImEEEP6MemoryS4_R5StateT_S2_
FuncCache skipped: routine_callq_._ZNK14PointerWrapperI12ValueWrapperIS0_IS0_IS0_IS0_IS0_IS0_IS0_IS0_IS0_IdEEEEEEEEEEEdeEv


Decompiling instr:leaq -0x8(%rbp), %rdi...
Instr: leaq -0x8(%rbp), %rdi
Workdir: /home/ubuntu/Github/validating-binary-decompilation/tests/compositional_artifacts_single_instruction_decompilation//leaq_MINUS0x8__rbp____rdi
Generating artifacts...
Already Exists
Running artifacts...
Skip McSema run ...
Skip Declutter ...

Executing: cat /home/ubuntu/Github/validating-binary-decompilation/tests/compositional_artifacts_single_instruction_decompilation//leaq_MINUS0x8__rbp____rdi/test.mod.ll
Running artifacts...Done.
Multiple defintions of @seg_4003a0__text
Multiple defintions of @seg_400548__eh_frame
FuncCache skipped: _ZN12_GLOBAL__N_1L3LEAI3RnWImE2MnIhEmEEP6MemoryS6_R5StateT_T0_
FuncCache skipped: routine_leaq_MINUS0x8__rbp____rdi


Decompiling instr:movq -0x18(%rbp), %rsi...
Instr: movq -0x18(%rbp), %rsi
Workdir: /home/ubuntu/Github/validating-binary-decompilation/tests/compositional_artifacts_single_instruction_decompilation//movq_MINUS0x18__rbp____rsi
Generating artifacts...
Already Exists
Running artifacts...
Skip McSema run ...
Skip Declutter ...

Executing: cat /home/ubuntu/Github/validating-binary-decompilation/tests/compositional_artifacts_single_instruction_decompilation//movq_MINUS0x18__rbp____rsi/test.mod.ll
Running artifacts...Done.
Multiple defintions of @seg_4003a0__text
Multiple defintions of @seg_400548__eh_frame
FuncCache skipped: _ZN12_GLOBAL__N_1L3MOVI3RnWImE2MnImEEEP6MemoryS6_R5StateT_T0_
FuncCache skipped: routine_movq_MINUS0x18__rbp____rsi


Decompiling instr:movq %rax, -0x70(%rbp)...
Instr: movq %rax, -0x70(%rbp)
Workdir: /home/ubuntu/Github/validating-binary-decompilation/tests/compositional_artifacts_single_instruction_decompilation//movq__rax__MINUS0x70__rbp_
Generating artifacts...
Already Exists
Running artifacts...
Skip McSema run ...
Skip Declutter ...

Executing: cat /home/ubuntu/Github/validating-binary-decompilation/tests/compositional_artifacts_single_instruction_decompilation//movq__rax__MINUS0x70__rbp_/test.mod.ll
Running artifacts...Done.
Multiple defintions of @seg_4003a0__text
Multiple defintions of @seg_400548__eh_frame
FuncCache skipped: _ZN12_GLOBAL__N_1L3MOVI3MnWImE2RnImEEEP6MemoryS6_R5StateT_T0_
FuncCache inserted: routine_movq__rax__MINUS0x70__rbp_


Decompiling instr:callq ._ZplI12ValueWrapperIS0_IS0_IS0_IS0_IS0_IS0_IS0_IS0_IS0_IdEEEEEEEEEEE14PointerWrapperIT_ERSD_l...
Instr: callq ._ZplI12ValueWrapperIS0_IS0_IS0_IS0_IS0_IS0_IS0_IS0_IS0_IdEEEEEEEEEEE14PointerWrapperIT_ERSD_l
Workdir: /home/ubuntu/Github/validating-binary-decompilation/tests/compositional_artifacts_single_instruction_decompilation//callq_._ZplI12ValueWrapperIS0_IS0_IS0_IS0_IS0_IS0_IS0_IS0_IS0_IdEEEEEEEEEEE14PointerWrapperIT_ERSD_l
Generating artifacts...
Already Exists
Running artifacts...
Skip McSema run ...
Skip Declutter ...

Executing: cat /home/ubuntu/Github/validating-binary-decompilation/tests/compositional_artifacts_single_instruction_decompilation//callq_._ZplI12ValueWrapperIS0_IS0_IS0_IS0_IS0_IS0_IS0_IS0_IS0_IdEEEEEEEEEEE14PointerWrapperIT_ERSD_l/test.mod.ll
Running artifacts...Done.
Multiple defintions of @seg_4003a0__text
Multiple defintions of @seg_400548__eh_frame
FuncCache skipped: _ZN12_GLOBAL__N_1L4CALLI2InImEEEP6MemoryS4_R5StateT_S2_
FuncCache skipped: routine_callq_._ZplI12ValueWrapperIS0_IS0_IS0_IS0_IS0_IS0_IS0_IS0_IS0_IdEEEEEEEEEEE14PointerWrapperIT_ERSD_l


Decompiling instr:leaq -0x58(%rbp), %rdi...
Instr: leaq -0x58(%rbp), %rdi
Workdir: /home/ubuntu/Github/validating-binary-decompilation/tests/compositional_artifacts_single_instruction_decompilation//leaq_MINUS0x58__rbp____rdi
Generating artifacts...
Generating artifacts... Done.
Running artifacts...
test.c:1:1: warning: return type of 'main' is not 'int' [-Wmain-return-type]
void main() {
^
test.c:1:1: note: change return type to 'int'
void main() {
^~~~
int
1 warning generated.

Executing: make -C /home/ubuntu/Github/validating-binary-decompilation/tests/compositional_artifacts_single_instruction_decompilation//leaq_MINUS0x58__rbp____rdi binary
make[1]: Entering directory '/home/ubuntu/Github/validating-binary-decompilation/tests/compositional_artifacts_single_instruction_decompilation/leaq_MINUS0x58__rbp____rdi'
clang -Os test.c -o test
make[1]: Leaving directory '/home/ubuntu/Github/validating-binary-decompilation/tests/compositional_artifacts_single_instruction_decompilation/leaq_MINUS0x58__rbp____rdi'

Executing: make -C /home/ubuntu/Github/validating-binary-decompilation/tests/compositional_artifacts_single_instruction_decompilation//leaq_MINUS0x58__rbp____rdi mcsema
make[1]: Entering directory '/home/ubuntu/Github/validating-binary-decompilation/tests/compositional_artifacts_single_instruction_decompilation/leaq_MINUS0x58__rbp____rdi'
mcsema-disass --disassembler /home/ubuntu/ida-6.95/idal64 --os linux --arch amd64_avx --output test.cfg --binary test --entrypoint main
mcsema-lift-4.0 --os linux --arch amd64_avx --cfg test.cfg --output test.bc -disable_dead_store_elimination -disable_optimizer
llvm-dis test.bc -o test.ll
make[1]: Leaving directory '/home/ubuntu/Github/validating-binary-decompilation/tests/compositional_artifacts_single_instruction_decompilation/leaq_MINUS0x58__rbp____rdi'

Executing: make -C /home/ubuntu/Github/validating-binary-decompilation/tests/compositional_artifacts_single_instruction_decompilation//leaq_MINUS0x58__rbp____rdi declutter
make[1]: Entering directory '/home/ubuntu/Github/validating-binary-decompilation/tests/compositional_artifacts_single_instruction_decompilation/leaq_MINUS0x58__rbp____rdi'
/home/ubuntu/Github/validating-binary-decompilation/tests/scripts//declutter.pl --file test.ll --norenameintrinsics --opc leaq_MINUS0x58__rbp____rdi
Expanding _ZN12_GLOBAL__N_1L3LEAI3RnWImE2MnIhEmEEP6MemoryS6_R5StateT_T0_...
Generatin test.mod.ll for opcode leaq_MINUS0x58__rbp____rdi ...
make[1]: Leaving directory '/home/ubuntu/Github/validating-binary-decompilation/tests/compositional_artifacts_single_instruction_decompilation/leaq_MINUS0x58__rbp____rdi'

Executing: cat /home/ubuntu/Github/validating-binary-decompilation/tests/compositional_artifacts_single_instruction_decompilation//leaq_MINUS0x58__rbp____rdi/test.mod.ll
Running artifacts...Done.
Multiple defintions of @seg_4003a0__text
Multiple defintions of @seg_400548__eh_frame
FuncCache skipped: _ZN12_GLOBAL__N_1L3LEAI3RnWImE2MnIhEmEEP6MemoryS6_R5StateT_T0_
FuncCache inserted: routine_leaq_MINUS0x58__rbp____rdi


Decompiling instr:movq %rax, -0x58(%rbp)...
Instr: movq %rax, -0x58(%rbp)
Workdir: /home/ubuntu/Github/validating-binary-decompilation/tests/compositional_artifacts_single_instruction_decompilation//movq__rax__MINUS0x58__rbp_
Generating artifacts...
Already Exists
Running artifacts...
Skip McSema run ...
Skip Declutter ...

Executing: cat /home/ubuntu/Github/validating-binary-decompilation/tests/compositional_artifacts_single_instruction_decompilation//movq__rax__MINUS0x58__rbp_/test.mod.ll
Running artifacts...Done.
Multiple defintions of @seg_4003a0__text
Multiple defintions of @seg_400548__eh_frame
FuncCache skipped: _ZN12_GLOBAL__N_1L3MOVI3MnWImE2RnImEEEP6MemoryS6_R5StateT_T0_
FuncCache inserted: routine_movq__rax__MINUS0x58__rbp_


Decompiling instr:callq ._ZNK14PointerWrapperI12ValueWrapperIS0_IS0_IS0_IS0_IS0_IS0_IS0_IS0_IS0_IdEEEEEEEEEEEdeEv...
Instr: callq ._ZNK14PointerWrapperI12ValueWrapperIS0_IS0_IS0_IS0_IS0_IS0_IS0_IS0_IS0_IdEEEEEEEEEEEdeEv
Workdir: /home/ubuntu/Github/validating-binary-decompilation/tests/compositional_artifacts_single_instruction_decompilation//callq_._ZNK14PointerWrapperI12ValueWrapperIS0_IS0_IS0_IS0_IS0_IS0_IS0_IS0_IS0_IdEEEEEEEEEEEdeEv
Generating artifacts...
Already Exists
Running artifacts...
Skip McSema run ...
Skip Declutter ...

Executing: cat /home/ubuntu/Github/validating-binary-decompilation/tests/compositional_artifacts_single_instruction_decompilation//callq_._ZNK14PointerWrapperI12ValueWrapperIS0_IS0_IS0_IS0_IS0_IS0_IS0_IS0_IS0_IdEEEEEEEEEEEdeEv/test.mod.ll
Running artifacts...Done.
Multiple defintions of @seg_4003a0__text
Multiple defintions of @seg_400548__eh_frame
FuncCache skipped: _ZN12_GLOBAL__N_1L4CALLI2InImEEEP6MemoryS4_R5StateT_S2_
FuncCache skipped: routine_callq_._ZNK14PointerWrapperI12ValueWrapperIS0_IS0_IS0_IS0_IS0_IS0_IS0_IS0_IS0_IdEEEEEEEEEEEdeEv


Decompiling instr:xorl %ecx, %ecx...
Instr: xorl %ecx, %ecx
Workdir: /home/ubuntu/Github/validating-binary-decompilation/tests/compositional_artifacts_single_instruction_decompilation//xorl__ecx___ecx
Generating artifacts...
Already Exists
Running artifacts...
Skip McSema run ...
Skip Declutter ...

Executing: cat /home/ubuntu/Github/validating-binary-decompilation/tests/compositional_artifacts_single_instruction_decompilation//xorl__ecx___ecx/test.mod.ll
Running artifacts...Done.
Multiple defintions of @seg_4003a0__text
Multiple defintions of @seg_400548__eh_frame
FuncCache inserted: _ZN12_GLOBAL__N_1L3XORI3RnWImE2RnIjES4_EEP6MemoryS6_R5StateT_T0_T1_
FuncCache inserted: routine_xorl__ecx___ecx


Decompiling instr:movl %ecx, %edx...
Instr: movl %ecx, %edx
Workdir: /home/ubuntu/Github/validating-binary-decompilation/tests/compositional_artifacts_single_instruction_decompilation//movl__ecx___edx
Generating artifacts...
Already Exists
Running artifacts...
Skip McSema run ...
Skip Declutter ...

Executing: cat /home/ubuntu/Github/validating-binary-decompilation/tests/compositional_artifacts_single_instruction_decompilation//movl__ecx___edx/test.mod.ll
Running artifacts...Done.
Multiple defintions of @seg_4003a0__text
Multiple defintions of @seg_400548__eh_frame
FuncCache skipped: _ZN12_GLOBAL__N_1L3MOVI3RnWImE2RnIjEEEP6MemoryS6_R5StateT_T0_
FuncCache inserted: routine_movl__ecx___edx


Decompiling instr:movq -0x70(%rbp), %rsi...
Instr: movq -0x70(%rbp), %rsi
Workdir: /home/ubuntu/Github/validating-binary-decompilation/tests/compositional_artifacts_single_instruction_decompilation//movq_MINUS0x70__rbp____rsi
Generating artifacts...
Already Exists
Running artifacts...
Skip McSema run ...
Skip Declutter ...

Executing: cat /home/ubuntu/Github/validating-binary-decompilation/tests/compositional_artifacts_single_instruction_decompilation//movq_MINUS0x70__rbp____rsi/test.mod.ll
Running artifacts...Done.
Multiple defintions of @seg_4003a0__text
Multiple defintions of @seg_400548__eh_frame
FuncCache skipped: _ZN12_GLOBAL__N_1L3MOVI3RnWImE2MnImEEEP6MemoryS6_R5StateT_T0_
FuncCache inserted: routine_movq_MINUS0x70__rbp____rsi


Decompiling instr:movq (%rsi), %rdi...
Instr: movq (%rsi), %rdi
Workdir: /home/ubuntu/Github/validating-binary-decompilation/tests/compositional_artifacts_single_instruction_decompilation//movq___rsi____rdi
Generating artifacts...
Already Exists
Running artifacts...
test.c:1:1: warning: return type of 'main' is not 'int' [-Wmain-return-type]
void main() {
^
test.c:1:1: note: change return type to 'int'
void main() {
^~~~
int
1 warning generated.

Executing: make -C /home/ubuntu/Github/validating-binary-decompilation/tests/compositional_artifacts_single_instruction_decompilation//movq___rsi____rdi binary
make[1]: Entering directory '/home/ubuntu/Github/validating-binary-decompilation/tests/compositional_artifacts_single_instruction_decompilation/movq___rsi____rdi'
clang -Os test.c -o test
make[1]: Leaving directory '/home/ubuntu/Github/validating-binary-decompilation/tests/compositional_artifacts_single_instruction_decompilation/movq___rsi____rdi'

Executing: make -C /home/ubuntu/Github/validating-binary-decompilation/tests/compositional_artifacts_single_instruction_decompilation//movq___rsi____rdi mcsema
make[1]: Entering directory '/home/ubuntu/Github/validating-binary-decompilation/tests/compositional_artifacts_single_instruction_decompilation/movq___rsi____rdi'
mcsema-disass --disassembler /home/ubuntu/ida-6.95/idal64 --os linux --arch amd64_avx --output test.cfg --binary test --entrypoint main
mcsema-lift-4.0 --os linux --arch amd64_avx --cfg test.cfg --output test.bc -disable_dead_store_elimination -disable_optimizer
llvm-dis test.bc -o test.ll
make[1]: Leaving directory '/home/ubuntu/Github/validating-binary-decompilation/tests/compositional_artifacts_single_instruction_decompilation/movq___rsi____rdi'

Executing: make -C /home/ubuntu/Github/validating-binary-decompilation/tests/compositional_artifacts_single_instruction_decompilation//movq___rsi____rdi declutter
make[1]: Entering directory '/home/ubuntu/Github/validating-binary-decompilation/tests/compositional_artifacts_single_instruction_decompilation/movq___rsi____rdi'
/home/ubuntu/Github/validating-binary-decompilation/tests/scripts//declutter.pl --file test.ll --norenameintrinsics --opc movq___rsi____rdi
Expanding _ZN12_GLOBAL__N_1L3MOVI3RnWImE2MnImEEEP6MemoryS6_R5StateT_T0_...
Generatin test.mod.ll for opcode movq___rsi____rdi ...
make[1]: Leaving directory '/home/ubuntu/Github/validating-binary-decompilation/tests/compositional_artifacts_single_instruction_decompilation/movq___rsi____rdi'

Executing: cat /home/ubuntu/Github/validating-binary-decompilation/tests/compositional_artifacts_single_instruction_decompilation//movq___rsi____rdi/test.mod.ll
Running artifacts...Done.
Multiple defintions of @seg_4003a0__text
Multiple defintions of @seg_400548__eh_frame
FuncCache skipped: _ZN12_GLOBAL__N_1L3MOVI3RnWImE2MnImEEEP6MemoryS6_R5StateT_T0_
FuncCache inserted: routine_movq___rsi____rdi


Decompiling instr:movq %rdi, (%rax)...
Instr: movq %rdi, (%rax)
Workdir: /home/ubuntu/Github/validating-binary-decompilation/tests/compositional_artifacts_single_instruction_decompilation//movq__rdi____rax_
Generating artifacts...
Already Exists
Running artifacts...
test.c:1:1: warning: return type of 'main' is not 'int' [-Wmain-return-type]
void main() {
^
test.c:1:1: note: change return type to 'int'
void main() {
^~~~
int
1 warning generated.

Executing: make -C /home/ubuntu/Github/validating-binary-decompilation/tests/compositional_artifacts_single_instruction_decompilation//movq__rdi____rax_ binary
make[1]: Entering directory '/home/ubuntu/Github/validating-binary-decompilation/tests/compositional_artifacts_single_instruction_decompilation/movq__rdi____rax_'
clang -Os test.c -o test
make[1]: Leaving directory '/home/ubuntu/Github/validating-binary-decompilation/tests/compositional_artifacts_single_instruction_decompilation/movq__rdi____rax_'

Executing: make -C /home/ubuntu/Github/validating-binary-decompilation/tests/compositional_artifacts_single_instruction_decompilation//movq__rdi____rax_ mcsema
make[1]: Entering directory '/home/ubuntu/Github/validating-binary-decompilation/tests/compositional_artifacts_single_instruction_decompilation/movq__rdi____rax_'
mcsema-disass --disassembler /home/ubuntu/ida-6.95/idal64 --os linux --arch amd64_avx --output test.cfg --binary test --entrypoint main
mcsema-lift-4.0 --os linux --arch amd64_avx --cfg test.cfg --output test.bc -disable_dead_store_elimination -disable_optimizer
llvm-dis test.bc -o test.ll
make[1]: Leaving directory '/home/ubuntu/Github/validating-binary-decompilation/tests/compositional_artifacts_single_instruction_decompilation/movq__rdi____rax_'

Executing: make -C /home/ubuntu/Github/validating-binary-decompilation/tests/compositional_artifacts_single_instruction_decompilation//movq__rdi____rax_ declutter
make[1]: Entering directory '/home/ubuntu/Github/validating-binary-decompilation/tests/compositional_artifacts_single_instruction_decompilation/movq__rdi____rax_'
/home/ubuntu/Github/validating-binary-decompilation/tests/scripts//declutter.pl --file test.ll --norenameintrinsics --opc movq__rdi____rax_
Expanding _ZN12_GLOBAL__N_1L3MOVI3MnWImE2RnImEEEP6MemoryS6_R5StateT_T0_...
Generatin test.mod.ll for opcode movq__rdi____rax_ ...
make[1]: Leaving directory '/home/ubuntu/Github/validating-binary-decompilation/tests/compositional_artifacts_single_instruction_decompilation/movq__rdi____rax_'

Executing: cat /home/ubuntu/Github/validating-binary-decompilation/tests/compositional_artifacts_single_instruction_decompilation//movq__rdi____rax_/test.mod.ll
Running artifacts...Done.
Multiple defintions of @seg_4003a0__text
Multiple defintions of @seg_400548__eh_frame
FuncCache skipped: _ZN12_GLOBAL__N_1L3MOVI3MnWImE2RnImEEEP6MemoryS6_R5StateT_T0_
FuncCache inserted: routine_movq__rdi____rax_


Decompiling instr:movq -0x18(%rbp), %rdi...
Instr: movq -0x18(%rbp), %rdi
Workdir: /home/ubuntu/Github/validating-binary-decompilation/tests/compositional_artifacts_single_instruction_decompilation//movq_MINUS0x18__rbp____rdi
Generating artifacts...
Already Exists
Running artifacts...
Skip McSema run ...
Skip Declutter ...

Executing: cat /home/ubuntu/Github/validating-binary-decompilation/tests/compositional_artifacts_single_instruction_decompilation//movq_MINUS0x18__rbp____rdi/test.mod.ll
Running artifacts...Done.
Multiple defintions of @seg_4003a0__text
Multiple defintions of @seg_400548__eh_frame
FuncCache skipped: _ZN12_GLOBAL__N_1L3MOVI3RnWImE2MnImEEEP6MemoryS6_R5StateT_T0_
FuncCache inserted: routine_movq_MINUS0x18__rbp____rdi


Decompiling instr:movq -0x8(%rbp), %rax...
Instr: movq -0x8(%rbp), %rax
Workdir: /home/ubuntu/Github/validating-binary-decompilation/tests/compositional_artifacts_single_instruction_decompilation//movq_MINUS0x8__rbp____rax
Generating artifacts...
Already Exists
Running artifacts...
Skip McSema run ...
Skip Declutter ...

Executing: cat /home/ubuntu/Github/validating-binary-decompilation/tests/compositional_artifacts_single_instruction_decompilation//movq_MINUS0x8__rbp____rax/test.mod.ll
Running artifacts...Done.
Multiple defintions of @seg_4003a0__text
Multiple defintions of @seg_400548__eh_frame
FuncCache skipped: _ZN12_GLOBAL__N_1L3MOVI3RnWImE2MnImEEEP6MemoryS6_R5StateT_T0_
FuncCache skipped: routine_movq_MINUS0x8__rbp____rax


Decompiling instr:movq %rax, -0x60(%rbp)...
Instr: movq %rax, -0x60(%rbp)
Workdir: /home/ubuntu/Github/validating-binary-decompilation/tests/compositional_artifacts_single_instruction_decompilation//movq__rax__MINUS0x60__rbp_
Generating artifacts...
Already Exists
Running artifacts...
Skip McSema run ...
Skip Declutter ...

Executing: cat /home/ubuntu/Github/validating-binary-decompilation/tests/compositional_artifacts_single_instruction_decompilation//movq__rax__MINUS0x60__rbp_/test.mod.ll
Running artifacts...Done.
Multiple defintions of @seg_4003a0__text
Multiple defintions of @seg_400548__eh_frame
FuncCache skipped: _ZN12_GLOBAL__N_1L3MOVI3MnWImE2RnImEEEP6MemoryS6_R5StateT_T0_
FuncCache inserted: routine_movq__rax__MINUS0x60__rbp_


Decompiling instr:movq -0x48(%rbp), %rax...
Instr: movq -0x48(%rbp), %rax
Workdir: /home/ubuntu/Github/validating-binary-decompilation/tests/compositional_artifacts_single_instruction_decompilation//movq_MINUS0x48__rbp____rax
Generating artifacts...
Already Exists
Running artifacts...
Skip McSema run ...
Skip Declutter ...

Executing: cat /home/ubuntu/Github/validating-binary-decompilation/tests/compositional_artifacts_single_instruction_decompilation//movq_MINUS0x48__rbp____rax/test.mod.ll
Running artifacts...Done.
Multiple defintions of @seg_4003a0__text
Multiple defintions of @seg_400548__eh_frame
FuncCache skipped: _ZN12_GLOBAL__N_1L3MOVI3RnWImE2MnImEEEP6MemoryS6_R5StateT_T0_
FuncCache inserted: routine_movq_MINUS0x48__rbp____rax


Decompiling instr:movq %rax, -0x68(%rbp)...
Instr: movq %rax, -0x68(%rbp)
Workdir: /home/ubuntu/Github/validating-binary-decompilation/tests/compositional_artifacts_single_instruction_decompilation//movq__rax__MINUS0x68__rbp_
Generating artifacts...
Already Exists
Running artifacts...
Skip McSema run ...
Skip Declutter ...

Executing: cat /home/ubuntu/Github/validating-binary-decompilation/tests/compositional_artifacts_single_instruction_decompilation//movq__rax__MINUS0x68__rbp_/test.mod.ll
Running artifacts...Done.
Multiple defintions of @seg_4003a0__text
Multiple defintions of @seg_400548__eh_frame
FuncCache skipped: _ZN12_GLOBAL__N_1L3MOVI3MnWImE2RnImEEEP6MemoryS6_R5StateT_T0_
FuncCache inserted: routine_movq__rax__MINUS0x68__rbp_


Decompiling instr:movq -0x60(%rbp), %rsi...
Instr: movq -0x60(%rbp), %rsi
Workdir: /home/ubuntu/Github/validating-binary-decompilation/tests/compositional_artifacts_single_instruction_decompilation//movq_MINUS0x60__rbp____rsi
Generating artifacts...
Already Exists
Running artifacts...
Skip McSema run ...
Skip Declutter ...

Executing: cat /home/ubuntu/Github/validating-binary-decompilation/tests/compositional_artifacts_single_instruction_decompilation//movq_MINUS0x60__rbp____rsi/test.mod.ll
Running artifacts...Done.
Multiple defintions of @seg_4003a0__text
Multiple defintions of @seg_400548__eh_frame
FuncCache skipped: _ZN12_GLOBAL__N_1L3MOVI3RnWImE2MnImEEEP6MemoryS6_R5StateT_T0_
FuncCache inserted: routine_movq_MINUS0x60__rbp____rsi


Decompiling instr:movsd -0x68(%rbp), %xmm0...
Instr: movsd -0x68(%rbp), %xmm0
Workdir: /home/ubuntu/Github/validating-binary-decompilation/tests/compositional_artifacts_single_instruction_decompilation//movsd_MINUS0x68__rbp____xmm0
Generating artifacts...
Already Exists
Running artifacts...
Skip McSema run ...
Skip Declutter ...

Executing: cat /home/ubuntu/Github/validating-binary-decompilation/tests/compositional_artifacts_single_instruction_decompilation//movsd_MINUS0x68__rbp____xmm0/test.mod.ll
Running artifacts...Done.
Multiple defintions of @seg_4003a0__text
Multiple defintions of @seg_400548__eh_frame
FuncCache skipped: _ZN12_GLOBAL__N_1L9MOVSD_MEMI3VnWI8vec128_tE3MVnI7vec64_tEEEP6MemoryS8_R5StateT_T0_
FuncCache inserted: routine_movsd_MINUS0x68__rbp____xmm0


Decompiling instr:callq ._ZN9benchmark7sift_inI14PointerWrapperI12ValueWrapperIS2_IS2_IS2_IS2_IS2_IS2_IS2_IS2_IS2_IdEEEEEEEEEEESC_EEvlT_lT0_...
Instr: callq ._ZN9benchmark7sift_inI14PointerWrapperI12ValueWrapperIS2_IS2_IS2_IS2_IS2_IS2_IS2_IS2_IS2_IdEEEEEEEEEEESC_EEvlT_lT0_
Workdir: /home/ubuntu/Github/validating-binary-decompilation/tests/compositional_artifacts_single_instruction_decompilation//callq_._ZN9benchmark7sift_inI14PointerWrapperI12ValueWrapperIS2_IS2_IS2_IS2_IS2_IS2_IS2_IS2_IS2_IdEEEEEEEEEEESC_EEvlT_lT0_
Generating artifacts...
Already Exists
Running artifacts...
Skip McSema run ...
Skip Declutter ...

Executing: cat /home/ubuntu/Github/validating-binary-decompilation/tests/compositional_artifacts_single_instruction_decompilation//callq_._ZN9benchmark7sift_inI14PointerWrapperI12ValueWrapperIS2_IS2_IS2_IS2_IS2_IS2_IS2_IS2_IS2_IdEEEEEEEEEEESC_EEvlT_lT0_/test.mod.ll
Running artifacts...Done.
Multiple defintions of @seg_4003a0__text
Multiple defintions of @seg_400548__eh_frame
FuncCache skipped: _ZN12_GLOBAL__N_1L4CALLI2InImEEEP6MemoryS4_R5StateT_S2_
FuncCache skipped: routine_callq_._ZN9benchmark7sift_inI14PointerWrapperI12ValueWrapperIS2_IS2_IS2_IS2_IS2_IS2_IS2_IS2_IS2_IdEEEEEEEEEEESC_EEvlT_lT0_


Decompiling instr:movq -0x18(%rbp), %rax...
Instr: movq -0x18(%rbp), %rax
Workdir: /home/ubuntu/Github/validating-binary-decompilation/tests/compositional_artifacts_single_instruction_decompilation//movq_MINUS0x18__rbp____rax
Generating artifacts...
Already Exists
Running artifacts...
Skip McSema run ...
Skip Declutter ...

Executing: cat /home/ubuntu/Github/validating-binary-decompilation/tests/compositional_artifacts_single_instruction_decompilation//movq_MINUS0x18__rbp____rax/test.mod.ll
Running artifacts...Done.
Multiple defintions of @seg_4003a0__text
Multiple defintions of @seg_400548__eh_frame
FuncCache skipped: _ZN12_GLOBAL__N_1L3MOVI3RnWImE2MnImEEEP6MemoryS6_R5StateT_T0_
FuncCache skipped: routine_movq_MINUS0x18__rbp____rax


Decompiling instr:addq $0xffffffff, %rax...
Instr: addq $0xffffffff, %rax
Workdir: /home/ubuntu/Github/validating-binary-decompilation/tests/compositional_artifacts_single_instruction_decompilation//addq__0xffffffff___rax
Generating artifacts...
Already Exists
Running artifacts...
test.c:1:1: warning: return type of 'main' is not 'int' [-Wmain-return-type]
void main() {
^
test.c:1:1: note: change return type to 'int'
void main() {
^~~~
int
test.c:2:11: error: invalid operand for instruction
  __asm__("addq $0xffffffff, %rax");
          ^
<inline asm>:1:7: note: instantiated into assembly here
        addq $0xffffffff, %rax
             ^~~~~~~~~~~~
1 warning and 1 error generated.
make[1]: *** [binary] Error 1
test.c: Assembler messages:
test.c:2: Error: operand type mismatch for `add'
make[1]: *** [test] Error 1
make[1]: *** No rule to make target 'test.ll', needed by 'declutter'.  Stop.
cat: /home/ubuntu/Github/validating-binary-decompilation/tests/compositional_artifacts_single_instruction_decompilation//addq__0xffffffff___rax/test.mod.ll: No such file or directory

Executing: make -C /home/ubuntu/Github/validating-binary-decompilation/tests/compositional_artifacts_single_instruction_decompilation//addq__0xffffffff___rax binary
make[1]: Entering directory '/home/ubuntu/Github/validating-binary-decompilation/tests/compositional_artifacts_single_instruction_decompilation/addq__0xffffffff___rax'
clang -Os test.c -o test
Makefile:21: recipe for target 'binary' failed
make[1]: Leaving directory '/home/ubuntu/Github/validating-binary-decompilation/tests/compositional_artifacts_single_instruction_decompilation/addq__0xffffffff___rax'

Executing: make -C /home/ubuntu/Github/validating-binary-decompilation/tests/compositional_artifacts_single_instruction_decompilation//addq__0xffffffff___rax mcsema
make[1]: Entering directory '/home/ubuntu/Github/validating-binary-decompilation/tests/compositional_artifacts_single_instruction_decompilation/addq__0xffffffff___rax'
cc     test.c   -o test
<builtin>: recipe for target 'test' failed
make[1]: Leaving directory '/home/ubuntu/Github/validating-binary-decompilation/tests/compositional_artifacts_single_instruction_decompilation/addq__0xffffffff___rax'

Executing: make -C /home/ubuntu/Github/validating-binary-decompilation/tests/compositional_artifacts_single_instruction_decompilation//addq__0xffffffff___rax declutter
make[1]: Entering directory '/home/ubuntu/Github/validating-binary-decompilation/tests/compositional_artifacts_single_instruction_decompilation/addq__0xffffffff___rax'
make[1]: Leaving directory '/home/ubuntu/Github/validating-binary-decompilation/tests/compositional_artifacts_single_instruction_decompilation/addq__0xffffffff___rax'

Executing: cat /home/ubuntu/Github/validating-binary-decompilation/tests/compositional_artifacts_single_instruction_decompilation//addq__0xffffffff___rax/test.mod.ll
Running artifacts...Done.


Decompiling instr:movq %rax, -0x18(%rbp)...
Instr: movq %rax, -0x18(%rbp)
Workdir: /home/ubuntu/Github/validating-binary-decompilation/tests/compositional_artifacts_single_instruction_decompilation//movq__rax__MINUS0x18__rbp_
Generating artifacts...
Already Exists
Running artifacts...
Skip McSema run ...
Skip Declutter ...

Executing: cat /home/ubuntu/Github/validating-binary-decompilation/tests/compositional_artifacts_single_instruction_decompilation//movq__rax__MINUS0x18__rbp_/test.mod.ll
Running artifacts...Done.
Multiple defintions of @seg_4003a0__text
Multiple defintions of @seg_400548__eh_frame
FuncCache skipped: _ZN12_GLOBAL__N_1L3MOVI3MnWImE2RnImEEEP6MemoryS6_R5StateT_T0_
FuncCache skipped: routine_movq__rax__MINUS0x18__rbp_


Decompiling instr:jmpq .L_402e4e...
Instr: jmpq .L_402e4e
Workdir: /home/ubuntu/Github/validating-binary-decompilation/tests/compositional_artifacts_single_instruction_decompilation//jmpq_.L_402e4e
Generating artifacts...
Generating artifacts... Done.
Running artifacts...
test.c:1:1: warning: return type of 'main' is not 'int' [-Wmain-return-type]
void main() {
^
test.c:1:1: note: change return type to 'int'
void main() {
^~~~
int
1 warning generated.

Executing: make -C /home/ubuntu/Github/validating-binary-decompilation/tests/compositional_artifacts_single_instruction_decompilation//jmpq_.L_402e4e binary
make[1]: Entering directory '/home/ubuntu/Github/validating-binary-decompilation/tests/compositional_artifacts_single_instruction_decompilation/jmpq_.L_402e4e'
clang -Os test.c -o test
make[1]: Leaving directory '/home/ubuntu/Github/validating-binary-decompilation/tests/compositional_artifacts_single_instruction_decompilation/jmpq_.L_402e4e'

Executing: make -C /home/ubuntu/Github/validating-binary-decompilation/tests/compositional_artifacts_single_instruction_decompilation//jmpq_.L_402e4e mcsema
make[1]: Entering directory '/home/ubuntu/Github/validating-binary-decompilation/tests/compositional_artifacts_single_instruction_decompilation/jmpq_.L_402e4e'
mcsema-disass --disassembler /home/ubuntu/ida-6.95/idal64 --os linux --arch amd64_avx --output test.cfg --binary test --entrypoint main
mcsema-lift-4.0 --os linux --arch amd64_avx --cfg test.cfg --output test.bc -disable_dead_store_elimination -disable_optimizer
llvm-dis test.bc -o test.ll
make[1]: Leaving directory '/home/ubuntu/Github/validating-binary-decompilation/tests/compositional_artifacts_single_instruction_decompilation/jmpq_.L_402e4e'

Executing: make -C /home/ubuntu/Github/validating-binary-decompilation/tests/compositional_artifacts_single_instruction_decompilation//jmpq_.L_402e4e declutter
make[1]: Entering directory '/home/ubuntu/Github/validating-binary-decompilation/tests/compositional_artifacts_single_instruction_decompilation/jmpq_.L_402e4e'
/home/ubuntu/Github/validating-binary-decompilation/tests/scripts//declutter.pl --file test.ll --norenameintrinsics --opc jmpq_.L_402e4e
Expanding _ZN12_GLOBAL__N_1L3JMPI2InImEEEP6MemoryS4_R5StateT_...
Generatin test.mod.ll for opcode jmpq_.L_402e4e ...
make[1]: Leaving directory '/home/ubuntu/Github/validating-binary-decompilation/tests/compositional_artifacts_single_instruction_decompilation/jmpq_.L_402e4e'

Executing: cat /home/ubuntu/Github/validating-binary-decompilation/tests/compositional_artifacts_single_instruction_decompilation//jmpq_.L_402e4e/test.mod.ll
Running artifacts...Done.
Multiple defintions of @seg_4003a0__text
Multiple defintions of @seg_400548__eh_frame
FuncCache skipped: _ZN12_GLOBAL__N_1L3JMPI2InImEEEP6MemoryS4_R5StateT_
FuncCache inserted: routine_jmpq_.L_402e4e


Decompiling instr:.L_402ee2:...


Decompiling instr:addq $0x70, %rsp...
Instr: addq $0x70, %rsp
Workdir: /home/ubuntu/Github/validating-binary-decompilation/tests/compositional_artifacts_single_instruction_decompilation//addq__0x70___rsp
Generating artifacts...
Already Exists
Running artifacts...
Skip McSema run ...
Skip Declutter ...

Executing: cat /home/ubuntu/Github/validating-binary-decompilation/tests/compositional_artifacts_single_instruction_decompilation//addq__0x70___rsp/test.mod.ll
Running artifacts...Done.
Multiple defintions of @seg_4003a0__text
Multiple defintions of @seg_400548__eh_frame
FuncCache inserted: _ZN12_GLOBAL__N_1L3ADDI3RnWImE2RnImE2InImEEEP6MemoryS8_R5StateT_T0_T1_
FuncCache inserted: routine_addq__0x70___rsp


Decompiling instr:popq %rbp...
Instr: popq %rbp
Workdir: /home/ubuntu/Github/validating-binary-decompilation/tests/compositional_artifacts_single_instruction_decompilation//popq__rbp
Generating artifacts...
Already Exists
Running artifacts...
Skip McSema run ...
Skip Declutter ...

Executing: cat /home/ubuntu/Github/validating-binary-decompilation/tests/compositional_artifacts_single_instruction_decompilation//popq__rbp/test.mod.ll
Running artifacts...Done.
Multiple defintions of @seg_4003a0__text
FuncCache inserted: _ZN12_GLOBAL__N_1L3POPI3RnWImEEEP6MemoryS4_R5StateT_
FuncCache inserted: routine_popq__rbp


Decompiling instr:retq...
Instr: retq
Workdir: /home/ubuntu/Github/validating-binary-decompilation/tests/compositional_artifacts_single_instruction_decompilation//retq
Generating artifacts...
Already Exists
Running artifacts...
Skip McSema run ...
Skip Declutter ...

Executing: cat /home/ubuntu/Github/validating-binary-decompilation/tests/compositional_artifacts_single_instruction_decompilation//retq/test.mod.ll
Running artifacts...Done.
Multiple defintions of @seg_4003a0__text
FuncCache inserted: _ZN12_GLOBAL__N_1L3RETEP6MemoryR5State
FuncCache inserted: routine_retq
Decompiling Function: _ZN9benchmark8heapsortI14PointerWrapperI12ValueWrapperIS2_IS2_IS2_IS2_IS2_IS2_IS2_IS2_IS2_IdEEEEEEEEEEESC_EEvT_SE_ Done.



Writing to mcsema/test.proposed.ll ...
Decompiling: Done.

