Disassembling ../binary/test
Disassembled output
  .text
  .globl _Z14test_variable4It28custom_sub_multiple_variableItEEvPT_iS2_S2_S2_S2_PKc
  .type _Z14test_variable4It28custom_sub_multiple_variableItEEvPT_iS2_S2_S2_S2_PKc, @function

#! file-offset 0x6670
#! rip-offset  0x406670
#! capacity    289 bytes

# Text                                                                                      #  Line  RIP       Bytes  Opcode              Target                
._Z14test_variable4It28custom_sub_multiple_variableItEEvPT_iS2_S2_S2_S2_PKc:                #        0x406670  0      OPC=<label>         18446744073709551615  
  pushq %rbp                                                                                #  1     0x406670  1      OPC=pushq_r64_1     18446744073709551615  
  movq %rsp, %rbp                                                                           #  2     0x406671  3      OPC=movq_r64_r64    18446744073709551615  
  pushq %r14                                                                                #  3     0x406674  2      OPC=pushq_r64_1     18446744073709551615  
  pushq %rbx                                                                                #  4     0x406676  1      OPC=pushq_r64_1     18446744073709551615  
  subq $0x30, %rsp                                                                          #  5     0x406677  4      OPC=subq_r64_imm8   18446744073709551615  
  movw %r9w, %ax                                                                            #  6     0x40667b  4      OPC=movw_r16_r16    18446744073709551615  
  movw %r8w, %r10w                                                                          #  7     0x40667f  4      OPC=movw_r16_r16    18446744073709551615  
  movw %cx, %r11w                                                                           #  8     0x406683  4      OPC=movw_r16_r16    18446744073709551615  
  movw %dx, %bx                                                                             #  9     0x406687  3      OPC=movw_r16_r16    18446744073709551615  
  movq 0x10(%rbp), %r14                                                                     #  10    0x40668a  4      OPC=movq_r64_m64    18446744073709551615  
  movq %rdi, -0x18(%rbp)                                                                    #  11    0x40668e  4      OPC=movq_m64_r64    18446744073709551615  
  movl %esi, -0x1c(%rbp)                                                                    #  12    0x406692  3      OPC=movl_m32_r32    18446744073709551615  
  movw %bx, -0x1e(%rbp)                                                                     #  13    0x406695  4      OPC=movw_m16_r16    18446744073709551615  
  movw %r11w, -0x20(%rbp)                                                                   #  14    0x406699  5      OPC=movw_m16_r16    18446744073709551615  
  movw %r10w, -0x22(%rbp)                                                                   #  15    0x40669e  5      OPC=movw_m16_r16    18446744073709551615  
  movw %ax, -0x24(%rbp)                                                                     #  16    0x4066a3  4      OPC=movw_m16_r16    18446744073709551615  
  movq %r14, -0x30(%rbp)                                                                    #  17    0x4066a7  4      OPC=movq_m64_r64    18446744073709551615  
  callq ._Z11start_timerv                                                                   #  18    0x4066ab  5      OPC=callq_label     4197968               
  movl $0x0, -0x34(%rbp)                                                                    #  19    0x4066b0  7      OPC=movl_m32_imm32  18446744073709551615  
.L_4066b7:                                                                                  #        0x4066b7  0      OPC=<label>         18446744073709551615  
  movl -0x34(%rbp), %eax                                                                    #  20    0x4066b7  3      OPC=movl_r32_m32    18446744073709551615  
  cmpl 0x61a080, %eax                                                                       #  21    0x4066ba  7      OPC=cmpl_r32_m32    18446744073709551615  
  jge .L_40677a                                                                             #  22    0x4066c1  6      OPC=jge_label_1     4220794               
  movw $0x0, -0x36(%rbp)                                                                    #  23    0x4066c7  6      OPC=movw_m16_imm16  18446744073709551615  
  movl $0x0, -0x3c(%rbp)                                                                    #  24    0x4066cd  7      OPC=movl_m32_imm32  18446744073709551615  
.L_4066d4:                                                                                  #        0x4066d4  0      OPC=<label>         18446744073709551615  
  movl -0x3c(%rbp), %eax                                                                    #  25    0x4066d4  3      OPC=movl_r32_m32    18446744073709551615  
  cmpl -0x1c(%rbp), %eax                                                                    #  26    0x4066d7  3      OPC=cmpl_r32_m32    18446744073709551615  
  jge .L_40673a                                                                             #  27    0x4066da  6      OPC=jge_label_1     4220730               
  movq -0x18(%rbp), %rax                                                                    #  28    0x4066e0  4      OPC=movq_r64_m64    18446744073709551615  
  movslq -0x3c(%rbp), %rcx                                                                  #  29    0x4066e4  4      OPC=movslq_r64_m32  18446744073709551615  
  movw (%rax,%rcx,2), %dx                                                                   #  30    0x4066e8  4      OPC=movw_r16_m16    18446744073709551615  
  movw -0x1e(%rbp), %si                                                                     #  31    0x4066ec  4      OPC=movw_r16_m16    18446744073709551615  
  movw -0x20(%rbp), %di                                                                     #  32    0x4066f0  4      OPC=movw_r16_m16    18446744073709551615  
  movw -0x22(%rbp), %r8w                                                                    #  33    0x4066f4  5      OPC=movw_r16_m16    18446744073709551615  
  movzwl %dx, %r9d                                                                          #  34    0x4066f9  4      OPC=movzwl_r32_r16  18446744073709551615  
  movw %di, -0x3e(%rbp)                                                                     #  35    0x4066fd  4      OPC=movw_m16_r16    18446744073709551615  
  movl %r9d, %edi                                                                           #  36    0x406701  3      OPC=movl_r32_r32    18446744073709551615  
  movzwl %si, %esi                                                                          #  37    0x406704  3      OPC=movzwl_r32_r16  18446744073709551615  
  movw -0x3e(%rbp), %dx                                                                     #  38    0x406707  4      OPC=movw_r16_m16    18446744073709551615  
  movzwl %dx, %edx                                                                          #  39    0x40670b  3      OPC=movzwl_r32_r16  18446744073709551615  
  movzwl %r8w, %ecx                                                                         #  40    0x40670e  4      OPC=movzwl_r32_r16  18446744073709551615  
  movzwl -0x24(%rbp), %r8d                                                                  #  41    0x406712  5      OPC=movzwl_r32_m16  18446744073709551615  
  callq ._ZN28custom_sub_multiple_variableItE8do_shiftEttttt                                #  42    0x406717  5      OPC=callq_label     4263328               
  movzwl %ax, %ecx                                                                          #  43    0x40671c  3      OPC=movzwl_r32_r16  18446744073709551615  
  movzwl -0x36(%rbp), %edx                                                                  #  44    0x40671f  4      OPC=movzwl_r32_m16  18446744073709551615  
  addl %ecx, %edx                                                                           #  45    0x406723  2      OPC=addl_r32_r32    18446744073709551615  
  movw %dx, %ax                                                                             #  46    0x406725  3      OPC=movw_r16_r16    18446744073709551615  
  movw %ax, -0x36(%rbp)                                                                     #  47    0x406728  4      OPC=movw_m16_r16    18446744073709551615  
  movl -0x3c(%rbp), %eax                                                                    #  48    0x40672c  3      OPC=movl_r32_m32    18446744073709551615  
  addl $0x1, %eax                                                                           #  49    0x40672f  3      OPC=addl_r32_imm8   18446744073709551615  
  movl %eax, -0x3c(%rbp)                                                                    #  50    0x406732  3      OPC=movl_m32_r32    18446744073709551615  
  jmpq .L_4066d4                                                                            #  51    0x406735  5      OPC=jmpq_label_1    4220628               
.L_40673a:                                                                                  #        0x40673a  0      OPC=<label>         18446744073709551615  
  movw -0x36(%rbp), %ax                                                                     #  52    0x40673a  4      OPC=movw_r16_m16    18446744073709551615  
  movw -0x1e(%rbp), %cx                                                                     #  53    0x40673e  4      OPC=movw_r16_m16    18446744073709551615  
  movw -0x20(%rbp), %dx                                                                     #  54    0x406742  4      OPC=movw_r16_m16    18446744073709551615  
  movw -0x22(%rbp), %si                                                                     #  55    0x406746  4      OPC=movw_r16_m16    18446744073709551615  
  movzwl %ax, %edi                                                                          #  56    0x40674a  3      OPC=movzwl_r32_r16  18446744073709551615  
  movzwl %cx, %r8d                                                                          #  57    0x40674d  4      OPC=movzwl_r32_r16  18446744073709551615  
  movw %si, -0x40(%rbp)                                                                     #  58    0x406751  4      OPC=movw_m16_r16    18446744073709551615  
  movl %r8d, %esi                                                                           #  59    0x406755  3      OPC=movl_r32_r32    18446744073709551615  
  movzwl %dx, %edx                                                                          #  60    0x406758  3      OPC=movzwl_r32_r16  18446744073709551615  
  movw -0x40(%rbp), %ax                                                                     #  61    0x40675b  4      OPC=movw_r16_m16    18446744073709551615  
  movzwl %ax, %ecx                                                                          #  62    0x40675f  3      OPC=movzwl_r32_r16  18446744073709551615  
  movzwl -0x24(%rbp), %r8d                                                                  #  63    0x406762  5      OPC=movzwl_r32_m16  18446744073709551615  
  callq ._Z26check_shifted_variable_sumIt28custom_sub_multiple_variableItEEvT_S2_S2_S2_S2_  #  64    0x406767  5      OPC=callq_label     4263424               
  movl -0x34(%rbp), %eax                                                                    #  65    0x40676c  3      OPC=movl_r32_m32    18446744073709551615  
  addl $0x1, %eax                                                                           #  66    0x40676f  3      OPC=addl_r32_imm8   18446744073709551615  
  movl %eax, -0x34(%rbp)                                                                    #  67    0x406772  3      OPC=movl_m32_r32    18446744073709551615  
  jmpq .L_4066b7                                                                            #  68    0x406775  5      OPC=jmpq_label_1    4220599               
.L_40677a:                                                                                  #        0x40677a  0      OPC=<label>         18446744073709551615  
  callq ._Z5timerv                                                                          #  69    0x40677a  5      OPC=callq_label     4198000               
  movq -0x30(%rbp), %rdi                                                                    #  70    0x40677f  4      OPC=movq_r64_m64    18446744073709551615  
  callq ._Z13record_resultdPKc                                                              #  71    0x406783  5      OPC=callq_label     4196368               
  addq $0x30, %rsp                                                                          #  72    0x406788  4      OPC=addq_r64_imm8   18446744073709551615  
  popq %rbx                                                                                 #  73    0x40678c  1      OPC=popq_r64_1      18446744073709551615  
  popq %r14                                                                                 #  74    0x40678d  2      OPC=popq_r64_1      18446744073709551615  
  popq %rbp                                                                                 #  75    0x40678f  1      OPC=popq_r64_1      18446744073709551615  
  retq                                                                                      #  76    0x406790  1      OPC=retq            18446744073709551615  
                                                                                                                                                                
.size _Z14test_variable4It28custom_sub_multiple_variableItEEvPT_iS2_S2_S2_S2_PKc, .-_Z14test_variable4It28custom_sub_multiple_variableItEEvPT_iS2_S2_S2_S2_PKc
Disassembling Done.


Decompiling mcsema/test.proposed.ll
Computing Label PC values ...
.L_40677a->4220794
.L_40673a->4220730
.L_4066d4->4220628
._Z14test_variable4It28custom_sub_multiple_variableItEEvPT_iS2_S2_S2_S2_PKc->4220528
.L_4066b7->4220599

Computing Label PC values: Done.


Executing: cat ${HOME}/Github/validating-binary-decompilation/source/libs/compositional-decompiler/data/mcsema_template.txt
declare i32 @llvm.ctpop.i32(i32) #2
declare %struct.Memory* @__remill_error(%struct.State* dereferenceable(3376), i64, %struct.Memory*)

Decompiling Function: _Z14test_variable4It28custom_sub_multiple_variableItEEvPT_iS2_S2_S2_S2_PKc...


Decompiling instr:._Z14test_variable4It28custom_sub_multiple_variableItEEvPT_iS2_S2_S2_S2_PKc:...


Decompiling instr:pushq %rbp...
Instr: pushq %rbp
Workdir: /home/ubuntu/Github/validating-binary-decompilation/tests/compositional_artifacts_single_instruction_decompilation//pushq__rbp
Generating artifacts...
Already Exists
Running artifacts...
Skip McSema run ...
Skip Declutter ...

Executing: cat /home/ubuntu/Github/validating-binary-decompilation/tests/compositional_artifacts_single_instruction_decompilation//pushq__rbp/test.mod.ll
Running artifacts...Done.
FuncCache inserted: _ZN12_GLOBAL__N_1L4PUSHI2InImEEEP6MemoryS4_R5StateT_
FuncCache inserted: routine_pushq__rbp


Decompiling instr:movq %rsp, %rbp...
Instr: movq %rsp, %rbp
Workdir: /home/ubuntu/Github/validating-binary-decompilation/tests/compositional_artifacts_single_instruction_decompilation//movq__rsp___rbp
Generating artifacts...
Already Exists
Running artifacts...
Skip McSema run ...
Skip Declutter ...

Executing: cat /home/ubuntu/Github/validating-binary-decompilation/tests/compositional_artifacts_single_instruction_decompilation//movq__rsp___rbp/test.mod.ll
Running artifacts...Done.
Multiple defintions of @seg_4003a0__text
Multiple defintions of @seg_400548__eh_frame
FuncCache inserted: _ZN12_GLOBAL__N_1L3MOVI3RnWImE2RnImEEEP6MemoryS6_R5StateT_T0_
FuncCache inserted: routine_movq__rsp___rbp


Decompiling instr:pushq %r14...
Instr: pushq %r14
Workdir: /home/ubuntu/Github/validating-binary-decompilation/tests/compositional_artifacts_single_instruction_decompilation//pushq__r14
Generating artifacts...
Already Exists
Running artifacts...
Skip McSema run ...
Skip Declutter ...

Executing: cat /home/ubuntu/Github/validating-binary-decompilation/tests/compositional_artifacts_single_instruction_decompilation//pushq__r14/test.mod.ll
Running artifacts...Done.
Multiple defintions of @seg_4003a0__text
Multiple defintions of @seg_400548__eh_frame
FuncCache skipped: _ZN12_GLOBAL__N_1L4PUSHI2InImEEEP6MemoryS4_R5StateT_
FuncCache inserted: routine_pushq__r14


Decompiling instr:pushq %rbx...
Instr: pushq %rbx
Workdir: /home/ubuntu/Github/validating-binary-decompilation/tests/compositional_artifacts_single_instruction_decompilation//pushq__rbx
Generating artifacts...
Already Exists
Running artifacts...
Skip McSema run ...
Skip Declutter ...

Executing: cat /home/ubuntu/Github/validating-binary-decompilation/tests/compositional_artifacts_single_instruction_decompilation//pushq__rbx/test.mod.ll
Running artifacts...Done.
Multiple defintions of @seg_4003a0__text
FuncCache skipped: _ZN12_GLOBAL__N_1L4PUSHI2InImEEEP6MemoryS4_R5StateT_
FuncCache inserted: routine_pushq__rbx


Decompiling instr:subq $0x30, %rsp...
Instr: subq $0x30, %rsp
Workdir: /home/ubuntu/Github/validating-binary-decompilation/tests/compositional_artifacts_single_instruction_decompilation//subq__0x30___rsp
Generating artifacts...
Already Exists
Running artifacts...
Skip McSema run ...
Skip Declutter ...

Executing: cat /home/ubuntu/Github/validating-binary-decompilation/tests/compositional_artifacts_single_instruction_decompilation//subq__0x30___rsp/test.mod.ll
Running artifacts...Done.
Multiple defintions of @seg_4003a0__text
Multiple defintions of @seg_400548__eh_frame
FuncCache inserted: _ZN12_GLOBAL__N_1L3SUBI3RnWImE2RnImE2InImEEEP6MemoryS8_R5StateT_T0_T1_
FuncCache inserted: routine_subq__0x30___rsp


Decompiling instr:movw %r9w, %ax...
Instr: movw %r9w, %ax
Workdir: /home/ubuntu/Github/validating-binary-decompilation/tests/compositional_artifacts_single_instruction_decompilation//movw__r9w___ax
Generating artifacts...
Already Exists
Running artifacts...
Skip McSema run ...
Skip Declutter ...

Executing: cat /home/ubuntu/Github/validating-binary-decompilation/tests/compositional_artifacts_single_instruction_decompilation//movw__r9w___ax/test.mod.ll
Running artifacts...Done.
Multiple defintions of @seg_4003a0__text
Multiple defintions of @seg_400548__eh_frame
FuncCache inserted: _ZN12_GLOBAL__N_1L3MOVI3RnWItE2RnItEEEP6MemoryS6_R5StateT_T0_
FuncCache inserted: routine_movw__r9w___ax


Decompiling instr:movw %r8w, %r10w...
Instr: movw %r8w, %r10w
Workdir: /home/ubuntu/Github/validating-binary-decompilation/tests/compositional_artifacts_single_instruction_decompilation//movw__r8w___r10w
Generating artifacts...
Already Exists
Running artifacts...
Skip McSema run ...
Skip Declutter ...

Executing: cat /home/ubuntu/Github/validating-binary-decompilation/tests/compositional_artifacts_single_instruction_decompilation//movw__r8w___r10w/test.mod.ll
Running artifacts...Done.
Multiple defintions of @seg_4003a0__text
Multiple defintions of @seg_400548__eh_frame
FuncCache skipped: _ZN12_GLOBAL__N_1L3MOVI3RnWItE2RnItEEEP6MemoryS6_R5StateT_T0_
FuncCache inserted: routine_movw__r8w___r10w


Decompiling instr:movw %cx, %r11w...
Instr: movw %cx, %r11w
Workdir: /home/ubuntu/Github/validating-binary-decompilation/tests/compositional_artifacts_single_instruction_decompilation//movw__cx___r11w
Generating artifacts...
Already Exists
Running artifacts...
Skip McSema run ...
Skip Declutter ...

Executing: cat /home/ubuntu/Github/validating-binary-decompilation/tests/compositional_artifacts_single_instruction_decompilation//movw__cx___r11w/test.mod.ll
Running artifacts...Done.
Multiple defintions of @seg_4003a0__text
Multiple defintions of @seg_400548__eh_frame
FuncCache skipped: _ZN12_GLOBAL__N_1L3MOVI3RnWItE2RnItEEEP6MemoryS6_R5StateT_T0_
FuncCache inserted: routine_movw__cx___r11w


Decompiling instr:movw %dx, %bx...
Instr: movw %dx, %bx
Workdir: /home/ubuntu/Github/validating-binary-decompilation/tests/compositional_artifacts_single_instruction_decompilation//movw__dx___bx
Generating artifacts...
Already Exists
Running artifacts...
Skip McSema run ...
Skip Declutter ...

Executing: cat /home/ubuntu/Github/validating-binary-decompilation/tests/compositional_artifacts_single_instruction_decompilation//movw__dx___bx/test.mod.ll
Running artifacts...Done.
Multiple defintions of @seg_4003a0__text
Multiple defintions of @seg_400548__eh_frame
FuncCache skipped: _ZN12_GLOBAL__N_1L3MOVI3RnWItE2RnItEEEP6MemoryS6_R5StateT_T0_
FuncCache inserted: routine_movw__dx___bx


Decompiling instr:movq 0x10(%rbp), %r14...
Instr: movq 0x10(%rbp), %r14
Workdir: /home/ubuntu/Github/validating-binary-decompilation/tests/compositional_artifacts_single_instruction_decompilation//movq_0x10__rbp____r14
Generating artifacts...
Already Exists
Running artifacts...
Skip McSema run ...
Skip Declutter ...

Executing: cat /home/ubuntu/Github/validating-binary-decompilation/tests/compositional_artifacts_single_instruction_decompilation//movq_0x10__rbp____r14/test.mod.ll
Running artifacts...Done.
Multiple defintions of @seg_4003a0__text
Multiple defintions of @seg_400548__eh_frame
FuncCache inserted: _ZN12_GLOBAL__N_1L3MOVI3RnWImE2MnImEEEP6MemoryS6_R5StateT_T0_
FuncCache inserted: routine_movq_0x10__rbp____r14


Decompiling instr:movq %rdi, -0x18(%rbp)...
Instr: movq %rdi, -0x18(%rbp)
Workdir: /home/ubuntu/Github/validating-binary-decompilation/tests/compositional_artifacts_single_instruction_decompilation//movq__rdi__MINUS0x18__rbp_
Generating artifacts...
Already Exists
Running artifacts...
Skip McSema run ...
Skip Declutter ...

Executing: cat /home/ubuntu/Github/validating-binary-decompilation/tests/compositional_artifacts_single_instruction_decompilation//movq__rdi__MINUS0x18__rbp_/test.mod.ll
Running artifacts...Done.
Multiple defintions of @seg_4003a0__text
Multiple defintions of @seg_400548__eh_frame
FuncCache inserted: _ZN12_GLOBAL__N_1L3MOVI3MnWImE2RnImEEEP6MemoryS6_R5StateT_T0_
FuncCache inserted: routine_movq__rdi__MINUS0x18__rbp_


Decompiling instr:movl %esi, -0x1c(%rbp)...
Instr: movl %esi, -0x1c(%rbp)
Workdir: /home/ubuntu/Github/validating-binary-decompilation/tests/compositional_artifacts_single_instruction_decompilation//movl__esi__MINUS0x1c__rbp_
Generating artifacts...
Already Exists
Running artifacts...
Skip McSema run ...
Skip Declutter ...

Executing: cat /home/ubuntu/Github/validating-binary-decompilation/tests/compositional_artifacts_single_instruction_decompilation//movl__esi__MINUS0x1c__rbp_/test.mod.ll
Running artifacts...Done.
Multiple defintions of @seg_4003a0__text
Multiple defintions of @seg_400548__eh_frame
FuncCache inserted: _ZN12_GLOBAL__N_1L3MOVI3MnWIjE2RnIjEEEP6MemoryS6_R5StateT_T0_
FuncCache inserted: routine_movl__esi__MINUS0x1c__rbp_


Decompiling instr:movw %bx, -0x1e(%rbp)...
Instr: movw %bx, -0x1e(%rbp)
Workdir: /home/ubuntu/Github/validating-binary-decompilation/tests/compositional_artifacts_single_instruction_decompilation//movw__bx__MINUS0x1e__rbp_
Generating artifacts...
Already Exists
Running artifacts...
Skip McSema run ...
Skip Declutter ...

Executing: cat /home/ubuntu/Github/validating-binary-decompilation/tests/compositional_artifacts_single_instruction_decompilation//movw__bx__MINUS0x1e__rbp_/test.mod.ll
Running artifacts...Done.
Multiple defintions of @seg_4003a0__text
Multiple defintions of @seg_400548__eh_frame
FuncCache inserted: _ZN12_GLOBAL__N_1L3MOVI3MnWItE2RnItEEEP6MemoryS6_R5StateT_T0_
FuncCache inserted: routine_movw__bx__MINUS0x1e__rbp_


Decompiling instr:movw %r11w, -0x20(%rbp)...
Instr: movw %r11w, -0x20(%rbp)
Workdir: /home/ubuntu/Github/validating-binary-decompilation/tests/compositional_artifacts_single_instruction_decompilation//movw__r11w__MINUS0x20__rbp_
Generating artifacts...
Already Exists
Running artifacts...
Skip McSema run ...
Skip Declutter ...

Executing: cat /home/ubuntu/Github/validating-binary-decompilation/tests/compositional_artifacts_single_instruction_decompilation//movw__r11w__MINUS0x20__rbp_/test.mod.ll
Running artifacts...Done.
Multiple defintions of @seg_4003a0__text
Multiple defintions of @seg_400548__eh_frame
FuncCache skipped: _ZN12_GLOBAL__N_1L3MOVI3MnWItE2RnItEEEP6MemoryS6_R5StateT_T0_
FuncCache inserted: routine_movw__r11w__MINUS0x20__rbp_


Decompiling instr:movw %r10w, -0x22(%rbp)...
Instr: movw %r10w, -0x22(%rbp)
Workdir: /home/ubuntu/Github/validating-binary-decompilation/tests/compositional_artifacts_single_instruction_decompilation//movw__r10w__MINUS0x22__rbp_
Generating artifacts...
Already Exists
Running artifacts...
Skip McSema run ...
Skip Declutter ...

Executing: cat /home/ubuntu/Github/validating-binary-decompilation/tests/compositional_artifacts_single_instruction_decompilation//movw__r10w__MINUS0x22__rbp_/test.mod.ll
Running artifacts...Done.
Multiple defintions of @seg_4003a0__text
Multiple defintions of @seg_400548__eh_frame
FuncCache skipped: _ZN12_GLOBAL__N_1L3MOVI3MnWItE2RnItEEEP6MemoryS6_R5StateT_T0_
FuncCache inserted: routine_movw__r10w__MINUS0x22__rbp_


Decompiling instr:movw %ax, -0x24(%rbp)...
Instr: movw %ax, -0x24(%rbp)
Workdir: /home/ubuntu/Github/validating-binary-decompilation/tests/compositional_artifacts_single_instruction_decompilation//movw__ax__MINUS0x24__rbp_
Generating artifacts...
Already Exists
Running artifacts...
Skip McSema run ...
Skip Declutter ...

Executing: cat /home/ubuntu/Github/validating-binary-decompilation/tests/compositional_artifacts_single_instruction_decompilation//movw__ax__MINUS0x24__rbp_/test.mod.ll
Running artifacts...Done.
Multiple defintions of @seg_4003a0__text
Multiple defintions of @seg_400548__eh_frame
FuncCache skipped: _ZN12_GLOBAL__N_1L3MOVI3MnWItE2RnItEEEP6MemoryS6_R5StateT_T0_
FuncCache inserted: routine_movw__ax__MINUS0x24__rbp_


Decompiling instr:movq %r14, -0x30(%rbp)...
Instr: movq %r14, -0x30(%rbp)
Workdir: /home/ubuntu/Github/validating-binary-decompilation/tests/compositional_artifacts_single_instruction_decompilation//movq__r14__MINUS0x30__rbp_
Generating artifacts...
Already Exists
Running artifacts...
Skip McSema run ...
Skip Declutter ...

Executing: cat /home/ubuntu/Github/validating-binary-decompilation/tests/compositional_artifacts_single_instruction_decompilation//movq__r14__MINUS0x30__rbp_/test.mod.ll
Running artifacts...Done.
Multiple defintions of @seg_4003a0__text
Multiple defintions of @seg_400548__eh_frame
FuncCache skipped: _ZN12_GLOBAL__N_1L3MOVI3MnWImE2RnImEEEP6MemoryS6_R5StateT_T0_
FuncCache inserted: routine_movq__r14__MINUS0x30__rbp_


Decompiling instr:callq ._Z11start_timerv...
Instr: callq ._Z11start_timerv
Workdir: /home/ubuntu/Github/validating-binary-decompilation/tests/compositional_artifacts_single_instruction_decompilation//callq_._Z11start_timerv
Generating artifacts...
Already Exists
Running artifacts...
Skip McSema run ...
Skip Declutter ...

Executing: cat /home/ubuntu/Github/validating-binary-decompilation/tests/compositional_artifacts_single_instruction_decompilation//callq_._Z11start_timerv/test.mod.ll
Running artifacts...Done.
Multiple defintions of @seg_4003a0__text
Multiple defintions of @seg_400548__eh_frame
FuncCache inserted: _ZN12_GLOBAL__N_1L4CALLI2InImEEEP6MemoryS4_R5StateT_S2_
FuncCache inserted: routine_callq_._Z11start_timerv


Decompiling instr:movl $0x0, -0x34(%rbp)...
Instr: movl $0x0, -0x34(%rbp)
Workdir: /home/ubuntu/Github/validating-binary-decompilation/tests/compositional_artifacts_single_instruction_decompilation//movl__0x0__MINUS0x34__rbp_
Generating artifacts...
Already Exists
Running artifacts...
Skip McSema run ...
Skip Declutter ...

Executing: cat /home/ubuntu/Github/validating-binary-decompilation/tests/compositional_artifacts_single_instruction_decompilation//movl__0x0__MINUS0x34__rbp_/test.mod.ll
Running artifacts...Done.
Multiple defintions of @seg_4003a0__text
Multiple defintions of @seg_400548__eh_frame
FuncCache inserted: _ZN12_GLOBAL__N_1L3MOVI3MnWIjE2InIjEEEP6MemoryS6_R5StateT_T0_
FuncCache inserted: routine_movl__0x0__MINUS0x34__rbp_


Decompiling instr:.L_4066b7:...


Decompiling instr:movl -0x34(%rbp), %eax...
Instr: movl -0x34(%rbp), %eax
Workdir: /home/ubuntu/Github/validating-binary-decompilation/tests/compositional_artifacts_single_instruction_decompilation//movl_MINUS0x34__rbp____eax
Generating artifacts...
Already Exists
Running artifacts...
Skip McSema run ...
Skip Declutter ...

Executing: cat /home/ubuntu/Github/validating-binary-decompilation/tests/compositional_artifacts_single_instruction_decompilation//movl_MINUS0x34__rbp____eax/test.mod.ll
Running artifacts...Done.
Multiple defintions of @seg_4003a0__text
Multiple defintions of @seg_400548__eh_frame
FuncCache inserted: _ZN12_GLOBAL__N_1L3MOVI3RnWImE2MnIjEEEP6MemoryS6_R5StateT_T0_
FuncCache inserted: routine_movl_MINUS0x34__rbp____eax


Decompiling instr:cmpl 0x61a080, %eax...
Instr: cmpl 0x61a080, %eax
Workdir: /home/ubuntu/Github/validating-binary-decompilation/tests/compositional_artifacts_single_instruction_decompilation//cmpl_0x61a080___eax
Generating artifacts...
Already Exists
Running artifacts...
Skip McSema run ...
Skip Declutter ...

Executing: cat /home/ubuntu/Github/validating-binary-decompilation/tests/compositional_artifacts_single_instruction_decompilation//cmpl_0x61a080___eax/test.mod.ll
Running artifacts...Done.
Multiple defintions of @seg_4003a0__text
Multiple defintions of @seg_400548__eh_frame
FuncCache inserted: _ZN12_GLOBAL__N_1L3CMPI2RnIjE2MnIjEEEP6MemoryS6_R5StateT_T0_
FuncCache inserted: routine_cmpl_0x61a080___eax


Decompiling instr:jge .L_40677a...
Instr: jge .L_40677a
Workdir: /home/ubuntu/Github/validating-binary-decompilation/tests/compositional_artifacts_single_instruction_decompilation//jge_.L_40677a
Generating artifacts...
Generating artifacts... Done.
Running artifacts...
test.c:1:1: warning: return type of 'main' is not 'int' [-Wmain-return-type]
void main() {
^
test.c:1:1: note: change return type to 'int'
void main() {
^~~~
int
1 warning generated.

Executing: make -C /home/ubuntu/Github/validating-binary-decompilation/tests/compositional_artifacts_single_instruction_decompilation//jge_.L_40677a binary
make[1]: Entering directory '/home/ubuntu/Github/validating-binary-decompilation/tests/compositional_artifacts_single_instruction_decompilation/jge_.L_40677a'
clang -Os test.c -o test
make[1]: Leaving directory '/home/ubuntu/Github/validating-binary-decompilation/tests/compositional_artifacts_single_instruction_decompilation/jge_.L_40677a'

Executing: make -C /home/ubuntu/Github/validating-binary-decompilation/tests/compositional_artifacts_single_instruction_decompilation//jge_.L_40677a mcsema
make[1]: Entering directory '/home/ubuntu/Github/validating-binary-decompilation/tests/compositional_artifacts_single_instruction_decompilation/jge_.L_40677a'
mcsema-disass --disassembler /home/ubuntu/ida-6.95/idal64 --os linux --arch amd64_avx --output test.cfg --binary test --entrypoint main
mcsema-lift-4.0 --os linux --arch amd64_avx --cfg test.cfg --output test.bc -disable_dead_store_elimination -disable_optimizer
llvm-dis test.bc -o test.ll
make[1]: Leaving directory '/home/ubuntu/Github/validating-binary-decompilation/tests/compositional_artifacts_single_instruction_decompilation/jge_.L_40677a'

Executing: make -C /home/ubuntu/Github/validating-binary-decompilation/tests/compositional_artifacts_single_instruction_decompilation//jge_.L_40677a declutter
make[1]: Entering directory '/home/ubuntu/Github/validating-binary-decompilation/tests/compositional_artifacts_single_instruction_decompilation/jge_.L_40677a'
/home/ubuntu/Github/validating-binary-decompilation/tests/scripts//declutter.pl --file test.ll --norenameintrinsics --opc jge_.L_40677a
Expanding _ZN12_GLOBAL__N_1L3JNLEP6MemoryR5State3RnWIhE2InImES7_...
Generatin test.mod.ll for opcode jge_.L_40677a ...
make[1]: Leaving directory '/home/ubuntu/Github/validating-binary-decompilation/tests/compositional_artifacts_single_instruction_decompilation/jge_.L_40677a'

Executing: cat /home/ubuntu/Github/validating-binary-decompilation/tests/compositional_artifacts_single_instruction_decompilation//jge_.L_40677a/test.mod.ll
Running artifacts...Done.
Multiple defintions of @seg_4003a0__text
Multiple defintions of @seg_400548__eh_frame
FuncCache inserted: _ZN12_GLOBAL__N_1L3JNLEP6MemoryR5State3RnWIhE2InImES7_
FuncCache inserted: routine_jge_.L_40677a


Decompiling instr:movw $0x0, -0x36(%rbp)...
Instr: movw $0x0, -0x36(%rbp)
Workdir: /home/ubuntu/Github/validating-binary-decompilation/tests/compositional_artifacts_single_instruction_decompilation//movw__0x0__MINUS0x36__rbp_
Generating artifacts...
Already Exists
Running artifacts...
Skip McSema run ...
Skip Declutter ...

Executing: cat /home/ubuntu/Github/validating-binary-decompilation/tests/compositional_artifacts_single_instruction_decompilation//movw__0x0__MINUS0x36__rbp_/test.mod.ll
Running artifacts...Done.
Multiple defintions of @seg_4003a0__text
Multiple defintions of @seg_400548__eh_frame
FuncCache inserted: _ZN12_GLOBAL__N_1L3MOVI3MnWItE2InItEEEP6MemoryS6_R5StateT_T0_
FuncCache inserted: routine_movw__0x0__MINUS0x36__rbp_


Decompiling instr:movl $0x0, -0x3c(%rbp)...
Instr: movl $0x0, -0x3c(%rbp)
Workdir: /home/ubuntu/Github/validating-binary-decompilation/tests/compositional_artifacts_single_instruction_decompilation//movl__0x0__MINUS0x3c__rbp_
Generating artifacts...
Already Exists
Running artifacts...
Skip McSema run ...
Skip Declutter ...

Executing: cat /home/ubuntu/Github/validating-binary-decompilation/tests/compositional_artifacts_single_instruction_decompilation//movl__0x0__MINUS0x3c__rbp_/test.mod.ll
Running artifacts...Done.
Multiple defintions of @seg_4003a0__text
Multiple defintions of @seg_400548__eh_frame
FuncCache skipped: _ZN12_GLOBAL__N_1L3MOVI3MnWIjE2InIjEEEP6MemoryS6_R5StateT_T0_
FuncCache inserted: routine_movl__0x0__MINUS0x3c__rbp_


Decompiling instr:.L_4066d4:...


Decompiling instr:movl -0x3c(%rbp), %eax...
Instr: movl -0x3c(%rbp), %eax
Workdir: /home/ubuntu/Github/validating-binary-decompilation/tests/compositional_artifacts_single_instruction_decompilation//movl_MINUS0x3c__rbp____eax
Generating artifacts...
Already Exists
Running artifacts...
Skip McSema run ...
Skip Declutter ...

Executing: cat /home/ubuntu/Github/validating-binary-decompilation/tests/compositional_artifacts_single_instruction_decompilation//movl_MINUS0x3c__rbp____eax/test.mod.ll
Running artifacts...Done.
Multiple defintions of @seg_4003a0__text
Multiple defintions of @seg_400548__eh_frame
FuncCache skipped: _ZN12_GLOBAL__N_1L3MOVI3RnWImE2MnIjEEEP6MemoryS6_R5StateT_T0_
FuncCache inserted: routine_movl_MINUS0x3c__rbp____eax


Decompiling instr:cmpl -0x1c(%rbp), %eax...
Instr: cmpl -0x1c(%rbp), %eax
Workdir: /home/ubuntu/Github/validating-binary-decompilation/tests/compositional_artifacts_single_instruction_decompilation//cmpl_MINUS0x1c__rbp____eax
Generating artifacts...
Already Exists
Running artifacts...
Skip McSema run ...
Skip Declutter ...

Executing: cat /home/ubuntu/Github/validating-binary-decompilation/tests/compositional_artifacts_single_instruction_decompilation//cmpl_MINUS0x1c__rbp____eax/test.mod.ll
Running artifacts...Done.
Multiple defintions of @seg_4003a0__text
Multiple defintions of @seg_400548__eh_frame
FuncCache skipped: _ZN12_GLOBAL__N_1L3CMPI2RnIjE2MnIjEEEP6MemoryS6_R5StateT_T0_
FuncCache inserted: routine_cmpl_MINUS0x1c__rbp____eax


Decompiling instr:jge .L_40673a...
Instr: jge .L_40673a
Workdir: /home/ubuntu/Github/validating-binary-decompilation/tests/compositional_artifacts_single_instruction_decompilation//jge_.L_40673a
Generating artifacts...
Generating artifacts... Done.
Running artifacts...
test.c:1:1: warning: return type of 'main' is not 'int' [-Wmain-return-type]
void main() {
^
test.c:1:1: note: change return type to 'int'
void main() {
^~~~
int
1 warning generated.

Executing: make -C /home/ubuntu/Github/validating-binary-decompilation/tests/compositional_artifacts_single_instruction_decompilation//jge_.L_40673a binary
make[1]: Entering directory '/home/ubuntu/Github/validating-binary-decompilation/tests/compositional_artifacts_single_instruction_decompilation/jge_.L_40673a'
clang -Os test.c -o test
make[1]: Leaving directory '/home/ubuntu/Github/validating-binary-decompilation/tests/compositional_artifacts_single_instruction_decompilation/jge_.L_40673a'

Executing: make -C /home/ubuntu/Github/validating-binary-decompilation/tests/compositional_artifacts_single_instruction_decompilation//jge_.L_40673a mcsema
make[1]: Entering directory '/home/ubuntu/Github/validating-binary-decompilation/tests/compositional_artifacts_single_instruction_decompilation/jge_.L_40673a'
mcsema-disass --disassembler /home/ubuntu/ida-6.95/idal64 --os linux --arch amd64_avx --output test.cfg --binary test --entrypoint main
mcsema-lift-4.0 --os linux --arch amd64_avx --cfg test.cfg --output test.bc -disable_dead_store_elimination -disable_optimizer
llvm-dis test.bc -o test.ll
make[1]: Leaving directory '/home/ubuntu/Github/validating-binary-decompilation/tests/compositional_artifacts_single_instruction_decompilation/jge_.L_40673a'

Executing: make -C /home/ubuntu/Github/validating-binary-decompilation/tests/compositional_artifacts_single_instruction_decompilation//jge_.L_40673a declutter
make[1]: Entering directory '/home/ubuntu/Github/validating-binary-decompilation/tests/compositional_artifacts_single_instruction_decompilation/jge_.L_40673a'
/home/ubuntu/Github/validating-binary-decompilation/tests/scripts//declutter.pl --file test.ll --norenameintrinsics --opc jge_.L_40673a
Expanding _ZN12_GLOBAL__N_1L3JNLEP6MemoryR5State3RnWIhE2InImES7_...
Generatin test.mod.ll for opcode jge_.L_40673a ...
make[1]: Leaving directory '/home/ubuntu/Github/validating-binary-decompilation/tests/compositional_artifacts_single_instruction_decompilation/jge_.L_40673a'

Executing: cat /home/ubuntu/Github/validating-binary-decompilation/tests/compositional_artifacts_single_instruction_decompilation//jge_.L_40673a/test.mod.ll
Running artifacts...Done.
Multiple defintions of @seg_4003a0__text
Multiple defintions of @seg_400548__eh_frame
FuncCache skipped: _ZN12_GLOBAL__N_1L3JNLEP6MemoryR5State3RnWIhE2InImES7_
FuncCache inserted: routine_jge_.L_40673a


Decompiling instr:movq -0x18(%rbp), %rax...
Instr: movq -0x18(%rbp), %rax
Workdir: /home/ubuntu/Github/validating-binary-decompilation/tests/compositional_artifacts_single_instruction_decompilation//movq_MINUS0x18__rbp____rax
Generating artifacts...
Already Exists
Running artifacts...
Skip McSema run ...
Skip Declutter ...

Executing: cat /home/ubuntu/Github/validating-binary-decompilation/tests/compositional_artifacts_single_instruction_decompilation//movq_MINUS0x18__rbp____rax/test.mod.ll
Running artifacts...Done.
Multiple defintions of @seg_4003a0__text
Multiple defintions of @seg_400548__eh_frame
FuncCache skipped: _ZN12_GLOBAL__N_1L3MOVI3RnWImE2MnImEEEP6MemoryS6_R5StateT_T0_
FuncCache inserted: routine_movq_MINUS0x18__rbp____rax


Decompiling instr:movslq -0x3c(%rbp), %rcx...
Instr: movslq -0x3c(%rbp), %rcx
Workdir: /home/ubuntu/Github/validating-binary-decompilation/tests/compositional_artifacts_single_instruction_decompilation//movslq_MINUS0x3c__rbp____rcx
Generating artifacts...
Already Exists
Running artifacts...
Skip McSema run ...
Skip Declutter ...

Executing: cat /home/ubuntu/Github/validating-binary-decompilation/tests/compositional_artifacts_single_instruction_decompilation//movslq_MINUS0x3c__rbp____rcx/test.mod.ll
Running artifacts...Done.
Multiple defintions of @seg_4003a0__text
Multiple defintions of @seg_400548__eh_frame
FuncCache inserted: _ZN12_GLOBAL__N_1L5MOVSXI3RnWImE2MnIjElEEP6MemoryS6_R5StateT_T0_
FuncCache inserted: routine_movslq_MINUS0x3c__rbp____rcx


Decompiling instr:movw (%rax,%rcx,2), %dx...
Instr: movw (%rax,%rcx,2), %dx
Workdir: /home/ubuntu/Github/validating-binary-decompilation/tests/compositional_artifacts_single_instruction_decompilation//movw___rax__rcx_2____dx
Generating artifacts...
Already Exists
Running artifacts...
Skip McSema run ...
Skip Declutter ...

Executing: cat /home/ubuntu/Github/validating-binary-decompilation/tests/compositional_artifacts_single_instruction_decompilation//movw___rax__rcx_2____dx/test.mod.ll
Running artifacts...Done.
Multiple defintions of @seg_4003a0__text
Multiple defintions of @seg_400548__eh_frame
FuncCache inserted: _ZN12_GLOBAL__N_1L3MOVI3RnWItE2MnItEEEP6MemoryS6_R5StateT_T0_
FuncCache inserted: routine_movw___rax__rcx_2____dx


Decompiling instr:movw -0x1e(%rbp), %si...
Instr: movw -0x1e(%rbp), %si
Workdir: /home/ubuntu/Github/validating-binary-decompilation/tests/compositional_artifacts_single_instruction_decompilation//movw_MINUS0x1e__rbp____si
Generating artifacts...
Already Exists
Running artifacts...
Skip McSema run ...
Skip Declutter ...

Executing: cat /home/ubuntu/Github/validating-binary-decompilation/tests/compositional_artifacts_single_instruction_decompilation//movw_MINUS0x1e__rbp____si/test.mod.ll
Running artifacts...Done.
Multiple defintions of @seg_4003a0__text
Multiple defintions of @seg_400548__eh_frame
FuncCache skipped: _ZN12_GLOBAL__N_1L3MOVI3RnWItE2MnItEEEP6MemoryS6_R5StateT_T0_
FuncCache inserted: routine_movw_MINUS0x1e__rbp____si


Decompiling instr:movw -0x20(%rbp), %di...
Instr: movw -0x20(%rbp), %di
Workdir: /home/ubuntu/Github/validating-binary-decompilation/tests/compositional_artifacts_single_instruction_decompilation//movw_MINUS0x20__rbp____di
Generating artifacts...
Already Exists
Running artifacts...
Skip McSema run ...
Skip Declutter ...

Executing: cat /home/ubuntu/Github/validating-binary-decompilation/tests/compositional_artifacts_single_instruction_decompilation//movw_MINUS0x20__rbp____di/test.mod.ll
Running artifacts...Done.
Multiple defintions of @seg_4003a0__text
Multiple defintions of @seg_400548__eh_frame
FuncCache skipped: _ZN12_GLOBAL__N_1L3MOVI3RnWItE2MnItEEEP6MemoryS6_R5StateT_T0_
FuncCache inserted: routine_movw_MINUS0x20__rbp____di


Decompiling instr:movw -0x22(%rbp), %r8w...
Instr: movw -0x22(%rbp), %r8w
Workdir: /home/ubuntu/Github/validating-binary-decompilation/tests/compositional_artifacts_single_instruction_decompilation//movw_MINUS0x22__rbp____r8w
Generating artifacts...
Already Exists
Running artifacts...
Skip McSema run ...
Skip Declutter ...

Executing: cat /home/ubuntu/Github/validating-binary-decompilation/tests/compositional_artifacts_single_instruction_decompilation//movw_MINUS0x22__rbp____r8w/test.mod.ll
Running artifacts...Done.
Multiple defintions of @seg_4003a0__text
Multiple defintions of @seg_400548__eh_frame
FuncCache skipped: _ZN12_GLOBAL__N_1L3MOVI3RnWItE2MnItEEEP6MemoryS6_R5StateT_T0_
FuncCache inserted: routine_movw_MINUS0x22__rbp____r8w


Decompiling instr:movzwl %dx, %r9d...
Instr: movzwl %dx, %r9d
Workdir: /home/ubuntu/Github/validating-binary-decompilation/tests/compositional_artifacts_single_instruction_decompilation//movzwl__dx___r9d
Generating artifacts...
Already Exists
Running artifacts...
Skip McSema run ...
Skip Declutter ...

Executing: cat /home/ubuntu/Github/validating-binary-decompilation/tests/compositional_artifacts_single_instruction_decompilation//movzwl__dx___r9d/test.mod.ll
Running artifacts...Done.
Multiple defintions of @seg_4003a0__text
Multiple defintions of @seg_400548__eh_frame
FuncCache inserted: _ZN12_GLOBAL__N_1L5MOVZXI3RnWImE2RnItEEEP6MemoryS6_R5StateT_T0_
FuncCache inserted: routine_movzwl__dx___r9d


Decompiling instr:movw %di, -0x3e(%rbp)...
Instr: movw %di, -0x3e(%rbp)
Workdir: /home/ubuntu/Github/validating-binary-decompilation/tests/compositional_artifacts_single_instruction_decompilation//movw__di__MINUS0x3e__rbp_
Generating artifacts...
Already Exists
Running artifacts...
Skip McSema run ...
Skip Declutter ...

Executing: cat /home/ubuntu/Github/validating-binary-decompilation/tests/compositional_artifacts_single_instruction_decompilation//movw__di__MINUS0x3e__rbp_/test.mod.ll
Running artifacts...Done.
Multiple defintions of @seg_4003a0__text
Multiple defintions of @seg_400548__eh_frame
FuncCache skipped: _ZN12_GLOBAL__N_1L3MOVI3MnWItE2RnItEEEP6MemoryS6_R5StateT_T0_
FuncCache inserted: routine_movw__di__MINUS0x3e__rbp_


Decompiling instr:movl %r9d, %edi...
Instr: movl %r9d, %edi
Workdir: /home/ubuntu/Github/validating-binary-decompilation/tests/compositional_artifacts_single_instruction_decompilation//movl__r9d___edi
Generating artifacts...
Already Exists
Running artifacts...
Skip McSema run ...
Skip Declutter ...

Executing: cat /home/ubuntu/Github/validating-binary-decompilation/tests/compositional_artifacts_single_instruction_decompilation//movl__r9d___edi/test.mod.ll
Running artifacts...Done.
Multiple defintions of @seg_4003a0__text
Multiple defintions of @seg_400548__eh_frame
FuncCache inserted: _ZN12_GLOBAL__N_1L3MOVI3RnWImE2RnIjEEEP6MemoryS6_R5StateT_T0_
FuncCache inserted: routine_movl__r9d___edi


Decompiling instr:movzwl %si, %esi...
Instr: movzwl %si, %esi
Workdir: /home/ubuntu/Github/validating-binary-decompilation/tests/compositional_artifacts_single_instruction_decompilation//movzwl__si___esi
Generating artifacts...
Already Exists
Running artifacts...
Skip McSema run ...
Skip Declutter ...

Executing: cat /home/ubuntu/Github/validating-binary-decompilation/tests/compositional_artifacts_single_instruction_decompilation//movzwl__si___esi/test.mod.ll
Running artifacts...Done.
Multiple defintions of @seg_4003a0__text
Multiple defintions of @seg_400548__eh_frame
FuncCache skipped: _ZN12_GLOBAL__N_1L5MOVZXI3RnWImE2RnItEEEP6MemoryS6_R5StateT_T0_
FuncCache inserted: routine_movzwl__si___esi


Decompiling instr:movw -0x3e(%rbp), %dx...
Instr: movw -0x3e(%rbp), %dx
Workdir: /home/ubuntu/Github/validating-binary-decompilation/tests/compositional_artifacts_single_instruction_decompilation//movw_MINUS0x3e__rbp____dx
Generating artifacts...
Already Exists
Running artifacts...
Skip McSema run ...
Skip Declutter ...

Executing: cat /home/ubuntu/Github/validating-binary-decompilation/tests/compositional_artifacts_single_instruction_decompilation//movw_MINUS0x3e__rbp____dx/test.mod.ll
Running artifacts...Done.
Multiple defintions of @seg_4003a0__text
Multiple defintions of @seg_400548__eh_frame
FuncCache skipped: _ZN12_GLOBAL__N_1L3MOVI3RnWItE2MnItEEEP6MemoryS6_R5StateT_T0_
FuncCache inserted: routine_movw_MINUS0x3e__rbp____dx


Decompiling instr:movzwl %dx, %edx...
Instr: movzwl %dx, %edx
Workdir: /home/ubuntu/Github/validating-binary-decompilation/tests/compositional_artifacts_single_instruction_decompilation//movzwl__dx___edx
Generating artifacts...
Already Exists
Running artifacts...
test.c:1:1: warning: return type of 'main' is not 'int' [-Wmain-return-type]
void main() {
^
test.c:1:1: note: change return type to 'int'
void main() {
^~~~
int
1 warning generated.
Could not generate a CFG. Try using the --log_file option to see an error log.
Traceback (most recent call last):
  File "/usr/local/bin/mcsema-disass", line 11, in <module>
    load_entry_point('mcsema-disass==2.0', 'console_scripts', 'mcsema-disass')()
  File "/usr/local/lib/python2.7/dist-packages/mcsema_disass-2.0-py2.7.egg/mcsema_disass/__main__.py", line 162, in main
    if 0 == os.path.getsize(args.output):
  File "/usr/lib/python2.7/genericpath.py", line 57, in getsize
    return os.stat(filename).st_size
OSError: [Errno 2] No such file or directory: '/home/ubuntu/Github/validating-binary-decompilation/tests/compositional_artifacts_single_instruction_decompilation/movzwl__dx___edx/test.cfg'
make[1]: *** [mcsema] Error 1
make[1]: *** No rule to make target 'test.ll', needed by 'declutter'.  Stop.
cat: /home/ubuntu/Github/validating-binary-decompilation/tests/compositional_artifacts_single_instruction_decompilation//movzwl__dx___edx/test.mod.ll: No such file or directory

Executing: make -C /home/ubuntu/Github/validating-binary-decompilation/tests/compositional_artifacts_single_instruction_decompilation//movzwl__dx___edx binary
make[1]: Entering directory '/home/ubuntu/Github/validating-binary-decompilation/tests/compositional_artifacts_single_instruction_decompilation/movzwl__dx___edx'
clang -Os test.c -o test
make[1]: Leaving directory '/home/ubuntu/Github/validating-binary-decompilation/tests/compositional_artifacts_single_instruction_decompilation/movzwl__dx___edx'

Executing: make -C /home/ubuntu/Github/validating-binary-decompilation/tests/compositional_artifacts_single_instruction_decompilation//movzwl__dx___edx mcsema
make[1]: Entering directory '/home/ubuntu/Github/validating-binary-decompilation/tests/compositional_artifacts_single_instruction_decompilation/movzwl__dx___edx'
mcsema-disass --disassembler /home/ubuntu/ida-6.95/idal64 --os linux --arch amd64_avx --output test.cfg --binary test --entrypoint main
Makefile:9: recipe for target 'mcsema' failed
make[1]: Leaving directory '/home/ubuntu/Github/validating-binary-decompilation/tests/compositional_artifacts_single_instruction_decompilation/movzwl__dx___edx'

Executing: make -C /home/ubuntu/Github/validating-binary-decompilation/tests/compositional_artifacts_single_instruction_decompilation//movzwl__dx___edx declutter
make[1]: Entering directory '/home/ubuntu/Github/validating-binary-decompilation/tests/compositional_artifacts_single_instruction_decompilation/movzwl__dx___edx'
make[1]: Leaving directory '/home/ubuntu/Github/validating-binary-decompilation/tests/compositional_artifacts_single_instruction_decompilation/movzwl__dx___edx'

Executing: cat /home/ubuntu/Github/validating-binary-decompilation/tests/compositional_artifacts_single_instruction_decompilation//movzwl__dx___edx/test.mod.ll
Running artifacts...Done.


Decompiling instr:movzwl %r8w, %ecx...
Instr: movzwl %r8w, %ecx
Workdir: /home/ubuntu/Github/validating-binary-decompilation/tests/compositional_artifacts_single_instruction_decompilation//movzwl__r8w___ecx
Generating artifacts...
Already Exists
Running artifacts...
test.c:1:1: warning: return type of 'main' is not 'int' [-Wmain-return-type]
void main() {
^
test.c:1:1: note: change return type to 'int'
void main() {
^~~~
int
1 warning generated.

Executing: make -C /home/ubuntu/Github/validating-binary-decompilation/tests/compositional_artifacts_single_instruction_decompilation//movzwl__r8w___ecx binary
make[1]: Entering directory '/home/ubuntu/Github/validating-binary-decompilation/tests/compositional_artifacts_single_instruction_decompilation/movzwl__r8w___ecx'
clang -Os test.c -o test
make[1]: Leaving directory '/home/ubuntu/Github/validating-binary-decompilation/tests/compositional_artifacts_single_instruction_decompilation/movzwl__r8w___ecx'

Executing: make -C /home/ubuntu/Github/validating-binary-decompilation/tests/compositional_artifacts_single_instruction_decompilation//movzwl__r8w___ecx mcsema
make[1]: Entering directory '/home/ubuntu/Github/validating-binary-decompilation/tests/compositional_artifacts_single_instruction_decompilation/movzwl__r8w___ecx'
mcsema-disass --disassembler /home/ubuntu/ida-6.95/idal64 --os linux --arch amd64_avx --output test.cfg --binary test --entrypoint main
mcsema-lift-4.0 --os linux --arch amd64_avx --cfg test.cfg --output test.bc -disable_dead_store_elimination -disable_optimizer
llvm-dis test.bc -o test.ll
make[1]: Leaving directory '/home/ubuntu/Github/validating-binary-decompilation/tests/compositional_artifacts_single_instruction_decompilation/movzwl__r8w___ecx'

Executing: make -C /home/ubuntu/Github/validating-binary-decompilation/tests/compositional_artifacts_single_instruction_decompilation//movzwl__r8w___ecx declutter
make[1]: Entering directory '/home/ubuntu/Github/validating-binary-decompilation/tests/compositional_artifacts_single_instruction_decompilation/movzwl__r8w___ecx'
/home/ubuntu/Github/validating-binary-decompilation/tests/scripts//declutter.pl --file test.ll --norenameintrinsics --opc movzwl__r8w___ecx
Expanding _ZN12_GLOBAL__N_1L5MOVZXI3RnWImE2RnItEEEP6MemoryS6_R5StateT_T0_...
Generatin test.mod.ll for opcode movzwl__r8w___ecx ...
make[1]: Leaving directory '/home/ubuntu/Github/validating-binary-decompilation/tests/compositional_artifacts_single_instruction_decompilation/movzwl__r8w___ecx'

Executing: cat /home/ubuntu/Github/validating-binary-decompilation/tests/compositional_artifacts_single_instruction_decompilation//movzwl__r8w___ecx/test.mod.ll
Running artifacts...Done.
Multiple defintions of @seg_4003a0__text
Multiple defintions of @seg_400548__eh_frame
FuncCache skipped: _ZN12_GLOBAL__N_1L5MOVZXI3RnWImE2RnItEEEP6MemoryS6_R5StateT_T0_
FuncCache inserted: routine_movzwl__r8w___ecx


Decompiling instr:movzwl -0x24(%rbp), %r8d...
Instr: movzwl -0x24(%rbp), %r8d
Workdir: /home/ubuntu/Github/validating-binary-decompilation/tests/compositional_artifacts_single_instruction_decompilation//movzwl_MINUS0x24__rbp____r8d
Generating artifacts...
Already Exists
Running artifacts...
test.c:1:1: warning: return type of 'main' is not 'int' [-Wmain-return-type]
void main() {
^
test.c:1:1: note: change return type to 'int'
void main() {
^~~~
int
1 warning generated.

Executing: make -C /home/ubuntu/Github/validating-binary-decompilation/tests/compositional_artifacts_single_instruction_decompilation//movzwl_MINUS0x24__rbp____r8d binary
make[1]: Entering directory '/home/ubuntu/Github/validating-binary-decompilation/tests/compositional_artifacts_single_instruction_decompilation/movzwl_MINUS0x24__rbp____r8d'
clang -Os test.c -o test
make[1]: Leaving directory '/home/ubuntu/Github/validating-binary-decompilation/tests/compositional_artifacts_single_instruction_decompilation/movzwl_MINUS0x24__rbp____r8d'

Executing: make -C /home/ubuntu/Github/validating-binary-decompilation/tests/compositional_artifacts_single_instruction_decompilation//movzwl_MINUS0x24__rbp____r8d mcsema
make[1]: Entering directory '/home/ubuntu/Github/validating-binary-decompilation/tests/compositional_artifacts_single_instruction_decompilation/movzwl_MINUS0x24__rbp____r8d'
mcsema-disass --disassembler /home/ubuntu/ida-6.95/idal64 --os linux --arch amd64_avx --output test.cfg --binary test --entrypoint main
mcsema-lift-4.0 --os linux --arch amd64_avx --cfg test.cfg --output test.bc -disable_dead_store_elimination -disable_optimizer
llvm-dis test.bc -o test.ll
make[1]: Leaving directory '/home/ubuntu/Github/validating-binary-decompilation/tests/compositional_artifacts_single_instruction_decompilation/movzwl_MINUS0x24__rbp____r8d'

Executing: make -C /home/ubuntu/Github/validating-binary-decompilation/tests/compositional_artifacts_single_instruction_decompilation//movzwl_MINUS0x24__rbp____r8d declutter
make[1]: Entering directory '/home/ubuntu/Github/validating-binary-decompilation/tests/compositional_artifacts_single_instruction_decompilation/movzwl_MINUS0x24__rbp____r8d'
/home/ubuntu/Github/validating-binary-decompilation/tests/scripts//declutter.pl --file test.ll --norenameintrinsics --opc movzwl_MINUS0x24__rbp____r8d
Expanding _ZN12_GLOBAL__N_1L5MOVZXI3RnWImE2MnItEEEP6MemoryS6_R5StateT_T0_...
Generatin test.mod.ll for opcode movzwl_MINUS0x24__rbp____r8d ...
make[1]: Leaving directory '/home/ubuntu/Github/validating-binary-decompilation/tests/compositional_artifacts_single_instruction_decompilation/movzwl_MINUS0x24__rbp____r8d'

Executing: cat /home/ubuntu/Github/validating-binary-decompilation/tests/compositional_artifacts_single_instruction_decompilation//movzwl_MINUS0x24__rbp____r8d/test.mod.ll
Running artifacts...Done.
Multiple defintions of @seg_4003a0__text
Multiple defintions of @seg_400548__eh_frame
FuncCache inserted: _ZN12_GLOBAL__N_1L5MOVZXI3RnWImE2MnItEEEP6MemoryS6_R5StateT_T0_
FuncCache inserted: routine_movzwl_MINUS0x24__rbp____r8d


Decompiling instr:callq ._ZN28custom_sub_multiple_variableItE8do_shiftEttttt...
Instr: callq ._ZN28custom_sub_multiple_variableItE8do_shiftEttttt
Workdir: /home/ubuntu/Github/validating-binary-decompilation/tests/compositional_artifacts_single_instruction_decompilation//callq_._ZN28custom_sub_multiple_variableItE8do_shiftEttttt
Generating artifacts...
Generating artifacts... Done.
Running artifacts...
test.c:1:1: warning: return type of 'main' is not 'int' [-Wmain-return-type]
void main() {
^
test.c:1:1: note: change return type to 'int'
void main() {
^~~~
int
1 warning generated.

Executing: make -C /home/ubuntu/Github/validating-binary-decompilation/tests/compositional_artifacts_single_instruction_decompilation//callq_._ZN28custom_sub_multiple_variableItE8do_shiftEttttt binary
make[1]: Entering directory '/home/ubuntu/Github/validating-binary-decompilation/tests/compositional_artifacts_single_instruction_decompilation/callq_._ZN28custom_sub_multiple_variableItE8do_shiftEttttt'
clang -Os test.c -o test
make[1]: Leaving directory '/home/ubuntu/Github/validating-binary-decompilation/tests/compositional_artifacts_single_instruction_decompilation/callq_._ZN28custom_sub_multiple_variableItE8do_shiftEttttt'

Executing: make -C /home/ubuntu/Github/validating-binary-decompilation/tests/compositional_artifacts_single_instruction_decompilation//callq_._ZN28custom_sub_multiple_variableItE8do_shiftEttttt mcsema
make[1]: Entering directory '/home/ubuntu/Github/validating-binary-decompilation/tests/compositional_artifacts_single_instruction_decompilation/callq_._ZN28custom_sub_multiple_variableItE8do_shiftEttttt'
mcsema-disass --disassembler /home/ubuntu/ida-6.95/idal64 --os linux --arch amd64_avx --output test.cfg --binary test --entrypoint main
mcsema-lift-4.0 --os linux --arch amd64_avx --cfg test.cfg --output test.bc -disable_dead_store_elimination -disable_optimizer
llvm-dis test.bc -o test.ll
make[1]: Leaving directory '/home/ubuntu/Github/validating-binary-decompilation/tests/compositional_artifacts_single_instruction_decompilation/callq_._ZN28custom_sub_multiple_variableItE8do_shiftEttttt'

Executing: make -C /home/ubuntu/Github/validating-binary-decompilation/tests/compositional_artifacts_single_instruction_decompilation//callq_._ZN28custom_sub_multiple_variableItE8do_shiftEttttt declutter
make[1]: Entering directory '/home/ubuntu/Github/validating-binary-decompilation/tests/compositional_artifacts_single_instruction_decompilation/callq_._ZN28custom_sub_multiple_variableItE8do_shiftEttttt'
/home/ubuntu/Github/validating-binary-decompilation/tests/scripts//declutter.pl --file test.ll --norenameintrinsics --opc callq_._ZN28custom_sub_multiple_variableItE8do_shiftEttttt
Expanding _ZN12_GLOBAL__N_1L4CALLI2InImEEEP6MemoryS4_R5StateT_S2_...
Generatin test.mod.ll for opcode callq_._ZN28custom_sub_multiple_variableItE8do_shiftEttttt ...
make[1]: Leaving directory '/home/ubuntu/Github/validating-binary-decompilation/tests/compositional_artifacts_single_instruction_decompilation/callq_._ZN28custom_sub_multiple_variableItE8do_shiftEttttt'

Executing: cat /home/ubuntu/Github/validating-binary-decompilation/tests/compositional_artifacts_single_instruction_decompilation//callq_._ZN28custom_sub_multiple_variableItE8do_shiftEttttt/test.mod.ll
Running artifacts...Done.
Multiple defintions of @seg_4003a0__text
Multiple defintions of @seg_400548__eh_frame
FuncCache skipped: _ZN12_GLOBAL__N_1L4CALLI2InImEEEP6MemoryS4_R5StateT_S2_
FuncCache inserted: routine_callq_._ZN28custom_sub_multiple_variableItE8do_shiftEttttt


Decompiling instr:movzwl %ax, %ecx...
Instr: movzwl %ax, %ecx
Workdir: /home/ubuntu/Github/validating-binary-decompilation/tests/compositional_artifacts_single_instruction_decompilation//movzwl__ax___ecx
Generating artifacts...
Already Exists
Running artifacts...
Skip McSema run ...

Executing: make -C /home/ubuntu/Github/validating-binary-decompilation/tests/compositional_artifacts_single_instruction_decompilation//movzwl__ax___ecx declutter
make[1]: Entering directory '/home/ubuntu/Github/validating-binary-decompilation/tests/compositional_artifacts_single_instruction_decompilation/movzwl__ax___ecx'
/home/ubuntu/Github/validating-binary-decompilation/tests/scripts//declutter.pl --file test.ll --norenameintrinsics --opc movzwl__ax___ecx
Expanding _ZN12_GLOBAL__N_1L5MOVZXI3RnWImE2RnItEEEP6MemoryS6_R5StateT_T0_...
Generatin test.mod.ll for opcode movzwl__ax___ecx ...
make[1]: Leaving directory '/home/ubuntu/Github/validating-binary-decompilation/tests/compositional_artifacts_single_instruction_decompilation/movzwl__ax___ecx'

Executing: cat /home/ubuntu/Github/validating-binary-decompilation/tests/compositional_artifacts_single_instruction_decompilation//movzwl__ax___ecx/test.mod.ll
Running artifacts...Done.
Multiple defintions of @seg_4003a0__text
Multiple defintions of @seg_400548__eh_frame
FuncCache skipped: _ZN12_GLOBAL__N_1L5MOVZXI3RnWImE2RnItEEEP6MemoryS6_R5StateT_T0_
FuncCache inserted: routine_movzwl__ax___ecx


Decompiling instr:movzwl -0x36(%rbp), %edx...
Instr: movzwl -0x36(%rbp), %edx
Workdir: /home/ubuntu/Github/validating-binary-decompilation/tests/compositional_artifacts_single_instruction_decompilation//movzwl_MINUS0x36__rbp____edx
Generating artifacts...
Already Exists
Running artifacts...
test.c:1:1: warning: return type of 'main' is not 'int' [-Wmain-return-type]
void main() {
^
test.c:1:1: note: change return type to 'int'
void main() {
^~~~
int
1 warning generated.

Executing: make -C /home/ubuntu/Github/validating-binary-decompilation/tests/compositional_artifacts_single_instruction_decompilation//movzwl_MINUS0x36__rbp____edx binary
make[1]: Entering directory '/home/ubuntu/Github/validating-binary-decompilation/tests/compositional_artifacts_single_instruction_decompilation/movzwl_MINUS0x36__rbp____edx'
clang -Os test.c -o test
make[1]: Leaving directory '/home/ubuntu/Github/validating-binary-decompilation/tests/compositional_artifacts_single_instruction_decompilation/movzwl_MINUS0x36__rbp____edx'

Executing: make -C /home/ubuntu/Github/validating-binary-decompilation/tests/compositional_artifacts_single_instruction_decompilation//movzwl_MINUS0x36__rbp____edx mcsema
make[1]: Entering directory '/home/ubuntu/Github/validating-binary-decompilation/tests/compositional_artifacts_single_instruction_decompilation/movzwl_MINUS0x36__rbp____edx'
mcsema-disass --disassembler /home/ubuntu/ida-6.95/idal64 --os linux --arch amd64_avx --output test.cfg --binary test --entrypoint main
mcsema-lift-4.0 --os linux --arch amd64_avx --cfg test.cfg --output test.bc -disable_dead_store_elimination -disable_optimizer
llvm-dis test.bc -o test.ll
make[1]: Leaving directory '/home/ubuntu/Github/validating-binary-decompilation/tests/compositional_artifacts_single_instruction_decompilation/movzwl_MINUS0x36__rbp____edx'

Executing: make -C /home/ubuntu/Github/validating-binary-decompilation/tests/compositional_artifacts_single_instruction_decompilation//movzwl_MINUS0x36__rbp____edx declutter
make[1]: Entering directory '/home/ubuntu/Github/validating-binary-decompilation/tests/compositional_artifacts_single_instruction_decompilation/movzwl_MINUS0x36__rbp____edx'
/home/ubuntu/Github/validating-binary-decompilation/tests/scripts//declutter.pl --file test.ll --norenameintrinsics --opc movzwl_MINUS0x36__rbp____edx
Expanding _ZN12_GLOBAL__N_1L5MOVZXI3RnWImE2MnItEEEP6MemoryS6_R5StateT_T0_...
Generatin test.mod.ll for opcode movzwl_MINUS0x36__rbp____edx ...
make[1]: Leaving directory '/home/ubuntu/Github/validating-binary-decompilation/tests/compositional_artifacts_single_instruction_decompilation/movzwl_MINUS0x36__rbp____edx'

Executing: cat /home/ubuntu/Github/validating-binary-decompilation/tests/compositional_artifacts_single_instruction_decompilation//movzwl_MINUS0x36__rbp____edx/test.mod.ll
Running artifacts...Done.
Multiple defintions of @seg_4003a0__text
Multiple defintions of @seg_400548__eh_frame
FuncCache skipped: _ZN12_GLOBAL__N_1L5MOVZXI3RnWImE2MnItEEEP6MemoryS6_R5StateT_T0_
FuncCache inserted: routine_movzwl_MINUS0x36__rbp____edx


Decompiling instr:addl %ecx, %edx...
Instr: addl %ecx, %edx
Workdir: /home/ubuntu/Github/validating-binary-decompilation/tests/compositional_artifacts_single_instruction_decompilation//addl__ecx___edx
Generating artifacts...
Already Exists
Running artifacts...
Skip McSema run ...

Executing: make -C /home/ubuntu/Github/validating-binary-decompilation/tests/compositional_artifacts_single_instruction_decompilation//addl__ecx___edx declutter
make[1]: Entering directory '/home/ubuntu/Github/validating-binary-decompilation/tests/compositional_artifacts_single_instruction_decompilation/addl__ecx___edx'
/home/ubuntu/Github/validating-binary-decompilation/tests/scripts//declutter.pl --file test.ll --norenameintrinsics --opc addl__ecx___edx
Expanding _ZN12_GLOBAL__N_1L3ADDI3RnWImE2RnIjES4_EEP6MemoryS6_R5StateT_T0_T1_...
Generatin test.mod.ll for opcode addl__ecx___edx ...
make[1]: Leaving directory '/home/ubuntu/Github/validating-binary-decompilation/tests/compositional_artifacts_single_instruction_decompilation/addl__ecx___edx'

Executing: cat /home/ubuntu/Github/validating-binary-decompilation/tests/compositional_artifacts_single_instruction_decompilation//addl__ecx___edx/test.mod.ll
Running artifacts...Done.
Multiple defintions of @seg_4003a0__text
Multiple defintions of @seg_400548__eh_frame
FuncCache inserted: _ZN12_GLOBAL__N_1L3ADDI3RnWImE2RnIjES4_EEP6MemoryS6_R5StateT_T0_T1_
FuncCache inserted: routine_addl__ecx___edx


Decompiling instr:movw %dx, %ax...
Instr: movw %dx, %ax
Workdir: /home/ubuntu/Github/validating-binary-decompilation/tests/compositional_artifacts_single_instruction_decompilation//movw__dx___ax
Generating artifacts...
Already Exists
Running artifacts...
Skip McSema run ...
Skip Declutter ...

Executing: cat /home/ubuntu/Github/validating-binary-decompilation/tests/compositional_artifacts_single_instruction_decompilation//movw__dx___ax/test.mod.ll
Running artifacts...Done.
Multiple defintions of @seg_4003a0__text
Multiple defintions of @seg_400548__eh_frame
FuncCache skipped: _ZN12_GLOBAL__N_1L3MOVI3RnWItE2RnItEEEP6MemoryS6_R5StateT_T0_
FuncCache inserted: routine_movw__dx___ax


Decompiling instr:movw %ax, -0x36(%rbp)...
Instr: movw %ax, -0x36(%rbp)
Workdir: /home/ubuntu/Github/validating-binary-decompilation/tests/compositional_artifacts_single_instruction_decompilation//movw__ax__MINUS0x36__rbp_
Generating artifacts...
Already Exists
Running artifacts...
test.c:1:1: warning: return type of 'main' is not 'int' [-Wmain-return-type]
void main() {
^
test.c:1:1: note: change return type to 'int'
void main() {
^~~~
int
1 warning generated.

Executing: make -C /home/ubuntu/Github/validating-binary-decompilation/tests/compositional_artifacts_single_instruction_decompilation//movw__ax__MINUS0x36__rbp_ binary
make[1]: Entering directory '/home/ubuntu/Github/validating-binary-decompilation/tests/compositional_artifacts_single_instruction_decompilation/movw__ax__MINUS0x36__rbp_'
clang -Os test.c -o test
make[1]: Leaving directory '/home/ubuntu/Github/validating-binary-decompilation/tests/compositional_artifacts_single_instruction_decompilation/movw__ax__MINUS0x36__rbp_'

Executing: make -C /home/ubuntu/Github/validating-binary-decompilation/tests/compositional_artifacts_single_instruction_decompilation//movw__ax__MINUS0x36__rbp_ mcsema
make[1]: Entering directory '/home/ubuntu/Github/validating-binary-decompilation/tests/compositional_artifacts_single_instruction_decompilation/movw__ax__MINUS0x36__rbp_'
mcsema-disass --disassembler /home/ubuntu/ida-6.95/idal64 --os linux --arch amd64_avx --output test.cfg --binary test --entrypoint main
mcsema-lift-4.0 --os linux --arch amd64_avx --cfg test.cfg --output test.bc -disable_dead_store_elimination -disable_optimizer
llvm-dis test.bc -o test.ll
make[1]: Leaving directory '/home/ubuntu/Github/validating-binary-decompilation/tests/compositional_artifacts_single_instruction_decompilation/movw__ax__MINUS0x36__rbp_'

Executing: make -C /home/ubuntu/Github/validating-binary-decompilation/tests/compositional_artifacts_single_instruction_decompilation//movw__ax__MINUS0x36__rbp_ declutter
make[1]: Entering directory '/home/ubuntu/Github/validating-binary-decompilation/tests/compositional_artifacts_single_instruction_decompilation/movw__ax__MINUS0x36__rbp_'
/home/ubuntu/Github/validating-binary-decompilation/tests/scripts//declutter.pl --file test.ll --norenameintrinsics --opc movw__ax__MINUS0x36__rbp_
Expanding _ZN12_GLOBAL__N_1L3MOVI3MnWItE2RnItEEEP6MemoryS6_R5StateT_T0_...
Generatin test.mod.ll for opcode movw__ax__MINUS0x36__rbp_ ...
make[1]: Leaving directory '/home/ubuntu/Github/validating-binary-decompilation/tests/compositional_artifacts_single_instruction_decompilation/movw__ax__MINUS0x36__rbp_'

Executing: cat /home/ubuntu/Github/validating-binary-decompilation/tests/compositional_artifacts_single_instruction_decompilation//movw__ax__MINUS0x36__rbp_/test.mod.ll
Running artifacts...Done.
Multiple defintions of @seg_4003a0__text
Multiple defintions of @seg_400548__eh_frame
FuncCache skipped: _ZN12_GLOBAL__N_1L3MOVI3MnWItE2RnItEEEP6MemoryS6_R5StateT_T0_
FuncCache inserted: routine_movw__ax__MINUS0x36__rbp_


Decompiling instr:movl -0x3c(%rbp), %eax...
Instr: movl -0x3c(%rbp), %eax
Workdir: /home/ubuntu/Github/validating-binary-decompilation/tests/compositional_artifacts_single_instruction_decompilation//movl_MINUS0x3c__rbp____eax
Generating artifacts...
Already Exists
Running artifacts...
Skip McSema run ...
Skip Declutter ...

Executing: cat /home/ubuntu/Github/validating-binary-decompilation/tests/compositional_artifacts_single_instruction_decompilation//movl_MINUS0x3c__rbp____eax/test.mod.ll
Running artifacts...Done.
Multiple defintions of @seg_4003a0__text
Multiple defintions of @seg_400548__eh_frame
FuncCache skipped: _ZN12_GLOBAL__N_1L3MOVI3RnWImE2MnIjEEEP6MemoryS6_R5StateT_T0_
FuncCache skipped: routine_movl_MINUS0x3c__rbp____eax


Decompiling instr:addl $0x1, %eax...
Instr: addl $0x1, %eax
Workdir: /home/ubuntu/Github/validating-binary-decompilation/tests/compositional_artifacts_single_instruction_decompilation//addl__0x1___eax
Generating artifacts...
Already Exists
Running artifacts...
Skip McSema run ...
Skip Declutter ...

Executing: cat /home/ubuntu/Github/validating-binary-decompilation/tests/compositional_artifacts_single_instruction_decompilation//addl__0x1___eax/test.mod.ll
Running artifacts...Done.
Multiple defintions of @seg_4003a0__text
Multiple defintions of @seg_400548__eh_frame
FuncCache inserted: _ZN12_GLOBAL__N_1L3ADDI3RnWImE2RnIjE2InIjEEEP6MemoryS8_R5StateT_T0_T1_
FuncCache inserted: routine_addl__0x1___eax


Decompiling instr:movl %eax, -0x3c(%rbp)...
Instr: movl %eax, -0x3c(%rbp)
Workdir: /home/ubuntu/Github/validating-binary-decompilation/tests/compositional_artifacts_single_instruction_decompilation//movl__eax__MINUS0x3c__rbp_
Generating artifacts...
Already Exists
Running artifacts...
Skip McSema run ...
Skip Declutter ...

Executing: cat /home/ubuntu/Github/validating-binary-decompilation/tests/compositional_artifacts_single_instruction_decompilation//movl__eax__MINUS0x3c__rbp_/test.mod.ll
Running artifacts...Done.
Multiple defintions of @seg_4003a0__text
Multiple defintions of @seg_400548__eh_frame
FuncCache skipped: _ZN12_GLOBAL__N_1L3MOVI3MnWIjE2RnIjEEEP6MemoryS6_R5StateT_T0_
FuncCache inserted: routine_movl__eax__MINUS0x3c__rbp_


Decompiling instr:jmpq .L_4066d4...
Instr: jmpq .L_4066d4
Workdir: /home/ubuntu/Github/validating-binary-decompilation/tests/compositional_artifacts_single_instruction_decompilation//jmpq_.L_4066d4
Generating artifacts...
Generating artifacts... Done.
Running artifacts...
test.c:1:1: warning: return type of 'main' is not 'int' [-Wmain-return-type]
void main() {
^
test.c:1:1: note: change return type to 'int'
void main() {
^~~~
int
1 warning generated.

Executing: make -C /home/ubuntu/Github/validating-binary-decompilation/tests/compositional_artifacts_single_instruction_decompilation//jmpq_.L_4066d4 binary
make[1]: Entering directory '/home/ubuntu/Github/validating-binary-decompilation/tests/compositional_artifacts_single_instruction_decompilation/jmpq_.L_4066d4'
clang -Os test.c -o test
make[1]: Leaving directory '/home/ubuntu/Github/validating-binary-decompilation/tests/compositional_artifacts_single_instruction_decompilation/jmpq_.L_4066d4'

Executing: make -C /home/ubuntu/Github/validating-binary-decompilation/tests/compositional_artifacts_single_instruction_decompilation//jmpq_.L_4066d4 mcsema
make[1]: Entering directory '/home/ubuntu/Github/validating-binary-decompilation/tests/compositional_artifacts_single_instruction_decompilation/jmpq_.L_4066d4'
mcsema-disass --disassembler /home/ubuntu/ida-6.95/idal64 --os linux --arch amd64_avx --output test.cfg --binary test --entrypoint main
mcsema-lift-4.0 --os linux --arch amd64_avx --cfg test.cfg --output test.bc -disable_dead_store_elimination -disable_optimizer
llvm-dis test.bc -o test.ll
make[1]: Leaving directory '/home/ubuntu/Github/validating-binary-decompilation/tests/compositional_artifacts_single_instruction_decompilation/jmpq_.L_4066d4'

Executing: make -C /home/ubuntu/Github/validating-binary-decompilation/tests/compositional_artifacts_single_instruction_decompilation//jmpq_.L_4066d4 declutter
make[1]: Entering directory '/home/ubuntu/Github/validating-binary-decompilation/tests/compositional_artifacts_single_instruction_decompilation/jmpq_.L_4066d4'
/home/ubuntu/Github/validating-binary-decompilation/tests/scripts//declutter.pl --file test.ll --norenameintrinsics --opc jmpq_.L_4066d4
Expanding _ZN12_GLOBAL__N_1L3JMPI2InImEEEP6MemoryS4_R5StateT_...
Generatin test.mod.ll for opcode jmpq_.L_4066d4 ...
make[1]: Leaving directory '/home/ubuntu/Github/validating-binary-decompilation/tests/compositional_artifacts_single_instruction_decompilation/jmpq_.L_4066d4'

Executing: cat /home/ubuntu/Github/validating-binary-decompilation/tests/compositional_artifacts_single_instruction_decompilation//jmpq_.L_4066d4/test.mod.ll
Running artifacts...Done.
Multiple defintions of @seg_4003a0__text
Multiple defintions of @seg_400548__eh_frame
FuncCache inserted: _ZN12_GLOBAL__N_1L3JMPI2InImEEEP6MemoryS4_R5StateT_
FuncCache inserted: routine_jmpq_.L_4066d4


Decompiling instr:.L_40673a:...


Decompiling instr:movw -0x36(%rbp), %ax...
Instr: movw -0x36(%rbp), %ax
Workdir: /home/ubuntu/Github/validating-binary-decompilation/tests/compositional_artifacts_single_instruction_decompilation//movw_MINUS0x36__rbp____ax
Generating artifacts...
Already Exists
Running artifacts...
test.c:1:1: warning: return type of 'main' is not 'int' [-Wmain-return-type]
void main() {
^
test.c:1:1: note: change return type to 'int'
void main() {
^~~~
int
1 warning generated.
Could not generate a CFG. Try using the --log_file option to see an error log.
Traceback (most recent call last):
  File "/usr/local/bin/mcsema-disass", line 11, in <module>
    load_entry_point('mcsema-disass==2.0', 'console_scripts', 'mcsema-disass')()
  File "/usr/local/lib/python2.7/dist-packages/mcsema_disass-2.0-py2.7.egg/mcsema_disass/__main__.py", line 162, in main
    if 0 == os.path.getsize(args.output):
  File "/usr/lib/python2.7/genericpath.py", line 57, in getsize
    return os.stat(filename).st_size
OSError: [Errno 2] No such file or directory: '/home/ubuntu/Github/validating-binary-decompilation/tests/compositional_artifacts_single_instruction_decompilation/movw_MINUS0x36__rbp____ax/test.cfg'
make[1]: *** [mcsema] Error 1

Executing: make -C /home/ubuntu/Github/validating-binary-decompilation/tests/compositional_artifacts_single_instruction_decompilation//movw_MINUS0x36__rbp____ax binary
make[1]: Entering directory '/home/ubuntu/Github/validating-binary-decompilation/tests/compositional_artifacts_single_instruction_decompilation/movw_MINUS0x36__rbp____ax'
clang -Os test.c -o test
make[1]: Leaving directory '/home/ubuntu/Github/validating-binary-decompilation/tests/compositional_artifacts_single_instruction_decompilation/movw_MINUS0x36__rbp____ax'

Executing: make -C /home/ubuntu/Github/validating-binary-decompilation/tests/compositional_artifacts_single_instruction_decompilation//movw_MINUS0x36__rbp____ax mcsema
make[1]: Entering directory '/home/ubuntu/Github/validating-binary-decompilation/tests/compositional_artifacts_single_instruction_decompilation/movw_MINUS0x36__rbp____ax'
mcsema-disass --disassembler /home/ubuntu/ida-6.95/idal64 --os linux --arch amd64_avx --output test.cfg --binary test --entrypoint main
Makefile:9: recipe for target 'mcsema' failed
make[1]: Leaving directory '/home/ubuntu/Github/validating-binary-decompilation/tests/compositional_artifacts_single_instruction_decompilation/movw_MINUS0x36__rbp____ax'

Executing: make -C /home/ubuntu/Github/validating-binary-decompilation/tests/compositional_artifacts_single_instruction_decompilation//movw_MINUS0x36__rbp____ax declutter
make[1]: Entering directory '/home/ubuntu/Github/validating-binary-decompilation/tests/compositional_artifacts_single_instruction_decompilation/movw_MINUS0x36__rbp____ax'
/home/ubuntu/Github/validating-binary-decompilation/tests/scripts//declutter.pl --file test.ll --norenameintrinsics --opc movw_MINUS0x36__rbp____ax
Expanding _ZN12_GLOBAL__N_1L3MOVI3RnWItE2MnItEEEP6MemoryS6_R5StateT_T0_...
Generatin test.mod.ll for opcode movw_MINUS0x36__rbp____ax ...
make[1]: Leaving directory '/home/ubuntu/Github/validating-binary-decompilation/tests/compositional_artifacts_single_instruction_decompilation/movw_MINUS0x36__rbp____ax'

Executing: cat /home/ubuntu/Github/validating-binary-decompilation/tests/compositional_artifacts_single_instruction_decompilation//movw_MINUS0x36__rbp____ax/test.mod.ll
Running artifacts...Done.
Multiple defintions of @seg_4003a0__text
Multiple defintions of @seg_400548__eh_frame
FuncCache skipped: _ZN12_GLOBAL__N_1L3MOVI3RnWItE2MnItEEEP6MemoryS6_R5StateT_T0_
FuncCache inserted: routine_movw_MINUS0x36__rbp____ax


Decompiling instr:movw -0x1e(%rbp), %cx...
Instr: movw -0x1e(%rbp), %cx
Workdir: /home/ubuntu/Github/validating-binary-decompilation/tests/compositional_artifacts_single_instruction_decompilation//movw_MINUS0x1e__rbp____cx
Generating artifacts...
Already Exists
Running artifacts...
test.c:1:1: warning: return type of 'main' is not 'int' [-Wmain-return-type]
void main() {
^
test.c:1:1: note: change return type to 'int'
void main() {
^~~~
int
1 warning generated.

Executing: make -C /home/ubuntu/Github/validating-binary-decompilation/tests/compositional_artifacts_single_instruction_decompilation//movw_MINUS0x1e__rbp____cx binary
make[1]: Entering directory '/home/ubuntu/Github/validating-binary-decompilation/tests/compositional_artifacts_single_instruction_decompilation/movw_MINUS0x1e__rbp____cx'
clang -Os test.c -o test
make[1]: Leaving directory '/home/ubuntu/Github/validating-binary-decompilation/tests/compositional_artifacts_single_instruction_decompilation/movw_MINUS0x1e__rbp____cx'

Executing: make -C /home/ubuntu/Github/validating-binary-decompilation/tests/compositional_artifacts_single_instruction_decompilation//movw_MINUS0x1e__rbp____cx mcsema
make[1]: Entering directory '/home/ubuntu/Github/validating-binary-decompilation/tests/compositional_artifacts_single_instruction_decompilation/movw_MINUS0x1e__rbp____cx'
mcsema-disass --disassembler /home/ubuntu/ida-6.95/idal64 --os linux --arch amd64_avx --output test.cfg --binary test --entrypoint main
mcsema-lift-4.0 --os linux --arch amd64_avx --cfg test.cfg --output test.bc -disable_dead_store_elimination -disable_optimizer
llvm-dis test.bc -o test.ll
make[1]: Leaving directory '/home/ubuntu/Github/validating-binary-decompilation/tests/compositional_artifacts_single_instruction_decompilation/movw_MINUS0x1e__rbp____cx'

Executing: make -C /home/ubuntu/Github/validating-binary-decompilation/tests/compositional_artifacts_single_instruction_decompilation//movw_MINUS0x1e__rbp____cx declutter
make[1]: Entering directory '/home/ubuntu/Github/validating-binary-decompilation/tests/compositional_artifacts_single_instruction_decompilation/movw_MINUS0x1e__rbp____cx'
/home/ubuntu/Github/validating-binary-decompilation/tests/scripts//declutter.pl --file test.ll --norenameintrinsics --opc movw_MINUS0x1e__rbp____cx
Expanding _ZN12_GLOBAL__N_1L3MOVI3RnWItE2MnItEEEP6MemoryS6_R5StateT_T0_...
Generatin test.mod.ll for opcode movw_MINUS0x1e__rbp____cx ...
make[1]: Leaving directory '/home/ubuntu/Github/validating-binary-decompilation/tests/compositional_artifacts_single_instruction_decompilation/movw_MINUS0x1e__rbp____cx'

Executing: cat /home/ubuntu/Github/validating-binary-decompilation/tests/compositional_artifacts_single_instruction_decompilation//movw_MINUS0x1e__rbp____cx/test.mod.ll
Running artifacts...Done.
Multiple defintions of @seg_4003a0__text
Multiple defintions of @seg_400548__eh_frame
FuncCache skipped: _ZN12_GLOBAL__N_1L3MOVI3RnWItE2MnItEEEP6MemoryS6_R5StateT_T0_
FuncCache inserted: routine_movw_MINUS0x1e__rbp____cx


Decompiling instr:movw -0x20(%rbp), %dx...
Instr: movw -0x20(%rbp), %dx
Workdir: /home/ubuntu/Github/validating-binary-decompilation/tests/compositional_artifacts_single_instruction_decompilation//movw_MINUS0x20__rbp____dx
Generating artifacts...
Already Exists
Running artifacts...
Skip McSema run ...

Executing: make -C /home/ubuntu/Github/validating-binary-decompilation/tests/compositional_artifacts_single_instruction_decompilation//movw_MINUS0x20__rbp____dx declutter
make[1]: Entering directory '/home/ubuntu/Github/validating-binary-decompilation/tests/compositional_artifacts_single_instruction_decompilation/movw_MINUS0x20__rbp____dx'
/home/ubuntu/Github/validating-binary-decompilation/tests/scripts//declutter.pl --file test.ll --norenameintrinsics --opc movw_MINUS0x20__rbp____dx
Expanding _ZN12_GLOBAL__N_1L3MOVI3RnWItE2MnItEEEP6MemoryS6_R5StateT_T0_...
Generatin test.mod.ll for opcode movw_MINUS0x20__rbp____dx ...
make[1]: Leaving directory '/home/ubuntu/Github/validating-binary-decompilation/tests/compositional_artifacts_single_instruction_decompilation/movw_MINUS0x20__rbp____dx'

Executing: cat /home/ubuntu/Github/validating-binary-decompilation/tests/compositional_artifacts_single_instruction_decompilation//movw_MINUS0x20__rbp____dx/test.mod.ll
Running artifacts...Done.
Multiple defintions of @seg_4003a0__text
Multiple defintions of @seg_400548__eh_frame
FuncCache skipped: _ZN12_GLOBAL__N_1L3MOVI3RnWItE2MnItEEEP6MemoryS6_R5StateT_T0_
FuncCache inserted: routine_movw_MINUS0x20__rbp____dx


Decompiling instr:movw -0x22(%rbp), %si...
Instr: movw -0x22(%rbp), %si
Workdir: /home/ubuntu/Github/validating-binary-decompilation/tests/compositional_artifacts_single_instruction_decompilation//movw_MINUS0x22__rbp____si
Generating artifacts...
Generating artifacts... Done.
Running artifacts...
test.c:1:1: warning: return type of 'main' is not 'int' [-Wmain-return-type]
void main() {
^
test.c:1:1: note: change return type to 'int'
void main() {
^~~~
int
1 warning generated.
[libprotobuf ERROR /root/cxx-common/sources/protobuf-2.6.1/src/google/protobuf/message_lite.cc:123] Can't parse message of type "mcsema.Module" because it is missing required fields: name
F1016 10:34:09.372340 39164 CFG.cpp:446] Check failed: cfg.ParseFromCodedStream(&cstream) Unable to read module from CFG file test.cfg
*** Check failure stack trace: ***
    @           0x9902cd  google::LogMessage::Fail()
    @           0x99275a  google::LogMessage::SendToLog()
    @           0x98fcdd  google::LogMessage::Flush()
    @           0x9936e9  google::LogMessageFatal::~LogMessageFatal()
    @           0x5beb56  mcsema::ReadProtoBuf()
make[1]: *** [mcsema] Aborted (core dumped)
make[1]: *** No rule to make target 'test.ll', needed by 'declutter'.  Stop.
cat: /home/ubuntu/Github/validating-binary-decompilation/tests/compositional_artifacts_single_instruction_decompilation//movw_MINUS0x22__rbp____si/test.mod.ll: No such file or directory

Executing: make -C /home/ubuntu/Github/validating-binary-decompilation/tests/compositional_artifacts_single_instruction_decompilation//movw_MINUS0x22__rbp____si binary
make[1]: Entering directory '/home/ubuntu/Github/validating-binary-decompilation/tests/compositional_artifacts_single_instruction_decompilation/movw_MINUS0x22__rbp____si'
clang -Os test.c -o test
make[1]: Leaving directory '/home/ubuntu/Github/validating-binary-decompilation/tests/compositional_artifacts_single_instruction_decompilation/movw_MINUS0x22__rbp____si'

Executing: make -C /home/ubuntu/Github/validating-binary-decompilation/tests/compositional_artifacts_single_instruction_decompilation//movw_MINUS0x22__rbp____si mcsema
make[1]: Entering directory '/home/ubuntu/Github/validating-binary-decompilation/tests/compositional_artifacts_single_instruction_decompilation/movw_MINUS0x22__rbp____si'
mcsema-disass --disassembler /home/ubuntu/ida-6.95/idal64 --os linux --arch amd64_avx --output test.cfg --binary test --entrypoint main
mcsema-lift-4.0 --os linux --arch amd64_avx --cfg test.cfg --output test.bc -disable_dead_store_elimination -disable_optimizer
Makefile:9: recipe for target 'mcsema' failed
make[1]: Leaving directory '/home/ubuntu/Github/validating-binary-decompilation/tests/compositional_artifacts_single_instruction_decompilation/movw_MINUS0x22__rbp____si'

Executing: make -C /home/ubuntu/Github/validating-binary-decompilation/tests/compositional_artifacts_single_instruction_decompilation//movw_MINUS0x22__rbp____si declutter
make[1]: Entering directory '/home/ubuntu/Github/validating-binary-decompilation/tests/compositional_artifacts_single_instruction_decompilation/movw_MINUS0x22__rbp____si'
make[1]: Leaving directory '/home/ubuntu/Github/validating-binary-decompilation/tests/compositional_artifacts_single_instruction_decompilation/movw_MINUS0x22__rbp____si'

Executing: cat /home/ubuntu/Github/validating-binary-decompilation/tests/compositional_artifacts_single_instruction_decompilation//movw_MINUS0x22__rbp____si/test.mod.ll
Running artifacts...Done.


Decompiling instr:movzwl %ax, %edi...
Instr: movzwl %ax, %edi
Workdir: /home/ubuntu/Github/validating-binary-decompilation/tests/compositional_artifacts_single_instruction_decompilation//movzwl__ax___edi
Generating artifacts...
Already Exists
Running artifacts...
Skip McSema run ...
Skip Declutter ...

Executing: cat /home/ubuntu/Github/validating-binary-decompilation/tests/compositional_artifacts_single_instruction_decompilation//movzwl__ax___edi/test.mod.ll
Running artifacts...Done.
Multiple defintions of @seg_4003a0__text
Multiple defintions of @seg_400548__eh_frame
FuncCache skipped: _ZN12_GLOBAL__N_1L5MOVZXI3RnWImE2RnItEEEP6MemoryS6_R5StateT_T0_
FuncCache inserted: routine_movzwl__ax___edi


Decompiling instr:movzwl %cx, %r8d...
Instr: movzwl %cx, %r8d
Workdir: /home/ubuntu/Github/validating-binary-decompilation/tests/compositional_artifacts_single_instruction_decompilation//movzwl__cx___r8d
Generating artifacts...
Already Exists
Running artifacts...
test.c:1:1: warning: return type of 'main' is not 'int' [-Wmain-return-type]
void main() {
^
test.c:1:1: note: change return type to 'int'
void main() {
^~~~
int
1 warning generated.

Executing: make -C /home/ubuntu/Github/validating-binary-decompilation/tests/compositional_artifacts_single_instruction_decompilation//movzwl__cx___r8d binary
make[1]: Entering directory '/home/ubuntu/Github/validating-binary-decompilation/tests/compositional_artifacts_single_instruction_decompilation/movzwl__cx___r8d'
clang -Os test.c -o test
make[1]: Leaving directory '/home/ubuntu/Github/validating-binary-decompilation/tests/compositional_artifacts_single_instruction_decompilation/movzwl__cx___r8d'

Executing: make -C /home/ubuntu/Github/validating-binary-decompilation/tests/compositional_artifacts_single_instruction_decompilation//movzwl__cx___r8d mcsema
make[1]: Entering directory '/home/ubuntu/Github/validating-binary-decompilation/tests/compositional_artifacts_single_instruction_decompilation/movzwl__cx___r8d'
mcsema-disass --disassembler /home/ubuntu/ida-6.95/idal64 --os linux --arch amd64_avx --output test.cfg --binary test --entrypoint main
mcsema-lift-4.0 --os linux --arch amd64_avx --cfg test.cfg --output test.bc -disable_dead_store_elimination -disable_optimizer
llvm-dis test.bc -o test.ll
make[1]: Leaving directory '/home/ubuntu/Github/validating-binary-decompilation/tests/compositional_artifacts_single_instruction_decompilation/movzwl__cx___r8d'

Executing: make -C /home/ubuntu/Github/validating-binary-decompilation/tests/compositional_artifacts_single_instruction_decompilation//movzwl__cx___r8d declutter
make[1]: Entering directory '/home/ubuntu/Github/validating-binary-decompilation/tests/compositional_artifacts_single_instruction_decompilation/movzwl__cx___r8d'
/home/ubuntu/Github/validating-binary-decompilation/tests/scripts//declutter.pl --file test.ll --norenameintrinsics --opc movzwl__cx___r8d
Expanding _ZN12_GLOBAL__N_1L5MOVZXI3RnWImE2RnItEEEP6MemoryS6_R5StateT_T0_...
Generatin test.mod.ll for opcode movzwl__cx___r8d ...
make[1]: Leaving directory '/home/ubuntu/Github/validating-binary-decompilation/tests/compositional_artifacts_single_instruction_decompilation/movzwl__cx___r8d'

Executing: cat /home/ubuntu/Github/validating-binary-decompilation/tests/compositional_artifacts_single_instruction_decompilation//movzwl__cx___r8d/test.mod.ll
Running artifacts...Done.
Multiple defintions of @seg_4003a0__text
Multiple defintions of @seg_400548__eh_frame
FuncCache skipped: _ZN12_GLOBAL__N_1L5MOVZXI3RnWImE2RnItEEEP6MemoryS6_R5StateT_T0_
FuncCache inserted: routine_movzwl__cx___r8d


Decompiling instr:movw %si, -0x40(%rbp)...
Instr: movw %si, -0x40(%rbp)
Workdir: /home/ubuntu/Github/validating-binary-decompilation/tests/compositional_artifacts_single_instruction_decompilation//movw__si__MINUS0x40__rbp_
Generating artifacts...
Generating artifacts... Done.
Running artifacts...
test.c:1:1: warning: return type of 'main' is not 'int' [-Wmain-return-type]
void main() {
^
test.c:1:1: note: change return type to 'int'
void main() {
^~~~
int
1 warning generated.
Could not generate a CFG. Try using the --log_file option to see an error log.
Traceback (most recent call last):
  File "/usr/local/bin/mcsema-disass", line 11, in <module>
    load_entry_point('mcsema-disass==2.0', 'console_scripts', 'mcsema-disass')()
  File "/usr/local/lib/python2.7/dist-packages/mcsema_disass-2.0-py2.7.egg/mcsema_disass/__main__.py", line 162, in main
    if 0 == os.path.getsize(args.output):
  File "/usr/lib/python2.7/genericpath.py", line 57, in getsize
    return os.stat(filename).st_size
OSError: [Errno 2] No such file or directory: '/home/ubuntu/Github/validating-binary-decompilation/tests/compositional_artifacts_single_instruction_decompilation/movw__si__MINUS0x40__rbp_/test.cfg'
make[1]: *** [mcsema] Error 1
make[1]: *** No rule to make target 'test.ll', needed by 'declutter'.  Stop.
cat: /home/ubuntu/Github/validating-binary-decompilation/tests/compositional_artifacts_single_instruction_decompilation//movw__si__MINUS0x40__rbp_/test.mod.ll: No such file or directory

Executing: make -C /home/ubuntu/Github/validating-binary-decompilation/tests/compositional_artifacts_single_instruction_decompilation//movw__si__MINUS0x40__rbp_ binary
make[1]: Entering directory '/home/ubuntu/Github/validating-binary-decompilation/tests/compositional_artifacts_single_instruction_decompilation/movw__si__MINUS0x40__rbp_'
clang -Os test.c -o test
make[1]: Leaving directory '/home/ubuntu/Github/validating-binary-decompilation/tests/compositional_artifacts_single_instruction_decompilation/movw__si__MINUS0x40__rbp_'

Executing: make -C /home/ubuntu/Github/validating-binary-decompilation/tests/compositional_artifacts_single_instruction_decompilation//movw__si__MINUS0x40__rbp_ mcsema
make[1]: Entering directory '/home/ubuntu/Github/validating-binary-decompilation/tests/compositional_artifacts_single_instruction_decompilation/movw__si__MINUS0x40__rbp_'
mcsema-disass --disassembler /home/ubuntu/ida-6.95/idal64 --os linux --arch amd64_avx --output test.cfg --binary test --entrypoint main
Makefile:9: recipe for target 'mcsema' failed
make[1]: Leaving directory '/home/ubuntu/Github/validating-binary-decompilation/tests/compositional_artifacts_single_instruction_decompilation/movw__si__MINUS0x40__rbp_'

Executing: make -C /home/ubuntu/Github/validating-binary-decompilation/tests/compositional_artifacts_single_instruction_decompilation//movw__si__MINUS0x40__rbp_ declutter
make[1]: Entering directory '/home/ubuntu/Github/validating-binary-decompilation/tests/compositional_artifacts_single_instruction_decompilation/movw__si__MINUS0x40__rbp_'
make[1]: Leaving directory '/home/ubuntu/Github/validating-binary-decompilation/tests/compositional_artifacts_single_instruction_decompilation/movw__si__MINUS0x40__rbp_'

Executing: cat /home/ubuntu/Github/validating-binary-decompilation/tests/compositional_artifacts_single_instruction_decompilation//movw__si__MINUS0x40__rbp_/test.mod.ll
Running artifacts...Done.


Decompiling instr:movl %r8d, %esi...
Instr: movl %r8d, %esi
Workdir: /home/ubuntu/Github/validating-binary-decompilation/tests/compositional_artifacts_single_instruction_decompilation//movl__r8d___esi
Generating artifacts...
Already Exists
Running artifacts...
Skip McSema run ...
Skip Declutter ...

Executing: cat /home/ubuntu/Github/validating-binary-decompilation/tests/compositional_artifacts_single_instruction_decompilation//movl__r8d___esi/test.mod.ll
Running artifacts...Done.
Multiple defintions of @seg_4003a0__text
Multiple defintions of @seg_400548__eh_frame
FuncCache skipped: _ZN12_GLOBAL__N_1L3MOVI3RnWImE2RnIjEEEP6MemoryS6_R5StateT_T0_
FuncCache inserted: routine_movl__r8d___esi


Decompiling instr:movzwl %dx, %edx...
Instr: movzwl %dx, %edx
Workdir: /home/ubuntu/Github/validating-binary-decompilation/tests/compositional_artifacts_single_instruction_decompilation//movzwl__dx___edx
Generating artifacts...
Already Exists
Running artifacts...
Skip McSema run ...
Skip Declutter ...

Executing: cat /home/ubuntu/Github/validating-binary-decompilation/tests/compositional_artifacts_single_instruction_decompilation//movzwl__dx___edx/test.mod.ll
Running artifacts...Done.
Multiple defintions of @seg_4003a0__text
Multiple defintions of @seg_400548__eh_frame
FuncCache skipped: _ZN12_GLOBAL__N_1L5MOVZXI3RnWImE2RnItEEEP6MemoryS6_R5StateT_T0_
FuncCache inserted: routine_movzwl__dx___edx


Decompiling instr:movw -0x40(%rbp), %ax...
Instr: movw -0x40(%rbp), %ax
Workdir: /home/ubuntu/Github/validating-binary-decompilation/tests/compositional_artifacts_single_instruction_decompilation//movw_MINUS0x40__rbp____ax
Generating artifacts...
Already Exists
Running artifacts...
test.c:1:1: warning: return type of 'main' is not 'int' [-Wmain-return-type]
void main() {
^
test.c:1:1: note: change return type to 'int'
void main() {
^~~~
int
1 warning generated.
Could not generate a CFG. Try using the --log_file option to see an error log.
Traceback (most recent call last):
  File "/usr/local/bin/mcsema-disass", line 11, in <module>
    load_entry_point('mcsema-disass==2.0', 'console_scripts', 'mcsema-disass')()
  File "/usr/local/lib/python2.7/dist-packages/mcsema_disass-2.0-py2.7.egg/mcsema_disass/__main__.py", line 162, in main
    if 0 == os.path.getsize(args.output):
  File "/usr/lib/python2.7/genericpath.py", line 57, in getsize
    return os.stat(filename).st_size
OSError: [Errno 2] No such file or directory: '/home/ubuntu/Github/validating-binary-decompilation/tests/compositional_artifacts_single_instruction_decompilation/movw_MINUS0x40__rbp____ax/test.cfg'
make[1]: *** [mcsema] Error 1

Executing: make -C /home/ubuntu/Github/validating-binary-decompilation/tests/compositional_artifacts_single_instruction_decompilation//movw_MINUS0x40__rbp____ax binary
make[1]: Entering directory '/home/ubuntu/Github/validating-binary-decompilation/tests/compositional_artifacts_single_instruction_decompilation/movw_MINUS0x40__rbp____ax'
clang -Os test.c -o test
make[1]: Leaving directory '/home/ubuntu/Github/validating-binary-decompilation/tests/compositional_artifacts_single_instruction_decompilation/movw_MINUS0x40__rbp____ax'

Executing: make -C /home/ubuntu/Github/validating-binary-decompilation/tests/compositional_artifacts_single_instruction_decompilation//movw_MINUS0x40__rbp____ax mcsema
make[1]: Entering directory '/home/ubuntu/Github/validating-binary-decompilation/tests/compositional_artifacts_single_instruction_decompilation/movw_MINUS0x40__rbp____ax'
mcsema-disass --disassembler /home/ubuntu/ida-6.95/idal64 --os linux --arch amd64_avx --output test.cfg --binary test --entrypoint main
Makefile:9: recipe for target 'mcsema' failed
make[1]: Leaving directory '/home/ubuntu/Github/validating-binary-decompilation/tests/compositional_artifacts_single_instruction_decompilation/movw_MINUS0x40__rbp____ax'

Executing: make -C /home/ubuntu/Github/validating-binary-decompilation/tests/compositional_artifacts_single_instruction_decompilation//movw_MINUS0x40__rbp____ax declutter
make[1]: Entering directory '/home/ubuntu/Github/validating-binary-decompilation/tests/compositional_artifacts_single_instruction_decompilation/movw_MINUS0x40__rbp____ax'
/home/ubuntu/Github/validating-binary-decompilation/tests/scripts//declutter.pl --file test.ll --norenameintrinsics --opc movw_MINUS0x40__rbp____ax
Expanding _ZN12_GLOBAL__N_1L3MOVI3RnWItE2MnItEEEP6MemoryS6_R5StateT_T0_...
Generatin test.mod.ll for opcode movw_MINUS0x40__rbp____ax ...
make[1]: Leaving directory '/home/ubuntu/Github/validating-binary-decompilation/tests/compositional_artifacts_single_instruction_decompilation/movw_MINUS0x40__rbp____ax'

Executing: cat /home/ubuntu/Github/validating-binary-decompilation/tests/compositional_artifacts_single_instruction_decompilation//movw_MINUS0x40__rbp____ax/test.mod.ll
Running artifacts...Done.
Multiple defintions of @seg_4003a0__text
Multiple defintions of @seg_400548__eh_frame
FuncCache skipped: _ZN12_GLOBAL__N_1L3MOVI3RnWItE2MnItEEEP6MemoryS6_R5StateT_T0_
FuncCache inserted: routine_movw_MINUS0x40__rbp____ax


Decompiling instr:movzwl %ax, %ecx...
Instr: movzwl %ax, %ecx
Workdir: /home/ubuntu/Github/validating-binary-decompilation/tests/compositional_artifacts_single_instruction_decompilation//movzwl__ax___ecx
Generating artifacts...
Already Exists
Running artifacts...
Skip McSema run ...
Skip Declutter ...

Executing: cat /home/ubuntu/Github/validating-binary-decompilation/tests/compositional_artifacts_single_instruction_decompilation//movzwl__ax___ecx/test.mod.ll
Running artifacts...Done.
Multiple defintions of @seg_4003a0__text
Multiple defintions of @seg_400548__eh_frame
FuncCache skipped: _ZN12_GLOBAL__N_1L5MOVZXI3RnWImE2RnItEEEP6MemoryS6_R5StateT_T0_
FuncCache skipped: routine_movzwl__ax___ecx


Decompiling instr:movzwl -0x24(%rbp), %r8d...
Instr: movzwl -0x24(%rbp), %r8d
Workdir: /home/ubuntu/Github/validating-binary-decompilation/tests/compositional_artifacts_single_instruction_decompilation//movzwl_MINUS0x24__rbp____r8d
Generating artifacts...
Already Exists
Running artifacts...
Skip McSema run ...
Skip Declutter ...

Executing: cat /home/ubuntu/Github/validating-binary-decompilation/tests/compositional_artifacts_single_instruction_decompilation//movzwl_MINUS0x24__rbp____r8d/test.mod.ll
Running artifacts...Done.
Multiple defintions of @seg_4003a0__text
Multiple defintions of @seg_400548__eh_frame
FuncCache skipped: _ZN12_GLOBAL__N_1L5MOVZXI3RnWImE2MnItEEEP6MemoryS6_R5StateT_T0_
FuncCache skipped: routine_movzwl_MINUS0x24__rbp____r8d


Decompiling instr:callq ._Z26check_shifted_variable_sumIt28custom_sub_multiple_variableItEEvT_S2_S2_S2_S2_...
Instr: callq ._Z26check_shifted_variable_sumIt28custom_sub_multiple_variableItEEvT_S2_S2_S2_S2_
Workdir: /home/ubuntu/Github/validating-binary-decompilation/tests/compositional_artifacts_single_instruction_decompilation//callq_._Z26check_shifted_variable_sumIt28custom_sub_multiple_variableItEEvT_S2_S2_S2_S2_
Generating artifacts...
Generating artifacts... Done.
Running artifacts...
test.c:1:1: warning: return type of 'main' is not 'int' [-Wmain-return-type]
void main() {
^
test.c:1:1: note: change return type to 'int'
void main() {
^~~~
int
1 warning generated.

Executing: make -C /home/ubuntu/Github/validating-binary-decompilation/tests/compositional_artifacts_single_instruction_decompilation//callq_._Z26check_shifted_variable_sumIt28custom_sub_multiple_variableItEEvT_S2_S2_S2_S2_ binary
make[1]: Entering directory '/home/ubuntu/Github/validating-binary-decompilation/tests/compositional_artifacts_single_instruction_decompilation/callq_._Z26check_shifted_variable_sumIt28custom_sub_multiple_variableItEEvT_S2_S2_S2_S2_'
clang -Os test.c -o test
make[1]: Leaving directory '/home/ubuntu/Github/validating-binary-decompilation/tests/compositional_artifacts_single_instruction_decompilation/callq_._Z26check_shifted_variable_sumIt28custom_sub_multiple_variableItEEvT_S2_S2_S2_S2_'

Executing: make -C /home/ubuntu/Github/validating-binary-decompilation/tests/compositional_artifacts_single_instruction_decompilation//callq_._Z26check_shifted_variable_sumIt28custom_sub_multiple_variableItEEvT_S2_S2_S2_S2_ mcsema
make[1]: Entering directory '/home/ubuntu/Github/validating-binary-decompilation/tests/compositional_artifacts_single_instruction_decompilation/callq_._Z26check_shifted_variable_sumIt28custom_sub_multiple_variableItEEvT_S2_S2_S2_S2_'
mcsema-disass --disassembler /home/ubuntu/ida-6.95/idal64 --os linux --arch amd64_avx --output test.cfg --binary test --entrypoint main
mcsema-lift-4.0 --os linux --arch amd64_avx --cfg test.cfg --output test.bc -disable_dead_store_elimination -disable_optimizer
llvm-dis test.bc -o test.ll
make[1]: Leaving directory '/home/ubuntu/Github/validating-binary-decompilation/tests/compositional_artifacts_single_instruction_decompilation/callq_._Z26check_shifted_variable_sumIt28custom_sub_multiple_variableItEEvT_S2_S2_S2_S2_'

Executing: make -C /home/ubuntu/Github/validating-binary-decompilation/tests/compositional_artifacts_single_instruction_decompilation//callq_._Z26check_shifted_variable_sumIt28custom_sub_multiple_variableItEEvT_S2_S2_S2_S2_ declutter
make[1]: Entering directory '/home/ubuntu/Github/validating-binary-decompilation/tests/compositional_artifacts_single_instruction_decompilation/callq_._Z26check_shifted_variable_sumIt28custom_sub_multiple_variableItEEvT_S2_S2_S2_S2_'
/home/ubuntu/Github/validating-binary-decompilation/tests/scripts//declutter.pl --file test.ll --norenameintrinsics --opc callq_._Z26check_shifted_variable_sumIt28custom_sub_multiple_variableItEEvT_S2_S2_S2_S2_
Expanding _ZN12_GLOBAL__N_1L4CALLI2InImEEEP6MemoryS4_R5StateT_S2_...
Generatin test.mod.ll for opcode callq_._Z26check_shifted_variable_sumIt28custom_sub_multiple_variableItEEvT_S2_S2_S2_S2_ ...
make[1]: Leaving directory '/home/ubuntu/Github/validating-binary-decompilation/tests/compositional_artifacts_single_instruction_decompilation/callq_._Z26check_shifted_variable_sumIt28custom_sub_multiple_variableItEEvT_S2_S2_S2_S2_'

Executing: cat /home/ubuntu/Github/validating-binary-decompilation/tests/compositional_artifacts_single_instruction_decompilation//callq_._Z26check_shifted_variable_sumIt28custom_sub_multiple_variableItEEvT_S2_S2_S2_S2_/test.mod.ll
Running artifacts...Done.
Multiple defintions of @seg_4003a0__text
Multiple defintions of @seg_400548__eh_frame
FuncCache skipped: _ZN12_GLOBAL__N_1L4CALLI2InImEEEP6MemoryS4_R5StateT_S2_
FuncCache inserted: routine_callq_._Z26check_shifted_variable_sumIt28custom_sub_multiple_variableItEEvT_S2_S2_S2_S2_


Decompiling instr:movl -0x34(%rbp), %eax...
Instr: movl -0x34(%rbp), %eax
Workdir: /home/ubuntu/Github/validating-binary-decompilation/tests/compositional_artifacts_single_instruction_decompilation//movl_MINUS0x34__rbp____eax
Generating artifacts...
Already Exists
Running artifacts...
Skip McSema run ...
Skip Declutter ...

Executing: cat /home/ubuntu/Github/validating-binary-decompilation/tests/compositional_artifacts_single_instruction_decompilation//movl_MINUS0x34__rbp____eax/test.mod.ll
Running artifacts...Done.
Multiple defintions of @seg_4003a0__text
Multiple defintions of @seg_400548__eh_frame
FuncCache skipped: _ZN12_GLOBAL__N_1L3MOVI3RnWImE2MnIjEEEP6MemoryS6_R5StateT_T0_
FuncCache skipped: routine_movl_MINUS0x34__rbp____eax


Decompiling instr:addl $0x1, %eax...
Instr: addl $0x1, %eax
Workdir: /home/ubuntu/Github/validating-binary-decompilation/tests/compositional_artifacts_single_instruction_decompilation//addl__0x1___eax
Generating artifacts...
Already Exists
Running artifacts...
Skip McSema run ...
Skip Declutter ...

Executing: cat /home/ubuntu/Github/validating-binary-decompilation/tests/compositional_artifacts_single_instruction_decompilation//addl__0x1___eax/test.mod.ll
Running artifacts...Done.
Multiple defintions of @seg_4003a0__text
Multiple defintions of @seg_400548__eh_frame
FuncCache skipped: _ZN12_GLOBAL__N_1L3ADDI3RnWImE2RnIjE2InIjEEEP6MemoryS8_R5StateT_T0_T1_
FuncCache skipped: routine_addl__0x1___eax


Decompiling instr:movl %eax, -0x34(%rbp)...
Instr: movl %eax, -0x34(%rbp)
Workdir: /home/ubuntu/Github/validating-binary-decompilation/tests/compositional_artifacts_single_instruction_decompilation//movl__eax__MINUS0x34__rbp_
Generating artifacts...
Already Exists
Running artifacts...
Skip McSema run ...
Skip Declutter ...

Executing: cat /home/ubuntu/Github/validating-binary-decompilation/tests/compositional_artifacts_single_instruction_decompilation//movl__eax__MINUS0x34__rbp_/test.mod.ll
Running artifacts...Done.
Multiple defintions of @seg_4003a0__text
Multiple defintions of @seg_400548__eh_frame
FuncCache skipped: _ZN12_GLOBAL__N_1L3MOVI3MnWIjE2RnIjEEEP6MemoryS6_R5StateT_T0_
FuncCache inserted: routine_movl__eax__MINUS0x34__rbp_


Decompiling instr:jmpq .L_4066b7...
Instr: jmpq .L_4066b7
Workdir: /home/ubuntu/Github/validating-binary-decompilation/tests/compositional_artifacts_single_instruction_decompilation//jmpq_.L_4066b7
Generating artifacts...
Generating artifacts... Done.
Running artifacts...
test.c:1:1: warning: return type of 'main' is not 'int' [-Wmain-return-type]
void main() {
^
test.c:1:1: note: change return type to 'int'
void main() {
^~~~
int
1 warning generated.

Executing: make -C /home/ubuntu/Github/validating-binary-decompilation/tests/compositional_artifacts_single_instruction_decompilation//jmpq_.L_4066b7 binary
make[1]: Entering directory '/home/ubuntu/Github/validating-binary-decompilation/tests/compositional_artifacts_single_instruction_decompilation/jmpq_.L_4066b7'
clang -Os test.c -o test
make[1]: Leaving directory '/home/ubuntu/Github/validating-binary-decompilation/tests/compositional_artifacts_single_instruction_decompilation/jmpq_.L_4066b7'

Executing: make -C /home/ubuntu/Github/validating-binary-decompilation/tests/compositional_artifacts_single_instruction_decompilation//jmpq_.L_4066b7 mcsema
make[1]: Entering directory '/home/ubuntu/Github/validating-binary-decompilation/tests/compositional_artifacts_single_instruction_decompilation/jmpq_.L_4066b7'
mcsema-disass --disassembler /home/ubuntu/ida-6.95/idal64 --os linux --arch amd64_avx --output test.cfg --binary test --entrypoint main
mcsema-lift-4.0 --os linux --arch amd64_avx --cfg test.cfg --output test.bc -disable_dead_store_elimination -disable_optimizer
llvm-dis test.bc -o test.ll
make[1]: Leaving directory '/home/ubuntu/Github/validating-binary-decompilation/tests/compositional_artifacts_single_instruction_decompilation/jmpq_.L_4066b7'

Executing: make -C /home/ubuntu/Github/validating-binary-decompilation/tests/compositional_artifacts_single_instruction_decompilation//jmpq_.L_4066b7 declutter
make[1]: Entering directory '/home/ubuntu/Github/validating-binary-decompilation/tests/compositional_artifacts_single_instruction_decompilation/jmpq_.L_4066b7'
/home/ubuntu/Github/validating-binary-decompilation/tests/scripts//declutter.pl --file test.ll --norenameintrinsics --opc jmpq_.L_4066b7
Expanding _ZN12_GLOBAL__N_1L3JMPI2InImEEEP6MemoryS4_R5StateT_...
Generatin test.mod.ll for opcode jmpq_.L_4066b7 ...
make[1]: Leaving directory '/home/ubuntu/Github/validating-binary-decompilation/tests/compositional_artifacts_single_instruction_decompilation/jmpq_.L_4066b7'

Executing: cat /home/ubuntu/Github/validating-binary-decompilation/tests/compositional_artifacts_single_instruction_decompilation//jmpq_.L_4066b7/test.mod.ll
Running artifacts...Done.
Multiple defintions of @seg_4003a0__text
Multiple defintions of @seg_400548__eh_frame
FuncCache skipped: _ZN12_GLOBAL__N_1L3JMPI2InImEEEP6MemoryS4_R5StateT_
FuncCache inserted: routine_jmpq_.L_4066b7


Decompiling instr:.L_40677a:...


Decompiling instr:callq ._Z5timerv...
Instr: callq ._Z5timerv
Workdir: /home/ubuntu/Github/validating-binary-decompilation/tests/compositional_artifacts_single_instruction_decompilation//callq_._Z5timerv
Generating artifacts...
Already Exists
Running artifacts...
Skip McSema run ...
Skip Declutter ...

Executing: cat /home/ubuntu/Github/validating-binary-decompilation/tests/compositional_artifacts_single_instruction_decompilation//callq_._Z5timerv/test.mod.ll
Running artifacts...Done.
Multiple defintions of @seg_4003a0__text
Multiple defintions of @seg_400548__eh_frame
FuncCache skipped: _ZN12_GLOBAL__N_1L4CALLI2InImEEEP6MemoryS4_R5StateT_S2_
FuncCache inserted: routine_callq_._Z5timerv


Decompiling instr:movq -0x30(%rbp), %rdi...
Instr: movq -0x30(%rbp), %rdi
Workdir: /home/ubuntu/Github/validating-binary-decompilation/tests/compositional_artifacts_single_instruction_decompilation//movq_MINUS0x30__rbp____rdi
Generating artifacts...
Already Exists
Running artifacts...
Skip McSema run ...
Skip Declutter ...

Executing: cat /home/ubuntu/Github/validating-binary-decompilation/tests/compositional_artifacts_single_instruction_decompilation//movq_MINUS0x30__rbp____rdi/test.mod.ll
Running artifacts...Done.
Multiple defintions of @seg_4003a0__text
Multiple defintions of @seg_400548__eh_frame
FuncCache skipped: _ZN12_GLOBAL__N_1L3MOVI3RnWImE2MnImEEEP6MemoryS6_R5StateT_T0_
FuncCache inserted: routine_movq_MINUS0x30__rbp____rdi


Decompiling instr:callq ._Z13record_resultdPKc...
Instr: callq ._Z13record_resultdPKc
Workdir: /home/ubuntu/Github/validating-binary-decompilation/tests/compositional_artifacts_single_instruction_decompilation//callq_._Z13record_resultdPKc
Generating artifacts...
Already Exists
Running artifacts...
Skip McSema run ...
Skip Declutter ...

Executing: cat /home/ubuntu/Github/validating-binary-decompilation/tests/compositional_artifacts_single_instruction_decompilation//callq_._Z13record_resultdPKc/test.mod.ll
Running artifacts...Done.
Multiple defintions of @seg_4003a0__text
Multiple defintions of @seg_400548__eh_frame
FuncCache skipped: _ZN12_GLOBAL__N_1L4CALLI2InImEEEP6MemoryS4_R5StateT_S2_
FuncCache inserted: routine_callq_._Z13record_resultdPKc


Decompiling instr:addq $0x30, %rsp...
Instr: addq $0x30, %rsp
Workdir: /home/ubuntu/Github/validating-binary-decompilation/tests/compositional_artifacts_single_instruction_decompilation//addq__0x30___rsp
Generating artifacts...
Already Exists
Running artifacts...
Skip McSema run ...
Skip Declutter ...

Executing: cat /home/ubuntu/Github/validating-binary-decompilation/tests/compositional_artifacts_single_instruction_decompilation//addq__0x30___rsp/test.mod.ll
Running artifacts...Done.
Multiple defintions of @seg_4003a0__text
Multiple defintions of @seg_400548__eh_frame
FuncCache inserted: _ZN12_GLOBAL__N_1L3ADDI3RnWImE2RnImE2InImEEEP6MemoryS8_R5StateT_T0_T1_
FuncCache inserted: routine_addq__0x30___rsp


Decompiling instr:popq %rbx...
Instr: popq %rbx
Workdir: /home/ubuntu/Github/validating-binary-decompilation/tests/compositional_artifacts_single_instruction_decompilation//popq__rbx
Generating artifacts...
Already Exists
Running artifacts...
Skip McSema run ...
Skip Declutter ...

Executing: cat /home/ubuntu/Github/validating-binary-decompilation/tests/compositional_artifacts_single_instruction_decompilation//popq__rbx/test.mod.ll
Running artifacts...Done.
Multiple defintions of @seg_4003a0__text
FuncCache inserted: _ZN12_GLOBAL__N_1L3POPI3RnWImEEEP6MemoryS4_R5StateT_
FuncCache inserted: routine_popq__rbx


Decompiling instr:popq %r14...
Instr: popq %r14
Workdir: /home/ubuntu/Github/validating-binary-decompilation/tests/compositional_artifacts_single_instruction_decompilation//popq__r14
Generating artifacts...
Already Exists
Running artifacts...
Skip McSema run ...
Skip Declutter ...

Executing: cat /home/ubuntu/Github/validating-binary-decompilation/tests/compositional_artifacts_single_instruction_decompilation//popq__r14/test.mod.ll
Running artifacts...Done.
Multiple defintions of @seg_4003a0__text
Multiple defintions of @seg_400548__eh_frame
FuncCache skipped: _ZN12_GLOBAL__N_1L3POPI3RnWImEEEP6MemoryS4_R5StateT_
FuncCache inserted: routine_popq__r14


Decompiling instr:popq %rbp...
Instr: popq %rbp
Workdir: /home/ubuntu/Github/validating-binary-decompilation/tests/compositional_artifacts_single_instruction_decompilation//popq__rbp
Generating artifacts...
Already Exists
Running artifacts...
Skip McSema run ...
Skip Declutter ...

Executing: cat /home/ubuntu/Github/validating-binary-decompilation/tests/compositional_artifacts_single_instruction_decompilation//popq__rbp/test.mod.ll
Running artifacts...Done.
Multiple defintions of @seg_4003a0__text
FuncCache skipped: _ZN12_GLOBAL__N_1L3POPI3RnWImEEEP6MemoryS4_R5StateT_
FuncCache inserted: routine_popq__rbp


Decompiling instr:retq...
Instr: retq
Workdir: /home/ubuntu/Github/validating-binary-decompilation/tests/compositional_artifacts_single_instruction_decompilation//retq
Generating artifacts...
Already Exists
Running artifacts...
Skip McSema run ...
Skip Declutter ...

Executing: cat /home/ubuntu/Github/validating-binary-decompilation/tests/compositional_artifacts_single_instruction_decompilation//retq/test.mod.ll
Running artifacts...Done.
Multiple defintions of @seg_4003a0__text
FuncCache inserted: _ZN12_GLOBAL__N_1L3RETEP6MemoryR5State
FuncCache inserted: routine_retq
Decompiling Function: _Z14test_variable4It28custom_sub_multiple_variableItEEvPT_iS2_S2_S2_S2_PKc Done.



Writing to mcsema/test.proposed.ll ...
Decompiling: Done.

