
Bubblesort/Rand
=======
make: Entering directory '/home/ubuntu/Github/validating-binary-decompilation/tests/program_translation_validation/single-source-benchmark/Bubblesort/Rand'
/home/ubuntu/Github/validating-binary-decompilation/source/build/bin//matcher --file1 ../binary/test.mcsema.opt.ll:Rand --file2 mcsema/test.proposed.opt.ll:Rand 1>match.log 2>&1
Makefile:21: recipe for target 'match' failed
make: Leaving directory '/home/ubuntu/Github/validating-binary-decompilation/tests/program_translation_validation/single-source-benchmark/Bubblesort/Rand'
make: *** [match] Error 134

chomp/valid_data
=======
make: Entering directory '/home/ubuntu/Github/validating-binary-decompilation/tests/program_translation_validation/single-source-benchmark/chomp/valid_data'
/home/ubuntu/Github/validating-binary-decompilation/source/build/bin//matcher --file1 ../binary/test.mcsema.opt.ll:valid_data --file2 mcsema/test.proposed.opt.ll:valid_data 1>match.log 2>&1
Makefile:21: recipe for target 'match' failed
make: Leaving directory '/home/ubuntu/Github/validating-binary-decompilation/tests/program_translation_validation/single-source-benchmark/chomp/valid_data'
make: *** [match] Error 134

exptree/getInput
=======
make: Entering directory '/home/ubuntu/Github/validating-binary-decompilation/tests/program_translation_validation/single-source-benchmark/exptree/getInput'
/home/ubuntu/Github/validating-binary-decompilation/source/build/bin//matcher --file1 ../binary/test.mcsema.opt.ll:getInput --file2 mcsema/test.proposed.opt.ll:getInput 1>match.log 2>&1
Makefile:21: recipe for target 'match' failed
make: Leaving directory '/home/ubuntu/Github/validating-binary-decompilation/tests/program_translation_validation/single-source-benchmark/exptree/getInput'
make: *** [match] Error 134

exptree/newCombList
=======
make: Entering directory '/home/ubuntu/Github/validating-binary-decompilation/tests/program_translation_validation/single-source-benchmark/exptree/newCombList'
make: Leaving directory '/home/ubuntu/Github/validating-binary-decompilation/tests/program_translation_validation/single-source-benchmark/exptree/newCombList'
make: *** No rule to make target 'mcsema/test.proposed.opt.ll', needed by 'match'.  Stop.

exptree/newWorkList
=======
make: Entering directory '/home/ubuntu/Github/validating-binary-decompilation/tests/program_translation_validation/single-source-benchmark/exptree/newWorkList'
make: Leaving directory '/home/ubuntu/Github/validating-binary-decompilation/tests/program_translation_validation/single-source-benchmark/exptree/newWorkList'
make: *** No rule to make target 'mcsema/test.proposed.opt.ll', needed by 'match'.  Stop.

exptree/recSearch
=======
make: Entering directory '/home/ubuntu/Github/validating-binary-decompilation/tests/program_translation_validation/single-source-benchmark/exptree/recSearch'
/home/ubuntu/Github/validating-binary-decompilation/source/build/bin//matcher --file1 ../binary/test.mcsema.opt.ll:recSearch --file2 mcsema/test.proposed.opt.ll:recSearch 1>match.log 2>&1
Makefile:21: recipe for target 'match' failed
make: Leaving directory '/home/ubuntu/Github/validating-binary-decompilation/tests/program_translation_validation/single-source-benchmark/exptree/recSearch'
make: *** [match] Error 134

fbench/transit_surface
=======
make: Entering directory '/home/ubuntu/Github/validating-binary-decompilation/tests/program_translation_validation/single-source-benchmark/fbench/transit_surface'
/home/ubuntu/Github/validating-binary-decompilation/source/build/bin//matcher --file1 ../binary/test.mcsema.opt.ll:transit_surface --file2 mcsema/test.proposed.opt.ll:transit_surface 1>match.log 2>&1
Makefile:21: recipe for target 'match' failed
make: Leaving directory '/home/ubuntu/Github/validating-binary-decompilation/tests/program_translation_validation/single-source-benchmark/fbench/transit_surface'
make: *** [match] Error 134

fasta/main
=======
make: Entering directory '/home/ubuntu/Github/validating-binary-decompilation/tests/program_translation_validation/single-source-benchmark/fasta/main'
/home/ubuntu/Github/validating-binary-decompilation/source/build/bin//matcher --file1 ../binary/test.mcsema.opt.ll:main --file2 mcsema/test.proposed.opt.ll:main 1>match.log 2>&1
Makefile:21: recipe for target 'match' failed
make: Leaving directory '/home/ubuntu/Github/validating-binary-decompilation/tests/program_translation_validation/single-source-benchmark/fasta/main'
make: *** [match] Error 134

ffbench/main
=======
make: Entering directory '/home/ubuntu/Github/validating-binary-decompilation/tests/program_translation_validation/single-source-benchmark/ffbench/main'
/home/ubuntu/Github/validating-binary-decompilation/source/build/bin//matcher --file1 ../binary/test.mcsema.opt.ll:main --file2 mcsema/test.proposed.opt.ll:main 1>match.log 2>&1
Makefile:21: recipe for target 'match' failed
make: Leaving directory '/home/ubuntu/Github/validating-binary-decompilation/tests/program_translation_validation/single-source-benchmark/ffbench/main'
make: *** [match] Error 134

FloatMM/Rand
=======
make: Entering directory '/home/ubuntu/Github/validating-binary-decompilation/tests/program_translation_validation/single-source-benchmark/FloatMM/Rand'
/home/ubuntu/Github/validating-binary-decompilation/source/build/bin//matcher --file1 ../binary/test.mcsema.opt.ll:Rand --file2 mcsema/test.proposed.opt.ll:Rand 1>match.log 2>&1
Makefile:21: recipe for target 'match' failed
make: Leaving directory '/home/ubuntu/Github/validating-binary-decompilation/tests/program_translation_validation/single-source-benchmark/FloatMM/Rand'
make: *** [match] Error 134

himenobmtxpa/mflops
=======
make: Entering directory '/home/ubuntu/Github/validating-binary-decompilation/tests/program_translation_validation/single-source-benchmark/himenobmtxpa/mflops'
/home/ubuntu/Github/validating-binary-decompilation/source/build/bin//matcher --file1 ../binary/test.mcsema.opt.ll:mflops --file2 mcsema/test.proposed.opt.ll:mflops 1>match.log 2>&1
Makefile:21: recipe for target 'match' failed
make: Leaving directory '/home/ubuntu/Github/validating-binary-decompilation/tests/program_translation_validation/single-source-benchmark/himenobmtxpa/mflops'
make: *** [match] Error 134

fldry/Proc7
=======
make: Entering directory '/home/ubuntu/Github/validating-binary-decompilation/tests/program_translation_validation/single-source-benchmark/fldry/Proc7'
/home/ubuntu/Github/validating-binary-decompilation/source/build/bin//matcher --file1 ../binary/test.mcsema.opt.ll:Proc7 --file2 mcsema/test.proposed.opt.ll:Proc7 1>match.log 2>&1
Makefile:21: recipe for target 'match' failed
make: Leaving directory '/home/ubuntu/Github/validating-binary-decompilation/tests/program_translation_validation/single-source-benchmark/fldry/Proc7'
make: *** [match] Error 134

dry/Proc3
=======
make: Entering directory '/home/ubuntu/Github/validating-binary-decompilation/tests/program_translation_validation/single-source-benchmark/dry/Proc3'
/home/ubuntu/Github/validating-binary-decompilation/source/build/bin//matcher --file1 ../binary/test.mcsema.opt.ll:Proc3 --file2 mcsema/test.proposed.opt.ll:Proc3 1>match.log 2>&1
Makefile:21: recipe for target 'match' failed
make: Leaving directory '/home/ubuntu/Github/validating-binary-decompilation/tests/program_translation_validation/single-source-benchmark/dry/Proc3'
make: *** [match] Error 134

fldry/Proc3
=======
make: Entering directory '/home/ubuntu/Github/validating-binary-decompilation/tests/program_translation_validation/single-source-benchmark/fldry/Proc3'
/home/ubuntu/Github/validating-binary-decompilation/source/build/bin//matcher --file1 ../binary/test.mcsema.opt.ll:Proc3 --file2 mcsema/test.proposed.opt.ll:Proc3 1>match.log 2>&1
Makefile:21: recipe for target 'match' failed
make: Leaving directory '/home/ubuntu/Github/validating-binary-decompilation/tests/program_translation_validation/single-source-benchmark/fldry/Proc3'
make: *** [match] Error 134

fldry/Proc1
=======
make: Entering directory '/home/ubuntu/Github/validating-binary-decompilation/tests/program_translation_validation/single-source-benchmark/fldry/Proc1'
/home/ubuntu/Github/validating-binary-decompilation/source/build/bin//matcher --file1 ../binary/test.mcsema.opt.ll:Proc1 --file2 mcsema/test.proposed.opt.ll:Proc1 1>match.log 2>&1
Makefile:21: recipe for target 'match' failed
make: Leaving directory '/home/ubuntu/Github/validating-binary-decompilation/tests/program_translation_validation/single-source-benchmark/fldry/Proc1'
make: *** [match] Error 134

IntMM/Rand
=======
make: Entering directory '/home/ubuntu/Github/validating-binary-decompilation/tests/program_translation_validation/single-source-benchmark/IntMM/Rand'
/home/ubuntu/Github/validating-binary-decompilation/source/build/bin//matcher --file1 ../binary/test.mcsema.opt.ll:Rand --file2 mcsema/test.proposed.opt.ll:Rand 1>match.log 2>&1
Makefile:21: recipe for target 'match' failed
make: Leaving directory '/home/ubuntu/Github/validating-binary-decompilation/tests/program_translation_validation/single-source-benchmark/IntMM/Rand'
make: *** [match] Error 134

dynprog/xmalloc
=======
make: Entering directory '/home/ubuntu/Github/validating-binary-decompilation/tests/program_translation_validation/single-source-benchmark/dynprog/xmalloc'
/home/ubuntu/Github/validating-binary-decompilation/source/build/bin//matcher --file1 ../binary/test.mcsema.opt.ll:xmalloc --file2 mcsema/test.proposed.opt.ll:xmalloc 1>match.log 2>&1
Makefile:21: recipe for target 'match' failed
make: Leaving directory '/home/ubuntu/Github/validating-binary-decompilation/tests/program_translation_validation/single-source-benchmark/dynprog/xmalloc'
make: *** [match] Error 134

2mm/xmalloc
=======
make: Entering directory '/home/ubuntu/Github/validating-binary-decompilation/tests/program_translation_validation/single-source-benchmark/2mm/xmalloc'
/home/ubuntu/Github/validating-binary-decompilation/source/build/bin//matcher --file1 ../binary/test.mcsema.opt.ll:xmalloc --file2 mcsema/test.proposed.opt.ll:xmalloc 1>match.log 2>&1
Makefile:21: recipe for target 'match' failed
make: Leaving directory '/home/ubuntu/Github/validating-binary-decompilation/tests/program_translation_validation/single-source-benchmark/2mm/xmalloc'
make: *** [match] Error 134

himenobmtxpa/fflop
=======
make: Entering directory '/home/ubuntu/Github/validating-binary-decompilation/tests/program_translation_validation/single-source-benchmark/himenobmtxpa/fflop'
/home/ubuntu/Github/validating-binary-decompilation/source/build/bin//matcher --file1 ../binary/test.mcsema.opt.ll:fflop --file2 mcsema/test.proposed.opt.ll:fflop 1>match.log 2>&1
Makefile:21: recipe for target 'match' failed
make: Leaving directory '/home/ubuntu/Github/validating-binary-decompilation/tests/program_translation_validation/single-source-benchmark/himenobmtxpa/fflop'
make: *** [match] Error 134

durbin/xmalloc
=======
make: Entering directory '/home/ubuntu/Github/validating-binary-decompilation/tests/program_translation_validation/single-source-benchmark/durbin/xmalloc'
/home/ubuntu/Github/validating-binary-decompilation/source/build/bin//matcher --file1 ../binary/test.mcsema.opt.ll:xmalloc --file2 mcsema/test.proposed.opt.ll:xmalloc 1>match.log 2>&1
Makefile:21: recipe for target 'match' failed
make: Leaving directory '/home/ubuntu/Github/validating-binary-decompilation/tests/program_translation_validation/single-source-benchmark/durbin/xmalloc'
make: *** [match] Error 134

correlation/xmalloc
=======
make: Entering directory '/home/ubuntu/Github/validating-binary-decompilation/tests/program_translation_validation/single-source-benchmark/correlation/xmalloc'
/home/ubuntu/Github/validating-binary-decompilation/source/build/bin//matcher --file1 ../binary/test.mcsema.opt.ll:xmalloc --file2 mcsema/test.proposed.opt.ll:xmalloc 1>match.log 2>&1
Makefile:21: recipe for target 'match' failed
make: Leaving directory '/home/ubuntu/Github/validating-binary-decompilation/tests/program_translation_validation/single-source-benchmark/correlation/xmalloc'
make: *** [match] Error 134

atax/xmalloc
=======
make: Entering directory '/home/ubuntu/Github/validating-binary-decompilation/tests/program_translation_validation/single-source-benchmark/atax/xmalloc'
/home/ubuntu/Github/validating-binary-decompilation/source/build/bin//matcher --file1 ../binary/test.mcsema.opt.ll:xmalloc --file2 mcsema/test.proposed.opt.ll:xmalloc 1>match.log 2>&1
Makefile:21: recipe for target 'match' failed
make: Leaving directory '/home/ubuntu/Github/validating-binary-decompilation/tests/program_translation_validation/single-source-benchmark/atax/xmalloc'
make: *** [match] Error 134

covariance/xmalloc
=======
make: Entering directory '/home/ubuntu/Github/validating-binary-decompilation/tests/program_translation_validation/single-source-benchmark/covariance/xmalloc'
/home/ubuntu/Github/validating-binary-decompilation/source/build/bin//matcher --file1 ../binary/test.mcsema.opt.ll:xmalloc --file2 mcsema/test.proposed.opt.ll:xmalloc 1>match.log 2>&1
Makefile:21: recipe for target 'match' failed
make: Leaving directory '/home/ubuntu/Github/validating-binary-decompilation/tests/program_translation_validation/single-source-benchmark/covariance/xmalloc'
make: *** [match] Error 134

fldry/Proc2
=======
make: Entering directory '/home/ubuntu/Github/validating-binary-decompilation/tests/program_translation_validation/single-source-benchmark/fldry/Proc2'
/home/ubuntu/Github/validating-binary-decompilation/source/build/bin//matcher --file1 ../binary/test.mcsema.opt.ll:Proc2 --file2 mcsema/test.proposed.opt.ll:Proc2 1>match.log 2>&1
Makefile:21: recipe for target 'match' failed
make: Leaving directory '/home/ubuntu/Github/validating-binary-decompilation/tests/program_translation_validation/single-source-benchmark/fldry/Proc2'
make: *** [match] Error 134

fbench/main
=======
make: Entering directory '/home/ubuntu/Github/validating-binary-decompilation/tests/program_translation_validation/single-source-benchmark/fbench/main'
/home/ubuntu/Github/validating-binary-decompilation/source/build/bin//matcher --file1 ../binary/test.mcsema.opt.ll:main --file2 mcsema/test.proposed.opt.ll:main 1>match.log 2>&1
Makefile:21: recipe for target 'match' failed
make: Leaving directory '/home/ubuntu/Github/validating-binary-decompilation/tests/program_translation_validation/single-source-benchmark/fbench/main'
make: *** [match] Error 134

doitgen/xmalloc
=======
make: Entering directory '/home/ubuntu/Github/validating-binary-decompilation/tests/program_translation_validation/single-source-benchmark/doitgen/xmalloc'
/home/ubuntu/Github/validating-binary-decompilation/source/build/bin//matcher --file1 ../binary/test.mcsema.opt.ll:xmalloc --file2 mcsema/test.proposed.opt.ll:xmalloc 1>match.log 2>&1
Makefile:21: recipe for target 'match' failed
make: Leaving directory '/home/ubuntu/Github/validating-binary-decompilation/tests/program_translation_validation/single-source-benchmark/doitgen/xmalloc'
make: *** [match] Error 134

gesummv/xmalloc
=======
make: Entering directory '/home/ubuntu/Github/validating-binary-decompilation/tests/program_translation_validation/single-source-benchmark/gesummv/xmalloc'
/home/ubuntu/Github/validating-binary-decompilation/source/build/bin//matcher --file1 ../binary/test.mcsema.opt.ll:xmalloc --file2 mcsema/test.proposed.opt.ll:xmalloc 1>match.log 2>&1
Makefile:21: recipe for target 'match' failed
make: Leaving directory '/home/ubuntu/Github/validating-binary-decompilation/tests/program_translation_validation/single-source-benchmark/gesummv/xmalloc'
make: *** [match] Error 134

adi/xmalloc
=======
make: Entering directory '/home/ubuntu/Github/validating-binary-decompilation/tests/program_translation_validation/single-source-benchmark/adi/xmalloc'
/home/ubuntu/Github/validating-binary-decompilation/source/build/bin//matcher --file1 ../binary/test.mcsema.opt.ll:xmalloc --file2 mcsema/test.proposed.opt.ll:xmalloc 1>match.log 2>&1
Makefile:21: recipe for target 'match' failed
make: Leaving directory '/home/ubuntu/Github/validating-binary-decompilation/tests/program_translation_validation/single-source-benchmark/adi/xmalloc'
make: *** [match] Error 134

gemver/xmalloc
=======
make: Entering directory '/home/ubuntu/Github/validating-binary-decompilation/tests/program_translation_validation/single-source-benchmark/gemver/xmalloc'
/home/ubuntu/Github/validating-binary-decompilation/source/build/bin//matcher --file1 ../binary/test.mcsema.opt.ll:xmalloc --file2 mcsema/test.proposed.opt.ll:xmalloc 1>match.log 2>&1
Makefile:21: recipe for target 'match' failed
make: Leaving directory '/home/ubuntu/Github/validating-binary-decompilation/tests/program_translation_validation/single-source-benchmark/gemver/xmalloc'
make: *** [match] Error 134

cholesky/xmalloc
=======
make: Entering directory '/home/ubuntu/Github/validating-binary-decompilation/tests/program_translation_validation/single-source-benchmark/cholesky/xmalloc'
/home/ubuntu/Github/validating-binary-decompilation/source/build/bin//matcher --file1 ../binary/test.mcsema.opt.ll:xmalloc --file2 mcsema/test.proposed.opt.ll:xmalloc 1>match.log 2>&1
Makefile:21: recipe for target 'match' failed
make: Leaving directory '/home/ubuntu/Github/validating-binary-decompilation/tests/program_translation_validation/single-source-benchmark/cholesky/xmalloc'
make: *** [match] Error 134

gemm/xmalloc
=======
make: Entering directory '/home/ubuntu/Github/validating-binary-decompilation/tests/program_translation_validation/single-source-benchmark/gemm/xmalloc'
/home/ubuntu/Github/validating-binary-decompilation/source/build/bin//matcher --file1 ../binary/test.mcsema.opt.ll:xmalloc --file2 mcsema/test.proposed.opt.ll:xmalloc 1>match.log 2>&1
Makefile:21: recipe for target 'match' failed
make: Leaving directory '/home/ubuntu/Github/validating-binary-decompilation/tests/program_translation_validation/single-source-benchmark/gemm/xmalloc'
make: *** [match] Error 134

fdtd-apml/xmalloc
=======
make: Entering directory '/home/ubuntu/Github/validating-binary-decompilation/tests/program_translation_validation/single-source-benchmark/fdtd-apml/xmalloc'
/home/ubuntu/Github/validating-binary-decompilation/source/build/bin//matcher --file1 ../binary/test.mcsema.opt.ll:xmalloc --file2 mcsema/test.proposed.opt.ll:xmalloc 1>match.log 2>&1
Makefile:21: recipe for target 'match' failed
make: Leaving directory '/home/ubuntu/Github/validating-binary-decompilation/tests/program_translation_validation/single-source-benchmark/fdtd-apml/xmalloc'
make: *** [match] Error 134

bicg/xmalloc
=======
make: Entering directory '/home/ubuntu/Github/validating-binary-decompilation/tests/program_translation_validation/single-source-benchmark/bicg/xmalloc'
/home/ubuntu/Github/validating-binary-decompilation/source/build/bin//matcher --file1 ../binary/test.mcsema.opt.ll:xmalloc --file2 mcsema/test.proposed.opt.ll:xmalloc 1>match.log 2>&1
Makefile:21: recipe for target 'match' failed
make: Leaving directory '/home/ubuntu/Github/validating-binary-decompilation/tests/program_translation_validation/single-source-benchmark/bicg/xmalloc'
make: *** [match] Error 134

3mm/xmalloc
=======
make: Entering directory '/home/ubuntu/Github/validating-binary-decompilation/tests/program_translation_validation/single-source-benchmark/3mm/xmalloc'
/home/ubuntu/Github/validating-binary-decompilation/source/build/bin//matcher --file1 ../binary/test.mcsema.opt.ll:xmalloc --file2 mcsema/test.proposed.opt.ll:xmalloc 1>match.log 2>&1
Makefile:21: recipe for target 'match' failed
make: Leaving directory '/home/ubuntu/Github/validating-binary-decompilation/tests/program_translation_validation/single-source-benchmark/3mm/xmalloc'
make: *** [match] Error 134

floyd-warshall/xmalloc
=======
make: Entering directory '/home/ubuntu/Github/validating-binary-decompilation/tests/program_translation_validation/single-source-benchmark/floyd-warshall/xmalloc'
/home/ubuntu/Github/validating-binary-decompilation/source/build/bin//matcher --file1 ../binary/test.mcsema.opt.ll:xmalloc --file2 mcsema/test.proposed.opt.ll:xmalloc 1>match.log 2>&1
Makefile:21: recipe for target 'match' failed
make: Leaving directory '/home/ubuntu/Github/validating-binary-decompilation/tests/program_translation_validation/single-source-benchmark/floyd-warshall/xmalloc'
make: *** [match] Error 134

fdtd-2d/xmalloc
=======
make: Entering directory '/home/ubuntu/Github/validating-binary-decompilation/tests/program_translation_validation/single-source-benchmark/fdtd-2d/xmalloc'
/home/ubuntu/Github/validating-binary-decompilation/source/build/bin//matcher --file1 ../binary/test.mcsema.opt.ll:xmalloc --file2 mcsema/test.proposed.opt.ll:xmalloc 1>match.log 2>&1
Makefile:21: recipe for target 'match' failed
make: Leaving directory '/home/ubuntu/Github/validating-binary-decompilation/tests/program_translation_validation/single-source-benchmark/fdtd-2d/xmalloc'
make: *** [match] Error 134

flops/dtime
=======
make: Entering directory '/home/ubuntu/Github/validating-binary-decompilation/tests/program_translation_validation/single-source-benchmark/flops/dtime'
/home/ubuntu/Github/validating-binary-decompilation/source/build/bin//matcher --file1 ../binary/test.mcsema.opt.ll:dtime --file2 mcsema/test.proposed.opt.ll:dtime 1>match.log 2>&1
Makefile:21: recipe for target 'match' failed
make: Leaving directory '/home/ubuntu/Github/validating-binary-decompilation/tests/program_translation_validation/single-source-benchmark/flops/dtime'
make: *** [match] Error 134

dynprog/check_FP
=======
make: Entering directory '/home/ubuntu/Github/validating-binary-decompilation/tests/program_translation_validation/single-source-benchmark/dynprog/check_FP'
/home/ubuntu/Github/validating-binary-decompilation/source/build/bin//matcher --file1 ../binary/test.mcsema.opt.ll:check_FP --file2 mcsema/test.proposed.opt.ll:check_FP 1>match.log 2>&1
Makefile:21: recipe for target 'match' failed
make: Leaving directory '/home/ubuntu/Github/validating-binary-decompilation/tests/program_translation_validation/single-source-benchmark/dynprog/check_FP'
make: *** [match] Error 134

gramschmidt/xmalloc
=======
make: Entering directory '/home/ubuntu/Github/validating-binary-decompilation/tests/program_translation_validation/single-source-benchmark/gramschmidt/xmalloc'
/home/ubuntu/Github/validating-binary-decompilation/source/build/bin//matcher --file1 ../binary/test.mcsema.opt.ll:xmalloc --file2 mcsema/test.proposed.opt.ll:xmalloc 1>match.log 2>&1
Makefile:21: recipe for target 'match' failed
make: Leaving directory '/home/ubuntu/Github/validating-binary-decompilation/tests/program_translation_validation/single-source-benchmark/gramschmidt/xmalloc'
make: *** [match] Error 134

chomp/in_wanted
=======
make: Entering directory '/home/ubuntu/Github/validating-binary-decompilation/tests/program_translation_validation/single-source-benchmark/chomp/in_wanted'
/home/ubuntu/Github/validating-binary-decompilation/source/build/bin//matcher --file1 ../binary/test.mcsema.opt.ll:in_wanted --file2 mcsema/test.proposed.opt.ll:in_wanted 1>match.log 2>&1
Makefile:21: recipe for target 'match' failed
make: Leaving directory '/home/ubuntu/Github/validating-binary-decompilation/tests/program_translation_validation/single-source-benchmark/chomp/in_wanted'
make: *** [match] Error 134

himenobmtxpa/second
=======
make: Entering directory '/home/ubuntu/Github/validating-binary-decompilation/tests/program_translation_validation/single-source-benchmark/himenobmtxpa/second'
/home/ubuntu/Github/validating-binary-decompilation/source/build/bin//matcher --file1 ../binary/test.mcsema.opt.ll:second --file2 mcsema/test.proposed.opt.ll:second 1>match.log 2>&1
Makefile:21: recipe for target 'match' failed
make: Leaving directory '/home/ubuntu/Github/validating-binary-decompilation/tests/program_translation_validation/single-source-benchmark/himenobmtxpa/second'
make: *** [match] Error 134

jacobi-1d-imper/xmalloc
=======
make: Entering directory '/home/ubuntu/Github/validating-binary-decompilation/tests/program_translation_validation/single-source-benchmark/jacobi-1d-imper/xmalloc'
/home/ubuntu/Github/validating-binary-decompilation/source/build/bin//matcher --file1 ../binary/test.mcsema.opt.ll:xmalloc --file2 mcsema/test.proposed.opt.ll:xmalloc 1>match.log 2>&1
Makefile:21: recipe for target 'match' failed
make: Leaving directory '/home/ubuntu/Github/validating-binary-decompilation/tests/program_translation_validation/single-source-benchmark/jacobi-1d-imper/xmalloc'
make: *** [match] Error 134

chomp/get_good_move
=======
make: Entering directory '/home/ubuntu/Github/validating-binary-decompilation/tests/program_translation_validation/single-source-benchmark/chomp/get_good_move'
/home/ubuntu/Github/validating-binary-decompilation/source/build/bin//matcher --file1 ../binary/test.mcsema.opt.ll:get_good_move --file2 mcsema/test.proposed.opt.ll:get_good_move 1>match.log 2>&1
Makefile:21: recipe for target 'match' failed
make: Leaving directory '/home/ubuntu/Github/validating-binary-decompilation/tests/program_translation_validation/single-source-benchmark/chomp/get_good_move'
make: *** [match] Error 134

linpack-pc/second
=======
make: Entering directory '/home/ubuntu/Github/validating-binary-decompilation/tests/program_translation_validation/single-source-benchmark/linpack-pc/second'
/home/ubuntu/Github/validating-binary-decompilation/source/build/bin//matcher --file1 ../binary/test.mcsema.opt.ll:second --file2 mcsema/test.proposed.opt.ll:second 1>match.log 2>&1
Makefile:21: recipe for target 'match' failed
make: Leaving directory '/home/ubuntu/Github/validating-binary-decompilation/tests/program_translation_validation/single-source-benchmark/linpack-pc/second'
make: *** [match] Error 134

jacobi-2d-imper/xmalloc
=======
make: Entering directory '/home/ubuntu/Github/validating-binary-decompilation/tests/program_translation_validation/single-source-benchmark/jacobi-2d-imper/xmalloc'
/home/ubuntu/Github/validating-binary-decompilation/source/build/bin//matcher --file1 ../binary/test.mcsema.opt.ll:xmalloc --file2 mcsema/test.proposed.opt.ll:xmalloc 1>match.log 2>&1
Makefile:21: recipe for target 'match' failed
make: Leaving directory '/home/ubuntu/Github/validating-binary-decompilation/tests/program_translation_validation/single-source-benchmark/jacobi-2d-imper/xmalloc'
make: *** [match] Error 134

covariance/init_array
=======
make: Entering directory '/home/ubuntu/Github/validating-binary-decompilation/tests/program_translation_validation/single-source-benchmark/covariance/init_array'
/home/ubuntu/Github/validating-binary-decompilation/source/build/bin//matcher --file1 ../binary/test.mcsema.opt.ll:init_array --file2 mcsema/test.proposed.opt.ll:init_array 1>match.log 2>&1
Makefile:21: recipe for target 'match' failed
make: Leaving directory '/home/ubuntu/Github/validating-binary-decompilation/tests/program_translation_validation/single-source-benchmark/covariance/init_array'
make: *** [match] Error 134

Bubblesort/bInitarr
=======
make: Entering directory '/home/ubuntu/Github/validating-binary-decompilation/tests/program_translation_validation/single-source-benchmark/Bubblesort/bInitarr'
/home/ubuntu/Github/validating-binary-decompilation/source/build/bin//matcher --file1 ../binary/test.mcsema.opt.ll:bInitarr --file2 mcsema/test.proposed.opt.ll:bInitarr 1>match.log 2>&1
Makefile:21: recipe for target 'match' failed
make: Leaving directory '/home/ubuntu/Github/validating-binary-decompilation/tests/program_translation_validation/single-source-benchmark/Bubblesort/bInitarr'
make: *** [match] Error 134

correlation/init_array
=======
make: Entering directory '/home/ubuntu/Github/validating-binary-decompilation/tests/program_translation_validation/single-source-benchmark/correlation/init_array'
/home/ubuntu/Github/validating-binary-decompilation/source/build/bin//matcher --file1 ../binary/test.mcsema.opt.ll:init_array --file2 mcsema/test.proposed.opt.ll:init_array 1>match.log 2>&1
Makefile:21: recipe for target 'match' failed
make: Leaving directory '/home/ubuntu/Github/validating-binary-decompilation/tests/program_translation_validation/single-source-benchmark/correlation/init_array'
make: *** [match] Error 134

himenobmtxpa/jacobi
=======
make: Entering directory '/home/ubuntu/Github/validating-binary-decompilation/tests/program_translation_validation/single-source-benchmark/himenobmtxpa/jacobi'
/home/ubuntu/Github/validating-binary-decompilation/source/build/bin//matcher --file1 ../binary/test.mcsema.opt.ll:jacobi --file2 mcsema/test.proposed.opt.ll:jacobi 1>match.log 2>&1
Makefile:21: recipe for target 'match' failed
make: Leaving directory '/home/ubuntu/Github/validating-binary-decompilation/tests/program_translation_validation/single-source-benchmark/himenobmtxpa/jacobi'
make: *** [match] Error 134

loop_unroll/_Z13record_resultdPKc
=======
make: Entering directory '/home/ubuntu/Github/validating-binary-decompilation/tests/program_translation_validation/single-source-benchmark/loop_unroll/_Z13record_resultdPKc'
/home/ubuntu/Github/validating-binary-decompilation/source/build/bin//matcher --file1 ../binary/test.mcsema.opt.ll:_Z13record_resultdPKc --file2 mcsema/test.proposed.opt.ll:_Z13record_resultdPKc 1>match.log 2>&1
Makefile:21: recipe for target 'match' failed
make: Leaving directory '/home/ubuntu/Github/validating-binary-decompilation/tests/program_translation_validation/single-source-benchmark/loop_unroll/_Z13record_resultdPKc'
make: *** [match] Error 134

evalloop/main
=======
make: Entering directory '/home/ubuntu/Github/validating-binary-decompilation/tests/program_translation_validation/single-source-benchmark/evalloop/main'
/home/ubuntu/Github/validating-binary-decompilation/source/build/bin//matcher --file1 ../binary/test.mcsema.opt.ll:main --file2 mcsema/test.proposed.opt.ll:main 1>match.log 2>&1
Makefile:21: recipe for target 'match' failed
make: Leaving directory '/home/ubuntu/Github/validating-binary-decompilation/tests/program_translation_validation/single-source-benchmark/evalloop/main'
make: *** [match] Error 134

IntMM/Intmm
=======
make: Entering directory '/home/ubuntu/Github/validating-binary-decompilation/tests/program_translation_validation/single-source-benchmark/IntMM/Intmm'
/home/ubuntu/Github/validating-binary-decompilation/source/build/bin//matcher --file1 ../binary/test.mcsema.opt.ll:Intmm --file2 mcsema/test.proposed.opt.ll:Intmm 1>match.log 2>&1
Makefile:21: recipe for target 'match' failed
make: Leaving directory '/home/ubuntu/Github/validating-binary-decompilation/tests/program_translation_validation/single-source-benchmark/IntMM/Intmm'
make: *** [match] Error 134

jacobi-1d-imper/kernel_jacobi_1d_imper
=======
make: Entering directory '/home/ubuntu/Github/validating-binary-decompilation/tests/program_translation_validation/single-source-benchmark/jacobi-1d-imper/kernel_jacobi_1d_imper'
/home/ubuntu/Github/validating-binary-decompilation/source/build/bin//matcher --file1 ../binary/test.mcsema.opt.ll:kernel_jacobi_1d_imper --file2 mcsema/test.proposed.opt.ll:kernel_jacobi_1d_imper 1>match.log 2>&1
Makefile:21: recipe for target 'match' failed
make: Leaving directory '/home/ubuntu/Github/validating-binary-decompilation/tests/program_translation_validation/single-source-benchmark/jacobi-1d-imper/kernel_jacobi_1d_imper'
make: *** [match] Error 134

FloatMM/Mm
=======
make: Entering directory '/home/ubuntu/Github/validating-binary-decompilation/tests/program_translation_validation/single-source-benchmark/FloatMM/Mm'
/home/ubuntu/Github/validating-binary-decompilation/source/build/bin//matcher --file1 ../binary/test.mcsema.opt.ll:Mm --file2 mcsema/test.proposed.opt.ll:Mm 1>match.log 2>&1
Makefile:21: recipe for target 'match' failed
make: Leaving directory '/home/ubuntu/Github/validating-binary-decompilation/tests/program_translation_validation/single-source-benchmark/FloatMM/Mm'
make: *** [match] Error 134

huffbench/main
=======
make: Entering directory '/home/ubuntu/Github/validating-binary-decompilation/tests/program_translation_validation/single-source-benchmark/huffbench/main'
/home/ubuntu/Github/validating-binary-decompilation/source/build/bin//matcher --file1 ../binary/test.mcsema.opt.ll:main --file2 mcsema/test.proposed.opt.ll:main 1>match.log 2>&1
Makefile:21: recipe for target 'match' failed
make: Leaving directory '/home/ubuntu/Github/validating-binary-decompilation/tests/program_translation_validation/single-source-benchmark/huffbench/main'
make: *** [match] Error 134

gesummv/check_FP
=======
make: Entering directory '/home/ubuntu/Github/validating-binary-decompilation/tests/program_translation_validation/single-source-benchmark/gesummv/check_FP'
/home/ubuntu/Github/validating-binary-decompilation/source/build/bin//matcher --file1 ../binary/test.mcsema.opt.ll:check_FP --file2 mcsema/test.proposed.opt.ll:check_FP 1>match.log 2>&1
Makefile:21: recipe for target 'match' failed
make: Leaving directory '/home/ubuntu/Github/validating-binary-decompilation/tests/program_translation_validation/single-source-benchmark/gesummv/check_FP'
make: *** [match] Error 134

atax/check_FP
=======
make: Entering directory '/home/ubuntu/Github/validating-binary-decompilation/tests/program_translation_validation/single-source-benchmark/atax/check_FP'
/home/ubuntu/Github/validating-binary-decompilation/source/build/bin//matcher --file1 ../binary/test.mcsema.opt.ll:check_FP --file2 mcsema/test.proposed.opt.ll:check_FP 1>match.log 2>&1
Makefile:21: recipe for target 'match' failed
make: Leaving directory '/home/ubuntu/Github/validating-binary-decompilation/tests/program_translation_validation/single-source-benchmark/atax/check_FP'
make: *** [match] Error 134

jacobi-2d-imper/init_array
=======
make: Entering directory '/home/ubuntu/Github/validating-binary-decompilation/tests/program_translation_validation/single-source-benchmark/jacobi-2d-imper/init_array'
/home/ubuntu/Github/validating-binary-decompilation/source/build/bin//matcher --file1 ../binary/test.mcsema.opt.ll:init_array --file2 mcsema/test.proposed.opt.ll:init_array 1>match.log 2>&1
Makefile:21: recipe for target 'match' failed
make: Leaving directory '/home/ubuntu/Github/validating-binary-decompilation/tests/program_translation_validation/single-source-benchmark/jacobi-2d-imper/init_array'
make: *** [match] Error 134

durbin/check_FP
=======
make: Entering directory '/home/ubuntu/Github/validating-binary-decompilation/tests/program_translation_validation/single-source-benchmark/durbin/check_FP'
/home/ubuntu/Github/validating-binary-decompilation/source/build/bin//matcher --file1 ../binary/test.mcsema.opt.ll:check_FP --file2 mcsema/test.proposed.opt.ll:check_FP 1>match.log 2>&1
Makefile:21: recipe for target 'match' failed
make: Leaving directory '/home/ubuntu/Github/validating-binary-decompilation/tests/program_translation_validation/single-source-benchmark/durbin/check_FP'
make: *** [match] Error 134

gemver/check_FP
=======
make: Entering directory '/home/ubuntu/Github/validating-binary-decompilation/tests/program_translation_validation/single-source-benchmark/gemver/check_FP'
/home/ubuntu/Github/validating-binary-decompilation/source/build/bin//matcher --file1 ../binary/test.mcsema.opt.ll:check_FP --file2 mcsema/test.proposed.opt.ll:check_FP 1>match.log 2>&1
Makefile:21: recipe for target 'match' failed
make: Leaving directory '/home/ubuntu/Github/validating-binary-decompilation/tests/program_translation_validation/single-source-benchmark/gemver/check_FP'
make: *** [match] Error 134

loop_unroll/main
=======
make: Entering directory '/home/ubuntu/Github/validating-binary-decompilation/tests/program_translation_validation/single-source-benchmark/loop_unroll/main'
/home/ubuntu/Github/validating-binary-decompilation/source/build/bin//matcher --file1 ../binary/test.mcsema.opt.ll:main --file2 mcsema/test.proposed.opt.ll:main 1>match.log 2>&1
Makefile:21: recipe for target 'match' failed
make: Leaving directory '/home/ubuntu/Github/validating-binary-decompilation/tests/program_translation_validation/single-source-benchmark/loop_unroll/main'
make: *** [match] Error 134

bicg/check_FP
=======
make: Entering directory '/home/ubuntu/Github/validating-binary-decompilation/tests/program_translation_validation/single-source-benchmark/bicg/check_FP'
/home/ubuntu/Github/validating-binary-decompilation/source/build/bin//matcher --file1 ../binary/test.mcsema.opt.ll:check_FP --file2 mcsema/test.proposed.opt.ll:check_FP 1>match.log 2>&1
Makefile:21: recipe for target 'match' failed
make: Leaving directory '/home/ubuntu/Github/validating-binary-decompilation/tests/program_translation_validation/single-source-benchmark/bicg/check_FP'
make: *** [match] Error 134

jacobi-1d-imper/check_FP
=======
make: Entering directory '/home/ubuntu/Github/validating-binary-decompilation/tests/program_translation_validation/single-source-benchmark/jacobi-1d-imper/check_FP'
/home/ubuntu/Github/validating-binary-decompilation/source/build/bin//matcher --file1 ../binary/test.mcsema.opt.ll:check_FP --file2 mcsema/test.proposed.opt.ll:check_FP 1>match.log 2>&1
Makefile:21: recipe for target 'match' failed
make: Leaving directory '/home/ubuntu/Github/validating-binary-decompilation/tests/program_translation_validation/single-source-benchmark/jacobi-1d-imper/check_FP'
make: *** [match] Error 134

linpack-pc/dscal
=======
make: Entering directory '/home/ubuntu/Github/validating-binary-decompilation/tests/program_translation_validation/single-source-benchmark/linpack-pc/dscal'
/home/ubuntu/Github/validating-binary-decompilation/source/build/bin//matcher --file1 ../binary/test.mcsema.opt.ll:dscal --file2 mcsema/test.proposed.opt.ll:dscal 1>match.log 2>&1
Makefile:21: recipe for target 'match' failed
make: Leaving directory '/home/ubuntu/Github/validating-binary-decompilation/tests/program_translation_validation/single-source-benchmark/linpack-pc/dscal'
make: *** [match] Error 134

dt/main
=======
make: Entering directory '/home/ubuntu/Github/validating-binary-decompilation/tests/program_translation_validation/single-source-benchmark/dt/main'
/home/ubuntu/Github/validating-binary-decompilation/source/build/bin//matcher --file1 ../binary/test.mcsema.opt.ll:main --file2 mcsema/test.proposed.opt.ll:main 1>match.log 2>&1
Makefile:21: recipe for target 'match' failed
make: Leaving directory '/home/ubuntu/Github/validating-binary-decompilation/tests/program_translation_validation/single-source-benchmark/dt/main'
make: *** [match] Error 134

fbench/trace_line
=======
make: Entering directory '/home/ubuntu/Github/validating-binary-decompilation/tests/program_translation_validation/single-source-benchmark/fbench/trace_line'
/home/ubuntu/Github/validating-binary-decompilation/source/build/bin//matcher --file1 ../binary/test.mcsema.opt.ll:trace_line --file2 mcsema/test.proposed.opt.ll:trace_line 1>match.log 2>&1
Makefile:21: recipe for target 'match' failed
make: Leaving directory '/home/ubuntu/Github/validating-binary-decompilation/tests/program_translation_validation/single-source-benchmark/fbench/trace_line'
make: *** [match] Error 134

adi/init_array
=======
make: Entering directory '/home/ubuntu/Github/validating-binary-decompilation/tests/program_translation_validation/single-source-benchmark/adi/init_array'
/home/ubuntu/Github/validating-binary-decompilation/source/build/bin//matcher --file1 ../binary/test.mcsema.opt.ll:init_array --file2 mcsema/test.proposed.opt.ll:init_array 1>match.log 2>&1
Makefile:21: recipe for target 'match' failed
make: Leaving directory '/home/ubuntu/Github/validating-binary-decompilation/tests/program_translation_validation/single-source-benchmark/adi/init_array'
make: *** [match] Error 134

gesummv/init_array
=======
make: Entering directory '/home/ubuntu/Github/validating-binary-decompilation/tests/program_translation_validation/single-source-benchmark/gesummv/init_array'
/home/ubuntu/Github/validating-binary-decompilation/source/build/bin//matcher --file1 ../binary/test.mcsema.opt.ll:init_array --file2 mcsema/test.proposed.opt.ll:init_array 1>match.log 2>&1
Makefile:21: recipe for target 'match' failed
make: Leaving directory '/home/ubuntu/Github/validating-binary-decompilation/tests/program_translation_validation/single-source-benchmark/gesummv/init_array'
make: *** [match] Error 134

linpack-pc/epslon
=======
make: Entering directory '/home/ubuntu/Github/validating-binary-decompilation/tests/program_translation_validation/single-source-benchmark/linpack-pc/epslon'
/home/ubuntu/Github/validating-binary-decompilation/source/build/bin//matcher --file1 ../binary/test.mcsema.opt.ll:epslon --file2 mcsema/test.proposed.opt.ll:epslon 1>match.log 2>&1
Makefile:21: recipe for target 'match' failed
make: Leaving directory '/home/ubuntu/Github/validating-binary-decompilation/tests/program_translation_validation/single-source-benchmark/linpack-pc/epslon'
make: *** [match] Error 134

Bubblesort/Bubble
=======
make: Entering directory '/home/ubuntu/Github/validating-binary-decompilation/tests/program_translation_validation/single-source-benchmark/Bubblesort/Bubble'
/home/ubuntu/Github/validating-binary-decompilation/source/build/bin//matcher --file1 ../binary/test.mcsema.opt.ll:Bubble --file2 mcsema/test.proposed.opt.ll:Bubble 1>match.log 2>&1
Makefile:21: recipe for target 'match' failed
make: Leaving directory '/home/ubuntu/Github/validating-binary-decompilation/tests/program_translation_validation/single-source-benchmark/Bubblesort/Bubble'
make: *** [match] Error 134

atax/kernel_atax_StrictFP
=======
make: Entering directory '/home/ubuntu/Github/validating-binary-decompilation/tests/program_translation_validation/single-source-benchmark/atax/kernel_atax_StrictFP'
/home/ubuntu/Github/validating-binary-decompilation/source/build/bin//matcher --file1 ../binary/test.mcsema.opt.ll:kernel_atax_StrictFP --file2 mcsema/test.proposed.opt.ll:kernel_atax_StrictFP 1>match.log 2>&1
Makefile:21: recipe for target 'match' failed
make: Leaving directory '/home/ubuntu/Github/validating-binary-decompilation/tests/program_translation_validation/single-source-benchmark/atax/kernel_atax_StrictFP'
make: *** [match] Error 134

atax/kernel_atax
=======
make: Entering directory '/home/ubuntu/Github/validating-binary-decompilation/tests/program_translation_validation/single-source-benchmark/atax/kernel_atax'
/home/ubuntu/Github/validating-binary-decompilation/source/build/bin//matcher --file1 ../binary/test.mcsema.opt.ll:kernel_atax --file2 mcsema/test.proposed.opt.ll:kernel_atax 1>match.log 2>&1
Makefile:21: recipe for target 'match' failed
make: Leaving directory '/home/ubuntu/Github/validating-binary-decompilation/tests/program_translation_validation/single-source-benchmark/atax/kernel_atax'
make: *** [match] Error 134

bicg/kernel_bicg
=======
make: Entering directory '/home/ubuntu/Github/validating-binary-decompilation/tests/program_translation_validation/single-source-benchmark/bicg/kernel_bicg'
/home/ubuntu/Github/validating-binary-decompilation/source/build/bin//matcher --file1 ../binary/test.mcsema.opt.ll:kernel_bicg --file2 mcsema/test.proposed.opt.ll:kernel_bicg 1>match.log 2>&1
Makefile:21: recipe for target 'match' failed
make: Leaving directory '/home/ubuntu/Github/validating-binary-decompilation/tests/program_translation_validation/single-source-benchmark/bicg/kernel_bicg'
make: *** [match] Error 134

bicg/kernel_bicg_StrictFP
=======
make: Entering directory '/home/ubuntu/Github/validating-binary-decompilation/tests/program_translation_validation/single-source-benchmark/bicg/kernel_bicg_StrictFP'
/home/ubuntu/Github/validating-binary-decompilation/source/build/bin//matcher --file1 ../binary/test.mcsema.opt.ll:kernel_bicg_StrictFP --file2 mcsema/test.proposed.opt.ll:kernel_bicg_StrictFP 1>match.log 2>&1
Makefile:21: recipe for target 'match' failed
make: Leaving directory '/home/ubuntu/Github/validating-binary-decompilation/tests/program_translation_validation/single-source-benchmark/bicg/kernel_bicg_StrictFP'
make: *** [match] Error 134

cholesky/check_FP
=======
make: Entering directory '/home/ubuntu/Github/validating-binary-decompilation/tests/program_translation_validation/single-source-benchmark/cholesky/check_FP'
/home/ubuntu/Github/validating-binary-decompilation/source/build/bin//matcher --file1 ../binary/test.mcsema.opt.ll:check_FP --file2 mcsema/test.proposed.opt.ll:check_FP 1>match.log 2>&1
Makefile:21: recipe for target 'match' failed
make: Leaving directory '/home/ubuntu/Github/validating-binary-decompilation/tests/program_translation_validation/single-source-benchmark/cholesky/check_FP'
make: *** [match] Error 134

covariance/check_FP
=======
make: Entering directory '/home/ubuntu/Github/validating-binary-decompilation/tests/program_translation_validation/single-source-benchmark/covariance/check_FP'
/home/ubuntu/Github/validating-binary-decompilation/source/build/bin//matcher --file1 ../binary/test.mcsema.opt.ll:check_FP --file2 mcsema/test.proposed.opt.ll:check_FP 1>match.log 2>&1
Makefile:21: recipe for target 'match' failed
make: Leaving directory '/home/ubuntu/Github/validating-binary-decompilation/tests/program_translation_validation/single-source-benchmark/covariance/check_FP'
make: *** [match] Error 134

correlation/check_FP
=======
make: Entering directory '/home/ubuntu/Github/validating-binary-decompilation/tests/program_translation_validation/single-source-benchmark/correlation/check_FP'
/home/ubuntu/Github/validating-binary-decompilation/source/build/bin//matcher --file1 ../binary/test.mcsema.opt.ll:check_FP --file2 mcsema/test.proposed.opt.ll:check_FP 1>match.log 2>&1
Makefile:21: recipe for target 'match' failed
make: Leaving directory '/home/ubuntu/Github/validating-binary-decompilation/tests/program_translation_validation/single-source-benchmark/correlation/check_FP'
make: *** [match] Error 134

floyd-warshall/check_FP
=======
make: Entering directory '/home/ubuntu/Github/validating-binary-decompilation/tests/program_translation_validation/single-source-benchmark/floyd-warshall/check_FP'
/home/ubuntu/Github/validating-binary-decompilation/source/build/bin//matcher --file1 ../binary/test.mcsema.opt.ll:check_FP --file2 mcsema/test.proposed.opt.ll:check_FP 1>match.log 2>&1
Makefile:21: recipe for target 'match' failed
make: Leaving directory '/home/ubuntu/Github/validating-binary-decompilation/tests/program_translation_validation/single-source-benchmark/floyd-warshall/check_FP'
make: *** [match] Error 134

adi/check_FP
=======
make: Entering directory '/home/ubuntu/Github/validating-binary-decompilation/tests/program_translation_validation/single-source-benchmark/adi/check_FP'
/home/ubuntu/Github/validating-binary-decompilation/source/build/bin//matcher --file1 ../binary/test.mcsema.opt.ll:check_FP --file2 mcsema/test.proposed.opt.ll:check_FP 1>match.log 2>&1
Makefile:21: recipe for target 'match' failed
make: Leaving directory '/home/ubuntu/Github/validating-binary-decompilation/tests/program_translation_validation/single-source-benchmark/adi/check_FP'
make: *** [match] Error 134

jacobi-2d-imper/check_FP
=======
make: Entering directory '/home/ubuntu/Github/validating-binary-decompilation/tests/program_translation_validation/single-source-benchmark/jacobi-2d-imper/check_FP'
/home/ubuntu/Github/validating-binary-decompilation/source/build/bin//matcher --file1 ../binary/test.mcsema.opt.ll:check_FP --file2 mcsema/test.proposed.opt.ll:check_FP 1>match.log 2>&1
Makefile:21: recipe for target 'match' failed
make: Leaving directory '/home/ubuntu/Github/validating-binary-decompilation/tests/program_translation_validation/single-source-benchmark/jacobi-2d-imper/check_FP'
make: *** [match] Error 134

3mm/check_FP
=======
make: Entering directory '/home/ubuntu/Github/validating-binary-decompilation/tests/program_translation_validation/single-source-benchmark/3mm/check_FP'
/home/ubuntu/Github/validating-binary-decompilation/source/build/bin//matcher --file1 ../binary/test.mcsema.opt.ll:check_FP --file2 mcsema/test.proposed.opt.ll:check_FP 1>match.log 2>&1
Makefile:21: recipe for target 'match' failed
make: Leaving directory '/home/ubuntu/Github/validating-binary-decompilation/tests/program_translation_validation/single-source-benchmark/3mm/check_FP'
make: *** [match] Error 134

gramschmidt/check_FP
=======
make: Entering directory '/home/ubuntu/Github/validating-binary-decompilation/tests/program_translation_validation/single-source-benchmark/gramschmidt/check_FP'
/home/ubuntu/Github/validating-binary-decompilation/source/build/bin//matcher --file1 ../binary/test.mcsema.opt.ll:check_FP --file2 mcsema/test.proposed.opt.ll:check_FP 1>match.log 2>&1
Makefile:21: recipe for target 'match' failed
make: Leaving directory '/home/ubuntu/Github/validating-binary-decompilation/tests/program_translation_validation/single-source-benchmark/gramschmidt/check_FP'
make: *** [match] Error 134

fldry/Proc8
=======
make: Entering directory '/home/ubuntu/Github/validating-binary-decompilation/tests/program_translation_validation/single-source-benchmark/fldry/Proc8'
/home/ubuntu/Github/validating-binary-decompilation/source/build/bin//matcher --file1 ../binary/test.mcsema.opt.ll:Proc8 --file2 mcsema/test.proposed.opt.ll:Proc8 1>match.log 2>&1
Makefile:21: recipe for target 'match' failed
make: Leaving directory '/home/ubuntu/Github/validating-binary-decompilation/tests/program_translation_validation/single-source-benchmark/fldry/Proc8'
make: *** [match] Error 134

gemm/check_FP
=======
make: Entering directory '/home/ubuntu/Github/validating-binary-decompilation/tests/program_translation_validation/single-source-benchmark/gemm/check_FP'
/home/ubuntu/Github/validating-binary-decompilation/source/build/bin//matcher --file1 ../binary/test.mcsema.opt.ll:check_FP --file2 mcsema/test.proposed.opt.ll:check_FP 1>match.log 2>&1
Makefile:21: recipe for target 'match' failed
make: Leaving directory '/home/ubuntu/Github/validating-binary-decompilation/tests/program_translation_validation/single-source-benchmark/gemm/check_FP'
make: *** [match] Error 134

fdtd-2d/init_array
=======
make: Entering directory '/home/ubuntu/Github/validating-binary-decompilation/tests/program_translation_validation/single-source-benchmark/fdtd-2d/init_array'
/home/ubuntu/Github/validating-binary-decompilation/source/build/bin//matcher --file1 ../binary/test.mcsema.opt.ll:init_array --file2 mcsema/test.proposed.opt.ll:init_array 1>match.log 2>&1
Makefile:21: recipe for target 'match' failed
make: Leaving directory '/home/ubuntu/Github/validating-binary-decompilation/tests/program_translation_validation/single-source-benchmark/fdtd-2d/init_array'
make: *** [match] Error 134

2mm/check_FP
=======
make: Entering directory '/home/ubuntu/Github/validating-binary-decompilation/tests/program_translation_validation/single-source-benchmark/2mm/check_FP'
/home/ubuntu/Github/validating-binary-decompilation/source/build/bin//matcher --file1 ../binary/test.mcsema.opt.ll:check_FP --file2 mcsema/test.proposed.opt.ll:check_FP 1>match.log 2>&1
Makefile:21: recipe for target 'match' failed
make: Leaving directory '/home/ubuntu/Github/validating-binary-decompilation/tests/program_translation_validation/single-source-benchmark/2mm/check_FP'
make: *** [match] Error 134

himenobmtxpa/set_param
=======
make: Entering directory '/home/ubuntu/Github/validating-binary-decompilation/tests/program_translation_validation/single-source-benchmark/himenobmtxpa/set_param'
/home/ubuntu/Github/validating-binary-decompilation/source/build/bin//matcher --file1 ../binary/test.mcsema.opt.ll:set_param --file2 mcsema/test.proposed.opt.ll:set_param 1>match.log 2>&1
Makefile:21: recipe for target 'match' failed
make: Leaving directory '/home/ubuntu/Github/validating-binary-decompilation/tests/program_translation_validation/single-source-benchmark/himenobmtxpa/set_param'
make: *** [match] Error 134

loop_unroll/_Z15tolerance_equalIdEbRT_S1_
=======
make: Entering directory '/home/ubuntu/Github/validating-binary-decompilation/tests/program_translation_validation/single-source-benchmark/loop_unroll/_Z15tolerance_equalIdEbRT_S1_'
/home/ubuntu/Github/validating-binary-decompilation/source/build/bin//matcher --file1 ../binary/test.mcsema.opt.ll:_Z15tolerance_equalIdEbRT_S1_ --file2 mcsema/test.proposed.opt.ll:_Z15tolerance_equalIdEbRT_S1_ 1>match.log 2>&1
Makefile:21: recipe for target 'match' failed
make: Leaving directory '/home/ubuntu/Github/validating-binary-decompilation/tests/program_translation_validation/single-source-benchmark/loop_unroll/_Z15tolerance_equalIdEbRT_S1_'
make: *** [match] Error 134

cholesky/kernel_cholesky
=======
make: Entering directory '/home/ubuntu/Github/validating-binary-decompilation/tests/program_translation_validation/single-source-benchmark/cholesky/kernel_cholesky'
/home/ubuntu/Github/validating-binary-decompilation/source/build/bin//matcher --file1 ../binary/test.mcsema.opt.ll:kernel_cholesky --file2 mcsema/test.proposed.opt.ll:kernel_cholesky 1>match.log 2>&1
Makefile:21: recipe for target 'match' failed
make: Leaving directory '/home/ubuntu/Github/validating-binary-decompilation/tests/program_translation_validation/single-source-benchmark/cholesky/kernel_cholesky'
make: *** [match] Error 134

cholesky/kernel_cholesky_StrictFP
=======
make: Entering directory '/home/ubuntu/Github/validating-binary-decompilation/tests/program_translation_validation/single-source-benchmark/cholesky/kernel_cholesky_StrictFP'
/home/ubuntu/Github/validating-binary-decompilation/source/build/bin//matcher --file1 ../binary/test.mcsema.opt.ll:kernel_cholesky_StrictFP --file2 mcsema/test.proposed.opt.ll:kernel_cholesky_StrictFP 1>match.log 2>&1
Makefile:21: recipe for target 'match' failed
make: Leaving directory '/home/ubuntu/Github/validating-binary-decompilation/tests/program_translation_validation/single-source-benchmark/cholesky/kernel_cholesky_StrictFP'
make: *** [match] Error 134

fp-convert/main
=======
make: Entering directory '/home/ubuntu/Github/validating-binary-decompilation/tests/program_translation_validation/single-source-benchmark/fp-convert/main'
/home/ubuntu/Github/validating-binary-decompilation/source/build/bin//matcher --file1 ../binary/test.mcsema.opt.ll:main --file2 mcsema/test.proposed.opt.ll:main 1>match.log 2>&1
Makefile:21: recipe for target 'match' failed
make: Leaving directory '/home/ubuntu/Github/validating-binary-decompilation/tests/program_translation_validation/single-source-benchmark/fp-convert/main'
make: *** [match] Error 134

loop_unroll/_Z26test_do_loop_unroll_factorILi10EdEvPKT0_iPKc
=======
make: Entering directory '/home/ubuntu/Github/validating-binary-decompilation/tests/program_translation_validation/single-source-benchmark/loop_unroll/_Z26test_do_loop_unroll_factorILi10EdEvPKT0_iPKc'
/home/ubuntu/Github/validating-binary-decompilation/source/build/bin//matcher --file1 ../binary/test.mcsema.opt.ll:_Z26test_do_loop_unroll_factorILi10EdEvPKT0_iPKc --file2 mcsema/test.proposed.opt.ll:_Z26test_do_loop_unroll_factorILi10EdEvPKT0_iPKc 1>match.log 2>&1
Makefile:21: recipe for target 'match' failed
make: Leaving directory '/home/ubuntu/Github/validating-binary-decompilation/tests/program_translation_validation/single-source-benchmark/loop_unroll/_Z26test_do_loop_unroll_factorILi10EdEvPKT0_iPKc'
make: *** [match] Error 134

doitgen/check_FP
=======
make: Entering directory '/home/ubuntu/Github/validating-binary-decompilation/tests/program_translation_validation/single-source-benchmark/doitgen/check_FP'
/home/ubuntu/Github/validating-binary-decompilation/source/build/bin//matcher --file1 ../binary/test.mcsema.opt.ll:check_FP --file2 mcsema/test.proposed.opt.ll:check_FP 1>match.log 2>&1
Makefile:21: recipe for target 'match' failed
make: Leaving directory '/home/ubuntu/Github/validating-binary-decompilation/tests/program_translation_validation/single-source-benchmark/doitgen/check_FP'
make: *** [match] Error 134

loop_unroll/_Z26test_do_loop_unroll_factorILi12EdEvPKT0_iPKc
=======
make: Entering directory '/home/ubuntu/Github/validating-binary-decompilation/tests/program_translation_validation/single-source-benchmark/loop_unroll/_Z26test_do_loop_unroll_factorILi12EdEvPKT0_iPKc'
/home/ubuntu/Github/validating-binary-decompilation/source/build/bin//matcher --file1 ../binary/test.mcsema.opt.ll:_Z26test_do_loop_unroll_factorILi12EdEvPKT0_iPKc --file2 mcsema/test.proposed.opt.ll:_Z26test_do_loop_unroll_factorILi12EdEvPKT0_iPKc 1>match.log 2>&1
Makefile:21: recipe for target 'match' failed
make: Leaving directory '/home/ubuntu/Github/validating-binary-decompilation/tests/program_translation_validation/single-source-benchmark/loop_unroll/_Z26test_do_loop_unroll_factorILi12EdEvPKT0_iPKc'
make: *** [match] Error 134

loop_unroll/_Z26test_do_loop_unroll_factorILi10EiEvPKT0_iPKc
=======
make: Entering directory '/home/ubuntu/Github/validating-binary-decompilation/tests/program_translation_validation/single-source-benchmark/loop_unroll/_Z26test_do_loop_unroll_factorILi10EiEvPKT0_iPKc'
/home/ubuntu/Github/validating-binary-decompilation/source/build/bin//matcher --file1 ../binary/test.mcsema.opt.ll:_Z26test_do_loop_unroll_factorILi10EiEvPKT0_iPKc --file2 mcsema/test.proposed.opt.ll:_Z26test_do_loop_unroll_factorILi10EiEvPKT0_iPKc 1>match.log 2>&1
Makefile:21: recipe for target 'match' failed
make: Leaving directory '/home/ubuntu/Github/validating-binary-decompilation/tests/program_translation_validation/single-source-benchmark/loop_unroll/_Z26test_do_loop_unroll_factorILi10EiEvPKT0_iPKc'
make: *** [match] Error 134

loop_unroll/_Z26test_do_loop_unroll_factorILi11EiEvPKT0_iPKc
=======
make: Entering directory '/home/ubuntu/Github/validating-binary-decompilation/tests/program_translation_validation/single-source-benchmark/loop_unroll/_Z26test_do_loop_unroll_factorILi11EiEvPKT0_iPKc'
/home/ubuntu/Github/validating-binary-decompilation/source/build/bin//matcher --file1 ../binary/test.mcsema.opt.ll:_Z26test_do_loop_unroll_factorILi11EiEvPKT0_iPKc --file2 mcsema/test.proposed.opt.ll:_Z26test_do_loop_unroll_factorILi11EiEvPKT0_iPKc 1>match.log 2>&1
Makefile:21: recipe for target 'match' failed
make: Leaving directory '/home/ubuntu/Github/validating-binary-decompilation/tests/program_translation_validation/single-source-benchmark/loop_unroll/_Z26test_do_loop_unroll_factorILi11EiEvPKT0_iPKc'
make: *** [match] Error 134

loop_unroll/_Z26test_do_loop_unroll_factorILi13EdEvPKT0_iPKc
=======
make: Entering directory '/home/ubuntu/Github/validating-binary-decompilation/tests/program_translation_validation/single-source-benchmark/loop_unroll/_Z26test_do_loop_unroll_factorILi13EdEvPKT0_iPKc'
/home/ubuntu/Github/validating-binary-decompilation/source/build/bin//matcher --file1 ../binary/test.mcsema.opt.ll:_Z26test_do_loop_unroll_factorILi13EdEvPKT0_iPKc --file2 mcsema/test.proposed.opt.ll:_Z26test_do_loop_unroll_factorILi13EdEvPKT0_iPKc 1>match.log 2>&1
Makefile:21: recipe for target 'match' failed
make: Leaving directory '/home/ubuntu/Github/validating-binary-decompilation/tests/program_translation_validation/single-source-benchmark/loop_unroll/_Z26test_do_loop_unroll_factorILi13EdEvPKT0_iPKc'
make: *** [match] Error 134

loop_unroll/_Z26test_do_loop_unroll_factorILi11EdEvPKT0_iPKc
=======
make: Entering directory '/home/ubuntu/Github/validating-binary-decompilation/tests/program_translation_validation/single-source-benchmark/loop_unroll/_Z26test_do_loop_unroll_factorILi11EdEvPKT0_iPKc'
/home/ubuntu/Github/validating-binary-decompilation/source/build/bin//matcher --file1 ../binary/test.mcsema.opt.ll:_Z26test_do_loop_unroll_factorILi11EdEvPKT0_iPKc --file2 mcsema/test.proposed.opt.ll:_Z26test_do_loop_unroll_factorILi11EdEvPKT0_iPKc 1>match.log 2>&1
Makefile:21: recipe for target 'match' failed
make: Leaving directory '/home/ubuntu/Github/validating-binary-decompilation/tests/program_translation_validation/single-source-benchmark/loop_unroll/_Z26test_do_loop_unroll_factorILi11EdEvPKT0_iPKc'
make: *** [match] Error 134

fdtd-apml/check_FP
=======
make: Entering directory '/home/ubuntu/Github/validating-binary-decompilation/tests/program_translation_validation/single-source-benchmark/fdtd-apml/check_FP'
/home/ubuntu/Github/validating-binary-decompilation/source/build/bin//matcher --file1 ../binary/test.mcsema.opt.ll:check_FP --file2 mcsema/test.proposed.opt.ll:check_FP 1>match.log 2>&1
Makefile:21: recipe for target 'match' failed
make: Leaving directory '/home/ubuntu/Github/validating-binary-decompilation/tests/program_translation_validation/single-source-benchmark/fdtd-apml/check_FP'
make: *** [match] Error 134

loop_unroll/_Z26test_do_loop_unroll_factorILi18EdEvPKT0_iPKc
=======
make: Entering directory '/home/ubuntu/Github/validating-binary-decompilation/tests/program_translation_validation/single-source-benchmark/loop_unroll/_Z26test_do_loop_unroll_factorILi18EdEvPKT0_iPKc'
/home/ubuntu/Github/validating-binary-decompilation/source/build/bin//matcher --file1 ../binary/test.mcsema.opt.ll:_Z26test_do_loop_unroll_factorILi18EdEvPKT0_iPKc --file2 mcsema/test.proposed.opt.ll:_Z26test_do_loop_unroll_factorILi18EdEvPKT0_iPKc 1>match.log 2>&1
Makefile:21: recipe for target 'match' failed
make: Leaving directory '/home/ubuntu/Github/validating-binary-decompilation/tests/program_translation_validation/single-source-benchmark/loop_unroll/_Z26test_do_loop_unroll_factorILi18EdEvPKT0_iPKc'
make: *** [match] Error 134

loop_unroll/_Z26test_do_loop_unroll_factorILi17EdEvPKT0_iPKc
=======
make: Entering directory '/home/ubuntu/Github/validating-binary-decompilation/tests/program_translation_validation/single-source-benchmark/loop_unroll/_Z26test_do_loop_unroll_factorILi17EdEvPKT0_iPKc'
/home/ubuntu/Github/validating-binary-decompilation/source/build/bin//matcher --file1 ../binary/test.mcsema.opt.ll:_Z26test_do_loop_unroll_factorILi17EdEvPKT0_iPKc --file2 mcsema/test.proposed.opt.ll:_Z26test_do_loop_unroll_factorILi17EdEvPKT0_iPKc 1>match.log 2>&1
Makefile:21: recipe for target 'match' failed
make: Leaving directory '/home/ubuntu/Github/validating-binary-decompilation/tests/program_translation_validation/single-source-benchmark/loop_unroll/_Z26test_do_loop_unroll_factorILi17EdEvPKT0_iPKc'
make: *** [match] Error 134
